<?xml version="1.0" encoding="UTF-8"?>
<coverage generated="1752643432660" clover="3.2.0">
  <project timestamp="1752643432660" name="All files">
    <metrics statements="1795" coveredstatements="1501" conditionals="1069" coveredconditionals="725" methods="410" coveredmethods="304" elements="3274" coveredelements="2530" complexity="0" loc="1795" ncloc="1795" packages="10" files="23" classes="23"/>
    <package name="app">
      <metrics statements="38" coveredstatements="35" conditionals="20" coveredconditionals="16" methods="6" coveredmethods="5"/>
      <file name="index.jsx" path="C:\Users\senge\Ernest\VSCODE\Orbital25\app\index.jsx">
        <metrics statements="38" coveredstatements="35" conditionals="20" coveredconditionals="16" methods="6" coveredmethods="5"/>
        <line num="29" count="0" type="stmt"/>
        <line num="30" count="0" type="stmt"/>
        <line num="32" count="0" type="stmt"/>
        <line num="35" count="1" type="stmt"/>
        <line num="36" count="16" type="stmt"/>
        <line num="38" count="16" type="stmt"/>
        <line num="39" count="16" type="stmt"/>
        <line num="40" count="16" type="stmt"/>
        <line num="42" count="16" type="stmt"/>
        <line num="43" count="5" type="stmt"/>
        <line num="44" count="5" type="cond" truecount="2" falsecount="0"/>
        <line num="45" count="1" type="stmt"/>
        <line num="47" count="4" type="stmt"/>
        <line num="51" count="5" type="stmt"/>
        <line num="54" count="16" type="stmt"/>
        <line num="55" count="4" type="cond" truecount="4" falsecount="0"/>
        <line num="56" count="1" type="stmt"/>
        <line num="57" count="1" type="stmt"/>
        <line num="60" count="3" type="stmt"/>
        <line num="61" count="3" type="stmt"/>
        <line num="66" count="1" type="stmt"/>
        <line num="67" count="1" type="stmt"/>
        <line num="68" count="1" type="stmt"/>
        <line num="69" count="1" type="stmt"/>
        <line num="71" count="1" type="stmt"/>
        <line num="73" count="2" type="stmt"/>
        <line num="74" count="2" type="stmt"/>
        <line num="75" count="2" type="cond" truecount="2" falsecount="0"/>
        <line num="79" count="1" type="stmt"/>
        <line num="80" count="1" type="cond" truecount="1" falsecount="1"/>
        <line num="81" count="1" type="stmt"/>
        <line num="83" count="2" type="stmt"/>
        <line num="87" count="16" type="cond" truecount="2" falsecount="0"/>
        <line num="88" count="5" type="stmt"/>
        <line num="95" count="11" type="cond" truecount="1" falsecount="1"/>
        <line num="96" count="11" type="cond" truecount="1" falsecount="1"/>
        <line num="98" count="11" type="stmt"/>
        <line num="151" count="1" type="stmt"/>
      </file>
    </package>
    <package name="app.(auth)">
      <metrics statements="51" coveredstatements="47" conditionals="30" coveredconditionals="23" methods="3" coveredmethods="3"/>
      <file name="signup.jsx" path="C:\Users\senge\Ernest\VSCODE\Orbital25\app\(auth)\signup.jsx">
        <metrics statements="51" coveredstatements="47" conditionals="30" coveredconditionals="23" methods="3" coveredmethods="3"/>
        <line num="29" count="1" type="stmt"/>
        <line num="30" count="46" type="stmt"/>
        <line num="32" count="46" type="stmt"/>
        <line num="33" count="46" type="stmt"/>
        <line num="34" count="46" type="stmt"/>
        <line num="35" count="46" type="stmt"/>
        <line num="36" count="46" type="stmt"/>
        <line num="38" count="46" type="stmt"/>
        <line num="39" count="7" type="stmt"/>
        <line num="40" count="7" type="stmt"/>
        <line num="43" count="46" type="stmt"/>
        <line num="44" count="9" type="cond" truecount="2" falsecount="0"/>
        <line num="45" count="1" type="stmt"/>
        <line num="46" count="1" type="stmt"/>
        <line num="48" count="8" type="cond" truecount="4" falsecount="0"/>
        <line num="49" count="1" type="stmt"/>
        <line num="50" count="1" type="stmt"/>
        <line num="52" count="7" type="cond" truecount="1" falsecount="1"/>
        <line num="53" count="0" type="stmt"/>
        <line num="54" count="0" type="stmt"/>
        <line num="56" count="7" type="cond" truecount="1" falsecount="1"/>
        <line num="57" count="0" type="stmt"/>
        <line num="58" count="0" type="stmt"/>
        <line num="60" count="7" type="cond" truecount="2" falsecount="0"/>
        <line num="61" count="1" type="stmt"/>
        <line num="62" count="1" type="stmt"/>
        <line num="65" count="6" type="stmt"/>
        <line num="67" count="6" type="stmt"/>
        <line num="68" count="6" type="stmt"/>
        <line num="73" count="1" type="stmt"/>
        <line num="75" count="1" type="stmt"/>
        <line num="79" count="1" type="stmt"/>
        <line num="85" count="1" type="stmt"/>
        <line num="86" count="1" type="stmt"/>
        <line num="87" count="1" type="stmt"/>
        <line num="88" count="1" type="stmt"/>
        <line num="89" count="1" type="stmt"/>
        <line num="91" count="1" type="stmt"/>
        <line num="93" count="5" type="cond" truecount="1" falsecount="1"/>
        <line num="94" count="5" type="stmt"/>
        <line num="96" count="5" type="stmt"/>
        <line num="97" count="5" type="cond" truecount="2" falsecount="0"/>
        <line num="98" count="2" type="stmt"/>
        <line num="99" count="3" type="cond" truecount="2" falsecount="0"/>
        <line num="100" count="1" type="stmt"/>
        <line num="101" count="2" type="cond" truecount="2" falsecount="0"/>
        <line num="102" count="1" type="stmt"/>
        <line num="104" count="5" type="stmt"/>
        <line num="106" count="6" type="stmt"/>
        <line num="110" count="46" type="stmt"/>
        <line num="186" count="1" type="stmt"/>
      </file>
    </package>
    <package name="app.(dashboard)">
      <metrics statements="650" coveredstatements="458" conditionals="349" coveredconditionals="199" methods="187" coveredmethods="118"/>
      <file name="forum.jsx" path="C:\Users\senge\Ernest\VSCODE\Orbital25\app\(dashboard)\forum.jsx">
        <metrics statements="63" coveredstatements="59" conditionals="28" coveredconditionals="17" methods="18" coveredmethods="15"/>
        <line num="34" count="1" type="stmt"/>
        <line num="36" count="1" type="stmt"/>
        <line num="37" count="7" type="stmt"/>
        <line num="43" count="7" type="stmt"/>
        <line num="44" count="7" type="stmt"/>
        <line num="45" count="7" type="stmt"/>
        <line num="46" count="7" type="cond" truecount="2" falsecount="0"/>
        <line num="47" count="2" type="stmt"/>
        <line num="48" count="2" type="stmt"/>
        <line num="50" count="5" type="stmt"/>
        <line num="52" count="5" type="cond" truecount="2" falsecount="0"/>
        <line num="53" count="2" type="stmt"/>
        <line num="54" count="2" type="stmt"/>
        <line num="55" count="2" type="stmt"/>
        <line num="56" count="2" type="stmt"/>
        <line num="57" count="2" type="stmt"/>
        <line num="59" count="2" type="stmt"/>
        <line num="60" count="2" type="stmt"/>
        <line num="62" count="1" type="stmt"/>
        <line num="66" count="5" type="stmt"/>
        <line num="67" count="4" type="stmt"/>
        <line num="69" count="1" type="stmt"/>
        <line num="70" count="1" type="stmt"/>
        <line num="77" count="1" type="stmt"/>
        <line num="78" count="24" type="stmt"/>
        <line num="79" count="24" type="stmt"/>
        <line num="80" count="24" type="stmt"/>
        <line num="81" count="24" type="stmt"/>
        <line num="82" count="24" type="stmt"/>
        <line num="83" count="24" type="stmt"/>
        <line num="84" count="24" type="stmt"/>
        <line num="85" count="24" type="stmt"/>
        <line num="87" count="24" type="stmt"/>
        <line num="88" count="11" type="stmt"/>
        <line num="89" count="11" type="stmt"/>
        <line num="90" count="11" type="cond" truecount="1" falsecount="1"/>
        <line num="92" count="11" type="stmt"/>
        <line num="93" count="11" type="stmt"/>
        <line num="94" count="11" type="stmt"/>
        <line num="95" count="11" type="cond" truecount="2" falsecount="0"/>
        <line num="97" count="11" type="stmt"/>
        <line num="101" count="11" type="cond" truecount="2" falsecount="0"/>
        <line num="108" count="11" type="stmt"/>
        <line num="109" count="11" type="stmt"/>
        <line num="110" count="11" type="stmt"/>
        <line num="114" count="11" type="stmt"/>
        <line num="115" count="0" type="cond" truecount="0" falsecount="6"/>
        <line num="116" count="0" type="stmt"/>
        <line num="119" count="11" type="stmt"/>
        <line num="120" count="11" type="stmt"/>
        <line num="123" count="11" type="stmt"/>
        <line num="124" count="11" type="stmt"/>
        <line num="125" count="11" type="stmt"/>
        <line num="129" count="24" type="stmt"/>
        <line num="138" count="96" type="stmt"/>
        <line num="144" count="4" type="stmt"/>
        <line num="152" count="1" type="stmt"/>
        <line num="177" count="22" type="stmt"/>
        <line num="179" count="15" type="stmt"/>
        <line num="181" count="0" type="stmt"/>
        <line num="230" count="0" type="stmt"/>
        <line num="243" count="2" type="stmt"/>
        <line num="268" count="1" type="stmt"/>
      </file>
      <file name="gymCapacity.jsx" path="C:\Users\senge\Ernest\VSCODE\Orbital25\app\(dashboard)\gymCapacity.jsx">
        <metrics statements="36" coveredstatements="31" conditionals="30" coveredconditionals="27" methods="9" coveredmethods="6"/>
        <line num="13" count="1" type="stmt"/>
        <line num="14" count="8" type="stmt"/>
        <line num="15" count="8" type="stmt"/>
        <line num="16" count="8" type="stmt"/>
        <line num="17" count="8" type="stmt"/>
        <line num="18" count="8" type="stmt"/>
        <line num="20" count="8" type="stmt"/>
        <line num="21" count="16" type="cond" truecount="4" falsecount="0"/>
        <line num="22" count="8" type="stmt"/>
        <line num="23" count="8" type="cond" truecount="2" falsecount="0"/>
        <line num="24" count="4" type="cond" truecount="1" falsecount="1"/>
        <line num="25" count="0" type="stmt"/>
        <line num="28" count="8" type="stmt"/>
        <line num="29" count="4" type="stmt"/>
        <line num="30" count="4" type="stmt"/>
        <line num="31" count="4" type="stmt"/>
        <line num="34" count="4" type="stmt"/>
        <line num="35" count="4" type="stmt"/>
        <line num="36" count="4" type="stmt"/>
        <line num="37" count="4" type="stmt"/>
        <line num="39" count="0" type="stmt"/>
        <line num="41" count="4" type="stmt"/>
        <line num="45" count="8" type="stmt"/>
        <line num="46" count="4" type="stmt"/>
        <line num="49" count="8" type="stmt"/>
        <line num="50" count="0" type="stmt"/>
        <line num="52" count="0" type="stmt"/>
        <line num="53" count="0" type="stmt"/>
        <line num="58" count="8" type="cond" truecount="2" falsecount="0"/>
        <line num="59" count="8" type="cond" truecount="2" falsecount="0"/>
        <line num="61" count="8" type="cond" truecount="2" falsecount="0"/>
        <line num="62" count="8" type="cond" truecount="2" falsecount="0"/>
        <line num="64" count="8" type="stmt"/>
        <line num="110" count="1" type="stmt"/>
        <line num="126" count="1" type="stmt"/>
        <line num="144" count="1" type="stmt"/>
      </file>
      <file name="macro.jsx" path="C:\Users\senge\Ernest\VSCODE\Orbital25\app\(dashboard)\macro.jsx">
        <metrics statements="86" coveredstatements="73" conditionals="35" coveredconditionals="27" methods="38" coveredmethods="31"/>
        <line num="33" count="1" type="stmt"/>
        <line num="34" count="1" type="stmt"/>
        <line num="47" count="1" type="stmt"/>
        <line num="48" count="1" type="stmt"/>
        <line num="49" count="1" type="stmt"/>
        <line num="53" count="1" type="stmt"/>
        <line num="54" count="1" type="cond" truecount="1" falsecount="1"/>
        <line num="56" count="0" type="stmt"/>
        <line num="57" count="0" type="stmt"/>
        <line num="61" count="1" type="stmt"/>
        <line num="62" count="26" type="stmt"/>
        <line num="63" count="26" type="stmt"/>
        <line num="64" count="26" type="stmt"/>
        <line num="65" count="26" type="stmt"/>
        <line num="66" count="26" type="stmt"/>
        <line num="67" count="26" type="stmt"/>
        <line num="68" count="26" type="stmt"/>
        <line num="70" count="26" type="stmt"/>
        <line num="71" count="6" type="stmt"/>
        <line num="72" count="6" type="stmt"/>
        <line num="73" count="6" type="stmt"/>
        <line num="74" count="6" type="cond" truecount="2" falsecount="0"/>
        <line num="76" count="0" type="stmt"/>
        <line num="79" count="6" type="stmt"/>
        <line num="82" count="26" type="stmt"/>
        <line num="83" count="7" type="stmt"/>
        <line num="84" count="1" type="stmt"/>
        <line num="86" count="7" type="stmt"/>
        <line num="89" count="26" type="stmt"/>
        <line num="90" count="7" type="cond" truecount="4" falsecount="0"/>
        <line num="91" count="1" type="stmt"/>
        <line num="93" count="0" type="stmt"/>
        <line num="97" count="26" type="stmt"/>
        <line num="98" count="11" type="stmt"/>
        <line num="99" count="11" type="stmt"/>
        <line num="101" count="0" type="stmt"/>
        <line num="105" count="26" type="stmt"/>
        <line num="106" count="10" type="stmt"/>
        <line num="107" count="10" type="stmt"/>
        <line num="108" count="3" type="stmt"/>
        <line num="110" count="10" type="stmt"/>
        <line num="113" count="26" type="stmt"/>
        <line num="114" count="1" type="cond" truecount="1" falsecount="1"/>
        <line num="115" count="0" type="stmt"/>
        <line num="118" count="1" type="stmt"/>
        <line num="120" count="1" type="cond" truecount="3" falsecount="1"/>
        <line num="121" count="1" type="stmt"/>
        <line num="126" count="1" type="stmt"/>
        <line num="127" count="1" type="cond" truecount="1" falsecount="1"/>
        <line num="128" count="1" type="stmt"/>
        <line num="129" count="1" type="cond" truecount="1" falsecount="1"/>
        <line num="131" count="1" type="stmt"/>
        <line num="136" count="26" type="stmt"/>
        <line num="137" count="104" type="stmt"/>
        <line num="139" count="28" type="cond" truecount="2" falsecount="0"/>
        <line num="140" count="28" type="cond" truecount="1" falsecount="1"/>
        <line num="141" count="28" type="stmt"/>
        <line num="146" count="26" type="stmt"/>
        <line num="147" count="1" type="stmt"/>
        <line num="156" count="1" type="stmt"/>
        <line num="157" count="1" type="stmt"/>
        <line num="163" count="26" type="stmt"/>
        <line num="164" count="0" type="stmt"/>
        <line num="177" count="26" type="stmt"/>
        <line num="186" count="2" type="stmt"/>
        <line num="199" count="0" type="stmt"/>
        <line num="246" count="10" type="stmt"/>
        <line num="248" count="0" type="stmt"/>
        <line num="250" count="7" type="stmt"/>
        <line num="277" count="1" type="stmt"/>
        <line num="294" count="0" type="stmt"/>
        <line num="298" count="0" type="stmt"/>
        <line num="299" count="0" type="stmt"/>
        <line num="321" count="0" type="stmt"/>
        <line num="324" count="1" type="stmt"/>
        <line num="326" count="1" type="stmt"/>
        <line num="327" count="1" type="stmt"/>
        <line num="334" count="1" type="stmt"/>
        <line num="336" count="4" type="stmt"/>
        <line num="340" count="4" type="cond" truecount="3" falsecount="0"/>
        <line num="346" count="3" type="stmt"/>
        <line num="348" count="3" type="stmt"/>
        <line num="356" count="1" type="stmt"/>
        <line num="357" count="1" type="stmt"/>
        <line num="362" count="1" type="stmt"/>
        <line num="388" count="1" type="stmt"/>
      </file>
      <file name="profile.jsx" path="C:\Users\senge\Ernest\VSCODE\Orbital25\app\(dashboard)\profile.jsx">
        <metrics statements="30" coveredstatements="28" conditionals="28" coveredconditionals="25" methods="13" coveredmethods="11"/>
        <line num="24" count="1" type="stmt"/>
        <line num="25" count="14" type="stmt"/>
        <line num="27" count="14" type="stmt"/>
        <line num="36" count="14" type="stmt"/>
        <line num="38" count="14" type="stmt"/>
        <line num="40" count="14" type="stmt"/>
        <line num="41" count="6" type="stmt"/>
        <line num="42" count="6" type="cond" truecount="1" falsecount="1"/>
        <line num="44" count="6" type="stmt"/>
        <line num="45" count="6" type="stmt"/>
        <line num="48" count="5" type="cond" truecount="2" falsecount="0"/>
        <line num="49" count="4" type="stmt"/>
        <line num="50" count="4" type="stmt"/>
        <line num="59" count="1" type="stmt"/>
        <line num="63" count="1" type="stmt"/>
        <line num="64" count="1" type="stmt"/>
        <line num="68" count="6" type="stmt"/>
        <line num="71" count="14" type="stmt"/>
        <line num="72" count="2" type="stmt"/>
        <line num="78" count="2" type="stmt"/>
        <line num="79" count="2" type="stmt"/>
        <line num="80" count="1" type="stmt"/>
        <line num="82" count="1" type="stmt"/>
        <line num="83" count="1" type="stmt"/>
        <line num="90" count="14" type="stmt"/>
        <line num="109" count="1" type="stmt"/>
        <line num="147" count="0" type="stmt"/>
        <line num="163" count="0" type="stmt"/>
        <line num="167" count="1" type="stmt"/>
        <line num="191" count="1" type="stmt"/>
      </file>
      <file name="progressTracker.jsx" path="C:\Users\senge\Ernest\VSCODE\Orbital25\app\(dashboard)\progressTracker.jsx">
        <metrics statements="435" coveredstatements="267" conditionals="228" coveredconditionals="103" methods="109" coveredmethods="55"/>
        <line num="49" count="1" type="stmt"/>
        <line num="50" count="109" type="stmt"/>
        <line num="51" count="109" type="stmt"/>
        <line num="53" count="109" type="stmt"/>
        <line num="54" count="109" type="stmt"/>
        <line num="55" count="109" type="stmt"/>
        <line num="57" count="109" type="stmt"/>
        <line num="58" count="109" type="stmt"/>
        <line num="59" count="109" type="stmt"/>
        <line num="60" count="109" type="stmt"/>
        <line num="61" count="109" type="stmt"/>
        <line num="63" count="109" type="stmt"/>
        <line num="64" count="109" type="stmt"/>
        <line num="65" count="109" type="stmt"/>
        <line num="66" count="109" type="stmt"/>
        <line num="68" count="109" type="stmt"/>
        <line num="69" count="109" type="stmt"/>
        <line num="70" count="109" type="stmt"/>
        <line num="72" count="109" type="stmt"/>
        <line num="73" count="109" type="stmt"/>
        <line num="74" count="109" type="stmt"/>
        <line num="76" count="109" type="stmt"/>
        <line num="78" count="109" type="stmt"/>
        <line num="79" count="109" type="stmt"/>
        <line num="81" count="109" type="stmt"/>
        <line num="82" count="109" type="stmt"/>
        <line num="83" count="109" type="stmt"/>
        <line num="84" count="109" type="stmt"/>
        <line num="85" count="109" type="stmt"/>
        <line num="86" count="109" type="stmt"/>
        <line num="88" count="109" type="stmt"/>
        <line num="89" count="109" type="stmt"/>
        <line num="90" count="109" type="stmt"/>
        <line num="91" count="109" type="stmt"/>
        <line num="92" count="109" type="stmt"/>
        <line num="93" count="109" type="stmt"/>
        <line num="95" count="109" type="stmt"/>
        <line num="96" count="109" type="stmt"/>
        <line num="97" count="109" type="stmt"/>
        <line num="98" count="109" type="stmt"/>
        <line num="99" count="109" type="stmt"/>
        <line num="100" count="109" type="stmt"/>
        <line num="101" count="109" type="stmt"/>
        <line num="102" count="109" type="stmt"/>
        <line num="104" count="109" type="stmt"/>
        <line num="105" count="22" type="cond" truecount="1" falsecount="1"/>
        <line num="106" count="0" type="stmt"/>
        <line num="107" count="0" type="stmt"/>
        <line num="110" count="22" type="stmt"/>
        <line num="115" count="22" type="stmt"/>
        <line num="116" count="22" type="stmt"/>
        <line num="120" count="22" type="stmt"/>
        <line num="123" count="22" type="stmt"/>
        <line num="126" count="109" type="stmt"/>
        <line num="127" count="44" type="cond" truecount="3" falsecount="1"/>
        <line num="128" count="44" type="stmt"/>
        <line num="129" count="44" type="stmt"/>
        <line num="130" count="44" type="stmt"/>
        <line num="133" count="0" type="stmt"/>
        <line num="136" count="0" type="cond" truecount="0" falsecount="2"/>
        <line num="137" count="0" type="stmt"/>
        <line num="140" count="0" type="stmt"/>
        <line num="142" count="0" type="stmt"/>
        <line num="144" count="0" type="stmt"/>
        <line num="150" count="0" type="stmt"/>
        <line num="152" count="0" type="cond" truecount="0" falsecount="2"/>
        <line num="157" count="0" type="stmt"/>
        <line num="158" count="0" type="cond" truecount="0" falsecount="2"/>
        <line num="159" count="0" type="stmt"/>
        <line num="163" count="109" type="stmt"/>
        <line num="164" count="22" type="cond" truecount="1" falsecount="1"/>
        <line num="165" count="0" type="stmt"/>
        <line num="166" count="0" type="stmt"/>
        <line num="169" count="22" type="stmt"/>
        <line num="172" count="22" type="cond" truecount="1" falsecount="1"/>
        <line num="173" count="22" type="stmt"/>
        <line num="175" count="0" type="stmt"/>
        <line num="176" count="0" type="stmt"/>
        <line num="178" count="0" type="stmt"/>
        <line num="186" count="22" type="stmt"/>
        <line num="187" count="22" type="stmt"/>
        <line num="191" count="22" type="stmt"/>
        <line num="194" count="22" type="stmt"/>
        <line num="197" count="109" type="stmt"/>
        <line num="198" count="0" type="stmt"/>
        <line num="199" count="0" type="stmt"/>
        <line num="200" count="0" type="cond" truecount="0" falsecount="2"/>
        <line num="201" count="0" type="stmt"/>
        <line num="205" count="109" type="stmt"/>
        <line num="206" count="22" type="cond" truecount="1" falsecount="1"/>
        <line num="207" count="0" type="stmt"/>
        <line num="208" count="0" type="stmt"/>
        <line num="211" count="22" type="stmt"/>
        <line num="212" count="22" type="stmt"/>
        <line num="214" count="22" type="stmt"/>
        <line num="215" count="22" type="stmt"/>
        <line num="219" count="22" type="stmt"/>
        <line num="222" count="22" type="stmt"/>
        <line num="225" count="109" type="stmt"/>
        <line num="226" count="44" type="cond" truecount="1" falsecount="1"/>
        <line num="227" count="44" type="stmt"/>
        <line num="228" count="44" type="stmt"/>
        <line num="229" count="44" type="stmt"/>
        <line num="232" count="0" type="stmt"/>
        <line num="236" count="0" type="cond" truecount="0" falsecount="2"/>
        <line num="239" count="0" type="stmt"/>
        <line num="242" count="0" type="stmt"/>
        <line num="243" count="0" type="stmt"/>
        <line num="247" count="0" type="stmt"/>
        <line num="249" count="0" type="cond" truecount="0" falsecount="4"/>
        <line num="250" count="0" type="stmt"/>
        <line num="254" count="109" type="stmt"/>
        <line num="255" count="22" type="cond" truecount="1" falsecount="1"/>
        <line num="256" count="0" type="stmt"/>
        <line num="257" count="0" type="stmt"/>
        <line num="260" count="22" type="stmt"/>
        <line num="266" count="22" type="stmt"/>
        <line num="267" count="42" type="stmt"/>
        <line num="271" count="22" type="stmt"/>
        <line num="274" count="22" type="stmt"/>
        <line num="277" count="109" type="stmt"/>
        <line num="278" count="44" type="cond" truecount="4" falsecount="0"/>
        <line num="279" count="23" type="stmt"/>
        <line num="280" count="23" type="stmt"/>
        <line num="281" count="23" type="stmt"/>
        <line num="284" count="21" type="stmt"/>
        <line num="287" count="42" type="cond" truecount="1" falsecount="1"/>
        <line num="288" count="42" type="stmt"/>
        <line num="291" count="0" type="stmt"/>
        <line num="293" count="21" type="stmt"/>
        <line num="295" count="21" type="stmt"/>
        <line num="301" count="21" type="stmt"/>
        <line num="303" count="21" type="cond" truecount="1" falsecount="1"/>
        <line num="308" count="0" type="stmt"/>
        <line num="309" count="21" type="cond" truecount="1" falsecount="1"/>
        <line num="310" count="0" type="stmt"/>
        <line num="314" count="109" type="stmt"/>
        <line num="315" count="23" type="cond" truecount="1" falsecount="1"/>
        <line num="316" count="0" type="stmt"/>
        <line num="317" count="0" type="stmt"/>
        <line num="321" count="23" type="stmt"/>
        <line num="323" count="23" type="cond" truecount="2" falsecount="0"/>
        <line num="324" count="22" type="stmt"/>
        <line num="330" count="1" type="stmt"/>
        <line num="331" count="1" type="stmt"/>
        <line num="333" count="1" type="stmt"/>
        <line num="342" count="23" type="stmt"/>
        <line num="343" count="44" type="stmt"/>
        <line num="347" count="23" type="stmt"/>
        <line num="350" count="23" type="stmt"/>
        <line num="353" count="109" type="stmt"/>
        <line num="354" count="22" type="cond" truecount="3" falsecount="1"/>
        <line num="355" count="22" type="stmt"/>
        <line num="356" count="22" type="stmt"/>
        <line num="359" count="0" type="stmt"/>
        <line num="361" count="0" type="stmt"/>
        <line num="362" count="0" type="stmt"/>
        <line num="364" count="0" type="stmt"/>
        <line num="371" count="0" type="stmt"/>
        <line num="372" count="0" type="stmt"/>
        <line num="376" count="0" type="stmt"/>
        <line num="379" count="0" type="stmt"/>
        <line num="382" count="109" type="stmt"/>
        <line num="383" count="1" type="stmt"/>
        <line num="392" count="1" type="stmt"/>
        <line num="393" count="1" type="cond" truecount="1" falsecount="1"/>
        <line num="394" count="1" type="stmt"/>
        <line num="395" count="1" type="stmt"/>
        <line num="396" count="1" type="stmt"/>
        <line num="397" count="1" type="stmt"/>
        <line num="398" count="1" type="stmt"/>
        <line num="401" count="0" type="stmt"/>
        <line num="404" count="0" type="stmt"/>
        <line num="405" count="0" type="stmt"/>
        <line num="413" count="109" type="stmt"/>
        <line num="414" count="3" type="stmt"/>
        <line num="415" count="3" type="stmt"/>
        <line num="416" count="3" type="cond" truecount="1" falsecount="1"/>
        <line num="417" count="0" type="stmt"/>
        <line num="419" count="3" type="stmt"/>
        <line num="421" count="3" type="stmt"/>
        <line num="425" count="109" type="stmt"/>
        <line num="426" count="2" type="stmt"/>
        <line num="429" count="2" type="stmt"/>
        <line num="432" count="109" type="stmt"/>
        <line num="433" count="2" type="cond" truecount="2" falsecount="0"/>
        <line num="434" count="1" type="stmt"/>
        <line num="435" count="1" type="stmt"/>
        <line num="438" count="1" type="stmt"/>
        <line num="440" count="1" type="cond" truecount="1" falsecount="1"/>
        <line num="441" count="0" type="stmt"/>
        <line num="442" count="0" type="stmt"/>
        <line num="445" count="1" type="stmt"/>
        <line num="446" count="1" type="stmt"/>
        <line num="447" count="1" type="stmt"/>
        <line num="448" count="1" type="stmt"/>
        <line num="450" count="1" type="stmt"/>
        <line num="456" count="1" type="stmt"/>
        <line num="467" count="1" type="stmt"/>
        <line num="468" count="1" type="stmt"/>
        <line num="473" count="1" type="cond" truecount="1" falsecount="1"/>
        <line num="474" count="0" type="stmt"/>
        <line num="475" count="0" type="stmt"/>
        <line num="480" count="1" type="stmt"/>
        <line num="486" count="1" type="stmt"/>
        <line num="487" count="1" type="stmt"/>
        <line num="493" count="1" type="cond" truecount="1" falsecount="1"/>
        <line num="494" count="0" type="stmt"/>
        <line num="495" count="0" type="stmt"/>
        <line num="497" count="0" type="stmt"/>
        <line num="499" count="0" type="stmt"/>
        <line num="500" count="0" type="stmt"/>
        <line num="506" count="1" type="stmt"/>
        <line num="507" count="1" type="stmt"/>
        <line num="508" count="1" type="stmt"/>
        <line num="509" count="1" type="stmt"/>
        <line num="510" count="1" type="stmt"/>
        <line num="511" count="1" type="stmt"/>
        <line num="513" count="0" type="stmt"/>
        <line num="514" count="0" type="stmt"/>
        <line num="518" count="1" type="stmt"/>
        <line num="534" count="109" type="stmt"/>
        <line num="535" count="109" type="stmt"/>
        <line num="536" count="0" type="stmt"/>
        <line num="543" count="0" type="stmt"/>
        <line num="545" count="109" type="stmt"/>
        <line num="546" count="0" type="stmt"/>
        <line num="553" count="0" type="stmt"/>
        <line num="555" count="109" type="stmt"/>
        <line num="557" count="0" type="stmt"/>
        <line num="564" count="0" type="stmt"/>
        <line num="565" count="0" type="cond" truecount="0" falsecount="1"/>
        <line num="571" count="109" type="stmt"/>
        <line num="575" count="0" type="cond" truecount="0" falsecount="1"/>
        <line num="576" count="0" type="cond" truecount="0" falsecount="1"/>
        <line num="603" count="109" type="stmt"/>
        <line num="604" count="0" type="stmt"/>
        <line num="613" count="0" type="stmt"/>
        <line num="614" count="0" type="stmt"/>
        <line num="616" count="0" type="stmt"/>
        <line num="617" count="0" type="stmt"/>
        <line num="625" count="109" type="stmt"/>
        <line num="626" count="0" type="stmt"/>
        <line num="628" count="0" type="cond" truecount="0" falsecount="2"/>
        <line num="629" count="0" type="stmt"/>
        <line num="630" count="0" type="stmt"/>
        <line num="631" count="0" type="stmt"/>
        <line num="632" count="0" type="stmt"/>
        <line num="633" count="0" type="stmt"/>
        <line num="636" count="109" type="stmt"/>
        <line num="637" count="2" type="stmt"/>
        <line num="638" count="2" type="cond" truecount="1" falsecount="1"/>
        <line num="639" count="0" type="stmt"/>
        <line num="640" count="0" type="stmt"/>
        <line num="641" count="0" type="cond" truecount="0" falsecount="2"/>
        <line num="643" count="2" type="stmt"/>
        <line num="646" count="2" type="cond" truecount="2" falsecount="0"/>
        <line num="647" count="1" type="stmt"/>
        <line num="658" count="1" type="stmt"/>
        <line num="659" count="1" type="stmt"/>
        <line num="660" count="1" type="stmt"/>
        <line num="661" count="1" type="stmt"/>
        <line num="662" count="1" type="stmt"/>
        <line num="663" count="1" type="stmt"/>
        <line num="669" count="1" type="stmt"/>
        <line num="670" count="1" type="stmt"/>
        <line num="671" count="1" type="stmt"/>
        <line num="672" count="1" type="stmt"/>
        <line num="673" count="1" type="stmt"/>
        <line num="674" count="1" type="stmt"/>
        <line num="678" count="109" type="stmt"/>
        <line num="679" count="2" type="cond" truecount="7" falsecount="0"/>
        <line num="680" count="1" type="stmt"/>
        <line num="681" count="1" type="stmt"/>
        <line num="684" count="1" type="stmt"/>
        <line num="685" count="1" type="stmt"/>
        <line num="686" count="1" type="stmt"/>
        <line num="687" count="1" type="stmt"/>
        <line num="689" count="1" type="cond" truecount="1" falsecount="1"/>
        <line num="690" count="0" type="stmt"/>
        <line num="691" count="0" type="stmt"/>
        <line num="694" count="1" type="stmt"/>
        <line num="695" count="1" type="stmt"/>
        <line num="696" count="1" type="stmt"/>
        <line num="698" count="1" type="cond" truecount="1" falsecount="1"/>
        <line num="699" count="0" type="stmt"/>
        <line num="700" count="0" type="stmt"/>
        <line num="709" count="1" type="stmt"/>
        <line num="719" count="1" type="stmt"/>
        <line num="720" count="1" type="stmt"/>
        <line num="721" count="1" type="stmt"/>
        <line num="722" count="1" type="stmt"/>
        <line num="723" count="1" type="stmt"/>
        <line num="724" count="1" type="stmt"/>
        <line num="725" count="1" type="stmt"/>
        <line num="727" count="0" type="stmt"/>
        <line num="728" count="0" type="stmt"/>
        <line num="732" count="1" type="stmt"/>
        <line num="748" count="109" type="stmt"/>
        <line num="749" count="0" type="stmt"/>
        <line num="750" count="0" type="stmt"/>
        <line num="751" count="0" type="stmt"/>
        <line num="752" count="0" type="stmt"/>
        <line num="753" count="0" type="stmt"/>
        <line num="754" count="0" type="stmt"/>
        <line num="756" count="0" type="stmt"/>
        <line num="757" count="0" type="stmt"/>
        <line num="758" count="0" type="stmt"/>
        <line num="759" count="0" type="stmt"/>
        <line num="760" count="0" type="stmt"/>
        <line num="762" count="0" type="stmt"/>
        <line num="765" count="109" type="stmt"/>
        <line num="766" count="0" type="stmt"/>
        <line num="775" count="0" type="stmt"/>
        <line num="776" count="0" type="stmt"/>
        <line num="778" count="0" type="stmt"/>
        <line num="780" count="0" type="stmt"/>
        <line num="781" count="0" type="stmt"/>
        <line num="783" count="0" type="stmt"/>
        <line num="785" count="0" type="stmt"/>
        <line num="786" count="0" type="stmt"/>
        <line num="794" count="109" type="stmt"/>
        <line num="796" count="2" type="cond" truecount="5" falsecount="0"/>
        <line num="802" count="2" type="cond" truecount="2" falsecount="0"/>
        <line num="803" count="1" type="stmt"/>
        <line num="812" count="1" type="stmt"/>
        <line num="813" count="1" type="stmt"/>
        <line num="814" count="1" type="stmt"/>
        <line num="815" count="1" type="stmt"/>
        <line num="816" count="1" type="stmt"/>
        <line num="817" count="1" type="stmt"/>
        <line num="818" count="1" type="stmt"/>
        <line num="819" count="1" type="stmt"/>
        <line num="825" count="1" type="stmt"/>
        <line num="826" count="1" type="stmt"/>
        <line num="827" count="1" type="stmt"/>
        <line num="828" count="1" type="stmt"/>
        <line num="829" count="1" type="stmt"/>
        <line num="830" count="1" type="stmt"/>
        <line num="831" count="1" type="stmt"/>
        <line num="832" count="1" type="stmt"/>
        <line num="843" count="109" type="stmt"/>
        <line num="844" count="109" type="stmt"/>
        <line num="846" count="109" type="stmt"/>
        <line num="847" count="22" type="cond" truecount="2" falsecount="2"/>
        <line num="848" count="0" type="stmt"/>
        <line num="851" count="22" type="cond" truecount="3" falsecount="1"/>
        <line num="852" count="0" type="cond" truecount="0" falsecount="2"/>
        <line num="853" count="0" type="stmt"/>
        <line num="856" count="0" type="cond" truecount="0" falsecount="2"/>
        <line num="857" count="0" type="cond" truecount="0" falsecount="2"/>
        <line num="858" count="0" type="cond" truecount="0" falsecount="2"/>
        <line num="859" count="0" type="cond" truecount="0" falsecount="2"/>
        <line num="860" count="0" type="stmt"/>
        <line num="861" count="0" type="stmt"/>
        <line num="862" count="0" type="stmt"/>
        <line num="864" count="0" type="stmt"/>
        <line num="876" count="109" type="stmt"/>
        <line num="881" count="0" type="stmt"/>
        <line num="894" count="6" type="stmt"/>
        <line num="911" count="6" type="stmt"/>
        <line num="929" count="1" type="stmt"/>
        <line num="937" count="1" type="stmt"/>
        <line num="945" count="1" type="stmt"/>
        <line num="1003" count="119" type="stmt"/>
        <line num="1005" count="98" type="stmt"/>
        <line num="1006" count="98" type="stmt"/>
        <line num="1008" count="3" type="stmt"/>
        <line num="1016" count="98" type="cond" truecount="1" falsecount="1"/>
        <line num="1018" count="98" type="stmt"/>
        <line num="1019" count="98" type="stmt"/>
        <line num="1022" count="98" type="stmt"/>
        <line num="1027" count="98" type="stmt"/>
        <line num="1032" count="98" type="stmt"/>
        <line num="1033" count="98" type="stmt"/>
        <line num="1036" count="98" type="stmt"/>
        <line num="1038" count="98" type="stmt"/>
        <line num="1047" count="98" type="cond" truecount="1" falsecount="1"/>
        <line num="1052" count="98" type="cond" truecount="1" falsecount="1"/>
        <line num="1058" count="98" type="stmt"/>
        <line num="1076" count="6" type="stmt"/>
        <line num="1081" count="12" type="stmt"/>
        <line num="1092" count="1" type="stmt"/>
        <line num="1107" count="1" type="stmt"/>
        <line num="1132" count="5" type="stmt"/>
        <line num="1139" count="0" type="stmt"/>
        <line num="1146" count="0" type="stmt"/>
        <line num="1191" count="0" type="stmt"/>
        <line num="1193" count="0" type="stmt"/>
        <line num="1196" count="0" type="stmt"/>
        <line num="1197" count="0" type="cond" truecount="0" falsecount="2"/>
        <line num="1198" count="0" type="cond" truecount="0" falsecount="2"/>
        <line num="1199" count="0" type="stmt"/>
        <line num="1200" count="0" type="cond" truecount="0" falsecount="2"/>
        <line num="1201" count="0" type="stmt"/>
        <line num="1203" count="0" type="stmt"/>
        <line num="1207" count="0" type="stmt"/>
        <line num="1208" count="0" type="stmt"/>
        <line num="1209" count="0" type="stmt"/>
        <line num="1210" count="0" type="cond" truecount="0" falsecount="2"/>
        <line num="1211" count="0" type="stmt"/>
        <line num="1212" count="0" type="stmt"/>
        <line num="1213" count="0" type="stmt"/>
        <line num="1218" count="0" type="stmt"/>
        <line num="1223" count="0" type="stmt"/>
        <line num="1226" count="0" type="stmt"/>
        <line num="1232" count="0" type="stmt"/>
        <line num="1240" count="0" type="stmt"/>
        <line num="1243" count="0" type="stmt"/>
        <line num="1279" count="0" type="stmt"/>
        <line num="1289" count="0" type="stmt"/>
        <line num="1325" count="0" type="stmt"/>
        <line num="1326" count="0" type="stmt"/>
        <line num="1384" count="0" type="stmt"/>
        <line num="1399" count="0" type="stmt"/>
        <line num="1400" count="0" type="cond" truecount="0" falsecount="2"/>
        <line num="1488" count="5" type="stmt"/>
        <line num="1489" count="5" type="stmt"/>
        <line num="1490" count="5" type="stmt"/>
        <line num="1491" count="5" type="stmt"/>
        <line num="1492" count="5" type="stmt"/>
        <line num="1493" count="5" type="stmt"/>
        <line num="1546" count="0" type="stmt"/>
        <line num="1569" count="0" type="stmt"/>
        <line num="1573" count="0" type="stmt"/>
        <line num="1591" count="0" type="stmt"/>
        <line num="1597" count="0" type="stmt"/>
        <line num="1606" count="0" type="stmt"/>
        <line num="1607" count="0" type="stmt"/>
        <line num="1608" count="0" type="stmt"/>
        <line num="1618" count="0" type="stmt"/>
        <line num="1647" count="0" type="stmt"/>
        <line num="1662" count="0" type="stmt"/>
        <line num="1663" count="0" type="cond" truecount="0" falsecount="2"/>
        <line num="1702" count="1" type="stmt"/>
      </file>
    </package>
    <package name="app.(forum)">
      <metrics statements="219" coveredstatements="183" conditionals="168" coveredconditionals="120" methods="50" coveredmethods="36"/>
      <file name="[threadId].jsx" path="C:\Users\senge\Ernest\VSCODE\Orbital25\app\(forum)\[threadId].jsx">
        <metrics statements="105" coveredstatements="89" conditionals="86" coveredconditionals="53" methods="33" coveredmethods="23"/>
        <line num="41" count="1" type="stmt"/>
        <line num="42" count="35" type="stmt"/>
        <line num="43" count="35" type="stmt"/>
        <line num="44" count="35" type="stmt"/>
        <line num="46" count="35" type="stmt"/>
        <line num="47" count="35" type="stmt"/>
        <line num="48" count="35" type="stmt"/>
        <line num="49" count="35" type="stmt"/>
        <line num="51" count="35" type="stmt"/>
        <line num="52" count="35" type="stmt"/>
        <line num="54" count="35" type="stmt"/>
        <line num="55" count="35" type="stmt"/>
        <line num="56" count="35" type="stmt"/>
        <line num="57" count="35" type="stmt"/>
        <line num="59" count="35" type="stmt"/>
        <line num="61" count="35" type="stmt"/>
        <line num="62" count="13" type="stmt"/>
        <line num="63" count="13" type="stmt"/>
        <line num="64" count="13" type="cond" truecount="1" falsecount="1"/>
        <line num="66" count="13" type="stmt"/>
        <line num="67" count="13" type="stmt"/>
        <line num="68" count="13" type="stmt"/>
        <line num="69" count="13" type="cond" truecount="1" falsecount="1"/>
        <line num="71" count="13" type="stmt"/>
        <line num="74" count="13" type="stmt"/>
        <line num="75" count="13" type="stmt"/>
        <line num="76" count="13" type="cond" truecount="2" falsecount="0"/>
        <line num="77" count="12" type="stmt"/>
        <line num="79" count="1" type="stmt"/>
        <line num="80" count="1" type="stmt"/>
        <line num="84" count="13" type="stmt"/>
        <line num="87" count="13" type="stmt"/>
        <line num="91" count="13" type="stmt"/>
        <line num="92" count="13" type="stmt"/>
        <line num="93" count="0" type="cond" truecount="0" falsecount="6"/>
        <line num="94" count="0" type="stmt"/>
        <line num="96" count="13" type="stmt"/>
        <line num="100" count="13" type="stmt"/>
        <line num="101" count="13" type="stmt"/>
        <line num="102" count="13" type="stmt"/>
        <line num="103" count="13" type="stmt"/>
        <line num="107" count="35" type="stmt"/>
        <line num="108" count="31" type="cond" truecount="1" falsecount="1"/>
        <line num="109" count="31" type="stmt"/>
        <line num="112" count="35" type="stmt"/>
        <line num="113" count="2" type="stmt"/>
        <line num="114" count="2" type="stmt"/>
        <line num="115" count="2" type="stmt"/>
        <line num="116" count="2" type="stmt"/>
        <line num="119" count="35" type="stmt"/>
        <line num="120" count="2" type="cond" truecount="2" falsecount="0"/>
        <line num="121" count="1" type="stmt"/>
        <line num="125" count="1" type="stmt"/>
        <line num="128" count="35" type="stmt"/>
        <line num="129" count="2" type="stmt"/>
        <line num="130" count="2" type="cond" truecount="2" falsecount="0"/>
        <line num="132" count="1" type="cond" truecount="1" falsecount="1"/>
        <line num="136" count="1" type="stmt"/>
        <line num="141" count="1" type="stmt"/>
        <line num="142" count="1" type="stmt"/>
        <line num="143" count="1" type="cond" truecount="1" falsecount="1"/>
        <line num="145" count="1" type="cond" truecount="1" falsecount="1"/>
        <line num="146" count="0" type="stmt"/>
        <line num="151" count="1" type="stmt"/>
        <line num="160" count="1" type="stmt"/>
        <line num="161" count="1" type="stmt"/>
        <line num="163" count="0" type="stmt"/>
        <line num="175" count="35" type="stmt"/>
        <line num="176" count="1" type="stmt"/>
        <line num="182" count="1" type="stmt"/>
        <line num="183" count="1" type="stmt"/>
        <line num="187" count="0" type="stmt"/>
        <line num="194" count="35" type="stmt"/>
        <line num="195" count="1" type="stmt"/>
        <line num="196" count="1" type="cond" truecount="1" falsecount="1"/>
        <line num="197" count="1" type="stmt"/>
        <line num="198" count="1" type="stmt"/>
        <line num="199" count="1" type="cond" truecount="1" falsecount="1"/>
        <line num="202" count="1" type="stmt"/>
        <line num="205" count="0" type="stmt"/>
        <line num="210" count="35" type="cond" truecount="2" falsecount="0"/>
        <line num="212" count="21" type="stmt"/>
        <line num="228" count="2" type="stmt"/>
        <line num="229" count="2" type="cond" truecount="1" falsecount="1"/>
        <line num="230" count="2" type="stmt"/>
        <line num="231" count="2" type="stmt"/>
        <line num="232" count="2" type="cond" truecount="2" falsecount="0"/>
        <line num="235" count="2" type="stmt"/>
        <line num="238" count="1" type="stmt"/>
        <line num="262" count="0" type="stmt"/>
        <line num="274" count="0" type="stmt"/>
        <line num="299" count="4" type="stmt"/>
        <line num="329" count="16" type="stmt"/>
        <line num="331" count="10" type="stmt"/>
        <line num="341" count="0" type="stmt"/>
        <line num="342" count="0" type="stmt"/>
        <line num="343" count="0" type="stmt"/>
        <line num="344" count="0" type="stmt"/>
        <line num="357" count="1" type="stmt"/>
        <line num="381" count="0" type="stmt"/>
        <line num="392" count="1" type="stmt"/>
        <line num="431" count="0" type="stmt"/>
        <line num="471" count="0" type="stmt"/>
        <line num="475" count="0" type="stmt"/>
        <line num="491" count="1" type="stmt"/>
      </file>
      <file name="addEditThread.jsx" path="C:\Users\senge\Ernest\VSCODE\Orbital25\app\(forum)\addEditThread.jsx">
        <metrics statements="114" coveredstatements="94" conditionals="82" coveredconditionals="67" methods="17" coveredmethods="13"/>
        <line num="41" count="1" type="stmt"/>
        <line num="43" count="1" type="stmt"/>
        <line num="44" count="32" type="stmt"/>
        <line num="45" count="32" type="stmt"/>
        <line num="47" count="32" type="stmt"/>
        <line num="48" count="32" type="stmt"/>
        <line num="49" count="32" type="stmt"/>
        <line num="50" count="32" type="stmt"/>
        <line num="51" count="32" type="stmt"/>
        <line num="52" count="32" type="stmt"/>
        <line num="53" count="32" type="stmt"/>
        <line num="54" count="32" type="stmt"/>
        <line num="56" count="32" type="stmt"/>
        <line num="58" count="32" type="stmt"/>
        <line num="59" count="11" type="cond" truecount="2" falsecount="0"/>
        <line num="60" count="8" type="stmt"/>
        <line num="61" count="8" type="stmt"/>
        <line num="62" count="8" type="stmt"/>
        <line num="63" count="8" type="cond" truecount="1" falsecount="1"/>
        <line num="64" count="8" type="stmt"/>
        <line num="65" count="8" type="stmt"/>
        <line num="66" count="8" type="stmt"/>
        <line num="67" count="8" type="stmt"/>
        <line num="68" count="8" type="cond" truecount="2" falsecount="0"/>
        <line num="69" count="8" type="cond" truecount="2" falsecount="0"/>
        <line num="70" count="8" type="cond" truecount="2" falsecount="0"/>
        <line num="73" count="8" type="stmt"/>
        <line num="76" count="32" type="stmt"/>
        <line num="77" count="0" type="cond" truecount="0" falsecount="2"/>
        <line num="78" count="0" type="stmt"/>
        <line num="79" count="0" type="stmt"/>
        <line num="83" count="32" type="stmt"/>
        <line num="84" count="1" type="stmt"/>
        <line num="86" count="1" type="stmt"/>
        <line num="87" count="1" type="cond" truecount="1" falsecount="1"/>
        <line num="88" count="0" type="stmt"/>
        <line num="89" count="0" type="stmt"/>
        <line num="92" count="1" type="stmt"/>
        <line num="98" count="1" type="cond" truecount="3" falsecount="1"/>
        <line num="99" count="1" type="stmt"/>
        <line num="100" count="1" type="stmt"/>
        <line num="101" count="1" type="stmt"/>
        <line num="104" count="0" type="stmt"/>
        <line num="105" count="0" type="stmt"/>
        <line num="109" count="32" type="stmt"/>
        <line num="110" count="2" type="stmt"/>
        <line num="111" count="2" type="stmt"/>
        <line num="112" count="2" type="cond" truecount="1" falsecount="1"/>
        <line num="113" count="0" type="stmt"/>
        <line num="114" count="0" type="stmt"/>
        <line num="117" count="2" type="stmt"/>
        <line num="124" count="2" type="stmt"/>
        <line num="129" count="2" type="cond" truecount="3" falsecount="1"/>
        <line num="130" count="2" type="stmt"/>
        <line num="131" count="2" type="stmt"/>
        <line num="138" count="0" type="stmt"/>
        <line num="143" count="0" type="cond" truecount="0" falsecount="4"/>
        <line num="144" count="0" type="stmt"/>
        <line num="145" count="0" type="stmt"/>
        <line num="153" count="0" type="stmt"/>
        <line num="154" count="0" type="stmt"/>
        <line num="158" count="32" type="stmt"/>
        <line num="159" count="4" type="cond" truecount="2" falsecount="0"/>
        <line num="160" count="1" type="stmt"/>
        <line num="161" count="1" type="stmt"/>
        <line num="162" count="1" type="cond" truecount="1" falsecount="1"/>
        <line num="163" count="1" type="stmt"/>
        <line num="164" count="1" type="stmt"/>
        <line num="165" count="1" type="stmt"/>
        <line num="168" count="32" type="stmt"/>
        <line num="169" count="2" type="cond" truecount="1" falsecount="1"/>
        <line num="170" count="2" type="stmt"/>
        <line num="171" count="2" type="stmt"/>
        <line num="172" count="2" type="stmt"/>
        <line num="173" count="2" type="stmt"/>
        <line num="174" count="2" type="stmt"/>
        <line num="175" count="2" type="stmt"/>
        <line num="177" count="0" type="stmt"/>
        <line num="181" count="32" type="stmt"/>
        <line num="182" count="5" type="cond" truecount="4" falsecount="0"/>
        <line num="183" count="1" type="stmt"/>
        <line num="184" count="1" type="stmt"/>
        <line num="187" count="4" type="stmt"/>
        <line num="197" count="4" type="stmt"/>
        <line num="198" count="4" type="stmt"/>
        <line num="199" count="4" type="stmt"/>
        <line num="200" count="4" type="stmt"/>
        <line num="201" count="4" type="cond" truecount="1" falsecount="1"/>
        <line num="203" count="4" type="cond" truecount="4" falsecount="0"/>
        <line num="204" count="2" type="stmt"/>
        <line num="206" count="2" type="cond" truecount="2" falsecount="0"/>
        <line num="207" count="2" type="cond" truecount="3" falsecount="1"/>
        <line num="208" count="2" type="stmt"/>
        <line num="209" count="2" type="stmt"/>
        <line num="213" count="4" type="stmt"/>
        <line num="215" count="4" type="cond" truecount="2" falsecount="0"/>
        <line num="216" count="3" type="stmt"/>
        <line num="224" count="3" type="stmt"/>
        <line num="226" count="1" type="stmt"/>
        <line num="237" count="1" type="stmt"/>
        <line num="240" count="4" type="stmt"/>
        <line num="242" count="0" type="stmt"/>
        <line num="243" count="0" type="stmt"/>
        <line num="245" count="4" type="stmt"/>
        <line num="253" count="32" type="stmt"/>
        <line num="254" count="2" type="cond" truecount="5" falsecount="0"/>
        <line num="255" count="1" type="stmt"/>
        <line num="263" count="0" type="stmt"/>
        <line num="268" count="1" type="stmt"/>
        <line num="272" count="32" type="stmt"/>
        <line num="289" count="96" type="stmt"/>
        <line num="295" count="0" type="stmt"/>
        <line num="350" count="1" type="stmt"/>
        <line num="374" count="1" type="stmt"/>
      </file>
    </package>
    <package name="app.(profiles)">
      <metrics statements="142" coveredstatements="129" conditionals="101" coveredconditionals="83" methods="22" coveredmethods="16"/>
      <file name="[userId].js" path="C:\Users\senge\Ernest\VSCODE\Orbital25\app\(profiles)\[userId].js">
        <metrics statements="30" coveredstatements="24" conditionals="22" coveredconditionals="14" methods="6" coveredmethods="5"/>
        <line num="24" count="1" type="stmt"/>
        <line num="25" count="6" type="stmt"/>
        <line num="26" count="6" type="stmt"/>
        <line num="27" count="6" type="stmt"/>
        <line num="28" count="6" type="stmt"/>
        <line num="30" count="6" type="stmt"/>
        <line num="31" count="2" type="cond" truecount="1" falsecount="1"/>
        <line num="32" count="0" type="stmt"/>
        <line num="33" count="0" type="stmt"/>
        <line num="34" count="0" type="stmt"/>
        <line num="37" count="2" type="stmt"/>
        <line num="38" count="2" type="stmt"/>
        <line num="39" count="2" type="stmt"/>
        <line num="40" count="2" type="stmt"/>
        <line num="41" count="2" type="cond" truecount="2" falsecount="0"/>
        <line num="42" count="1" type="stmt"/>
        <line num="44" count="1" type="stmt"/>
        <line num="47" count="0" type="stmt"/>
        <line num="48" count="0" type="stmt"/>
        <line num="50" count="2" type="stmt"/>
        <line num="54" count="2" type="stmt"/>
        <line num="57" count="6" type="cond" truecount="2" falsecount="0"/>
        <line num="58" count="2" type="stmt"/>
        <line num="59" count="4" type="cond" truecount="2" falsecount="0"/>
        <line num="60" count="1" type="stmt"/>
        <line num="66" count="3" type="stmt"/>
        <line num="72" count="1" type="stmt"/>
        <line num="119" count="0" type="stmt"/>
        <line num="124" count="1" type="stmt"/>
        <line num="147" count="1" type="stmt"/>
      </file>
      <file name="editProfile.jsx" path="C:\Users\senge\Ernest\VSCODE\Orbital25\app\(profiles)\editProfile.jsx">
        <metrics statements="112" coveredstatements="105" conditionals="79" coveredconditionals="69" methods="16" coveredmethods="11"/>
        <line num="32" count="1" type="stmt"/>
        <line num="33" count="49" type="stmt"/>
        <line num="35" count="49" type="stmt"/>
        <line num="36" count="49" type="stmt"/>
        <line num="37" count="49" type="stmt"/>
        <line num="38" count="49" type="stmt"/>
        <line num="39" count="49" type="stmt"/>
        <line num="40" count="49" type="stmt"/>
        <line num="41" count="49" type="stmt"/>
        <line num="43" count="49" type="stmt"/>
        <line num="44" count="49" type="stmt"/>
        <line num="45" count="49" type="stmt"/>
        <line num="47" count="49" type="stmt"/>
        <line num="49" count="49" type="stmt"/>
        <line num="50" count="15" type="stmt"/>
        <line num="51" count="15" type="stmt"/>
        <line num="52" count="15" type="stmt"/>
        <line num="53" count="15" type="cond" truecount="2" falsecount="0"/>
        <line num="55" count="12" type="stmt"/>
        <line num="56" count="12" type="stmt"/>
        <line num="58" count="11" type="cond" truecount="1" falsecount="1"/>
        <line num="59" count="11" type="stmt"/>
        <line num="60" count="11" type="cond" truecount="2" falsecount="0"/>
        <line num="61" count="11" type="cond" truecount="2" falsecount="0"/>
        <line num="62" count="11" type="stmt"/>
        <line num="67" count="11" type="stmt"/>
        <line num="72" count="11" type="stmt"/>
        <line num="77" count="11" type="cond" truecount="2" falsecount="0"/>
        <line num="80" count="1" type="stmt"/>
        <line num="81" count="1" type="stmt"/>
        <line num="83" count="15" type="stmt"/>
        <line num="87" count="15" type="stmt"/>
        <line num="90" count="49" type="stmt"/>
        <line num="91" count="3" type="stmt"/>
        <line num="93" count="3" type="stmt"/>
        <line num="94" count="3" type="stmt"/>
        <line num="95" count="3" type="cond" truecount="2" falsecount="0"/>
        <line num="97" count="2" type="stmt"/>
        <line num="98" count="2" type="stmt"/>
        <line num="100" count="2" type="stmt"/>
        <line num="101" count="2" type="stmt"/>
        <line num="103" count="2" type="stmt"/>
        <line num="104" count="2" type="stmt"/>
        <line num="106" count="1" type="stmt"/>
        <line num="107" count="1" type="stmt"/>
        <line num="108" count="1" type="stmt"/>
        <line num="110" count="3" type="stmt"/>
        <line num="114" count="49" type="stmt"/>
        <line num="115" count="3" type="stmt"/>
        <line num="116" count="3" type="cond" truecount="2" falsecount="0"/>
        <line num="117" count="1" type="stmt"/>
        <line num="118" count="1" type="stmt"/>
        <line num="121" count="2" type="stmt"/>
        <line num="128" count="2" type="cond" truecount="1" falsecount="1"/>
        <line num="129" count="2" type="stmt"/>
        <line num="130" count="2" type="stmt"/>
        <line num="132" count="2" type="stmt"/>
        <line num="133" count="2" type="cond" truecount="2" falsecount="0"/>
        <line num="135" count="2" type="stmt"/>
        <line num="138" count="49" type="stmt"/>
        <line num="139" count="2" type="stmt"/>
        <line num="140" count="2" type="cond" truecount="2" falsecount="0"/>
        <line num="141" count="1" type="stmt"/>
        <line num="142" count="1" type="stmt"/>
        <line num="145" count="1" type="stmt"/>
        <line num="151" count="1" type="cond" truecount="1" falsecount="1"/>
        <line num="152" count="1" type="stmt"/>
        <line num="153" count="1" type="stmt"/>
        <line num="155" count="1" type="stmt"/>
        <line num="156" count="1" type="cond" truecount="1" falsecount="1"/>
        <line num="158" count="1" type="stmt"/>
        <line num="161" count="49" type="stmt"/>
        <line num="162" count="0" type="stmt"/>
        <line num="171" count="0" type="stmt"/>
        <line num="172" count="0" type="stmt"/>
        <line num="173" count="0" type="stmt"/>
        <line num="180" count="49" type="stmt"/>
        <line num="181" count="6" type="cond" truecount="2" falsecount="0"/>
        <line num="182" count="1" type="stmt"/>
        <line num="183" count="1" type="stmt"/>
        <line num="185" count="5" type="cond" truecount="4" falsecount="0"/>
        <line num="186" count="1" type="stmt"/>
        <line num="187" count="1" type="stmt"/>
        <line num="189" count="4" type="cond" truecount="4" falsecount="0"/>
        <line num="190" count="1" type="stmt"/>
        <line num="191" count="1" type="stmt"/>
        <line num="193" count="3" type="cond" truecount="4" falsecount="0"/>
        <line num="194" count="1" type="stmt"/>
        <line num="195" count="1" type="stmt"/>
        <line num="198" count="2" type="stmt"/>
        <line num="206" count="2" type="stmt"/>
        <line num="207" count="2" type="stmt"/>
        <line num="208" count="2" type="stmt"/>
        <line num="209" count="2" type="cond" truecount="1" falsecount="1"/>
        <line num="211" count="2" type="stmt"/>
        <line num="212" count="2" type="stmt"/>
        <line num="221" count="1" type="stmt"/>
        <line num="222" count="1" type="stmt"/>
        <line num="224" count="1" type="stmt"/>
        <line num="225" count="1" type="stmt"/>
        <line num="227" count="2" type="stmt"/>
        <line num="236" count="49" type="cond" truecount="2" falsecount="0"/>
        <line num="237" count="15" type="stmt"/>
        <line num="244" count="34" type="stmt"/>
        <line num="245" count="1" type="stmt"/>
        <line num="250" count="1" type="stmt"/>
        <line num="255" count="34" type="stmt"/>
        <line num="281" count="6" type="stmt"/>
        <line num="376" count="0" type="stmt"/>
        <line num="381" count="0" type="stmt"/>
        <line num="402" count="0" type="stmt"/>
        <line num="417" count="1" type="stmt"/>
      </file>
    </package>
    <package name="app.(progress)">
      <metrics statements="295" coveredstatements="269" conditionals="150" coveredconditionals="93" methods="82" coveredmethods="72"/>
      <file name="addWorkout.jsx" path="C:\Users\senge\Ernest\VSCODE\Orbital25\app\(progress)\addWorkout.jsx">
        <metrics statements="172" coveredstatements="149" conditionals="108" coveredconditionals="71" methods="44" coveredmethods="36"/>
        <line num="28" count="1" type="stmt"/>
        <line num="29" count="117" type="stmt"/>
        <line num="31" count="117" type="stmt"/>
        <line num="32" count="117" type="stmt"/>
        <line num="34" count="117" type="stmt"/>
        <line num="35" count="117" type="stmt"/>
        <line num="37" count="117" type="stmt"/>
        <line num="38" count="1" type="stmt"/>
        <line num="39" count="1" type="cond" truecount="1" falsecount="1"/>
        <line num="40" count="1" type="stmt"/>
        <line num="41" count="1" type="stmt"/>
        <line num="42" count="1" type="stmt"/>
        <line num="43" count="1" type="stmt"/>
        <line num="44" count="1" type="stmt"/>
        <line num="48" count="117" type="stmt"/>
        <line num="49" count="117" type="stmt"/>
        <line num="50" count="117" type="stmt"/>
        <line num="51" count="117" type="stmt"/>
        <line num="53" count="117" type="stmt"/>
        <line num="55" count="117" type="stmt"/>
        <line num="56" count="117" type="stmt"/>
        <line num="58" count="117" type="stmt"/>
        <line num="60" count="117" type="stmt"/>
        <line num="61" count="117" type="stmt"/>
        <line num="63" count="117" type="cond" truecount="2" falsecount="0"/>
        <line num="64" count="23" type="stmt"/>
        <line num="65" count="23" type="stmt"/>
        <line num="66" count="23" type="stmt"/>
        <line num="73" count="23" type="cond" truecount="1" falsecount="1"/>
        <line num="77" count="23" type="stmt"/>
        <line num="78" count="23" type="stmt"/>
        <line num="80" count="23" type="stmt"/>
        <line num="81" count="2" type="stmt"/>
        <line num="83" count="23" type="stmt"/>
        <line num="85" count="23" type="stmt"/>
        <line num="86" count="69" type="stmt"/>
        <line num="87" count="69" type="stmt"/>
        <line num="93" count="23" type="stmt"/>
        <line num="94" count="2" type="cond" truecount="1" falsecount="1"/>
        <line num="95" count="0" type="stmt"/>
        <line num="99" count="23" type="stmt"/>
        <line num="101" count="0" type="stmt"/>
        <line num="105" count="117" type="stmt"/>
        <line num="106" count="21" type="stmt"/>
        <line num="109" count="117" type="stmt"/>
        <line num="110" count="21" type="cond" truecount="2" falsecount="0"/>
        <line num="111" count="4" type="stmt"/>
        <line num="112" count="4" type="stmt"/>
        <line num="113" count="4" type="stmt"/>
        <line num="114" count="4" type="stmt"/>
        <line num="115" count="3" type="cond" truecount="2" falsecount="0"/>
        <line num="116" count="2" type="stmt"/>
        <line num="120" count="2" type="cond" truecount="1" falsecount="1"/>
        <line num="121" count="2" type="cond" truecount="1" falsecount="1"/>
        <line num="122" count="2" type="cond" truecount="1" falsecount="1"/>
        <line num="123" count="2" type="stmt"/>
        <line num="128" count="2" type="stmt"/>
        <line num="131" count="2" type="stmt"/>
        <line num="132" count="2" type="cond" truecount="1" falsecount="1"/>
        <line num="133" count="2" type="cond" truecount="1" falsecount="1"/>
        <line num="134" count="2" type="cond" truecount="1" falsecount="1"/>
        <line num="135" count="2" type="stmt"/>
        <line num="140" count="2" type="stmt"/>
        <line num="142" count="1" type="stmt"/>
        <line num="143" count="1" type="stmt"/>
        <line num="146" count="1" type="stmt"/>
        <line num="147" count="1" type="stmt"/>
        <line num="150" count="4" type="stmt"/>
        <line num="154" count="117" type="stmt"/>
        <line num="155" count="11" type="stmt"/>
        <line num="161" count="117" type="stmt"/>
        <line num="162" count="6" type="stmt"/>
        <line num="163" count="6" type="stmt"/>
        <line num="164" count="6" type="stmt"/>
        <line num="167" count="117" type="stmt"/>
        <line num="168" count="6" type="stmt"/>
        <line num="169" count="6" type="stmt"/>
        <line num="170" count="6" type="stmt"/>
        <line num="177" count="6" type="stmt"/>
        <line num="181" count="117" type="stmt"/>
        <line num="182" count="8" type="stmt"/>
        <line num="183" count="8" type="stmt"/>
        <line num="184" count="8" type="stmt"/>
        <line num="187" count="117" type="stmt"/>
        <line num="188" count="1" type="stmt"/>
        <line num="189" count="1" type="stmt"/>
        <line num="190" count="1" type="stmt"/>
        <line num="193" count="117" type="stmt"/>
        <line num="194" count="0" type="stmt"/>
        <line num="195" count="0" type="stmt"/>
        <line num="196" count="0" type="stmt"/>
        <line num="199" count="117" type="cond" truecount="1" falsecount="1"/>
        <line num="201" count="117" type="stmt"/>
        <line num="202" count="9" type="cond" truecount="2" falsecount="0"/>
        <line num="203" count="1" type="stmt"/>
        <line num="204" count="1" type="stmt"/>
        <line num="207" count="8" type="cond" truecount="2" falsecount="0"/>
        <line num="208" count="1" type="stmt"/>
        <line num="209" count="1" type="stmt"/>
        <line num="211" count="7" type="stmt"/>
        <line num="212" count="6" type="cond" truecount="2" falsecount="0"/>
        <line num="214" count="7" type="cond" truecount="2" falsecount="0"/>
        <line num="215" count="1" type="stmt"/>
        <line num="216" count="1" type="stmt"/>
        <line num="219" count="6" type="stmt"/>
        <line num="220" count="6" type="cond" truecount="4" falsecount="0"/>
        <line num="221" count="1" type="stmt"/>
        <line num="222" count="1" type="stmt"/>
        <line num="225" count="5" type="stmt"/>
        <line num="226" count="5" type="stmt"/>
        <line num="227" count="5" type="cond" truecount="4" falsecount="0"/>
        <line num="228" count="1" type="stmt"/>
        <line num="229" count="1" type="stmt"/>
        <line num="234" count="4" type="stmt"/>
        <line num="235" count="4" type="cond" truecount="1" falsecount="1"/>
        <line num="236" count="0" type="stmt"/>
        <line num="237" count="0" type="stmt"/>
        <line num="239" count="4" type="stmt"/>
        <line num="241" count="4" type="stmt"/>
        <line num="242" count="2" type="stmt"/>
        <line num="243" count="2" type="cond" truecount="2" falsecount="0"/>
        <line num="244" count="1" type="stmt"/>
        <line num="253" count="1" type="stmt"/>
        <line num="262" count="2" type="stmt"/>
        <line num="265" count="0" type="stmt"/>
        <line num="268" count="0" type="stmt"/>
        <line num="269" count="0" type="stmt"/>
        <line num="273" count="4" type="stmt"/>
        <line num="285" count="117" type="stmt"/>
        <line num="286" count="0" type="stmt"/>
        <line num="289" count="117" type="stmt"/>
        <line num="290" count="2" type="cond" truecount="1" falsecount="1"/>
        <line num="291" count="2" type="stmt"/>
        <line num="298" count="0" type="cond" truecount="0" falsecount="5"/>
        <line num="303" count="0" type="cond" truecount="0" falsecount="4"/>
        <line num="310" count="0" type="cond" truecount="0" falsecount="2"/>
        <line num="311" count="0" type="cond" truecount="0" falsecount="2"/>
        <line num="312" count="0" type="cond" truecount="0" falsecount="2"/>
        <line num="314" count="0" type="cond" truecount="0" falsecount="2"/>
        <line num="316" count="0" type="stmt"/>
        <line num="319" count="117" type="stmt"/>
        <line num="320" count="2" type="cond" truecount="1" falsecount="1"/>
        <line num="321" count="2" type="stmt"/>
        <line num="328" count="0" type="stmt"/>
        <line num="332" count="0" type="stmt"/>
        <line num="336" count="117" type="stmt"/>
        <line num="361" count="1" type="stmt"/>
        <line num="414" count="57" type="stmt"/>
        <line num="432" count="13" type="cond" truecount="2" falsecount="0"/>
        <line num="435" count="6" type="stmt"/>
        <line num="436" count="6" type="stmt"/>
        <line num="441" count="0" type="stmt"/>
        <line num="442" count="0" type="stmt"/>
        <line num="458" count="1" type="stmt"/>
        <line num="468" count="30" type="cond" truecount="4" falsecount="0"/>
        <line num="472" count="30" type="stmt"/>
        <line num="483" count="1200" type="stmt"/>
        <line num="488" count="8" type="stmt"/>
        <line num="489" count="8" type="stmt"/>
        <line num="491" count="8" type="stmt"/>
        <line num="494" count="4" type="stmt"/>
        <line num="495" count="4" type="stmt"/>
        <line num="519" count="6030" type="stmt"/>
        <line num="520" count="6030" type="stmt"/>
        <line num="523" count="8" type="stmt"/>
        <line num="524" count="8" type="stmt"/>
        <line num="526" count="8" type="stmt"/>
        <line num="529" count="4" type="stmt"/>
        <line num="530" count="4" type="stmt"/>
        <line num="550" count="0" type="stmt"/>
        <line num="564" count="6" type="stmt"/>
        <line num="600" count="1" type="stmt"/>
      </file>
      <file name="exerciseProgress.jsx" path="C:\Users\senge\Ernest\VSCODE\Orbital25\app\(progress)\exerciseProgress.jsx">
        <metrics statements="66" coveredstatements="64" conditionals="20" coveredconditionals="11" methods="20" coveredmethods="19"/>
        <line num="16" count="1" type="stmt"/>
        <line num="17" count="10" type="stmt"/>
        <line num="19" count="10" type="stmt"/>
        <line num="23" count="69" type="cond" truecount="0" falsecount="1"/>
        <line num="24" count="68" type="cond" truecount="0" falsecount="1"/>
        <line num="43" count="10" type="stmt"/>
        <line num="44" count="10" type="stmt"/>
        <line num="45" count="10" type="stmt"/>
        <line num="46" count="10" type="stmt"/>
        <line num="47" count="10" type="stmt"/>
        <line num="48" count="10" type="stmt"/>
        <line num="49" count="10" type="stmt"/>
        <line num="51" count="10" type="stmt"/>
        <line num="52" count="3" type="stmt"/>
        <line num="53" count="3" type="stmt"/>
        <line num="54" count="9" type="stmt"/>
        <line num="55" count="3" type="stmt"/>
        <line num="58" count="10" type="stmt"/>
        <line num="59" count="3" type="stmt"/>
        <line num="60" count="3" type="stmt"/>
        <line num="61" count="3" type="stmt"/>
        <line num="62" count="3" type="cond" truecount="1" falsecount="1"/>
        <line num="64" count="3" type="stmt"/>
        <line num="65" count="3" type="stmt"/>
        <line num="71" count="3" type="stmt"/>
        <line num="73" count="3" type="stmt"/>
        <line num="74" count="3" type="stmt"/>
        <line num="75" count="3" type="stmt"/>
        <line num="77" count="3" type="stmt"/>
        <line num="78" count="6" type="stmt"/>
        <line num="79" count="6" type="stmt"/>
        <line num="80" count="6" type="cond" truecount="1" falsecount="1"/>
        <line num="86" count="6" type="stmt"/>
        <line num="87" count="6" type="cond" truecount="1" falsecount="1"/>
        <line num="89" count="6" type="stmt"/>
        <line num="90" count="9" type="stmt"/>
        <line num="91" count="9" type="stmt"/>
        <line num="92" count="15" type="stmt"/>
        <line num="94" count="9" type="cond" truecount="2" falsecount="0"/>
        <line num="95" count="9" type="stmt"/>
        <line num="103" count="3" type="stmt"/>
        <line num="104" count="3" type="stmt"/>
        <line num="106" count="3" type="cond" truecount="2" falsecount="2"/>
        <line num="107" count="0" type="stmt"/>
        <line num="110" count="3" type="stmt"/>
        <line num="112" count="3" type="stmt"/>
        <line num="113" count="6" type="stmt"/>
        <line num="119" count="3" type="stmt"/>
        <line num="121" count="3" type="stmt"/>
        <line num="123" count="0" type="stmt"/>
        <line num="127" count="3" type="stmt"/>
        <line num="130" count="10" type="stmt"/>
        <line num="131" count="7" type="cond" truecount="3" falsecount="1"/>
        <line num="133" count="11" type="stmt"/>
        <line num="134" count="7" type="cond" truecount="1" falsecount="1"/>
        <line num="136" count="7" type="stmt"/>
        <line num="137" count="4" type="stmt"/>
        <line num="138" count="4" type="stmt"/>
        <line num="139" count="4" type="stmt"/>
        <line num="145" count="11" type="stmt"/>
        <line num="146" count="11" type="stmt"/>
        <line num="148" count="7" type="stmt"/>
        <line num="164" count="10" type="stmt"/>
        <line num="245" count="8" type="stmt"/>
        <line num="246" count="7" type="stmt"/>
        <line num="254" count="1" type="stmt"/>
      </file>
      <file name="macroProgress.jsx" path="C:\Users\senge\Ernest\VSCODE\Orbital25\app\(progress)\macroProgress.jsx">
        <metrics statements="57" coveredstatements="56" conditionals="22" coveredconditionals="11" methods="18" coveredmethods="17"/>
        <line num="16" count="1" type="stmt"/>
        <line num="17" count="8" type="stmt"/>
        <line num="19" count="8" type="stmt"/>
        <line num="23" count="228" type="cond" truecount="0" falsecount="1"/>
        <line num="24" count="266" type="cond" truecount="0" falsecount="1"/>
        <line num="43" count="8" type="stmt"/>
        <line num="45" count="8" type="stmt"/>
        <line num="46" count="8" type="stmt"/>
        <line num="47" count="8" type="stmt"/>
        <line num="48" count="8" type="stmt"/>
        <line num="49" count="32" type="stmt"/>
        <line num="52" count="8" type="stmt"/>
        <line num="53" count="8" type="stmt"/>
        <line num="54" count="8" type="stmt"/>
        <line num="56" count="8" type="stmt"/>
        <line num="57" count="3" type="stmt"/>
        <line num="58" count="3" type="stmt"/>
        <line num="59" count="9" type="stmt"/>
        <line num="60" count="3" type="stmt"/>
        <line num="63" count="8" type="stmt"/>
        <line num="64" count="3" type="stmt"/>
        <line num="65" count="3" type="stmt"/>
        <line num="66" count="3" type="cond" truecount="1" falsecount="1"/>
        <line num="68" count="3" type="stmt"/>
        <line num="73" count="3" type="stmt"/>
        <line num="74" count="3" type="stmt"/>
        <line num="80" count="3" type="stmt"/>
        <line num="82" count="3" type="stmt"/>
        <line num="83" count="6" type="stmt"/>
        <line num="84" count="6" type="cond" truecount="1" falsecount="1"/>
        <line num="90" count="6" type="stmt"/>
        <line num="91" count="6" type="cond" truecount="1" falsecount="1"/>
        <line num="93" count="6" type="cond" truecount="1" falsecount="1"/>
        <line num="100" count="6" type="stmt"/>
        <line num="105" count="6" type="stmt"/>
        <line num="110" count="6" type="stmt"/>
        <line num="115" count="6" type="stmt"/>
        <line num="122" count="3" type="stmt"/>
        <line num="123" count="3" type="stmt"/>
        <line num="125" count="3" type="cond" truecount="2" falsecount="2"/>
        <line num="126" count="0" type="stmt"/>
        <line num="129" count="3" type="stmt"/>
        <line num="132" count="3" type="stmt"/>
        <line num="135" count="8" type="stmt"/>
        <line num="136" count="31" type="cond" truecount="4" falsecount="0"/>
        <line num="138" count="38" type="stmt"/>
        <line num="139" count="19" type="cond" truecount="1" falsecount="1"/>
        <line num="141" count="19" type="stmt"/>
        <line num="142" count="19" type="stmt"/>
        <line num="143" count="19" type="stmt"/>
        <line num="144" count="19" type="stmt"/>
        <line num="150" count="38" type="stmt"/>
        <line num="151" count="38" type="stmt"/>
        <line num="153" count="19" type="stmt"/>
        <line num="169" count="8" type="stmt"/>
        <line num="249" count="31" type="stmt"/>
        <line num="257" count="1" type="stmt"/>
      </file>
    </package>
    <package name="app.(reports)">
      <metrics statements="378" coveredstatements="358" conditionals="238" coveredconditionals="182" methods="54" coveredmethods="48"/>
      <file name="uscReports.jsx" path="C:\Users\senge\Ernest\VSCODE\Orbital25\app\(reports)\uscReports.jsx">
        <metrics statements="189" coveredstatements="179" conditionals="119" coveredconditionals="91" methods="27" coveredmethods="24"/>
        <line num="53" count="1" type="stmt"/>
        <line num="54" count="135" type="stmt"/>
        <line num="55" count="135" type="stmt"/>
        <line num="56" count="135" type="cond" truecount="1" falsecount="1"/>
        <line num="58" count="135" type="stmt"/>
        <line num="59" count="135" type="stmt"/>
        <line num="61" count="135" type="stmt"/>
        <line num="63" count="135" type="stmt"/>
        <line num="64" count="135" type="stmt"/>
        <line num="66" count="135" type="stmt"/>
        <line num="68" count="135" type="stmt"/>
        <line num="69" count="135" type="stmt"/>
        <line num="71" count="135" type="stmt"/>
        <line num="72" count="135" type="stmt"/>
        <line num="74" count="135" type="stmt"/>
        <line num="76" count="135" type="stmt"/>
        <line num="78" count="135" type="stmt"/>
        <line num="81" count="135" type="stmt"/>
        <line num="99" count="135" type="stmt"/>
        <line num="106" count="135" type="stmt"/>
        <line num="107" count="31" type="stmt"/>
        <line num="109" count="31" type="stmt"/>
        <line num="112" count="30" type="stmt"/>
        <line num="116" count="30" type="stmt"/>
        <line num="117" count="0" type="cond" truecount="0" falsecount="2"/>
        <line num="118" count="0" type="cond" truecount="0" falsecount="2"/>
        <line num="119" count="0" type="stmt"/>
        <line num="121" count="30" type="stmt"/>
        <line num="124" count="1" type="stmt"/>
        <line num="128" count="31" type="stmt"/>
[...]
        <line num="206" count="9" type="cond" truecount="4" falsecount="0"/>
        <line num="207" count="3" type="stmt"/>
        <line num="208" count="3" type="stmt"/>
        <line num="209" count="3" type="stmt"/>
        <line num="210" count="2" type="stmt"/>
        <line num="212" count="1" type="stmt"/>
        <line num="214" count="3" type="stmt"/>
        <line num="215" count="6" type="cond" truecount="2" falsecount="0"/>
        <line num="216" count="3" type="stmt"/>
        <line num="218" count="3" type="stmt"/>
        <line num="221" count="12" type="stmt"/>
        <line num="228" count="12" type="cond" truecount="2" falsecount="0"/>
        <line num="229" count="3" type="stmt"/>
        <line num="230" count="9" type="cond" truecount="2" falsecount="0"/>
        <line num="231" count="6" type="stmt"/>
        <line num="233" count="3" type="cond" truecount="2" falsecount="3"/>
        <line num="234" count="0" type="stmt"/>
        <line num="235" count="3" type="cond" truecount="3" falsecount="1"/>
        <line num="236" count="0" type="cond" truecount="0" falsecount="2"/>
        <line num="244" count="12" type="cond" truecount="2" falsecount="0"/>
        <line num="245" count="8" type="stmt"/>
        <line num="246" count="8" type="stmt"/>
        <line num="248" count="4" type="stmt"/>
        <line num="249" count="4" type="stmt"/>
        <line num="251" count="11" type="stmt"/>
        <line num="252" count="11" type="stmt"/>
        <line num="253" count="11" type="stmt"/>
        <line num="254" count="11" type="stmt"/>
        <line num="255" count="11" type="stmt"/>
        <line num="256" count="11" type="stmt"/>
        <line num="257" count="11" type="stmt"/>
        <line num="258" count="11" type="stmt"/>
        <line num="259" count="11" type="stmt"/>
        <line num="264" count="1" type="stmt"/>
        <line num="265" count="1" type="stmt"/>
        <line num="273" count="135" type="stmt"/>
        <line num="274" count="6" type="stmt"/>
        <line num="275" count="6" type="stmt"/>
        <line num="276" count="0" type="stmt"/>
        <line num="278" count="6" type="stmt"/>
        <line num="279" count="6" type="stmt"/>
        <line num="283" count="135" type="stmt"/>
        <line num="284" count="1" type="stmt"/>
        <line num="293" count="1" type="stmt"/>
        <line num="294" count="1" type="stmt"/>
        <line num="295" count="1" type="stmt"/>
        <line num="296" count="1" type="stmt"/>
        <line num="298" count="1" type="cond" truecount="1" falsecount="1"/>
        <line num="299" count="1" type="stmt"/>
        <line num="302" count="1" type="stmt"/>
        <line num="303" count="1" type="stmt"/>
        <line num="304" count="1" type="stmt"/>
        <line num="307" count="1" type="stmt"/>
        <line num="308" count="1" type="stmt"/>
        <line num="309" count="1" type="cond" truecount="1" falsecount="1"/>
        <line num="310" count="1" type="stmt"/>
        <line num="313" count="0" type="stmt"/>
        <line num="314" count="0" type="stmt"/>
        <line num="322" count="135" type="stmt"/>
        <line num="324" count="9" type="stmt"/>
        <line num="326" count="9" type="cond" truecount="2" falsecount="0"/>
        <line num="327" count="1" type="stmt"/>
        <line num="328" count="1" type="stmt"/>
        <line num="331" count="8" type="stmt"/>
        <line num="336" count="8" type="cond" truecount="2" falsecount="0"/>
        <line num="337" count="6" type="stmt"/>
        <line num="338" count="6" type="stmt"/>
        <line num="342" count="135" type="stmt"/>
        <line num="343" count="4" type="stmt"/>
        <line num="344" count="4" type="cond" truecount="2" falsecount="0"/>
        <line num="345" count="2" type="stmt"/>
        <line num="346" count="2" type="stmt"/>
        <line num="349" count="2" type="stmt"/>
        <line num="353" count="2" type="cond" truecount="2" falsecount="0"/>
        <line num="354" count="1" type="stmt"/>
        <line num="355" count="1" type="stmt"/>
        <line num="359" count="135" type="stmt"/>
        <line num="360" count="3" type="stmt"/>
        <line num="361" count="3" type="stmt"/>
        <line num="364" count="135" type="stmt"/>
        <line num="365" count="4" type="cond" truecount="2" falsecount="0"/>
        <line num="366" count="2" type="stmt"/>
        <line num="373" count="2" type="stmt"/>
        <line num="383" count="135" type="stmt"/>
        <line num="384" count="4" type="cond" truecount="2" falsecount="0"/>
        <line num="385" count="2" type="stmt"/>
        <line num="396" count="2" type="stmt"/>
        <line num="397" count="2" type="stmt"/>
        <line num="398" count="2" type="stmt"/>
        <line num="399" count="2" type="stmt"/>
        <line num="400" count="2" type="stmt"/>
        <line num="401" count="2" type="stmt"/>
        <line num="402" count="2" type="stmt"/>
        <line num="403" count="2" type="stmt"/>
        <line num="409" count="2" type="stmt"/>
        <line num="410" count="2" type="stmt"/>
        <line num="411" count="2" type="stmt"/>
        <line num="412" count="2" type="stmt"/>
        <line num="413" count="2" type="stmt"/>
        <line num="414" count="2" type="stmt"/>
        <line num="415" count="2" type="stmt"/>
        <line num="416" count="2" type="stmt"/>
        <line num="421" count="135" type="stmt"/>
        <line num="423" count="135" type="stmt"/>
        <line num="424" count="0" type="stmt"/>
        <line num="425" count="0" type="stmt"/>
        <line num="429" count="135" type="cond" truecount="1" falsecount="1"/>
        <line num="431" count="135" type="stmt"/>
        <line num="435" count="132" type="stmt"/>
        <line num="452" count="103" type="stmt"/>
        <line num="453" count="103" type="stmt"/>
        <line num="455" count="103" type="stmt"/>
        <line num="458" count="11" type="cond" truecount="1" falsecount="1"/>
        <line num="467" count="10" type="stmt"/>
        <line num="497" count="1" type="stmt"/>
        <line num="685" count="1" type="stmt"/>
      </file>
      <file name="utownReports.jsx" path="C:\Users\senge\Ernest\VSCODE\Orbital25\app\(reports)\utownReports.jsx">
        <metrics statements="189" coveredstatements="179" conditionals="119" coveredconditionals="91" methods="27" coveredmethods="24"/>
        <line num="53" count="1" type="stmt"/>
        <line num="54" count="135" type="stmt"/>
        <line num="55" count="135" type="stmt"/>
        <line num="56" count="135" type="cond" truecount="1" falsecount="1"/>
        <line num="58" count="135" type="stmt"/>
        <line num="59" count="135" type="stmt"/>
        <line num="61" count="135" type="stmt"/>
        <line num="63" count="135" type="stmt"/>
        <line num="64" count="135" type="stmt"/>
        <line num="66" count="135" type="stmt"/>
        <line num="68" count="135" type="stmt"/>
        <line num="69" count="135" type="stmt"/>
        <line num="71" count="135" type="stmt"/>
        <line num="72" count="135" type="stmt"/>
        <line num="74" count="135" type="stmt"/>
        <line num="76" count="135" type="stmt"/>
        <line num="78" count="135" type="stmt"/>
        <line num="81" count="135" type="stmt"/>
        <line num="99" count="135" type="stmt"/>
        <line num="106" count="135" type="stmt"/>
        <line num="107" count="31" type="stmt"/>
        <line num="109" count="31" type="stmt"/>
        <line num="112" count="30" type="stmt"/>
        <line num="116" count="30" type="stmt"/>
        <line num="117" count="0" type="cond" truecount="0" falsecount="2"/>
        <line num="118" count="0" type="cond" truecount="0" falsecount="2"/>
        <line num="119" count="0" type="stmt"/>
        <line num="121" count="30" type="stmt"/>
        <line num="124" count="1" type="stmt"/>
        <line num="128" count="31" type="stmt"/>
        <line num="131" count="135" type="stmt"/>
        <line num="132" count="17" type="stmt"/>
        <line num="133" count="17" type="stmt"/>
        <line num="134" count="17" type="stmt"/>
        <line num="135" count="17" type="stmt"/>
        <line num="136" count="17" type="stmt"/>
        <line num="137" count="17" type="stmt"/>
        <line num="138" count="17" type="stmt"/>
        <line num="139" count="17" type="stmt"/>
        <line num="142" count="135" type="stmt"/>
        <line num="143" count="10" type="stmt"/>
        <line num="144" count="10" type="stmt"/>
        <line num="150" count="10" type="stmt"/>
        <line num="151" count="10" type="stmt"/>
        <line num="152" count="10" type="cond" truecount="1" falsecount="1"/>
        <line num="153" count="10" type="cond" truecount="1" falsecount="1"/>
        <line num="154" count="10" type="stmt"/>
        <line num="155" count="10" type="stmt"/>
        <line num="158" count="135" type="stmt"/>
        <line num="159" count="13" type="cond" truecount="4" falsecount="0"/>
        <line num="160" count="1" type="stmt"/>
        <line num="164" count="1" type="stmt"/>
        <line num="167" count="12" type="stmt"/>
        <line num="178" count="12" type="stmt"/>
        <line num="179" count="12" type="stmt"/>
        <line num="180" count="12" type="stmt"/>
        <line num="182" count="12" type="cond" truecount="2" falsecount="0"/>
        <line num="183" count="8" type="stmt"/>
        <line num="184" count="8" type="stmt"/>
        <line num="185" count="8" type="cond" truecount="1" falsecount="1"/>
        <line num="186" count="8" type="cond" truecount="1" falsecount="1"/>
        <line num="190" count="12" type="cond" truecount="4" falsecount="0"/>
        <line num="191" count="3" type="stmt"/>
        <line num="192" count="3" type="stmt"/>
        <line num="193" count="3" type="stmt"/>
        <line num="194" count="3" type="stmt"/>
        <line num="195" count="3" type="stmt"/>
        <line num="197" count="3" type="cond" truecount="2" falsecount="0"/>
        <line num="198" count="2" type="stmt"/>
        <line num="199" count="2" type="stmt"/>
        <line num="200" count="2" type="stmt"/>
        <line num="201" count="1" type="stmt"/>
        <line num="203" count="1" type="stmt"/>
        <line num="206" count="9" type="cond" truecount="4" falsecount="0"/>
        <line num="207" count="3" type="stmt"/>
        <line num="208" count="3" type="stmt"/>
        <line num="209" count="3" type="stmt"/>
        <line num="210" count="2" type="stmt"/>
        <line num="212" count="1" type="stmt"/>
        <line num="214" count="3" type="stmt"/>
        <line num="215" count="6" type="cond" truecount="2" falsecount="0"/>
        <line num="216" count="3" type="stmt"/>
        <line num="218" count="3" type="stmt"/>
        <line num="221" count="12" type="stmt"/>
        <line num="228" count="12" type="cond" truecount="2" falsecount="0"/>
        <line num="229" count="3" type="stmt"/>
        <line num="230" count="9" type="cond" truecount="2" falsecount="0"/>
        <line num="231" count="6" type="stmt"/>
        <line num="233" count="3" type="cond" truecount="2" falsecount="3"/>
        <line num="234" count="0" type="stmt"/>
        <line num="235" count="3" type="cond" truecount="3" falsecount="1"/>
        <line num="236" count="0" type="cond" truecount="0" falsecount="2"/>
        <line num="244" count="12" type="cond" truecount="2" falsecount="0"/>
        <line num="245" count="8" type="stmt"/>
        <line num="246" count="8" type="stmt"/>
        <line num="248" count="4" type="stmt"/>
        <line num="249" count="4" type="stmt"/>
        <line num="251" count="11" type="stmt"/>
        <line num="252" count="11" type="stmt"/>
        <line num="253" count="11" type="stmt"/>
        <line num="254" count="11" type="stmt"/>
        <line num="255" count="11" type="stmt"/>
        <line num="256" count="11" type="stmt"/>
        <line num="257" count="11" type="stmt"/>
        <line num="258" count="11" type="stmt"/>
        <line num="259" count="11" type="stmt"/>
        <line num="264" count="1" type="stmt"/>
        <line num="265" count="1" type="stmt"/>
        <line num="273" count="135" type="stmt"/>
        <line num="274" count="6" type="stmt"/>
        <line num="275" count="6" type="stmt"/>
        <line num="276" count="0" type="stmt"/>
        <line num="278" count="6" type="stmt"/>
        <line num="279" count="6" type="stmt"/>
        <line num="283" count="135" type="stmt"/>
        <line num="284" count="1" type="stmt"/>
        <line num="293" count="1" type="stmt"/>
        <line num="294" count="1" type="stmt"/>
        <line num="295" count="1" type="stmt"/>
        <line num="296" count="1" type="stmt"/>
        <line num="298" count="1" type="cond" truecount="1" falsecount="1"/>
        <line num="299" count="1" type="stmt"/>
        <line num="302" count="1" type="stmt"/>
        <line num="303" count="1" type="stmt"/>
        <line num="304" count="1" type="stmt"/>
        <line num="307" count="1" type="stmt"/>
        <line num="308" count="1" type="stmt"/>
        <line num="309" count="1" type="cond" truecount="1" falsecount="1"/>
        <line num="310" count="1" type="stmt"/>
        <line num="313" count="0" type="stmt"/>
        <line num="314" count="0" type="stmt"/>
        <line num="322" count="135" type="stmt"/>
        <line num="324" count="9" type="stmt"/>
        <line num="326" count="9" type="cond" truecount="2" falsecount="0"/>
        <line num="327" count="1" type="stmt"/>
        <line num="328" count="1" type="stmt"/>
        <line num="331" count="8" type="stmt"/>
        <line num="336" count="8" type="cond" truecount="2" falsecount="0"/>
        <line num="337" count="6" type="stmt"/>
        <line num="338" count="6" type="stmt"/>
        <line num="342" count="135" type="stmt"/>
        <line num="343" count="4" type="stmt"/>
        <line num="344" count="4" type="cond" truecount="2" falsecount="0"/>
        <line num="345" count="2" type="stmt"/>
        <line num="346" count="2" type="stmt"/>
        <line num="349" count="2" type="stmt"/>
        <line num="353" count="2" type="cond" truecount="2" falsecount="0"/>
        <line num="354" count="1" type="stmt"/>
        <line num="355" count="1" type="stmt"/>
        <line num="359" count="135" type="stmt"/>
        <line num="360" count="3" type="stmt"/>
        <line num="361" count="3" type="stmt"/>
        <line num="364" count="135" type="stmt"/>
        <line num="365" count="4" type="cond" truecount="2" falsecount="0"/>
        <line num="366" count="2" type="stmt"/>
        <line num="373" count="2" type="stmt"/>
        <line num="383" count="135" type="stmt"/>
        <line num="384" count="4" type="cond" truecount="2" falsecount="0"/>
        <line num="385" count="2" type="stmt"/>
        <line num="396" count="2" type="stmt"/>
        <line num="397" count="2" type="stmt"/>
        <line num="398" count="2" type="stmt"/>
        <line num="399" count="2" type="stmt"/>
        <line num="400" count="2" type="stmt"/>
        <line num="401" count="2" type="stmt"/>
        <line num="402" count="2" type="stmt"/>
        <line num="403" count="2" type="stmt"/>
        <line num="409" count="2" type="stmt"/>
        <line num="410" count="2" type="stmt"/>
        <line num="411" count="2" type="stmt"/>
        <line num="412" count="2" type="stmt"/>
        <line num="413" count="2" type="stmt"/>
        <line num="414" count="2" type="stmt"/>
        <line num="415" count="2" type="stmt"/>
        <line num="416" count="2" type="stmt"/>
        <line num="421" count="135" type="stmt"/>
        <line num="423" count="135" type="stmt"/>
        <line num="424" count="0" type="stmt"/>
        <line num="425" count="0" type="stmt"/>
        <line num="429" count="135" type="cond" truecount="1" falsecount="1"/>
        <line num="431" count="135" type="stmt"/>
        <line num="435" count="132" type="stmt"/>
        <line num="452" count="103" type="stmt"/>
        <line num="453" count="103" type="stmt"/>
        <line num="455" count="103" type="stmt"/>
        <line num="458" count="11" type="cond" truecount="1" falsecount="1"/>
        <line num="467" count="10" type="stmt"/>
        <line num="497" count="1" type="stmt"/>
        <line num="685" count="1" type="stmt"/>
      </file>
    </package>
    <package name="assets.img">
      <metrics statements="1" coveredstatements="1" conditionals="0" coveredconditionals="0" methods="0" coveredmethods="0"/>
      <file name="NUS_Lifters.png" path="C:\Users\senge\Ernest\VSCODE\Orbital25\assets\img\NUS_Lifters.png">
        <metrics statements="1" coveredstatements="1" conditionals="0" coveredconditionals="0" methods="0" coveredmethods="0"/>
        <line num="1" count="2" type="stmt"/>
      </file>
    </package>
    <package name="components">
      <metrics statements="20" coveredstatements="20" conditionals="13" coveredconditionals="9" methods="6" coveredmethods="6"/>
      <file name="spacer.jsx" path="C:\Users\senge\Ernest\VSCODE\Orbital25\components\spacer.jsx">
        <metrics statements="2" coveredstatements="2" conditionals="2" coveredconditionals="2" methods="1" coveredmethods="1"/>
        <line num="3" count="9" type="cond" truecount="2" falsecount="0"/>
        <line num="4" count="934" type="stmt"/>
      </file>
      <file name="themedButton.jsx" path="C:\Users\senge\Ernest\VSCODE\Orbital25\components\themedButton.jsx">
        <metrics statements="4" coveredstatements="4" conditionals="2" coveredconditionals="1" methods="2" coveredmethods="2"/>
        <line num="4" count="13" type="stmt"/>
        <line num="5" count="1203" type="stmt"/>
        <line num="7" count="1203" type="cond" truecount="1" falsecount="1"/>
        <line num="15" count="13" type="stmt"/>
      </file>
      <file name="themedText.jsx" path="C:\Users\senge\Ernest\VSCODE\Orbital25\components\themedText.jsx">
        <metrics statements="5" coveredstatements="5" conditionals="5" coveredconditionals="4" methods="1" coveredmethods="1"/>
        <line num="5" count="16" type="cond" truecount="1" falsecount="0"/>
        <line num="6" count="5601" type="stmt"/>
        <line num="7" count="5601" type="cond" truecount="1" falsecount="1"/>
        <line num="9" count="5601" type="cond" truecount="2" falsecount="0"/>
        <line num="11" count="5601" type="stmt"/>
      </file>
      <file name="themedTextInput.jsx" path="C:\Users\senge\Ernest\VSCODE\Orbital25\components\themedTextInput.jsx">
        <metrics statements="5" coveredstatements="5" conditionals="2" coveredconditionals="1" methods="1" coveredmethods="1"/>
        <line num="4" count="7" type="stmt"/>
        <line num="5" count="746" type="stmt"/>
        <line num="6" count="746" type="cond" truecount="1" falsecount="1"/>
        <line num="8" count="746" type="stmt"/>
        <line num="26" count="7" type="stmt"/>
      </file>
      <file name="themedView.jsx" path="C:\Users\senge\Ernest\VSCODE\Orbital25\components\themedView.jsx">
        <metrics statements="4" coveredstatements="4" conditionals="2" coveredconditionals="1" methods="1" coveredmethods="1"/>
        <line num="5" count="16" type="stmt"/>
        <line num="6" count="777" type="stmt"/>
        <line num="7" count="777" type="cond" truecount="1" falsecount="1"/>
        <line num="9" count="777" type="stmt"/>
      </file>
    </package>
    <package name="constants">
      <metrics statements="1" coveredstatements="1" conditionals="0" coveredconditionals="0" methods="0" coveredmethods="0"/>
      <file name="colors.js" path="C:\Users\senge\Ernest\VSCODE\Orbital25\constants\colors.js">
        <metrics statements="1" coveredstatements="1" conditionals="0" coveredconditionals="0" methods="0" coveredmethods="0"/>
        <line num="1" count="16" type="stmt"/>
      </file>
    </package>
  </project>
</coverage>
