{"C:\\Users\\senge\\Ernest\\VSCODE\\Orbital25\\app\\index.jsx": {"path":"C:\\Users\\senge\\Ernest\\VSCODE\\Orbital25\\app\\index.jsx","statementMap":{"0":{"start":{"line":28,"column":14},"end":{"line":150,"column":1}},"1":{"start":{"line":29,"column":17},"end":{"line":29,"column":28}},"2":{"start":{"line":31,"column":42},"end":{"line":31,"column":56}},"3":{"start":{"line":32,"column":28},"end":{"line":32,"column":40}},"4":{"start":{"line":33,"column":34},"end":{"line":33,"column":46}},"5":{"start":{"line":35,"column":2},"end":{"line":45,"column":9}},"6":{"start":{"line":36,"column":24},"end":{"line":42,"column":6}},"7":{"start":{"line":37,"column":6},"end":{"line":41,"column":7}},"8":{"start":{"line":38,"column":8},"end":{"line":38,"column":39}},"9":{"start":{"line":40,"column":8},"end":{"line":40,"column":31}},"10":{"start":{"line":44,"column":4},"end":{"line":44,"column":31}},"11":{"start":{"line":44,"column":17},"end":{"line":44,"column":30}},"12":{"start":{"line":47,"column":23},"end":{"line":78,"column":3}},"13":{"start":{"line":48,"column":4},"end":{"line":51,"column":5}},"14":{"start":{"line":49,"column":6},"end":{"line":49,"column":67}},"15":{"start":{"line":50,"column":6},"end":{"line":50,"column":13}},"16":{"start":{"line":53,"column":4},"end":{"line":77,"column":5}},"17":{"start":{"line":54,"column":29},"end":{"line":58,"column":7}},"18":{"start":{"line":59,"column":19},"end":{"line":59,"column":38}},"19":{"start":{"line":60,"column":6},"end":{"line":60,"column":47}},"20":{"start":{"line":61,"column":6},"end":{"line":61,"column":19}},"21":{"start":{"line":62,"column":6},"end":{"line":62,"column":22}},"22":{"start":{"line":64,"column":6},"end":{"line":64,"column":37}},"23":{"start":{"line":66,"column":6},"end":{"line":66,"column":63}},"24":{"start":{"line":67,"column":20},"end":{"line":67,"column":38}},"25":{"start":{"line":68,"column":6},"end":{"line":75,"column":7}},"26":{"start":{"line":72,"column":8},"end":{"line":72,"column":47}},"27":{"start":{"line":73,"column":13},"end":{"line":75,"column":7}},"28":{"start":{"line":74,"column":8},"end":{"line":74,"column":56}},"29":{"start":{"line":76,"column":6},"end":{"line":76,"column":42}},"30":{"start":{"line":80,"column":2},"end":{"line":86,"column":3}},"31":{"start":{"line":81,"column":4},"end":{"line":85,"column":6}},"32":{"start":{"line":88,"column":23},"end":{"line":88,"column":53}},"33":{"start":{"line":89,"column":29},"end":{"line":89,"column":62}},"34":{"start":{"line":91,"column":2},"end":{"line":149,"column":4}},"35":{"start":{"line":154,"column":22},"end":{"line":179,"column":2}}},"fnMap":{"0":{"name":"(anonymous_0)","decl":{"start":{"line":28,"column":14},"end":{"line":28,"column":15}},"loc":{"start":{"line":28,"column":20},"end":{"line":150,"column":1}},"line":28},"1":{"name":"(anonymous_1)","decl":{"start":{"line":35,"column":12},"end":{"line":35,"column":13}},"loc":{"start":{"line":35,"column":18},"end":{"line":45,"column":3}},"line":35},"2":{"name":"(anonymous_2)","decl":{"start":{"line":36,"column":49},"end":{"line":36,"column":50}},"loc":{"start":{"line":36,"column":59},"end":{"line":42,"column":5}},"line":36},"3":{"name":"(anonymous_3)","decl":{"start":{"line":44,"column":11},"end":{"line":44,"column":12}},"loc":{"start":{"line":44,"column":17},"end":{"line":44,"column":30}},"line":44},"4":{"name":"(anonymous_4)","decl":{"start":{"line":47,"column":23},"end":{"line":47,"column":24}},"loc":{"start":{"line":47,"column":35},"end":{"line":78,"column":3}},"line":47}},"branchMap":{"0":{"loc":{"start":{"line":37,"column":6},"end":{"line":41,"column":7}},"type":"if","locations":[{"start":{"line":37,"column":6},"end":{"line":41,"column":7}},{"start":{"line":39,"column":13},"end":{"line":41,"column":7}}],"line":37},"1":{"loc":{"start":{"line":48,"column":4},"end":{"line":51,"column":5}},"type":"if","locations":[{"start":{"line":48,"column":4},"end":{"line":51,"column":5}},{"start":{},"end":{}}],"line":48},"2":{"loc":{"start":{"line":48,"column":8},"end":{"line":48,"column":27}},"type":"binary-expr","locations":[{"start":{"line":48,"column":8},"end":{"line":48,"column":14}},{"start":{"line":48,"column":18},"end":{"line":48,"column":27}}],"line":48},"3":{"loc":{"start":{"line":68,"column":6},"end":{"line":75,"column":7}},"type":"if","locations":[{"start":{"line":68,"column":6},"end":{"line":75,"column":7}},{"start":{"line":73,"column":13},"end":{"line":75,"column":7}}],"line":68},"4":{"loc":{"start":{"line":69,"column":8},"end":{"line":70,"column":44}},"type":"binary-expr","locations":[{"start":{"line":69,"column":8},"end":{"line":69,"column":44}},{"start":{"line":70,"column":8},"end":{"line":70,"column":44}}],"line":69},"5":{"loc":{"start":{"line":73,"column":13},"end":{"line":75,"column":7}},"type":"if","locations":[{"start":{"line":73,"column":13},"end":{"line":75,"column":7}},{"start":{},"end":{}}],"line":73},"6":{"loc":{"start":{"line":80,"column":2},"end":{"line":86,"column":3}},"type":"if","locations":[{"start":{"line":80,"column":2},"end":{"line":86,"column":3}},{"start":{},"end":{}}],"line":80},"7":{"loc":{"start":{"line":88,"column":23},"end":{"line":88,"column":53}},"type":"cond-expr","locations":[{"start":{"line":88,"column":47},"end":{"line":88,"column":49}},{"start":{"line":88,"column":52},"end":{"line":88,"column":53}}],"line":88},"8":{"loc":{"start":{"line":89,"column":29},"end":{"line":89,"column":62}},"type":"cond-expr","locations":[{"start":{"line":89,"column":53},"end":{"line":89,"column":56}},{"start":{"line":89,"column":59},"end":{"line":89,"column":62}}],"line":89},"9":{"loc":{"start":{"line":94,"column":18},"end":{"line":94,"column":62}},"type":"cond-expr","locations":[{"start":{"line":94,"column":42},"end":{"line":94,"column":51}},{"start":{"line":94,"column":54},"end":{"line":94,"column":62}}],"line":94}},"s":{"0":1,"1":12,"2":12,"3":12,"4":12,"5":12,"6":4,"7":4,"8":1,"9":3,"10":4,"11":4,"12":12,"13":3,"14":1,"15":1,"16":2,"17":2,"18":1,"19":1,"20":1,"21":1,"22":1,"23":1,"24":1,"25":1,"26":1,"27":0,"28":0,"29":1,"30":12,"31":4,"32":8,"33":8,"34":8,"35":1},"f":{"0":12,"1":4,"2":4,"3":4,"4":3},"b":{"0":[1,3],"1":[1,2],"2":[3,2],"3":[1,0],"4":[1,0],"5":[0,0],"6":[4,8],"7":[8,0],"8":[8,0],"9":[8,0]},"_coverageSchema":"1a1c01bbd47fc00a2c39e90264f33305004495a9","hash":"84151db64e01fe6cae950a629e4b67524ba95051"}
,"C:\\Users\\senge\\Ernest\\VSCODE\\Orbital25\\app\\(auth)\\signup.jsx": {"path":"C:\\Users\\senge\\Ernest\\VSCODE\\Orbital25\\app\\(auth)\\signup.jsx","statementMap":{"0":{"start":{"line":30,"column":15},"end":{"line":187,"column":1}},"1":{"start":{"line":31,"column":17},"end":{"line":31,"column":28}},"2":{"start":{"line":33,"column":26},"end":{"line":33,"column":38}},"3":{"start":{"line":34,"column":28},"end":{"line":34,"column":40}},"4":{"start":{"line":35,"column":34},"end":{"line":35,"column":46}},"5":{"start":{"line":36,"column":48},"end":{"line":36,"column":60}},"6":{"start":{"line":37,"column":32},"end":{"line":37,"column":47}},"7":{"start":{"line":39,"column":23},"end":{"line":39,"column":53}},"8":{"start":{"line":40,"column":29},"end":{"line":40,"column":62}},"9":{"start":{"line":42,"column":24},"end":{"line":45,"column":3}},"10":{"start":{"line":43,"column":15},"end":{"line":43,"column":29}},"11":{"start":{"line":44,"column":4},"end":{"line":44,"column":26}},"12":{"start":{"line":47,"column":25},"end":{"line":112,"column":3}},"13":{"start":{"line":48,"column":4},"end":{"line":51,"column":5}},"14":{"start":{"line":49,"column":6},"end":{"line":49,"column":58}},"15":{"start":{"line":50,"column":6},"end":{"line":50,"column":13}},"16":{"start":{"line":52,"column":4},"end":{"line":55,"column":5}},"17":{"start":{"line":53,"column":6},"end":{"line":53,"column":68}},"18":{"start":{"line":54,"column":6},"end":{"line":54,"column":13}},"19":{"start":{"line":56,"column":4},"end":{"line":59,"column":5}},"20":{"start":{"line":57,"column":6},"end":{"line":57,"column":66}},"21":{"start":{"line":58,"column":6},"end":{"line":58,"column":13}},"22":{"start":{"line":60,"column":4},"end":{"line":63,"column":5}},"23":{"start":{"line":61,"column":6},"end":{"line":61,"column":72}},"24":{"start":{"line":62,"column":6},"end":{"line":62,"column":13}},"25":{"start":{"line":64,"column":4},"end":{"line":67,"column":5}},"26":{"start":{"line":65,"column":6},"end":{"line":65,"column":54}},"27":{"start":{"line":66,"column":6},"end":{"line":66,"column":13}},"28":{"start":{"line":69,"column":4},"end":{"line":69,"column":21}},"29":{"start":{"line":71,"column":4},"end":{"line":111,"column":5}},"30":{"start":{"line":72,"column":29},"end":{"line":76,"column":7}},"31":{"start":{"line":77,"column":19},"end":{"line":77,"column":38}},"32":{"start":{"line":79,"column":6},"end":{"line":81,"column":9}},"33":{"start":{"line":83,"column":6},"end":{"line":87,"column":9}},"34":{"start":{"line":89,"column":6},"end":{"line":89,"column":49}},"35":{"start":{"line":90,"column":6},"end":{"line":90,"column":18}},"36":{"start":{"line":91,"column":6},"end":{"line":91,"column":19}},"37":{"start":{"line":92,"column":6},"end":{"line":92,"column":22}},"38":{"start":{"line":93,"column":6},"end":{"line":93,"column":29}},"39":{"start":{"line":95,"column":6},"end":{"line":95,"column":37}},"40":{"start":{"line":97,"column":24},"end":{"line":97,"column":54}},"41":{"start":{"line":98,"column":6},"end":{"line":98,"column":49}},"42":{"start":{"line":100,"column":30},"end":{"line":100,"column":65}},"43":{"start":{"line":101,"column":6},"end":{"line":107,"column":7}},"44":{"start":{"line":102,"column":8},"end":{"line":102,"column":68}},"45":{"start":{"line":103,"column":13},"end":{"line":107,"column":7}},"46":{"start":{"line":104,"column":8},"end":{"line":104,"column":66}},"47":{"start":{"line":105,"column":13},"end":{"line":107,"column":7}},"48":{"start":{"line":106,"column":8},"end":{"line":106,"column":72}},"49":{"start":{"line":108,"column":6},"end":{"line":108,"column":55}},"50":{"start":{"line":110,"column":6},"end":{"line":110,"column":24}},"51":{"start":{"line":114,"column":2},"end":{"line":186,"column":4}},"52":{"start":{"line":191,"column":15},"end":{"line":211,"column":2}}},"fnMap":{"0":{"name":"(anonymous_0)","decl":{"start":{"line":30,"column":15},"end":{"line":30,"column":16}},"loc":{"start":{"line":30,"column":21},"end":{"line":187,"column":1}},"line":30},"1":{"name":"(anonymous_1)","decl":{"start":{"line":42,"column":24},"end":{"line":42,"column":25}},"loc":{"start":{"line":42,"column":35},"end":{"line":45,"column":3}},"line":42},"2":{"name":"(anonymous_2)","decl":{"start":{"line":47,"column":25},"end":{"line":47,"column":26}},"loc":{"start":{"line":47,"column":37},"end":{"line":112,"column":3}},"line":47}},"branchMap":{"0":{"loc":{"start":{"line":39,"column":23},"end":{"line":39,"column":53}},"type":"cond-expr","locations":[{"start":{"line":39,"column":47},"end":{"line":39,"column":49}},{"start":{"line":39,"column":52},"end":{"line":39,"column":53}}],"line":39},"1":{"loc":{"start":{"line":40,"column":29},"end":{"line":40,"column":62}},"type":"cond-expr","locations":[{"start":{"line":40,"column":53},"end":{"line":40,"column":56}},{"start":{"line":40,"column":59},"end":{"line":40,"column":62}}],"line":40},"2":{"loc":{"start":{"line":48,"column":4},"end":{"line":51,"column":5}},"type":"if","locations":[{"start":{"line":48,"column":4},"end":{"line":51,"column":5}},{"start":{},"end":{}}],"line":48},"3":{"loc":{"start":{"line":52,"column":4},"end":{"line":55,"column":5}},"type":"if","locations":[{"start":{"line":52,"column":4},"end":{"line":55,"column":5}},{"start":{},"end":{}}],"line":52},"4":{"loc":{"start":{"line":52,"column":8},"end":{"line":52,"column":27}},"type":"binary-expr","locations":[{"start":{"line":52,"column":8},"end":{"line":52,"column":14}},{"start":{"line":52,"column":18},"end":{"line":52,"column":27}}],"line":52},"5":{"loc":{"start":{"line":56,"column":4},"end":{"line":59,"column":5}},"type":"if","locations":[{"start":{"line":56,"column":4},"end":{"line":59,"column":5}},{"start":{},"end":{}}],"line":56},"6":{"loc":{"start":{"line":60,"column":4},"end":{"line":63,"column":5}},"type":"if","locations":[{"start":{"line":60,"column":4},"end":{"line":63,"column":5}},{"start":{},"end":{}}],"line":60},"7":{"loc":{"start":{"line":64,"column":4},"end":{"line":67,"column":5}},"type":"if","locations":[{"start":{"line":64,"column":4},"end":{"line":67,"column":5}},{"start":{},"end":{}}],"line":64},"8":{"loc":{"start":{"line":97,"column":24},"end":{"line":97,"column":54}},"type":"binary-expr","locations":[{"start":{"line":97,"column":24},"end":{"line":97,"column":35}},{"start":{"line":97,"column":39},"end":{"line":97,"column":54}}],"line":97},"9":{"loc":{"start":{"line":101,"column":6},"end":{"line":107,"column":7}},"type":"if","locations":[{"start":{"line":101,"column":6},"end":{"line":107,"column":7}},{"start":{"line":103,"column":13},"end":{"line":107,"column":7}}],"line":101},"10":{"loc":{"start":{"line":103,"column":13},"end":{"line":107,"column":7}},"type":"if","locations":[{"start":{"line":103,"column":13},"end":{"line":107,"column":7}},{"start":{"line":105,"column":13},"end":{"line":107,"column":7}}],"line":103},"11":{"loc":{"start":{"line":105,"column":13},"end":{"line":107,"column":7}},"type":"if","locations":[{"start":{"line":105,"column":13},"end":{"line":107,"column":7}},{"start":{},"end":{}}],"line":105},"12":{"loc":{"start":{"line":117,"column":18},"end":{"line":117,"column":62}},"type":"cond-expr","locations":[{"start":{"line":117,"column":42},"end":{"line":117,"column":51}},{"start":{"line":117,"column":54},"end":{"line":117,"column":62}}],"line":117},"13":{"loc":{"start":{"line":171,"column":17},"end":{"line":171,"column":51}},"type":"cond-expr","locations":[{"start":{"line":171,"column":27},"end":{"line":171,"column":40}},{"start":{"line":171,"column":43},"end":{"line":171,"column":51}}],"line":171}},"s":{"0":1,"1":28,"2":28,"3":28,"4":28,"5":28,"6":28,"7":28,"8":28,"9":28,"10":4,"11":4,"12":28,"13":6,"14":1,"15":1,"16":5,"17":1,"18":1,"19":4,"20":0,"21":0,"22":4,"23":0,"24":0,"25":4,"26":1,"27":1,"28":3,"29":3,"30":3,"31":1,"32":1,"33":1,"34":1,"35":1,"36":1,"37":1,"38":1,"39":1,"40":2,"41":2,"42":2,"43":2,"44":1,"45":1,"46":0,"47":1,"48":0,"49":2,"50":3,"51":28,"52":1},"f":{"0":28,"1":4,"2":6},"b":{"0":[28,0],"1":[28,0],"2":[1,5],"3":[1,4],"4":[5,4],"5":[0,4],"6":[0,4],"7":[1,3],"8":[2,0],"9":[1,1],"10":[0,1],"11":[0,1],"12":[28,0],"13":[1,27]},"_coverageSchema":"1a1c01bbd47fc00a2c39e90264f33305004495a9","hash":"c933f913e9fc845d7836b4f42ed7e0d8f88cb417"}
,"C:\\Users\\senge\\Ernest\\VSCODE\\Orbital25\\app\\(dashboard)\\profile.jsx": {"path":"C:\\Users\\senge\\Ernest\\VSCODE\\Orbital25\\app\\(dashboard)\\profile.jsx","statementMap":{"0":{"start":{"line":24,"column":16},"end":{"line":179,"column":1}},"1":{"start":{"line":25,"column":17},"end":{"line":25,"column":28}},"2":{"start":{"line":27,"column":34},"end":{"line":27,"column":56}},"3":{"start":{"line":28,"column":34},"end":{"line":28,"column":49}},"4":{"start":{"line":29,"column":36},"end":{"line":29,"column":48}},"5":{"start":{"line":31,"column":30},"end":{"line":31,"column":45}},"6":{"start":{"line":33,"column":2},"end":{"line":55,"column":9}},"7":{"start":{"line":34,"column":26},"end":{"line":52,"column":5}},"8":{"start":{"line":35,"column":6},"end":{"line":51,"column":7}},"9":{"start":{"line":36,"column":21},"end":{"line":36,"column":37}},"10":{"start":{"line":37,"column":8},"end":{"line":47,"column":9}},"11":{"start":{"line":38,"column":25},"end":{"line":38,"column":51}},"12":{"start":{"line":39,"column":26},"end":{"line":39,"column":46}},"13":{"start":{"line":40,"column":10},"end":{"line":46,"column":11}},"14":{"start":{"line":41,"column":25},"end":{"line":41,"column":57}},"15":{"start":{"line":42,"column":12},"end":{"line":42,"column":30}},"16":{"start":{"line":43,"column":12},"end":{"line":43,"column":31}},"17":{"start":{"line":45,"column":12},"end":{"line":45,"column":40}},"18":{"start":{"line":49,"column":8},"end":{"line":49,"column":58}},"19":{"start":{"line":50,"column":8},"end":{"line":50,"column":29}},"20":{"start":{"line":54,"column":4},"end":{"line":54,"column":20}},"21":{"start":{"line":57,"column":21},"end":{"line":86,"column":3}},"22":{"start":{"line":58,"column":4},"end":{"line":61,"column":5}},"23":{"start":{"line":59,"column":6},"end":{"line":59,"column":55}},"24":{"start":{"line":60,"column":6},"end":{"line":60,"column":13}},"25":{"start":{"line":63,"column":4},"end":{"line":85,"column":7}},"26":{"start":{"line":68,"column":10},"end":{"line":68,"column":26}},"27":{"start":{"line":69,"column":10},"end":{"line":82,"column":11}},"28":{"start":{"line":70,"column":25},"end":{"line":70,"column":41}},"29":{"start":{"line":71,"column":12},"end":{"line":76,"column":13}},"30":{"start":{"line":72,"column":29},"end":{"line":72,"column":55}},"31":{"start":{"line":73,"column":14},"end":{"line":73,"column":59}},"32":{"start":{"line":74,"column":14},"end":{"line":74,"column":37}},"33":{"start":{"line":75,"column":14},"end":{"line":75,"column":33}},"34":{"start":{"line":78,"column":12},"end":{"line":78,"column":60}},"35":{"start":{"line":79,"column":12},"end":{"line":79,"column":80}},"36":{"start":{"line":81,"column":12},"end":{"line":81,"column":29}},"37":{"start":{"line":88,"column":23},"end":{"line":91,"column":3}},"38":{"start":{"line":89,"column":4},"end":{"line":89,"column":27}},"39":{"start":{"line":90,"column":4},"end":{"line":90,"column":23}},"40":{"start":{"line":93,"column":23},"end":{"line":112,"column":3}},"41":{"start":{"line":94,"column":4},"end":{"line":111,"column":7}},"42":{"start":{"line":100,"column":10},"end":{"line":108,"column":11}},"43":{"start":{"line":101,"column":25},"end":{"line":101,"column":41}},"44":{"start":{"line":102,"column":12},"end":{"line":102,"column":32}},"45":{"start":{"line":103,"column":12},"end":{"line":103,"column":55}},"46":{"start":{"line":104,"column":12},"end":{"line":104,"column":32}},"47":{"start":{"line":106,"column":12},"end":{"line":106,"column":50}},"48":{"start":{"line":107,"column":12},"end":{"line":107,"column":72}},"49":{"start":{"line":114,"column":2},"end":{"line":178,"column":4}},"50":{"start":{"line":126,"column":27},"end":{"line":126,"column":44}},"51":{"start":{"line":183,"column":15},"end":{"line":240,"column":2}}},"fnMap":{"0":{"name":"(anonymous_0)","decl":{"start":{"line":24,"column":16},"end":{"line":24,"column":17}},"loc":{"start":{"line":24,"column":22},"end":{"line":179,"column":1}},"line":24},"1":{"name":"(anonymous_1)","decl":{"start":{"line":33,"column":12},"end":{"line":33,"column":13}},"loc":{"start":{"line":33,"column":18},"end":{"line":55,"column":3}},"line":33},"2":{"name":"(anonymous_2)","decl":{"start":{"line":34,"column":26},"end":{"line":34,"column":27}},"loc":{"start":{"line":34,"column":38},"end":{"line":52,"column":5}},"line":34},"3":{"name":"(anonymous_3)","decl":{"start":{"line":57,"column":21},"end":{"line":57,"column":22}},"loc":{"start":{"line":57,"column":27},"end":{"line":86,"column":3}},"line":57},"4":{"name":"(anonymous_4)","decl":{"start":{"line":67,"column":17},"end":{"line":67,"column":18}},"loc":{"start":{"line":67,"column":29},"end":{"line":83,"column":9}},"line":67},"5":{"name":"(anonymous_5)","decl":{"start":{"line":88,"column":23},"end":{"line":88,"column":24}},"loc":{"start":{"line":88,"column":29},"end":{"line":91,"column":3}},"line":88},"6":{"name":"(anonymous_6)","decl":{"start":{"line":93,"column":23},"end":{"line":93,"column":24}},"loc":{"start":{"line":93,"column":35},"end":{"line":112,"column":3}},"line":93},"7":{"name":"(anonymous_7)","decl":{"start":{"line":99,"column":17},"end":{"line":99,"column":18}},"loc":{"start":{"line":99,"column":29},"end":{"line":109,"column":9}},"line":99},"8":{"name":"(anonymous_8)","decl":{"start":{"line":126,"column":21},"end":{"line":126,"column":22}},"loc":{"start":{"line":126,"column":27},"end":{"line":126,"column":44}},"line":126}},"branchMap":{"0":{"loc":{"start":{"line":37,"column":8},"end":{"line":47,"column":9}},"type":"if","locations":[{"start":{"line":37,"column":8},"end":{"line":47,"column":9}},{"start":{},"end":{}}],"line":37},"1":{"loc":{"start":{"line":40,"column":10},"end":{"line":46,"column":11}},"type":"if","locations":[{"start":{"line":40,"column":10},"end":{"line":46,"column":11}},{"start":{"line":44,"column":17},"end":{"line":46,"column":11}}],"line":40},"2":{"loc":{"start":{"line":41,"column":25},"end":{"line":41,"column":57}},"type":"binary-expr","locations":[{"start":{"line":41,"column":25},"end":{"line":41,"column":44}},{"start":{"line":41,"column":48},"end":{"line":41,"column":57}}],"line":41},"3":{"loc":{"start":{"line":58,"column":4},"end":{"line":61,"column":5}},"type":"if","locations":[{"start":{"line":58,"column":4},"end":{"line":61,"column":5}},{"start":{},"end":{}}],"line":58},"4":{"loc":{"start":{"line":71,"column":12},"end":{"line":76,"column":13}},"type":"if","locations":[{"start":{"line":71,"column":12},"end":{"line":76,"column":13}},{"start":{},"end":{}}],"line":71},"5":{"loc":{"start":{"line":124,"column":9},"end":{"line":132,"column":9}},"type":"binary-expr","locations":[{"start":{"line":124,"column":9},"end":{"line":124,"column":18}},{"start":{"line":125,"column":10},"end":{"line":131,"column":29}}],"line":124},"6":{"loc":{"start":{"line":138,"column":9},"end":{"line":169,"column":9}},"type":"cond-expr","locations":[{"start":{"line":139,"column":10},"end":{"line":166,"column":17}},{"start":{"line":168,"column":10},"end":{"line":168,"column":45}}],"line":138},"7":{"loc":{"start":{"line":155,"column":25},"end":{"line":155,"column":52}},"type":"cond-expr","locations":[{"start":{"line":155,"column":34},"end":{"line":155,"column":40}},{"start":{"line":155,"column":43},"end":{"line":155,"column":52}}],"line":155}},"s":{"0":1,"1":34,"2":34,"3":34,"4":34,"5":34,"6":34,"7":10,"8":10,"9":10,"10":10,"11":10,"12":10,"13":9,"14":8,"15":8,"16":8,"17":1,"18":1,"19":1,"20":10,"21":34,"22":3,"23":1,"24":1,"25":2,"26":2,"27":2,"28":2,"29":2,"30":2,"31":2,"32":1,"33":1,"34":1,"35":1,"36":2,"37":34,"38":1,"39":1,"40":34,"41":2,"42":2,"43":2,"44":2,"45":1,"46":1,"47":1,"48":1,"49":34,"50":5,"51":1},"f":{"0":34,"1":10,"2":10,"3":3,"4":2,"5":1,"6":2,"7":2,"8":5},"b":{"0":[10,0],"1":[8,1],"2":[8,0],"3":[1,2],"4":[2,0],"5":[34,22],"6":[12,22],"7":[2,10]},"_coverageSchema":"1a1c01bbd47fc00a2c39e90264f33305004495a9","hash":"b78a2b24e1beea69d904599478f8c549e8862830"}
,"C:\\Users\\senge\\Ernest\\VSCODE\\Orbital25\\app\\(progress)\\addWorkout.jsx": {"path":"C:\\Users\\senge\\Ernest\\VSCODE\\Orbital25\\app\\(progress)\\addWorkout.jsx","statementMap":{"0":{"start":{"line":28,"column":19},"end":{"line":493,"column":1}},"1":{"start":{"line":29,"column":17},"end":{"line":29,"column":28}},"2":{"start":{"line":31,"column":26},"end":{"line":31,"column":46}},"3":{"start":{"line":32,"column":46},"end":{"line":32,"column":61}},"4":{"start":{"line":34,"column":52},"end":{"line":34,"column":66}},"5":{"start":{"line":35,"column":50},"end":{"line":35,"column":65}},"6":{"start":{"line":37,"column":23},"end":{"line":46,"column":3}},"7":{"start":{"line":38,"column":4},"end":{"line":38,"column":29}},"8":{"start":{"line":39,"column":4},"end":{"line":45,"column":5}},"9":{"start":{"line":40,"column":22},"end":{"line":40,"column":36}},"10":{"start":{"line":41,"column":6},"end":{"line":41,"column":54}},"11":{"start":{"line":42,"column":6},"end":{"line":42,"column":48}},"12":{"start":{"line":43,"column":6},"end":{"line":43,"column":46}},"13":{"start":{"line":44,"column":6},"end":{"line":44,"column":23}},"14":{"start":{"line":48,"column":40},"end":{"line":48,"column":52}},"15":{"start":{"line":49,"column":42},"end":{"line":49,"column":54}},"16":{"start":{"line":50,"column":36},"end":{"line":50,"column":48}},"17":{"start":{"line":51,"column":52},"end":{"line":51,"column":66}},"18":{"start":{"line":53,"column":28},"end":{"line":53,"column":50}},"19":{"start":{"line":55,"column":25},"end":{"line":55,"column":34}},"20":{"start":{"line":56,"column":20},"end":{"line":56,"column":29}},"21":{"start":{"line":59,"column":26},"end":{"line":84,"column":3}},"22":{"start":{"line":86,"column":2},"end":{"line":131,"column":22}},"23":{"start":{"line":87,"column":4},"end":{"line":130,"column":5}},"24":{"start":{"line":88,"column":27},"end":{"line":128,"column":7}},"25":{"start":{"line":89,"column":8},"end":{"line":127,"column":9}},"26":{"start":{"line":90,"column":25},"end":{"line":90,"column":59}},"27":{"start":{"line":91,"column":26},"end":{"line":91,"column":46}},"28":{"start":{"line":92,"column":10},"end":{"line":123,"column":11}},"29":{"start":{"line":93,"column":25},"end":{"line":93,"column":39}},"30":{"start":{"line":94,"column":12},"end":{"line":94,"column":44}},"31":{"start":{"line":95,"column":12},"end":{"line":95,"column":53}},"32":{"start":{"line":98,"column":12},"end":{"line":114,"column":13}},"33":{"start":{"line":99,"column":39},"end":{"line":110,"column":16}},"34":{"start":{"line":101,"column":29},"end":{"line":101,"column":62}},"35":{"start":{"line":103,"column":36},"end":{"line":108,"column":22}},"36":{"start":{"line":104,"column":42},"end":{"line":107,"column":21}},"37":{"start":{"line":109,"column":16},"end":{"line":109,"column":62}},"38":{"start":{"line":111,"column":14},"end":{"line":111,"column":45}},"39":{"start":{"line":113,"column":14},"end":{"line":113,"column":31}},"40":{"start":{"line":116,"column":12},"end":{"line":116,"column":58}},"41":{"start":{"line":117,"column":12},"end":{"line":119,"column":14}},"42":{"start":{"line":121,"column":12},"end":{"line":121,"column":46}},"43":{"start":{"line":122,"column":12},"end":{"line":122,"column":26}},"44":{"start":{"line":125,"column":10},"end":{"line":125,"column":58}},"45":{"start":{"line":126,"column":10},"end":{"line":126,"column":55}},"46":{"start":{"line":129,"column":6},"end":{"line":129,"column":21}},"47":{"start":{"line":134,"column":28},"end":{"line":139,"column":3}},"48":{"start":{"line":135,"column":4},"end":{"line":138,"column":7}},"49":{"start":{"line":135,"column":27},"end":{"line":138,"column":5}},"50":{"start":{"line":141,"column":35},"end":{"line":145,"column":3}},"51":{"start":{"line":142,"column":20},"end":{"line":142,"column":34}},"52":{"start":{"line":143,"column":4},"end":{"line":143,"column":32}},"53":{"start":{"line":144,"column":4},"end":{"line":144,"column":26}},"54":{"start":{"line":148,"column":33},"end":{"line":160,"column":3}},"55":{"start":{"line":149,"column":4},"end":{"line":159,"column":7}},"56":{"start":{"line":150,"column":22},"end":{"line":150,"column":40}},"57":{"start":{"line":151,"column":6},"end":{"line":157,"column":9}},"58":{"start":{"line":158,"column":6},"end":{"line":158,"column":21}},"59":{"start":{"line":162,"column":26},"end":{"line":166,"column":3}},"60":{"start":{"line":163,"column":20},"end":{"line":163,"column":34}},"61":{"start":{"line":164,"column":4},"end":{"line":164,"column":55}},"62":{"start":{"line":165,"column":4},"end":{"line":165,"column":26}},"63":{"start":{"line":168,"column":31},"end":{"line":172,"column":3}},"64":{"start":{"line":169,"column":20},"end":{"line":169,"column":34}},"65":{"start":{"line":170,"column":4},"end":{"line":170,"column":29}},"66":{"start":{"line":171,"column":4},"end":{"line":171,"column":26}},"67":{"start":{"line":174,"column":26},"end":{"line":178,"column":3}},"68":{"start":{"line":175,"column":20},"end":{"line":175,"column":34}},"69":{"start":{"line":176,"column":4},"end":{"line":176,"column":52}},"70":{"start":{"line":177,"column":4},"end":{"line":177,"column":26}},"71":{"start":{"line":180,"column":27},"end":{"line":180,"column":77}},"72":{"start":{"line":182,"column":28},"end":{"line":245,"column":3}},"73":{"start":{"line":183,"column":4},"end":{"line":186,"column":5}},"74":{"start":{"line":184,"column":6},"end":{"line":184,"column":50}},"75":{"start":{"line":185,"column":6},"end":{"line":185,"column":13}},"76":{"start":{"line":187,"column":4},"end":{"line":190,"column":5}},"77":{"start":{"line":188,"column":6},"end":{"line":188,"column":48}},"78":{"start":{"line":189,"column":6},"end":{"line":189,"column":13}},"79":{"start":{"line":191,"column":4},"end":{"line":194,"column":5}},"80":{"start":{"line":192,"column":6},"end":{"line":192,"column":58}},"81":{"start":{"line":193,"column":6},"end":{"line":193,"column":13}},"82":{"start":{"line":196,"column":24},"end":{"line":196,"column":40}},"83":{"start":{"line":197,"column":4},"end":{"line":200,"column":5}},"84":{"start":{"line":198,"column":6},"end":{"line":198,"column":62}},"85":{"start":{"line":199,"column":6},"end":{"line":199,"column":13}},"86":{"start":{"line":201,"column":19},"end":{"line":201,"column":34}},"87":{"start":{"line":203,"column":17},"end":{"line":233,"column":5}},"88":{"start":{"line":204,"column":6},"end":{"line":232,"column":7}},"89":{"start":{"line":205,"column":8},"end":{"line":223,"column":9}},"90":{"start":{"line":206,"column":10},"end":{"line":213,"column":13}},"91":{"start":{"line":215,"column":10},"end":{"line":222,"column":13}},"92":{"start":{"line":224,"column":8},"end":{"line":228,"column":10}},"93":{"start":{"line":227,"column":40},"end":{"line":227,"column":53}},"94":{"start":{"line":230,"column":8},"end":{"line":230,"column":54}},"95":{"start":{"line":231,"column":8},"end":{"line":231,"column":47}},"96":{"start":{"line":235,"column":4},"end":{"line":244,"column":6}},"97":{"start":{"line":246,"column":2},"end":{"line":492,"column":4}},"98":{"start":{"line":271,"column":29},"end":{"line":271,"column":52}},"99":{"start":{"line":320,"column":12},"end":{"line":471,"column":19}},"100":{"start":{"line":338,"column":24},"end":{"line":338,"column":75}},"101":{"start":{"line":341,"column":38},"end":{"line":341,"column":61}},"102":{"start":{"line":342,"column":24},"end":{"line":342,"column":71}},"103":{"start":{"line":358,"column":35},"end":{"line":358,"column":70}},"104":{"start":{"line":367,"column":20},"end":{"line":370,"column":27}},"105":{"start":{"line":371,"column":18},"end":{"line":459,"column":20}},"106":{"start":{"line":382,"column":63},"end":{"line":385,"column":27}},"107":{"start":{"line":387,"column":44},"end":{"line":387,"column":58}},"108":{"start":{"line":388,"column":28},"end":{"line":389,"column":35}},"109":{"start":{"line":390,"column":28},"end":{"line":390,"column":50}},"110":{"start":{"line":393,"column":42},"end":{"line":393,"column":60}},"111":{"start":{"line":394,"column":28},"end":{"line":399,"column":30}},"112":{"start":{"line":418,"column":40},"end":{"line":418,"column":60}},"113":{"start":{"line":419,"column":28},"end":{"line":419,"column":70}},"114":{"start":{"line":422,"column":44},"end":{"line":422,"column":58}},"115":{"start":{"line":423,"column":28},"end":{"line":424,"column":35}},"116":{"start":{"line":425,"column":28},"end":{"line":425,"column":50}},"117":{"start":{"line":428,"column":42},"end":{"line":428,"column":62}},"118":{"start":{"line":429,"column":28},"end":{"line":434,"column":30}},"119":{"start":{"line":449,"column":39},"end":{"line":449,"column":79}},"120":{"start":{"line":463,"column":33},"end":{"line":463,"column":70}},"121":{"start":{"line":485,"column":41},"end":{"line":485,"column":54}},"122":{"start":{"line":497,"column":15},"end":{"line":591,"column":2}}},"fnMap":{"0":{"name":"(anonymous_0)","decl":{"start":{"line":28,"column":19},"end":{"line":28,"column":20}},"loc":{"start":{"line":28,"column":25},"end":{"line":493,"column":1}},"line":28},"1":{"name":"(anonymous_1)","decl":{"start":{"line":37,"column":23},"end":{"line":37,"column":24}},"loc":{"start":{"line":37,"column":48},"end":{"line":46,"column":3}},"line":37},"2":{"name":"(anonymous_2)","decl":{"start":{"line":86,"column":12},"end":{"line":86,"column":13}},"loc":{"start":{"line":86,"column":18},"end":{"line":131,"column":3}},"line":86},"3":{"name":"(anonymous_3)","decl":{"start":{"line":88,"column":27},"end":{"line":88,"column":28}},"loc":{"start":{"line":88,"column":39},"end":{"line":128,"column":7}},"line":88},"4":{"name":"(anonymous_4)","decl":{"start":{"line":99,"column":58},"end":{"line":99,"column":59}},"loc":{"start":{"line":99,"column":66},"end":{"line":110,"column":15}},"line":99},"5":{"name":"(anonymous_5)","decl":{"start":{"line":104,"column":32},"end":{"line":104,"column":33}},"loc":{"start":{"line":104,"column":42},"end":{"line":107,"column":21}},"line":104},"6":{"name":"(anonymous_6)","decl":{"start":{"line":134,"column":28},"end":{"line":134,"column":29}},"loc":{"start":{"line":134,"column":34},"end":{"line":139,"column":3}},"line":134},"7":{"name":"(anonymous_7)","decl":{"start":{"line":135,"column":17},"end":{"line":135,"column":18}},"loc":{"start":{"line":135,"column":27},"end":{"line":138,"column":5}},"line":135},"8":{"name":"(anonymous_8)","decl":{"start":{"line":141,"column":35},"end":{"line":141,"column":36}},"loc":{"start":{"line":141,"column":53},"end":{"line":145,"column":3}},"line":141},"9":{"name":"(anonymous_9)","decl":{"start":{"line":148,"column":33},"end":{"line":148,"column":34}},"loc":{"start":{"line":148,"column":52},"end":{"line":160,"column":3}},"line":148},"10":{"name":"(anonymous_10)","decl":{"start":{"line":149,"column":17},"end":{"line":149,"column":18}},"loc":{"start":{"line":149,"column":36},"end":{"line":159,"column":5}},"line":149},"11":{"name":"(anonymous_11)","decl":{"start":{"line":162,"column":26},"end":{"line":162,"column":27}},"loc":{"start":{"line":162,"column":67},"end":{"line":166,"column":3}},"line":162},"12":{"name":"(anonymous_12)","decl":{"start":{"line":168,"column":31},"end":{"line":168,"column":32}},"loc":{"start":{"line":168,"column":42},"end":{"line":172,"column":3}},"line":168},"13":{"name":"(anonymous_13)","decl":{"start":{"line":174,"column":26},"end":{"line":174,"column":27}},"loc":{"start":{"line":174,"column":55},"end":{"line":178,"column":3}},"line":174},"14":{"name":"(anonymous_14)","decl":{"start":{"line":182,"column":28},"end":{"line":182,"column":29}},"loc":{"start":{"line":182,"column":40},"end":{"line":245,"column":3}},"line":182},"15":{"name":"(anonymous_15)","decl":{"start":{"line":203,"column":17},"end":{"line":203,"column":18}},"loc":{"start":{"line":203,"column":29},"end":{"line":233,"column":5}},"line":203},"16":{"name":"(anonymous_16)","decl":{"start":{"line":227,"column":34},"end":{"line":227,"column":35}},"loc":{"start":{"line":227,"column":40},"end":{"line":227,"column":53}},"line":227},"17":{"name":"(anonymous_17)","decl":{"start":{"line":271,"column":23},"end":{"line":271,"column":24}},"loc":{"start":{"line":271,"column":29},"end":{"line":271,"column":52}},"line":271},"18":{"name":"(anonymous_18)","decl":{"start":{"line":319,"column":25},"end":{"line":319,"column":26}},"loc":{"start":{"line":320,"column":12},"end":{"line":471,"column":19}},"line":320},"19":{"name":"(anonymous_19)","decl":{"start":{"line":337,"column":31},"end":{"line":337,"column":32}},"loc":{"start":{"line":338,"column":24},"end":{"line":338,"column":75}},"line":338},"20":{"name":"(anonymous_20)","decl":{"start":{"line":340,"column":32},"end":{"line":340,"column":33}},"loc":{"start":{"line":340,"column":46},"end":{"line":343,"column":23}},"line":340},"21":{"name":"(anonymous_21)","decl":{"start":{"line":358,"column":29},"end":{"line":358,"column":30}},"loc":{"start":{"line":358,"column":35},"end":{"line":358,"column":70}},"line":358},"22":{"name":"(anonymous_22)","decl":{"start":{"line":365,"column":35},"end":{"line":365,"column":36}},"loc":{"start":{"line":365,"column":54},"end":{"line":460,"column":17}},"line":365},"23":{"name":"(anonymous_23)","decl":{"start":{"line":382,"column":52},"end":{"line":382,"column":53}},"loc":{"start":{"line":382,"column":63},"end":{"line":385,"column":27}},"line":382},"24":{"name":"(anonymous_24)","decl":{"start":{"line":386,"column":35},"end":{"line":386,"column":36}},"loc":{"start":{"line":386,"column":45},"end":{"line":391,"column":27}},"line":386},"25":{"name":"(anonymous_25)","decl":{"start":{"line":392,"column":36},"end":{"line":392,"column":37}},"loc":{"start":{"line":392,"column":50},"end":{"line":400,"column":27}},"line":392},"26":{"name":"(anonymous_26)","decl":{"start":{"line":417,"column":53},"end":{"line":417,"column":54}},"loc":{"start":{"line":417,"column":63},"end":{"line":420,"column":27}},"line":417},"27":{"name":"(anonymous_27)","decl":{"start":{"line":421,"column":35},"end":{"line":421,"column":36}},"loc":{"start":{"line":421,"column":45},"end":{"line":426,"column":27}},"line":421},"28":{"name":"(anonymous_28)","decl":{"start":{"line":427,"column":36},"end":{"line":427,"column":37}},"loc":{"start":{"line":427,"column":50},"end":{"line":435,"column":27}},"line":427},"29":{"name":"(anonymous_29)","decl":{"start":{"line":449,"column":33},"end":{"line":449,"column":34}},"loc":{"start":{"line":449,"column":39},"end":{"line":449,"column":79}},"line":449},"30":{"name":"(anonymous_30)","decl":{"start":{"line":463,"column":27},"end":{"line":463,"column":28}},"loc":{"start":{"line":463,"column":33},"end":{"line":463,"column":70}},"line":463},"31":{"name":"(anonymous_31)","decl":{"start":{"line":485,"column":35},"end":{"line":485,"column":36}},"loc":{"start":{"line":485,"column":41},"end":{"line":485,"column":54}},"line":485}},"branchMap":{"0":{"loc":{"start":{"line":39,"column":4},"end":{"line":45,"column":5}},"type":"if","locations":[{"start":{"line":39,"column":4},"end":{"line":45,"column":5}},{"start":{},"end":{}}],"line":39},"1":{"loc":{"start":{"line":87,"column":4},"end":{"line":130,"column":5}},"type":"if","locations":[{"start":{"line":87,"column":4},"end":{"line":130,"column":5}},{"start":{},"end":{}}],"line":87},"2":{"loc":{"start":{"line":92,"column":10},"end":{"line":123,"column":11}},"type":"if","locations":[{"start":{"line":92,"column":10},"end":{"line":123,"column":11}},{"start":{"line":120,"column":17},"end":{"line":123,"column":11}}],"line":92},"3":{"loc":{"start":{"line":94,"column":27},"end":{"line":94,"column":42}},"type":"binary-expr","locations":[{"start":{"line":94,"column":27},"end":{"line":94,"column":36}},{"start":{"line":94,"column":40},"end":{"line":94,"column":42}}],"line":94},"4":{"loc":{"start":{"line":95,"column":28},"end":{"line":95,"column":51}},"type":"binary-expr","locations":[{"start":{"line":95,"column":28},"end":{"line":95,"column":45}},{"start":{"line":95,"column":49},"end":{"line":95,"column":51}}],"line":95},"5":{"loc":{"start":{"line":98,"column":12},"end":{"line":114,"column":13}},"type":"if","locations":[{"start":{"line":98,"column":12},"end":{"line":114,"column":13}},{"start":{"line":112,"column":19},"end":{"line":114,"column":13}}],"line":98},"6":{"loc":{"start":{"line":98,"column":16},"end":{"line":98,"column":59}},"type":"binary-expr","locations":[{"start":{"line":98,"column":16},"end":{"line":98,"column":30}},{"start":{"line":98,"column":34},"end":{"line":98,"column":59}}],"line":98},"7":{"loc":{"start":{"line":101,"column":29},"end":{"line":101,"column":62}},"type":"binary-expr","locations":[{"start":{"line":101,"column":29},"end":{"line":101,"column":34}},{"start":{"line":101,"column":38},"end":{"line":101,"column":62}}],"line":101},"8":{"loc":{"start":{"line":103,"column":36},"end":{"line":108,"column":22}},"type":"cond-expr","locations":[{"start":{"line":104,"column":20},"end":{"line":107,"column":23}},{"start":{"line":108,"column":20},"end":{"line":108,"column":22}}],"line":103},"9":{"loc":{"start":{"line":106,"column":26},"end":{"line":106,"column":55}},"type":"binary-expr","locations":[{"start":{"line":106,"column":26},"end":{"line":106,"column":32}},{"start":{"line":106,"column":36},"end":{"line":106,"column":55}}],"line":106},"10":{"loc":{"start":{"line":116,"column":33},"end":{"line":116,"column":56}},"type":"binary-expr","locations":[{"start":{"line":116,"column":33},"end":{"line":116,"column":48}},{"start":{"line":116,"column":52},"end":{"line":116,"column":56}}],"line":116},"11":{"loc":{"start":{"line":118,"column":14},"end":{"line":118,"column":75}},"type":"cond-expr","locations":[{"start":{"line":118,"column":39},"end":{"line":118,"column":62}},{"start":{"line":118,"column":65},"end":{"line":118,"column":75}}],"line":118},"12":{"loc":{"start":{"line":180,"column":27},"end":{"line":180,"column":77}},"type":"cond-expr","locations":[{"start":{"line":180,"column":55},"end":{"line":180,"column":62}},{"start":{"line":180,"column":65},"end":{"line":180,"column":77}}],"line":180},"13":{"loc":{"start":{"line":183,"column":4},"end":{"line":186,"column":5}},"type":"if","locations":[{"start":{"line":183,"column":4},"end":{"line":186,"column":5}},{"start":{},"end":{}}],"line":183},"14":{"loc":{"start":{"line":187,"column":4},"end":{"line":190,"column":5}},"type":"if","locations":[{"start":{"line":187,"column":4},"end":{"line":190,"column":5}},{"start":{},"end":{}}],"line":187},"15":{"loc":{"start":{"line":191,"column":4},"end":{"line":194,"column":5}},"type":"if","locations":[{"start":{"line":191,"column":4},"end":{"line":194,"column":5}},{"start":{},"end":{}}],"line":191},"16":{"loc":{"start":{"line":197,"column":4},"end":{"line":200,"column":5}},"type":"if","locations":[{"start":{"line":197,"column":4},"end":{"line":200,"column":5}},{"start":{},"end":{}}],"line":197},"17":{"loc":{"start":{"line":205,"column":8},"end":{"line":223,"column":9}},"type":"if","locations":[{"start":{"line":205,"column":8},"end":{"line":223,"column":9}},{"start":{"line":214,"column":15},"end":{"line":223,"column":9}}],"line":205},"18":{"loc":{"start":{"line":226,"column":10},"end":{"line":226,"column":63}},"type":"cond-expr","locations":[{"start":{"line":226,"column":26},"end":{"line":226,"column":44}},{"start":{"line":226,"column":47},"end":{"line":226,"column":63}}],"line":226},"19":{"loc":{"start":{"line":236,"column":6},"end":{"line":236,"column":55}},"type":"cond-expr","locations":[{"start":{"line":236,"column":22},"end":{"line":236,"column":38}},{"start":{"line":236,"column":41},"end":{"line":236,"column":55}}],"line":236},"20":{"loc":{"start":{"line":237,"column":6},"end":{"line":239,"column":55}},"type":"cond-expr","locations":[{"start":{"line":238,"column":10},"end":{"line":238,"column":57}},{"start":{"line":239,"column":10},"end":{"line":239,"column":55}}],"line":237},"21":{"loc":{"start":{"line":242,"column":16},"end":{"line":242,"column":49}},"type":"cond-expr","locations":[{"start":{"line":242,"column":32},"end":{"line":242,"column":40}},{"start":{"line":242,"column":43},"end":{"line":242,"column":49}}],"line":242},"22":{"loc":{"start":{"line":249,"column":18},"end":{"line":249,"column":62}},"type":"cond-expr","locations":[{"start":{"line":249,"column":42},"end":{"line":249,"column":51}},{"start":{"line":249,"column":54},"end":{"line":249,"column":62}}],"line":249},"23":{"loc":{"start":{"line":259,"column":13},"end":{"line":259,"column":65}},"type":"cond-expr","locations":[{"start":{"line":259,"column":29},"end":{"line":259,"column":43}},{"start":{"line":259,"column":46},"end":{"line":259,"column":65}}],"line":259},"24":{"loc":{"start":{"line":276,"column":13},"end":{"line":282,"column":13}},"type":"binary-expr","locations":[{"start":{"line":276,"column":13},"end":{"line":276,"column":27}},{"start":{"line":277,"column":14},"end":{"line":281,"column":16}}],"line":276},"25":{"loc":{"start":{"line":328,"column":28},"end":{"line":328,"column":77}},"type":"cond-expr","locations":[{"start":{"line":328,"column":66},"end":{"line":328,"column":70}},{"start":{"line":328,"column":73},"end":{"line":328,"column":77}}],"line":328},"26":{"loc":{"start":{"line":338,"column":45},"end":{"line":338,"column":74}},"type":"cond-expr","locations":[{"start":{"line":338,"column":54},"end":{"line":338,"column":67}},{"start":{"line":338,"column":70},"end":{"line":338,"column":74}}],"line":338},"27":{"loc":{"start":{"line":367,"column":20},"end":{"line":370,"column":27}},"type":"cond-expr","locations":[{"start":{"line":369,"column":24},"end":{"line":369,"column":28}},{"start":{"line":370,"column":24},"end":{"line":370,"column":27}}],"line":367},"28":{"loc":{"start":{"line":367,"column":20},"end":{"line":368,"column":70}},"type":"binary-expr","locations":[{"start":{"line":367,"column":20},"end":{"line":367,"column":68}},{"start":{"line":368,"column":20},"end":{"line":368,"column":70}}],"line":367},"29":{"loc":{"start":{"line":405,"column":38},"end":{"line":405,"column":63}},"type":"cond-expr","locations":[{"start":{"line":405,"column":53},"end":{"line":405,"column":57}},{"start":{"line":405,"column":60},"end":{"line":405,"column":63}}],"line":405},"30":{"loc":{"start":{"line":440,"column":38},"end":{"line":440,"column":65}},"type":"cond-expr","locations":[{"start":{"line":440,"column":55},"end":{"line":440,"column":59}},{"start":{"line":440,"column":62},"end":{"line":440,"column":65}}],"line":440},"31":{"loc":{"start":{"line":483,"column":27},"end":{"line":483,"column":60}},"type":"cond-expr","locations":[{"start":{"line":483,"column":43},"end":{"line":483,"column":49}},{"start":{"line":483,"column":52},"end":{"line":483,"column":60}}],"line":483}},"s":{"0":1,"1":17,"2":17,"3":17,"4":17,"5":17,"6":17,"7":0,"8":0,"9":0,"10":0,"11":0,"12":0,"13":0,"14":17,"15":17,"16":17,"17":17,"18":17,"19":17,"20":17,"21":17,"22":17,"23":5,"24":0,"25":0,"26":0,"27":0,"28":0,"29":0,"30":0,"31":0,"32":0,"33":0,"34":0,"35":0,"36":0,"37":0,"38":0,"39":0,"40":0,"41":0,"42":0,"43":0,"44":0,"45":0,"46":0,"47":17,"48":3,"49":3,"50":17,"51":0,"52":0,"53":0,"54":17,"55":2,"56":2,"57":2,"58":2,"59":17,"60":2,"61":2,"62":2,"63":17,"64":0,"65":0,"66":0,"67":17,"68":0,"69":0,"70":0,"71":17,"72":17,"73":2,"74":1,"75":1,"76":1,"77":0,"78":0,"79":1,"80":0,"81":0,"82":1,"83":1,"84":0,"85":0,"86":1,"87":1,"88":0,"89":0,"90":0,"91":0,"92":0,"93":0,"94":0,"95":0,"96":1,"97":17,"98":0,"99":11,"100":0,"101":0,"102":0,"103":0,"104":8,"105":8,"106":320,"107":2,"108":2,"109":2,"110":1,"111":1,"112":1608,"113":1608,"114":2,"115":2,"116":2,"117":1,"118":1,"119":0,"120":2,"121":0,"122":1},"f":{"0":17,"1":0,"2":5,"3":0,"4":0,"5":0,"6":3,"7":3,"8":0,"9":2,"10":2,"11":2,"12":0,"13":0,"14":2,"15":0,"16":0,"17":0,"18":11,"19":0,"20":0,"21":0,"22":8,"23":320,"24":2,"25":1,"26":1608,"27":2,"28":1,"29":0,"30":2,"31":0},"b":{"0":[0,0],"1":[0,5],"2":[0,0],"3":[0,0],"4":[0,0],"5":[0,0],"6":[0,0],"7":[0,0],"8":[0,0],"9":[0,0],"10":[0,0],"11":[0,0],"12":[0,17],"13":[1,1],"14":[0,1],"15":[0,1],"16":[0,1],"17":[0,0],"18":[0,0],"19":[0,1],"20":[0,1],"21":[0,1],"22":[17,0],"23":[0,17],"24":[17,0],"25":[0,11],"26":[0,0],"27":[2,6],"28":[8,7],"29":[1,7],"30":[1,7],"31":[0,17]},"_coverageSchema":"1a1c01bbd47fc00a2c39e90264f33305004495a9","hash":"972db9bf2c1b74e0a5f5ec5fa267fed160362ef8"}
,"C:\\Users\\senge\\Ernest\\VSCODE\\Orbital25\\app\\(reports)\\mpshReports.jsx": {"path":"C:\\Users\\senge\\Ernest\\VSCODE\\Orbital25\\app\\(reports)\\mpshReports.jsx","statementMap":{"0":{"start":{"line":49,"column":20},"end":{"line":539,"column":1}},"1":{"start":{"line":50,"column":15},"end":{"line":50,"column":24}},"2":{"start":{"line":51,"column":22},"end":{"line":51,"column":38}},"3":{"start":{"line":52,"column":24},"end":{"line":52,"column":60}},"4":{"start":{"line":54,"column":32},"end":{"line":54,"column":44}},"5":{"start":{"line":55,"column":42},"end":{"line":55,"column":57}},"6":{"start":{"line":57,"column":32},"end":{"line":57,"column":44}},"7":{"start":{"line":59,"column":28},"end":{"line":59,"column":42}},"8":{"start":{"line":60,"column":26},"end":{"line":60,"column":41}},"9":{"start":{"line":62,"column":50},"end":{"line":62,"column":64}},"10":{"start":{"line":64,"column":56},"end":{"line":64,"column":71}},"11":{"start":{"line":65,"column":34},"end":{"line":65,"column":48}},"12":{"start":{"line":67,"column":36},"end":{"line":67,"column":51}},"13":{"start":{"line":68,"column":38},"end":{"line":68,"column":52}},"14":{"start":{"line":70,"column":48},"end":{"line":70,"column":62}},"15":{"start":{"line":72,"column":21},"end":{"line":72,"column":50}},"16":{"start":{"line":75,"column":46},"end":{"line":90,"column":4}},"17":{"start":{"line":93,"column":38},"end":{"line":98,"column":4}},"18":{"start":{"line":100,"column":23},"end":{"line":111,"column":3}},"19":{"start":{"line":101,"column":4},"end":{"line":110,"column":5}},"20":{"start":{"line":102,"column":23},"end":{"line":102,"column":48}},"21":{"start":{"line":103,"column":19},"end":{"line":106,"column":9}},"22":{"start":{"line":103,"column":47},"end":{"line":106,"column":7}},"23":{"start":{"line":107,"column":6},"end":{"line":107,"column":23}},"24":{"start":{"line":109,"column":6},"end":{"line":109,"column":54}},"25":{"start":{"line":113,"column":2},"end":{"line":118,"column":9}},"26":{"start":{"line":114,"column":24},"end":{"line":116,"column":5}},"27":{"start":{"line":115,"column":6},"end":{"line":115,"column":27}},"28":{"start":{"line":117,"column":4},"end":{"line":117,"column":18}},"29":{"start":{"line":120,"column":23},"end":{"line":127,"column":3}},"30":{"start":{"line":121,"column":4},"end":{"line":121,"column":29}},"31":{"start":{"line":122,"column":4},"end":{"line":122,"column":19}},"32":{"start":{"line":123,"column":4},"end":{"line":123,"column":24}},"33":{"start":{"line":124,"column":4},"end":{"line":124,"column":19}},"34":{"start":{"line":125,"column":4},"end":{"line":125,"column":22}},"35":{"start":{"line":126,"column":4},"end":{"line":126,"column":26}},"36":{"start":{"line":129,"column":24},"end":{"line":136,"column":3}},"37":{"start":{"line":130,"column":4},"end":{"line":130,"column":34}},"38":{"start":{"line":131,"column":4},"end":{"line":131,"column":31}},"39":{"start":{"line":132,"column":4},"end":{"line":132,"column":36}},"40":{"start":{"line":133,"column":4},"end":{"line":133,"column":37}},"41":{"start":{"line":134,"column":4},"end":{"line":134,"column":41}},"42":{"start":{"line":135,"column":4},"end":{"line":135,"column":26}},"43":{"start":{"line":138,"column":23},"end":{"line":259,"column":3}},"44":{"start":{"line":139,"column":4},"end":{"line":146,"column":5}},"45":{"start":{"line":140,"column":6},"end":{"line":143,"column":8}},"46":{"start":{"line":145,"column":6},"end":{"line":145,"column":13}},"47":{"start":{"line":148,"column":4},"end":{"line":258,"column":6}},"48":{"start":{"line":160,"column":12},"end":{"line":254,"column":13}},"49":{"start":{"line":161,"column":29},"end":{"line":161,"column":33}},"50":{"start":{"line":162,"column":32},"end":{"line":162,"column":36}},"51":{"start":{"line":164,"column":14},"end":{"line":171,"column":15}},"52":{"start":{"line":165,"column":31},"end":{"line":165,"column":70}},"53":{"start":{"line":166,"column":39},"end":{"line":166,"column":64}},"54":{"start":{"line":167,"column":31},"end":{"line":169,"column":26}},"55":{"start":{"line":168,"column":33},"end":{"line":168,"column":59}},"56":{"start":{"line":170,"column":16},"end":{"line":170,"column":55}},"57":{"start":{"line":173,"column":14},"end":{"line":203,"column":15}},"58":{"start":{"line":174,"column":33},"end":{"line":174,"column":54}},"59":{"start":{"line":175,"column":29},"end":{"line":175,"column":50}},"60":{"start":{"line":177,"column":33},"end":{"line":177,"column":73}},"61":{"start":{"line":178,"column":16},"end":{"line":178,"column":50}},"62":{"start":{"line":179,"column":16},"end":{"line":179,"column":58}},"63":{"start":{"line":181,"column":16},"end":{"line":189,"column":17}},"64":{"start":{"line":182,"column":18},"end":{"line":188,"column":19}},"65":{"start":{"line":183,"column":36},"end":{"line":183,"column":70}},"66":{"start":{"line":184,"column":20},"end":{"line":184,"column":62}},"67":{"start":{"line":185,"column":20},"end":{"line":185,"column":63}},"68":{"start":{"line":187,"column":20},"end":{"line":187,"column":67}},"69":{"start":{"line":190,"column":21},"end":{"line":203,"column":15}},"70":{"start":{"line":191,"column":16},"end":{"line":199,"column":17}},"71":{"start":{"line":192,"column":18},"end":{"line":198,"column":19}},"72":{"start":{"line":193,"column":36},"end":{"line":193,"column":70}},"73":{"start":{"line":194,"column":20},"end":{"line":194,"column":62}},"74":{"start":{"line":195,"column":20},"end":{"line":195,"column":68}},"75":{"start":{"line":197,"column":20},"end":{"line":197,"column":67}},"76":{"start":{"line":200,"column":16},"end":{"line":200,"column":32}},"77":{"start":{"line":201,"column":21},"end":{"line":203,"column":15}},"78":{"start":{"line":202,"column":16},"end":{"line":202,"column":36}},"79":{"start":{"line":205,"column":14},"end":{"line":242,"column":15}},"80":{"start":{"line":206,"column":31},"end":{"line":206,"column":70}},"81":{"start":{"line":207,"column":16},"end":{"line":214,"column":19}},"82":{"start":{"line":216,"column":16},"end":{"line":230,"column":18}},"83":{"start":{"line":217,"column":18},"end":{"line":229,"column":19}},"84":{"start":{"line":218,"column":20},"end":{"line":228,"column":25}},"85":{"start":{"line":232,"column":34},"end":{"line":238,"column":17}},"86":{"start":{"line":240,"column":31},"end":{"line":240,"column":66}},"87":{"start":{"line":241,"column":16},"end":{"line":241,"column":74}},"88":{"start":{"line":244,"column":14},"end":{"line":244,"column":37}},"89":{"start":{"line":245,"column":14},"end":{"line":245,"column":39}},"90":{"start":{"line":246,"column":14},"end":{"line":246,"column":29}},"91":{"start":{"line":247,"column":14},"end":{"line":247,"column":34}},"92":{"start":{"line":248,"column":14},"end":{"line":248,"column":29}},"93":{"start":{"line":249,"column":14},"end":{"line":249,"column":32}},"94":{"start":{"line":250,"column":14},"end":{"line":250,"column":44}},"95":{"start":{"line":252,"column":14},"end":{"line":252,"column":63}},"96":{"start":{"line":253,"column":14},"end":{"line":253,"column":54}},"97":{"start":{"line":262,"column":32},"end":{"line":270,"column":3}},"98":{"start":{"line":263,"column":4},"end":{"line":269,"column":5}},"99":{"start":{"line":264,"column":25},"end":{"line":264,"column":78}},"100":{"start":{"line":265,"column":6},"end":{"line":265,"column":24}},"101":{"start":{"line":267,"column":6},"end":{"line":267,"column":56}},"102":{"start":{"line":268,"column":6},"end":{"line":268,"column":18}},"103":{"start":{"line":272,"column":29},"end":{"line":305,"column":3}},"104":{"start":{"line":273,"column":4},"end":{"line":304,"column":6}},"105":{"start":{"line":282,"column":12},"end":{"line":300,"column":13}},"106":{"start":{"line":283,"column":37},"end":{"line":283,"column":69}},"107":{"start":{"line":283,"column":57},"end":{"line":283,"column":68}},"108":{"start":{"line":285,"column":14},"end":{"line":291,"column":15}},"109":{"start":{"line":286,"column":34},"end":{"line":288,"column":17}},"110":{"start":{"line":289,"column":33},"end":{"line":289,"column":56}},"111":{"start":{"line":290,"column":16},"end":{"line":290,"column":45}},"112":{"start":{"line":293,"column":14},"end":{"line":293,"column":58}},"113":{"start":{"line":295,"column":14},"end":{"line":295,"column":68}},"114":{"start":{"line":295,"column":35},"end":{"line":295,"column":66}},"115":{"start":{"line":295,"column":54},"end":{"line":295,"column":65}},"116":{"start":{"line":296,"column":14},"end":{"line":296,"column":67}},"117":{"start":{"line":296,"column":42},"end":{"line":296,"column":67}},"118":{"start":{"line":298,"column":14},"end":{"line":298,"column":61}},"119":{"start":{"line":299,"column":14},"end":{"line":299,"column":67}},"120":{"start":{"line":308,"column":20},"end":{"line":325,"column":3}},"121":{"start":{"line":310,"column":6},"end":{"line":310,"column":61}},"122":{"start":{"line":312,"column":4},"end":{"line":315,"column":5}},"123":{"start":{"line":313,"column":6},"end":{"line":313,"column":69}},"124":{"start":{"line":314,"column":6},"end":{"line":314,"column":13}},"125":{"start":{"line":317,"column":19},"end":{"line":320,"column":6}},"126":{"start":{"line":322,"column":4},"end":{"line":324,"column":5}},"127":{"start":{"line":323,"column":6},"end":{"line":323,"column":40}},"128":{"start":{"line":327,"column":20},"end":{"line":341,"column":3}},"129":{"start":{"line":328,"column":27},"end":{"line":328,"column":76}},"130":{"start":{"line":329,"column":4},"end":{"line":332,"column":5}},"131":{"start":{"line":330,"column":6},"end":{"line":330,"column":62}},"132":{"start":{"line":331,"column":6},"end":{"line":331,"column":13}},"133":{"start":{"line":334,"column":17},"end":{"line":336,"column":6}},"134":{"start":{"line":338,"column":4},"end":{"line":340,"column":5}},"135":{"start":{"line":339,"column":6},"end":{"line":339,"column":40}},"136":{"start":{"line":343,"column":28},"end":{"line":346,"column":3}},"137":{"start":{"line":344,"column":4},"end":{"line":344,"column":22}},"138":{"start":{"line":345,"column":4},"end":{"line":345,"column":33}},"139":{"start":{"line":348,"column":2},"end":{"line":538,"column":4}},"140":{"start":{"line":358,"column":32},"end":{"line":358,"column":39}},"141":{"start":{"line":365,"column":32},"end":{"line":365,"column":61}},"142":{"start":{"line":366,"column":29},"end":{"line":366,"column":57}},"143":{"start":{"line":368,"column":10},"end":{"line":421,"column":12}},"144":{"start":{"line":371,"column":29},"end":{"line":371,"column":77}},"145":{"start":{"line":380,"column":37},"end":{"line":380,"column":56}},"146":{"start":{"line":409,"column":37},"end":{"line":409,"column":64}},"147":{"start":{"line":430,"column":10},"end":{"line":430,"column":33}},"148":{"start":{"line":431,"column":10},"end":{"line":431,"column":35}},"149":{"start":{"line":526,"column":20},"end":{"line":526,"column":43}},"150":{"start":{"line":527,"column":20},"end":{"line":527,"column":45}},"151":{"start":{"line":543,"column":15},"end":{"line":634,"column":2}}},"fnMap":{"0":{"name":"(anonymous_0)","decl":{"start":{"line":49,"column":20},"end":{"line":49,"column":21}},"loc":{"start":{"line":49,"column":26},"end":{"line":539,"column":1}},"line":49},"1":{"name":"(anonymous_1)","decl":{"start":{"line":100,"column":23},"end":{"line":100,"column":24}},"loc":{"start":{"line":100,"column":35},"end":{"line":111,"column":3}},"line":100},"2":{"name":"(anonymous_2)","decl":{"start":{"line":103,"column":37},"end":{"line":103,"column":38}},"loc":{"start":{"line":103,"column":47},"end":{"line":106,"column":7}},"line":103},"3":{"name":"(anonymous_3)","decl":{"start":{"line":113,"column":12},"end":{"line":113,"column":13}},"loc":{"start":{"line":113,"column":18},"end":{"line":118,"column":3}},"line":113},"4":{"name":"(anonymous_4)","decl":{"start":{"line":114,"column":24},"end":{"line":114,"column":25}},"loc":{"start":{"line":114,"column":36},"end":{"line":116,"column":5}},"line":114},"5":{"name":"(anonymous_5)","decl":{"start":{"line":120,"column":23},"end":{"line":120,"column":24}},"loc":{"start":{"line":120,"column":29},"end":{"line":127,"column":3}},"line":120},"6":{"name":"(anonymous_6)","decl":{"start":{"line":129,"column":24},"end":{"line":129,"column":25}},"loc":{"start":{"line":129,"column":36},"end":{"line":136,"column":3}},"line":129},"7":{"name":"(anonymous_7)","decl":{"start":{"line":138,"column":23},"end":{"line":138,"column":24}},"loc":{"start":{"line":138,"column":35},"end":{"line":259,"column":3}},"line":138},"8":{"name":"(anonymous_8)","decl":{"start":{"line":159,"column":19},"end":{"line":159,"column":20}},"loc":{"start":{"line":159,"column":31},"end":{"line":255,"column":11}},"line":159},"9":{"name":"(anonymous_9)","decl":{"start":{"line":168,"column":24},"end":{"line":168,"column":25}},"loc":{"start":{"line":168,"column":33},"end":{"line":168,"column":59}},"line":168},"10":{"name":"(anonymous_10)","decl":{"start":{"line":216,"column":27},"end":{"line":216,"column":28}},"loc":{"start":{"line":217,"column":18},"end":{"line":229,"column":19}},"line":217},"11":{"name":"(anonymous_11)","decl":{"start":{"line":217,"column":27},"end":{"line":217,"column":28}},"loc":{"start":{"line":218,"column":20},"end":{"line":228,"column":25}},"line":218},"12":{"name":"(anonymous_12)","decl":{"start":{"line":262,"column":32},"end":{"line":262,"column":33}},"loc":{"start":{"line":262,"column":41},"end":{"line":270,"column":3}},"line":262},"13":{"name":"(anonymous_13)","decl":{"start":{"line":272,"column":29},"end":{"line":272,"column":30}},"loc":{"start":{"line":272,"column":37},"end":{"line":305,"column":3}},"line":272},"14":{"name":"(anonymous_14)","decl":{"start":{"line":281,"column":19},"end":{"line":281,"column":20}},"loc":{"start":{"line":281,"column":31},"end":{"line":301,"column":11}},"line":281},"15":{"name":"(anonymous_15)","decl":{"start":{"line":283,"column":50},"end":{"line":283,"column":51}},"loc":{"start":{"line":283,"column":57},"end":{"line":283,"column":68}},"line":283},"16":{"name":"(anonymous_16)","decl":{"start":{"line":295,"column":25},"end":{"line":295,"column":26}},"loc":{"start":{"line":295,"column":35},"end":{"line":295,"column":66}},"line":295},"17":{"name":"(anonymous_17)","decl":{"start":{"line":295,"column":47},"end":{"line":295,"column":48}},"loc":{"start":{"line":295,"column":54},"end":{"line":295,"column":65}},"line":295},"18":{"name":"(anonymous_18)","decl":{"start":{"line":308,"column":20},"end":{"line":308,"column":21}},"loc":{"start":{"line":308,"column":32},"end":{"line":325,"column":3}},"line":308},"19":{"name":"(anonymous_19)","decl":{"start":{"line":327,"column":20},"end":{"line":327,"column":21}},"loc":{"start":{"line":327,"column":32},"end":{"line":341,"column":3}},"line":327},"20":{"name":"(anonymous_20)","decl":{"start":{"line":343,"column":28},"end":{"line":343,"column":29}},"loc":{"start":{"line":343,"column":34},"end":{"line":346,"column":3}},"line":343},"21":{"name":"(anonymous_21)","decl":{"start":{"line":358,"column":22},"end":{"line":358,"column":23}},"loc":{"start":{"line":358,"column":32},"end":{"line":358,"column":39}},"line":358},"22":{"name":"(anonymous_22)","decl":{"start":{"line":364,"column":20},"end":{"line":364,"column":21}},"loc":{"start":{"line":364,"column":34},"end":{"line":422,"column":9}},"line":364},"23":{"name":"(anonymous_23)","decl":{"start":{"line":371,"column":23},"end":{"line":371,"column":24}},"loc":{"start":{"line":371,"column":29},"end":{"line":371,"column":77}},"line":371},"24":{"name":"(anonymous_24)","decl":{"start":{"line":380,"column":31},"end":{"line":380,"column":32}},"loc":{"start":{"line":380,"column":37},"end":{"line":380,"column":56}},"line":380},"25":{"name":"(anonymous_25)","decl":{"start":{"line":409,"column":31},"end":{"line":409,"column":32}},"loc":{"start":{"line":409,"column":37},"end":{"line":409,"column":64}},"line":409},"26":{"name":"(anonymous_26)","decl":{"start":{"line":429,"column":24},"end":{"line":429,"column":25}},"loc":{"start":{"line":429,"column":30},"end":{"line":432,"column":9}},"line":429},"27":{"name":"(anonymous_27)","decl":{"start":{"line":525,"column":27},"end":{"line":525,"column":28}},"loc":{"start":{"line":525,"column":33},"end":{"line":528,"column":19}},"line":525}},"branchMap":{"0":{"loc":{"start":{"line":52,"column":24},"end":{"line":52,"column":60}},"type":"cond-expr","locations":[{"start":{"line":52,"column":38},"end":{"line":52,"column":53}},{"start":{"line":52,"column":56},"end":{"line":52,"column":60}}],"line":52},"1":{"loc":{"start":{"line":133,"column":15},"end":{"line":133,"column":35}},"type":"binary-expr","locations":[{"start":{"line":133,"column":15},"end":{"line":133,"column":29}},{"start":{"line":133,"column":33},"end":{"line":133,"column":35}}],"line":133},"2":{"loc":{"start":{"line":134,"column":16},"end":{"line":134,"column":39}},"type":"binary-expr","locations":[{"start":{"line":134,"column":16},"end":{"line":134,"column":31}},{"start":{"line":134,"column":35},"end":{"line":134,"column":39}}],"line":134},"3":{"loc":{"start":{"line":139,"column":4},"end":{"line":146,"column":5}},"type":"if","locations":[{"start":{"line":139,"column":4},"end":{"line":146,"column":5}},{"start":{},"end":{}}],"line":139},"4":{"loc":{"start":{"line":139,"column":8},"end":{"line":139,"column":29}},"type":"binary-expr","locations":[{"start":{"line":139,"column":8},"end":{"line":139,"column":14}},{"start":{"line":139,"column":18},"end":{"line":139,"column":29}}],"line":139},"5":{"loc":{"start":{"line":149,"column":6},"end":{"line":149,"column":57}},"type":"cond-expr","locations":[{"start":{"line":149,"column":24},"end":{"line":149,"column":39}},{"start":{"line":149,"column":42},"end":{"line":149,"column":57}}],"line":149},"6":{"loc":{"start":{"line":151,"column":6},"end":{"line":153,"column":56}},"type":"cond-expr","locations":[{"start":{"line":152,"column":10},"end":{"line":152,"column":56}},{"start":{"line":153,"column":10},"end":{"line":153,"column":56}}],"line":151},"7":{"loc":{"start":{"line":157,"column":16},"end":{"line":157,"column":53}},"type":"cond-expr","locations":[{"start":{"line":157,"column":34},"end":{"line":157,"column":42}},{"start":{"line":157,"column":45},"end":{"line":157,"column":53}}],"line":157},"8":{"loc":{"start":{"line":164,"column":14},"end":{"line":171,"column":15}},"type":"if","locations":[{"start":{"line":164,"column":14},"end":{"line":171,"column":15}},{"start":{},"end":{}}],"line":164},"9":{"loc":{"start":{"line":170,"column":30},"end":{"line":170,"column":54}},"type":"binary-expr","locations":[{"start":{"line":170,"column":30},"end":{"line":170,"column":46}},{"start":{"line":170,"column":50},"end":{"line":170,"column":54}}],"line":170},"10":{"loc":{"start":{"line":173,"column":14},"end":{"line":203,"column":15}},"type":"if","locations":[{"start":{"line":173,"column":14},"end":{"line":203,"column":15}},{"start":{"line":190,"column":21},"end":{"line":203,"column":15}}],"line":173},"11":{"loc":{"start":{"line":173,"column":18},"end":{"line":173,"column":62}},"type":"binary-expr","locations":[{"start":{"line":173,"column":18},"end":{"line":173,"column":26}},{"start":{"line":173,"column":30},"end":{"line":173,"column":62}}],"line":173},"12":{"loc":{"start":{"line":181,"column":16},"end":{"line":189,"column":17}},"type":"if","locations":[{"start":{"line":181,"column":16},"end":{"line":189,"column":17}},{"start":{},"end":{}}],"line":181},"13":{"loc":{"start":{"line":190,"column":21},"end":{"line":203,"column":15}},"type":"if","locations":[{"start":{"line":190,"column":21},"end":{"line":203,"column":15}},{"start":{"line":201,"column":21},"end":{"line":203,"column":15}}],"line":190},"14":{"loc":{"start":{"line":190,"column":25},"end":{"line":190,"column":57}},"type":"binary-expr","locations":[{"start":{"line":190,"column":25},"end":{"line":190,"column":44}},{"start":{"line":190,"column":48},"end":{"line":190,"column":57}}],"line":190},"15":{"loc":{"start":{"line":191,"column":16},"end":{"line":199,"column":17}},"type":"if","locations":[{"start":{"line":191,"column":16},"end":{"line":199,"column":17}},{"start":{},"end":{}}],"line":191},"16":{"loc":{"start":{"line":201,"column":21},"end":{"line":203,"column":15}},"type":"if","locations":[{"start":{"line":201,"column":21},"end":{"line":203,"column":15}},{"start":{},"end":{}}],"line":201},"17":{"loc":{"start":{"line":205,"column":14},"end":{"line":242,"column":15}},"type":"if","locations":[{"start":{"line":205,"column":14},"end":{"line":242,"column":15}},{"start":{"line":231,"column":21},"end":{"line":242,"column":15}}],"line":205},"18":{"loc":{"start":{"line":211,"column":22},"end":{"line":213,"column":49}},"type":"cond-expr","locations":[{"start":{"line":212,"column":22},"end":{"line":212,"column":34}},{"start":{"line":213,"column":22},"end":{"line":213,"column":49}}],"line":211},"19":{"loc":{"start":{"line":218,"column":20},"end":{"line":228,"column":25}},"type":"cond-expr","locations":[{"start":{"line":219,"column":24},"end":{"line":227,"column":25}},{"start":{"line":228,"column":24},"end":{"line":228,"column":25}}],"line":218},"20":{"loc":{"start":{"line":224,"column":30},"end":{"line":226,"column":48}},"type":"cond-expr","locations":[{"start":{"line":225,"column":30},"end":{"line":225,"column":42}},{"start":{"line":226,"column":30},"end":{"line":226,"column":48}}],"line":224},"21":{"loc":{"start":{"line":237,"column":22},"end":{"line":237,"column":46}},"type":"binary-expr","locations":[{"start":{"line":237,"column":22},"end":{"line":237,"column":30}},{"start":{"line":237,"column":34},"end":{"line":237,"column":46}}],"line":237},"22":{"loc":{"start":{"line":285,"column":14},"end":{"line":291,"column":15}},"type":"if","locations":[{"start":{"line":285,"column":14},"end":{"line":291,"column":15}},{"start":{},"end":{}}],"line":285},"23":{"loc":{"start":{"line":296,"column":14},"end":{"line":296,"column":67}},"type":"if","locations":[{"start":{"line":296,"column":14},"end":{"line":296,"column":67}},{"start":{},"end":{}}],"line":296},"24":{"loc":{"start":{"line":312,"column":4},"end":{"line":315,"column":5}},"type":"if","locations":[{"start":{"line":312,"column":4},"end":{"line":315,"column":5}},{"start":{},"end":{}}],"line":312},"25":{"loc":{"start":{"line":322,"column":4},"end":{"line":324,"column":5}},"type":"if","locations":[{"start":{"line":322,"column":4},"end":{"line":324,"column":5}},{"start":{},"end":{}}],"line":322},"26":{"loc":{"start":{"line":329,"column":4},"end":{"line":332,"column":5}},"type":"if","locations":[{"start":{"line":329,"column":4},"end":{"line":332,"column":5}},{"start":{},"end":{}}],"line":329},"27":{"loc":{"start":{"line":338,"column":4},"end":{"line":340,"column":5}},"type":"if","locations":[{"start":{"line":338,"column":4},"end":{"line":340,"column":5}},{"start":{},"end":{}}],"line":338},"28":{"loc":{"start":{"line":371,"column":49},"end":{"line":371,"column":76}},"type":"cond-expr","locations":[{"start":{"line":371,"column":62},"end":{"line":371,"column":66}},{"start":{"line":371,"column":69},"end":{"line":371,"column":76}}],"line":371},"29":{"loc":{"start":{"line":378,"column":19},"end":{"line":389,"column":19}},"type":"binary-expr","locations":[{"start":{"line":378,"column":19},"end":{"line":378,"column":29}},{"start":{"line":378,"column":33},"end":{"line":378,"column":46}},{"start":{"line":379,"column":20},"end":{"line":388,"column":39}}],"line":378},"30":{"loc":{"start":{"line":392,"column":17},"end":{"line":418,"column":17}},"type":"binary-expr","locations":[{"start":{"line":392,"column":17},"end":{"line":392,"column":27}},{"start":{"line":393,"column":18},"end":{"line":417,"column":21}}],"line":392},"31":{"loc":{"start":{"line":394,"column":21},"end":{"line":398,"column":28}},"type":"cond-expr","locations":[{"start":{"line":395,"column":22},"end":{"line":397,"column":29}},{"start":{"line":398,"column":24},"end":{"line":398,"column":28}}],"line":394},"32":{"loc":{"start":{"line":400,"column":21},"end":{"line":406,"column":21}},"type":"binary-expr","locations":[{"start":{"line":400,"column":21},"end":{"line":400,"column":34}},{"start":{"line":401,"column":22},"end":{"line":405,"column":24}}],"line":400},"33":{"loc":{"start":{"line":438,"column":17},"end":{"line":438,"column":71}},"type":"cond-expr","locations":[{"start":{"line":438,"column":35},"end":{"line":438,"column":52}},{"start":{"line":438,"column":55},"end":{"line":438,"column":71}}],"line":438},"34":{"loc":{"start":{"line":441,"column":43},"end":{"line":441,"column":58}},"type":"cond-expr","locations":[{"start":{"line":441,"column":50},"end":{"line":441,"column":53}},{"start":{"line":441,"column":56},"end":{"line":441,"column":58}}],"line":441},"35":{"loc":{"start":{"line":457,"column":43},"end":{"line":457,"column":63}},"type":"cond-expr","locations":[{"start":{"line":457,"column":55},"end":{"line":457,"column":58}},{"start":{"line":457,"column":61},"end":{"line":457,"column":63}}],"line":457},"36":{"loc":{"start":{"line":496,"column":17},"end":{"line":516,"column":17}},"type":"binary-expr","locations":[{"start":{"line":496,"column":17},"end":{"line":496,"column":25}},{"start":{"line":497,"column":18},"end":{"line":515,"column":21}}],"line":496},"37":{"loc":{"start":{"line":521,"column":31},"end":{"line":521,"column":66}},"type":"cond-expr","locations":[{"start":{"line":521,"column":49},"end":{"line":521,"column":55}},{"start":{"line":521,"column":58},"end":{"line":521,"column":66}}],"line":521}},"s":{"0":1,"1":24,"2":24,"3":24,"4":24,"5":24,"6":24,"7":24,"8":24,"9":24,"10":24,"11":24,"12":24,"13":24,"14":24,"15":24,"16":24,"17":24,"18":24,"19":7,"20":7,"21":7,"22":6,"23":7,"24":0,"25":24,"26":7,"27":7,"28":7,"29":24,"30":3,"31":3,"32":3,"33":3,"34":3,"35":3,"36":24,"37":1,"38":1,"39":1,"40":1,"41":1,"42":1,"43":24,"44":3,"45":1,"46":1,"47":2,"48":0,"49":0,"50":0,"51":0,"52":0,"53":0,"54":0,"55":0,"56":0,"57":0,"58":0,"59":0,"60":0,"61":0,"62":0,"63":0,"64":0,"65":0,"66":0,"67":0,"68":0,"69":0,"70":0,"71":0,"72":0,"73":0,"74":0,"75":0,"76":0,"77":0,"78":0,"79":0,"80":0,"81":0,"82":0,"83":0,"84":0,"85":0,"86":0,"87":0,"88":0,"89":0,"90":0,"91":0,"92":0,"93":0,"94":0,"95":0,"96":0,"97":24,"98":0,"99":0,"100":0,"101":0,"102":0,"103":24,"104":1,"105":1,"106":1,"107":1,"108":1,"109":0,"110":0,"111":0,"112":1,"113":1,"114":1,"115":1,"116":1,"117":0,"118":0,"119":0,"120":24,"121":1,"122":1,"123":0,"124":0,"125":1,"126":1,"127":1,"128":24,"129":0,"130":0,"131":0,"132":0,"133":0,"134":0,"135":0,"136":24,"137":0,"138":0,"139":24,"140":15,"141":9,"142":9,"143":9,"144":2,"145":1,"146":1,"147":0,"148":0,"149":0,"150":0,"151":1},"f":{"0":24,"1":7,"2":6,"3":7,"4":7,"5":3,"6":1,"7":3,"8":0,"9":0,"10":0,"11":0,"12":0,"13":1,"14":1,"15":1,"16":1,"17":1,"18":1,"19":0,"20":0,"21":15,"22":9,"23":2,"24":1,"25":1,"26":0,"27":0},"b":{"0":[24,0],"1":[1,0],"2":[1,1],"3":[1,2],"4":[3,2],"5":[1,1],"6":[1,1],"7":[1,1],"8":[0,0],"9":[0,0],"10":[0,0],"11":[0,0],"12":[0,0],"13":[0,0],"14":[0,0],"15":[0,0],"16":[0,0],"17":[0,0],"18":[0,0],"19":[0,0],"20":[0,0],"21":[0,0],"22":[0,1],"23":[0,1],"24":[0,1],"25":[1,0],"26":[0,0],"27":[0,0],"28":[0,2],"29":[9,3,3],"30":[9,3],"31":[3,0],"32":[3,0],"33":[2,22],"34":[0,24],"35":[0,24],"36":[24,1],"37":[2,22]},"_coverageSchema":"1a1c01bbd47fc00a2c39e90264f33305004495a9","hash":"65121be93cde5e278497ab4944d457d76ce219bb"}
,"C:\\Users\\senge\\Ernest\\VSCODE\\Orbital25\\app\\(reports)\\uscReports.jsx": {"path":"C:\\Users\\senge\\Ernest\\VSCODE\\Orbital25\\app\\(reports)\\uscReports.jsx","statementMap":{"0":{"start":{"line":47,"column":19},"end":{"line":538,"column":1}},"1":{"start":{"line":48,"column":15},"end":{"line":48,"column":24}},"2":{"start":{"line":49,"column":22},"end":{"line":49,"column":38}},"3":{"start":{"line":50,"column":24},"end":{"line":50,"column":60}},"4":{"start":{"line":52,"column":32},"end":{"line":52,"column":44}},"5":{"start":{"line":53,"column":42},"end":{"line":53,"column":57}},"6":{"start":{"line":55,"column":32},"end":{"line":55,"column":44}},"7":{"start":{"line":57,"column":28},"end":{"line":57,"column":42}},"8":{"start":{"line":58,"column":26},"end":{"line":58,"column":41}},"9":{"start":{"line":60,"column":50},"end":{"line":60,"column":64}},"10":{"start":{"line":62,"column":56},"end":{"line":62,"column":71}},"11":{"start":{"line":63,"column":34},"end":{"line":63,"column":48}},"12":{"start":{"line":65,"column":36},"end":{"line":65,"column":51}},"13":{"start":{"line":66,"column":38},"end":{"line":66,"column":52}},"14":{"start":{"line":68,"column":48},"end":{"line":68,"column":62}},"15":{"start":{"line":70,"column":21},"end":{"line":70,"column":49}},"16":{"start":{"line":73,"column":46},"end":{"line":88,"column":4}},"17":{"start":{"line":91,"column":38},"end":{"line":96,"column":4}},"18":{"start":{"line":98,"column":23},"end":{"line":109,"column":3}},"19":{"start":{"line":99,"column":4},"end":{"line":108,"column":5}},"20":{"start":{"line":100,"column":23},"end":{"line":100,"column":48}},"21":{"start":{"line":101,"column":19},"end":{"line":104,"column":9}},"22":{"start":{"line":101,"column":47},"end":{"line":104,"column":7}},"23":{"start":{"line":105,"column":6},"end":{"line":105,"column":23}},"24":{"start":{"line":107,"column":6},"end":{"line":107,"column":54}},"25":{"start":{"line":111,"column":2},"end":{"line":116,"column":9}},"26":{"start":{"line":112,"column":24},"end":{"line":114,"column":5}},"27":{"start":{"line":113,"column":6},"end":{"line":113,"column":27}},"28":{"start":{"line":115,"column":4},"end":{"line":115,"column":18}},"29":{"start":{"line":118,"column":23},"end":{"line":125,"column":3}},"30":{"start":{"line":119,"column":4},"end":{"line":119,"column":29}},"31":{"start":{"line":120,"column":4},"end":{"line":120,"column":19}},"32":{"start":{"line":121,"column":4},"end":{"line":121,"column":24}},"33":{"start":{"line":122,"column":4},"end":{"line":122,"column":19}},"34":{"start":{"line":123,"column":4},"end":{"line":123,"column":22}},"35":{"start":{"line":124,"column":4},"end":{"line":124,"column":26}},"36":{"start":{"line":127,"column":24},"end":{"line":134,"column":3}},"37":{"start":{"line":128,"column":4},"end":{"line":128,"column":34}},"38":{"start":{"line":129,"column":4},"end":{"line":129,"column":31}},"39":{"start":{"line":130,"column":4},"end":{"line":130,"column":36}},"40":{"start":{"line":131,"column":4},"end":{"line":131,"column":37}},"41":{"start":{"line":132,"column":4},"end":{"line":132,"column":41}},"42":{"start":{"line":133,"column":4},"end":{"line":133,"column":26}},"43":{"start":{"line":136,"column":23},"end":{"line":256,"column":3}},"44":{"start":{"line":137,"column":4},"end":{"line":143,"column":5}},"45":{"start":{"line":138,"column":6},"end":{"line":141,"column":8}},"46":{"start":{"line":142,"column":6},"end":{"line":142,"column":13}},"47":{"start":{"line":145,"column":4},"end":{"line":255,"column":6}},"48":{"start":{"line":157,"column":12},"end":{"line":251,"column":13}},"49":{"start":{"line":158,"column":29},"end":{"line":158,"column":33}},"50":{"start":{"line":159,"column":32},"end":{"line":159,"column":36}},"51":{"start":{"line":161,"column":14},"end":{"line":168,"column":15}},"52":{"start":{"line":162,"column":31},"end":{"line":162,"column":69}},"53":{"start":{"line":163,"column":39},"end":{"line":163,"column":64}},"54":{"start":{"line":164,"column":31},"end":{"line":166,"column":26}},"55":{"start":{"line":165,"column":33},"end":{"line":165,"column":59}},"56":{"start":{"line":167,"column":16},"end":{"line":167,"column":55}},"57":{"start":{"line":170,"column":14},"end":{"line":200,"column":15}},"58":{"start":{"line":171,"column":33},"end":{"line":171,"column":54}},"59":{"start":{"line":172,"column":29},"end":{"line":172,"column":50}},"60":{"start":{"line":174,"column":33},"end":{"line":174,"column":72}},"61":{"start":{"line":175,"column":16},"end":{"line":175,"column":50}},"62":{"start":{"line":176,"column":16},"end":{"line":176,"column":58}},"63":{"start":{"line":178,"column":16},"end":{"line":186,"column":17}},"64":{"start":{"line":179,"column":18},"end":{"line":185,"column":19}},"65":{"start":{"line":180,"column":36},"end":{"line":180,"column":70}},"66":{"start":{"line":181,"column":20},"end":{"line":181,"column":62}},"67":{"start":{"line":182,"column":20},"end":{"line":182,"column":63}},"68":{"start":{"line":184,"column":20},"end":{"line":184,"column":67}},"69":{"start":{"line":187,"column":21},"end":{"line":200,"column":15}},"70":{"start":{"line":188,"column":16},"end":{"line":196,"column":17}},"71":{"start":{"line":189,"column":18},"end":{"line":195,"column":19}},"72":{"start":{"line":190,"column":36},"end":{"line":190,"column":70}},"73":{"start":{"line":191,"column":20},"end":{"line":191,"column":62}},"74":{"start":{"line":192,"column":20},"end":{"line":192,"column":68}},"75":{"start":{"line":194,"column":20},"end":{"line":194,"column":67}},"76":{"start":{"line":197,"column":16},"end":{"line":197,"column":32}},"77":{"start":{"line":198,"column":21},"end":{"line":200,"column":15}},"78":{"start":{"line":199,"column":16},"end":{"line":199,"column":36}},"79":{"start":{"line":202,"column":14},"end":{"line":239,"column":15}},"80":{"start":{"line":203,"column":31},"end":{"line":203,"column":69}},"81":{"start":{"line":204,"column":16},"end":{"line":211,"column":19}},"82":{"start":{"line":213,"column":16},"end":{"line":227,"column":18}},"83":{"start":{"line":214,"column":18},"end":{"line":226,"column":19}},"84":{"start":{"line":215,"column":20},"end":{"line":225,"column":25}},"85":{"start":{"line":229,"column":34},"end":{"line":235,"column":17}},"86":{"start":{"line":237,"column":31},"end":{"line":237,"column":66}},"87":{"start":{"line":238,"column":16},"end":{"line":238,"colu
[...]
column":36},"end":{"line":292,"column":67}},"line":292},"17":{"name":"(anonymous_17)","decl":{"start":{"line":292,"column":48},"end":{"line":292,"column":49}},"loc":{"start":{"line":292,"column":55},"end":{"line":292,"column":66}},"line":292},"18":{"name":"(anonymous_18)","decl":{"start":{"line":303,"column":20},"end":{"line":303,"column":21}},"loc":{"start":{"line":303,"column":32},"end":{"line":320,"column":3}},"line":303},"19":{"name":"(anonymous_19)","decl":{"start":{"line":322,"column":20},"end":{"line":322,"column":21}},"loc":{"start":{"line":322,"column":32},"end":{"line":336,"column":3}},"line":322},"20":{"name":"(anonymous_20)","decl":{"start":{"line":338,"column":28},"end":{"line":338,"column":29}},"loc":{"start":{"line":338,"column":34},"end":{"line":341,"column":3}},"line":338},"21":{"name":"(anonymous_21)","decl":{"start":{"line":353,"column":22},"end":{"line":353,"column":23}},"loc":{"start":{"line":353,"column":32},"end":{"line":353,"column":39}},"line":353},"22":{"name":"(anonymous_22)","decl":{"start":{"line":359,"column":20},"end":{"line":359,"column":21}},"loc":{"start":{"line":359,"column":34},"end":{"line":419,"column":9}},"line":359},"23":{"name":"(anonymous_23)","decl":{"start":{"line":366,"column":23},"end":{"line":366,"column":24}},"loc":{"start":{"line":366,"column":29},"end":{"line":366,"column":77}},"line":366},"24":{"name":"(anonymous_24)","decl":{"start":{"line":375,"column":31},"end":{"line":375,"column":32}},"loc":{"start":{"line":375,"column":37},"end":{"line":375,"column":56}},"line":375},"25":{"name":"(anonymous_25)","decl":{"start":{"line":404,"column":31},"end":{"line":404,"column":32}},"loc":{"start":{"line":404,"column":37},"end":{"line":404,"column":64}},"line":404},"26":{"name":"(anonymous_26)","decl":{"start":{"line":426,"column":24},"end":{"line":426,"column":25}},"loc":{"start":{"line":426,"column":30},"end":{"line":429,"column":9}},"line":426},"27":{"name":"(anonymous_27)","decl":{"start":{"line":522,"column":27},"end":{"line":522,"column":28}},"loc":{"start":{"line":522,"column":33},"end":{"line":525,"column":19}},"line":522}},"branchMap":{"0":{"loc":{"start":{"line":50,"column":24},"end":{"line":50,"column":60}},"type":"cond-expr","locations":[{"start":{"line":50,"column":38},"end":{"line":50,"column":53}},{"start":{"line":50,"column":56},"end":{"line":50,"column":60}}],"line":50},"1":{"loc":{"start":{"line":131,"column":15},"end":{"line":131,"column":35}},"type":"binary-expr","locations":[{"start":{"line":131,"column":15},"end":{"line":131,"column":29}},{"start":{"line":131,"column":33},"end":{"line":131,"column":35}}],"line":131},"2":{"loc":{"start":{"line":132,"column":16},"end":{"line":132,"column":39}},"type":"binary-expr","locations":[{"start":{"line":132,"column":16},"end":{"line":132,"column":31}},{"start":{"line":132,"column":35},"end":{"line":132,"column":39}}],"line":132},"3":{"loc":{"start":{"line":137,"column":4},"end":{"line":143,"column":5}},"type":"if","locations":[{"start":{"line":137,"column":4},"end":{"line":143,"column":5}},{"start":{},"end":{}}],"line":137},"4":{"loc":{"start":{"line":137,"column":8},"end":{"line":137,"column":29}},"type":"binary-expr","locations":[{"start":{"line":137,"column":8},"end":{"line":137,"column":14}},{"start":{"line":137,"column":18},"end":{"line":137,"column":29}}],"line":137},"5":{"loc":{"start":{"line":146,"column":6},"end":{"line":146,"column":57}},"type":"cond-expr","locations":[{"start":{"line":146,"column":24},"end":{"line":146,"column":39}},{"start":{"line":146,"column":42},"end":{"line":146,"column":57}}],"line":146},"6":{"loc":{"start":{"line":148,"column":6},"end":{"line":150,"column":56}},"type":"cond-expr","locations":[{"start":{"line":149,"column":10},"end":{"line":149,"column":56}},{"start":{"line":150,"column":10},"end":{"line":150,"column":56}}],"line":148},"7":{"loc":{"start":{"line":154,"column":16},"end":{"line":154,"column":53}},"type":"cond-expr","locations":[{"start":{"line":154,"column":34},"end":{"line":154,"column":42}},{"start":{"line":154,"column":45},"end":{"line":154,"column":53}}],"line":154},"8":{"loc":{"start":{"line":161,"column":14},"end":{"line":168,"column":15}},"type":"if","locations":[{"start":{"line":161,"column":14},"end":{"line":168,"column":15}},{"start":{},"end":{}}],"line":161},"9":{"loc":{"start":{"line":167,"column":30},"end":{"line":167,"column":54}},"type":"binary-expr","locations":[{"start":{"line":167,"column":30},"end":{"line":167,"column":46}},{"start":{"line":167,"column":50},"end":{"line":167,"column":54}}],"line":167},"10":{"loc":{"start":{"line":170,"column":14},"end":{"line":200,"column":15}},"type":"if","locations":[{"start":{"line":170,"column":14},"end":{"line":200,"column":15}},{"start":{"line":187,"column":21},"end":{"line":200,"column":15}}],"line":170},"11":{"loc":{"start":{"line":170,"column":18},"end":{"line":170,"column":62}},"type":"binary-expr","locations":[{"start":{"line":170,"column":18},"end":{"line":170,"column":26}},{"start":{"line":170,"column":30},"end":{"line":170,"column":62}}],"line":170},"12":{"loc":{"start":{"line":178,"column":16},"end":{"line":186,"column":17}},"type":"if","locations":[{"start":{"line":178,"column":16},"end":{"line":186,"column":17}},{"start":{},"end":{}}],"line":178},"13":{"loc":{"start":{"line":187,"column":21},"end":{"line":200,"column":15}},"type":"if","locations":[{"start":{"line":187,"column":21},"end":{"line":200,"column":15}},{"start":{"line":198,"column":21},"end":{"line":200,"column":15}}],"line":187},"14":{"loc":{"start":{"line":187,"column":25},"end":{"line":187,"column":57}},"type":"binary-expr","locations":[{"start":{"line":187,"column":25},"end":{"line":187,"column":44}},{"start":{"line":187,"column":48},"end":{"line":187,"column":57}}],"line":187},"15":{"loc":{"start":{"line":188,"column":16},"end":{"line":196,"column":17}},"type":"if","locations":[{"start":{"line":188,"column":16},"end":{"line":196,"column":17}},{"start":{},"end":{}}],"line":188},"16":{"loc":{"start":{"line":198,"column":21},"end":{"line":200,"column":15}},"type":"if","locations":[{"start":{"line":198,"column":21},"end":{"line":200,"column":15}},{"start":{},"end":{}}],"line":198},"17":{"loc":{"start":{"line":202,"column":14},"end":{"line":239,"column":15}},"type":"if","locations":[{"start":{"line":202,"column":14},"end":{"line":239,"column":15}},{"start":{"line":228,"column":21},"end":{"line":239,"column":15}}],"line":202},"18":{"loc":{"start":{"line":208,"column":22},"end":{"line":210,"column":49}},"type":"cond-expr","locations":[{"start":{"line":209,"column":22},"end":{"line":209,"column":34}},{"start":{"line":210,"column":22},"end":{"line":210,"column":49}}],"line":208},"19":{"loc":{"start":{"line":215,"column":20},"end":{"line":225,"column":25}},"type":"cond-expr","locations":[{"start":{"line":216,"column":24},"end":{"line":224,"column":25}},{"start":{"line":225,"column":24},"end":{"line":225,"column":25}}],"line":215},"20":{"loc":{"start":{"line":221,"column":30},"end":{"line":223,"column":48}},"type":"cond-expr","locations":[{"start":{"line":222,"column":30},"end":{"line":222,"column":42}},{"start":{"line":223,"column":30},"end":{"line":223,"column":48}}],"line":221},"21":{"loc":{"start":{"line":234,"column":22},"end":{"line":234,"column":46}},"type":"binary-expr","locations":[{"start":{"line":234,"column":22},"end":{"line":234,"column":30}},{"start":{"line":234,"column":34},"end":{"line":234,"column":46}}],"line":234},"22":{"loc":{"start":{"line":282,"column":15},"end":{"line":288,"column":16}},"type":"if","locations":[{"start":{"line":282,"column":15},"end":{"line":288,"column":16}},{"start":{},"end":{}}],"line":282},"23":{"loc":{"start":{"line":293,"column":15},"end":{"line":293,"column":68}},"type":"if","locations":[{"start":{"line":293,"column":15},"end":{"line":293,"column":68}},{"start":{},"end":{}}],"line":293},"24":{"loc":{"start":{"line":307,"column":4},"end":{"line":310,"column":5}},"type":"if","locations":[{"start":{"line":307,"column":4},"end":{"line":310,"column":5}},{"start":{},"end":{}}],"line":307},"25":{"loc":{"start":{"line":317,"column":4},"end":{"line":319,"column":5}},"type":"if","locations":[{"start":{"line":317,"column":4},"end":{"line":319,"column":5}},{"start":{},"end":{}}],"line":317},"26":{"loc":{"start":{"line":324,"column":4},"end":{"line":327,"column":5}},"type":"if","locations":[{"start":{"line":324,"column":4},"end":{"line":327,"column":5}},{"start":{},"end":{}}],"line":324},"27":{"loc":{"start":{"line":333,"column":4},"end":{"line":335,"column":5}},"type":"if","locations":[{"start":{"line":333,"column":4},"end":{"line":335,"column":5}},{"start":{},"end":{}}],"line":333},"28":{"loc":{"start":{"line":366,"column":49},"end":{"line":366,"column":76}},"type":"cond-expr","locations":[{"start":{"line":366,"column":62},"end":{"line":366,"column":66}},{"start":{"line":366,"column":69},"end":{"line":366,"column":76}}],"line":366},"29":{"loc":{"start":{"line":373,"column":19},"end":{"line":384,"column":19}},"type":"binary-expr","locations":[{"start":{"line":373,"column":19},"end":{"line":373,"column":29}},{"start":{"line":373,"column":33},"end":{"line":373,"column":46}},{"start":{"line":374,"column":20},"end":{"line":383,"column":39}}],"line":373},"30":{"loc":{"start":{"line":387,"column":17},"end":{"line":415,"column":17}},"type":"binary-expr","locations":[{"start":{"line":387,"column":17},"end":{"line":387,"column":27}},{"start":{"line":388,"column":18},"end":{"line":414,"column":21}}],"line":387},"31":{"loc":{"start":{"line":389,"column":21},"end":{"line":393,"column":28}},"type":"cond-expr","locations":[{"start":{"line":390,"column":22},"end":{"line":392,"column":29}},{"start":{"line":393,"column":24},"end":{"line":393,"column":28}}],"line":389},"32":{"loc":{"start":{"line":395,"column":21},"end":{"line":401,"column":21}},"type":"binary-expr","locations":[{"start":{"line":395,"column":21},"end":{"line":395,"column":34}},{"start":{"line":396,"column":22},"end":{"line":400,"column":24}}],"line":395},"33":{"loc":{"start":{"line":435,"column":17},"end":{"line":435,"column":71}},"type":"cond-expr","locations":[{"start":{"line":435,"column":35},"end":{"line":435,"column":52}},{"start":{"line":435,"column":55},"end":{"line":435,"column":71}}],"line":435},"34":{"loc":{"start":{"line":438,"column":43},"end":{"line":438,"column":58}},"type":"cond-expr","locations":[{"start":{"line":438,"column":50},"end":{"line":438,"column":53}},{"start":{"line":438,"column":56},"end":{"line":438,"column":58}}],"line":438},"35":{"loc":{"start":{"line":454,"column":43},"end":{"line":454,"column":63}},"type":"cond-expr","locations":[{"start":{"line":454,"column":55},"end":{"line":454,"column":58}},{"start":{"line":454,"column":61},"end":{"line":454,"column":63}}],"line":454},"36":{"loc":{"start":{"line":493,"column":17},"end":{"line":513,"column":17}},"type":"binary-expr","locations":[{"start":{"line":493,"column":17},"end":{"line":493,"column":25}},{"start":{"line":494,"column":18},"end":{"line":512,"column":21}}],"line":493},"37":{"loc":{"start":{"line":518,"column":31},"end":{"line":518,"column":66}},"type":"cond-expr","locations":[{"start":{"line":518,"column":49},"end":{"line":518,"column":55}},{"start":{"line":518,"column":58},"end":{"line":518,"column":66}}],"line":518}},"s":{"0":1,"1":24,"2":24,"3":24,"4":24,"5":24,"6":24,"7":24,"8":24,"9":24,"10":24,"11":24,"12":24,"13":24,"14":24,"15":24,"16":24,"17":24,"18":24,"19":7,"20":7,"21":7,"22":6,"23":7,"24":0,"25":24,"26":7,"27":7,"28":7,"29":24,"30":3,"31":3,"32":3,"33":3,"34":3,"35":3,"36":24,"37":1,"38":1,"39":1,"40":1,"41":1,"42":1,"43":24,"44":3,"45":1,"46":1,"47":2,"48":0,"49":0,"50":0,"51":0,"52":0,"53":0,"54":0,"55":0,"56":0,"57":0,"58":0,"59":0,"60":0,"61":0,"62":0,"63":0,"64":0,"65":0,"66":0,"67":0,"68":0,"69":0,"70":0,"71":0,"72":0,"73":0,"74":0,"75":0,"76":0,"77":0,"78":0,"79":0,"80":0,"81":0,"82":0,"83":0,"84":0,"85":0,"86":0,"87":0,"88":0,"89":0,"90":0,"91":0,"92":0,"93":0,"94":0,"95":0,"96":0,"97":24,"98":0,"99":0,"100":0,"101":0,"102":0,"103":24,"104":1,"105":1,"106":1,"107":1,"108":1,"109":0,"110":0,"111":0,"112":1,"113":1,"114":1,"115":1,"116":1,"117":0,"118":0,"119":0,"120":24,"121":1,"122":1,"123":0,"124":0,"125":1,"126":1,"127":1,"128":24,"129":0,"130":0,"131":0,"132":0,"133":0,"134":0,"135":0,"136":24,"137":0,"138":0,"139":24,"140":15,"141":9,"142":9,"143":9,"144":2,"145":1,"146":1,"147":0,"148":0,"149":0,"150":0,"151":1},"f":{"0":24,"1":7,"2":6,"3":7,"4":7,"5":3,"6":1,"7":3,"8":0,"9":0,"10":0,"11":0,"12":0,"13":1,"14":1,"15":1,"16":1,"17":1,"18":1,"19":0,"20":0,"21":15,"22":9,"23":2,"24":1,"25":1,"26":0,"27":0},"b":{"0":[24,0],"1":[1,0],"2":[1,1],"3":[1,2],"4":[3,2],"5":[1,1],"6":[1,1],"7":[1,1],"8":[0,0],"9":[0,0],"10":[0,0],"11":[0,0],"12":[0,0],"13":[0,0],"14":[0,0],"15":[0,0],"16":[0,0],"17":[0,0],"18":[0,0],"19":[0,0],"20":[0,0],"21":[0,0],"22":[0,1],"23":[0,1],"24":[0,1],"25":[1,0],"26":[0,0],"27":[0,0],"28":[0,2],"29":[9,3,3],"30":[9,3],"31":[3,0],"32":[3,0],"33":[2,22],"34":[0,24],"35":[0,24],"36":[24,1],"37":[2,22]},"_coverageSchema":"1a1c01bbd47fc00a2c39e90264f33305004495a9","hash":"4e6c1472f8358e667698ae3200842004ce401b99"}
,"C:\\Users\\senge\\Ernest\\VSCODE\\Orbital25\\assets\\img\\NUS_Lifters.png": {"path":"C:\\Users\\senge\\Ernest\\VSCODE\\Orbital25\\assets\\img\\NUS_Lifters.png","statementMap":{"0":{"start":{"line":1,"column":0},"end":{"line":4,"column":6}}},"fnMap":{},"branchMap":{},"s":{"0":2},"f":{},"b":{},"_coverageSchema":"1a1c01bbd47fc00a2c39e90264f33305004495a9","hash":"52dd0939bf85e9d0bbc12b4fcf53e2a7ef532323"}
,"C:\\Users\\senge\\Ernest\\VSCODE\\Orbital25\\components\\spacer.jsx": {"path":"C:\\Users\\senge\\Ernest\\VSCODE\\Orbital25\\components\\spacer.jsx","statementMap":{"0":{"start":{"line":3,"column":15},"end":{"line":5,"column":1}},"1":{"start":{"line":4,"column":2},"end":{"line":4,"column":44}}},"fnMap":{"0":{"name":"(anonymous_0)","decl":{"start":{"line":3,"column":15},"end":{"line":3,"column":16}},"loc":{"start":{"line":3,"column":52},"end":{"line":5,"column":1}},"line":3}},"branchMap":{"0":{"loc":{"start":{"line":3,"column":18},"end":{"line":3,"column":32}},"type":"default-arg","locations":[{"start":{"line":3,"column":26},"end":{"line":3,"column":32}}],"line":3},"1":{"loc":{"start":{"line":3,"column":34},"end":{"line":3,"column":45}},"type":"default-arg","locations":[{"start":{"line":3,"column":43},"end":{"line":3,"column":45}}],"line":3}},"s":{"0":6,"1":171},"f":{"0":171},"b":{"0":[144],"1":[129]},"_coverageSchema":"1a1c01bbd47fc00a2c39e90264f33305004495a9","hash":"d35254e86f6268f6c1fcdfe73fcc9f8ccc5cba56"}
,"C:\\Users\\senge\\Ernest\\VSCODE\\Orbital25\\components\\themedButton.jsx": {"path":"C:\\Users\\senge\\Ernest\\VSCODE\\Orbital25\\components\\themedButton.jsx","statementMap":{"0":{"start":{"line":4,"column":21},"end":{"line":11,"column":1}},"1":{"start":{"line":5,"column":2},"end":{"line":10,"column":4}},"2":{"start":{"line":7,"column":30},"end":{"line":7,"column":76}},"3":{"start":{"line":15,"column":15},"end":{"line":29,"column":2}}},"fnMap":{"0":{"name":"(anonymous_0)","decl":{"start":{"line":4,"column":21},"end":{"line":4,"column":22}},"loc":{"start":{"line":4,"column":46},"end":{"line":11,"column":1}},"line":4},"1":{"name":"(anonymous_1)","decl":{"start":{"line":7,"column":13},"end":{"line":7,"column":14}},"loc":{"start":{"line":7,"column":30},"end":{"line":7,"column":76}},"line":7}},"branchMap":{"0":{"loc":{"start":{"line":7,"column":43},"end":{"line":7,"column":68}},"type":"binary-expr","locations":[{"start":{"line":7,"column":43},"end":{"line":7,"column":50}},{"start":{"line":7,"column":54},"end":{"line":7,"column":68}}],"line":7}},"s":{"0":7,"1":210,"2":210,"3":7},"f":{"0":210,"1":210},"b":{"0":[210,0]},"_coverageSchema":"1a1c01bbd47fc00a2c39e90264f33305004495a9","hash":"1a498de223a8715ddd350e3cc309525224818ef5"}
,"C:\\Users\\senge\\Ernest\\VSCODE\\Orbital25\\components\\themedText.jsx": {"path":"C:\\Users\\senge\\Ernest\\VSCODE\\Orbital25\\components\\themedText.jsx","statementMap":{"0":{"start":{"line":4,"column":19},"end":{"line":11,"column":1}},"1":{"start":{"line":5,"column":22},"end":{"line":5,"column":38}},"2":{"start":{"line":6,"column":16},"end":{"line":6,"column":51}},"3":{"start":{"line":8,"column":20},"end":{"line":8,"column":52}},"4":{"start":{"line":10,"column":2},"end":{"line":10,"column":87}}},"fnMap":{"0":{"name":"(anonymous_0)","decl":{"start":{"line":4,"column":19},"end":{"line":4,"column":20}},"loc":{"start":{"line":4,"column":59},"end":{"line":11,"column":1}},"line":4}},"branchMap":{"0":{"loc":{"start":{"line":4,"column":29},"end":{"line":4,"column":42}},"type":"default-arg","locations":[{"start":{"line":4,"column":37},"end":{"line":4,"column":42}}],"line":4},"1":{"loc":{"start":{"line":6,"column":16},"end":{"line":6,"column":51}},"type":"binary-expr","locations":[{"start":{"line":6,"column":16},"end":{"line":6,"column":35}},{"start":{"line":6,"column":39},"end":{"line":6,"column":51}}],"line":6},"2":{"loc":{"start":{"line":8,"column":20},"end":{"line":8,"column":52}},"type":"cond-expr","locations":[{"start":{"line":8,"column":28},"end":{"line":8,"column":39}},{"start":{"line":8,"column":42},"end":{"line":8,"column":52}}],"line":8}},"s":{"0":7,"1":549,"2":549,"3":549,"4":549},"f":{"0":549},"b":{"0":[489],"1":[549,0],"2":[60,489]},"_coverageSchema":"1a1c01bbd47fc00a2c39e90264f33305004495a9","hash":"03a28567cc7c7b37f2b0db41fad25340224eb0a3"}
,"C:\\Users\\senge\\Ernest\\VSCODE\\Orbital25\\components\\themedTextInput.jsx": {"path":"C:\\Users\\senge\\Ernest\\VSCODE\\Orbital25\\components\\themedTextInput.jsx","statementMap":{"0":{"start":{"line":4,"column":24},"end":{"line":22,"column":1}},"1":{"start":{"line":5,"column":22},"end":{"line":5,"column":38}},"2":{"start":{"line":6,"column":16},"end":{"line":6,"column":51}},"3":{"start":{"line":8,"column":2},"end":{"line":21,"column":4}},"4":{"start":{"line":26,"column":15},"end":{"line":33,"column":2}}},"fnMap":{"0":{"name":"(anonymous_0)","decl":{"start":{"line":4,"column":24},"end":{"line":4,"column":25}},"loc":{"start":{"line":4,"column":49},"end":{"line":22,"column":1}},"line":4}},"branchMap":{"0":{"loc":{"start":{"line":6,"column":16},"end":{"line":6,"column":51}},"type":"binary-expr","locations":[{"start":{"line":6,"column":16},"end":{"line":6,"column":35}},{"start":{"line":6,"column":39},"end":{"line":6,"column":51}}],"line":6}},"s":{"0":7,"1":193,"2":193,"3":193,"4":7},"f":{"0":193},"b":{"0":[193,0]},"_coverageSchema":"1a1c01bbd47fc00a2c39e90264f33305004495a9","hash":"beb8b0b0c27240933d32ee4daec9cdf7e3d0516a"}
,"C:\\Users\\senge\\Ernest\\VSCODE\\Orbital25\\components\\themedView.jsx": {"path":"C:\\Users\\senge\\Ernest\\VSCODE\\Orbital25\\components\\themedView.jsx","statementMap":{"0":{"start":{"line":4,"column":19},"end":{"line":11,"column":1}},"1":{"start":{"line":5,"column":22},"end":{"line":5,"column":38}},"2":{"start":{"line":6,"column":16},"end":{"line":6,"column":51}},"3":{"start":{"line":8,"column":2},"end":{"line":10,"column":4}}},"fnMap":{"0":{"name":"(anonymous_0)","decl":{"start":{"line":4,"column":19},"end":{"line":4,"column":20}},"loc":{"start":{"line":4,"column":44},"end":{"line":11,"column":1}},"line":4}},"branchMap":{"0":{"loc":{"start":{"line":6,"column":16},"end":{"line":6,"column":51}},"type":"binary-expr","locations":[{"start":{"line":6,"column":16},"end":{"line":6,"column":35}},{"start":{"line":6,"column":39},"end":{"line":6,"column":51}}],"line":6}},"s":{"0":7,"1":158,"2":158,"3":158},"f":{"0":158},"b":{"0":[158,0]},"_coverageSchema":"1a1c01bbd47fc00a2c39e90264f33305004495a9","hash":"c4936a04166aee1ef1b28e9ad1933e3b7a321e4b"}
,"C:\\Users\\senge\\Ernest\\VSCODE\\Orbital25\\constants\\colors.js": {"path":"C:\\Users\\senge\\Ernest\\VSCODE\\Orbital25\\constants\\colors.js","statementMap":{"0":{"start":{"line":1,"column":22},"end":{"line":24,"column":1}}},"fnMap":{},"branchMap":{},"s":{"0":7},"f":{},"b":{},"_coverageSchema":"1a1c01bbd47fc00a2c39e90264f33305004495a9","hash":"05e1cb77e467ac4883d2104de90e5b171abe7945"}
}
