{"C:\\Users\\senge\\Ernest\\VSCODE\\Orbital25\\app\\index.jsx": {"path":"C:\\Users\\senge\\Ernest\\VSCODE\\Orbital25\\app\\index.jsx","statementMap":{"0":{"start":{"line":28,"column":14},"end":{"line":150,"column":1}},"1":{"start":{"line":29,"column":17},"end":{"line":29,"column":28}},"2":{"start":{"line":31,"column":42},"end":{"line":31,"column":56}},"3":{"start":{"line":32,"column":28},"end":{"line":32,"column":40}},"4":{"start":{"line":33,"column":34},"end":{"line":33,"column":46}},"5":{"start":{"line":35,"column":2},"end":{"line":45,"column":9}},"6":{"start":{"line":36,"column":24},"end":{"line":42,"column":6}},"7":{"start":{"line":37,"column":6},"end":{"line":41,"column":7}},"8":{"start":{"line":38,"column":8},"end":{"line":38,"column":39}},"9":{"start":{"line":40,"column":8},"end":{"line":40,"column":31}},"10":{"start":{"line":44,"column":4},"end":{"line":44,"column":31}},"11":{"start":{"line":44,"column":17},"end":{"line":44,"column":30}},"12":{"start":{"line":47,"column":23},"end":{"line":78,"column":3}},"13":{"start":{"line":48,"column":4},"end":{"line":51,"column":5}},"14":{"start":{"line":49,"column":6},"end":{"line":49,"column":67}},"15":{"start":{"line":50,"column":6},"end":{"line":50,"column":13}},"16":{"start":{"line":53,"column":4},"end":{"line":77,"column":5}},"17":{"start":{"line":54,"column":29},"end":{"line":58,"column":7}},"18":{"start":{"line":59,"column":19},"end":{"line":59,"column":38}},"19":{"start":{"line":60,"column":6},"end":{"line":60,"column":47}},"20":{"start":{"line":61,"column":6},"end":{"line":61,"column":19}},"21":{"start":{"line":62,"column":6},"end":{"line":62,"column":22}},"22":{"start":{"line":64,"column":6},"end":{"line":64,"column":37}},"23":{"start":{"line":66,"column":6},"end":{"line":66,"column":63}},"24":{"start":{"line":67,"column":20},"end":{"line":67,"column":38}},"25":{"start":{"line":68,"column":6},"end":{"line":75,"column":7}},"26":{"start":{"line":72,"column":8},"end":{"line":72,"column":47}},"27":{"start":{"line":73,"column":13},"end":{"line":75,"column":7}},"28":{"start":{"line":74,"column":8},"end":{"line":74,"column":56}},"29":{"start":{"line":76,"column":6},"end":{"line":76,"column":42}},"30":{"start":{"line":80,"column":2},"end":{"line":86,"column":3}},"31":{"start":{"line":81,"column":4},"end":{"line":85,"column":6}},"32":{"start":{"line":88,"column":23},"end":{"line":88,"column":53}},"33":{"start":{"line":89,"column":29},"end":{"line":89,"column":62}},"34":{"start":{"line":91,"column":2},"end":{"line":149,"column":4}},"35":{"start":{"line":154,"column":22},"end":{"line":179,"column":2}}},"fnMap":{"0":{"name":"(anonymous_0)","decl":{"start":{"line":28,"column":14},"end":{"line":28,"column":15}},"loc":{"start":{"line":28,"column":20},"end":{"line":150,"column":1}},"line":28},"1":{"name":"(anonymous_1)","decl":{"start":{"line":35,"column":12},"end":{"line":35,"column":13}},"loc":{"start":{"line":35,"column":18},"end":{"line":45,"column":3}},"line":35},"2":{"name":"(anonymous_2)","decl":{"start":{"line":36,"column":49},"end":{"line":36,"column":50}},"loc":{"start":{"line":36,"column":59},"end":{"line":42,"column":5}},"line":36},"3":{"name":"(anonymous_3)","decl":{"start":{"line":44,"column":11},"end":{"line":44,"column":12}},"loc":{"start":{"line":44,"column":17},"end":{"line":44,"column":30}},"line":44},"4":{"name":"(anonymous_4)","decl":{"start":{"line":47,"column":23},"end":{"line":47,"column":24}},"loc":{"start":{"line":47,"column":35},"end":{"line":78,"column":3}},"line":47}},"branchMap":{"0":{"loc":{"start":{"line":37,"column":6},"end":{"line":41,"column":7}},"type":"if","locations":[{"start":{"line":37,"column":6},"end":{"line":41,"column":7}},{"start":{"line":39,"column":13},"end":{"line":41,"column":7}}],"line":37},"1":{"loc":{"start":{"line":48,"column":4},"end":{"line":51,"column":5}},"type":"if","locations":[{"start":{"line":48,"column":4},"end":{"line":51,"column":5}},{"start":{},"end":{}}],"line":48},"2":{"loc":{"start":{"line":48,"column":8},"end":{"line":48,"column":27}},"type":"binary-expr","locations":[{"start":{"line":48,"column":8},"end":{"line":48,"column":14}},{"start":{"line":48,"column":18},"end":{"line":48,"column":27}}],"line":48},"3":{"loc":{"start":{"line":68,"column":6},"end":{"line":75,"column":7}},"type":"if","locations":[{"start":{"line":68,"column":6},"end":{"line":75,"column":7}},{"start":{"line":73,"column":13},"end":{"line":75,"column":7}}],"line":68},"4":{"loc":{"start":{"line":69,"column":8},"end":{"line":70,"column":44}},"type":"binary-expr","locations":[{"start":{"line":69,"column":8},"end":{"line":69,"column":44}},{"start":{"line":70,"column":8},"end":{"line":70,"column":44}}],"line":69},"5":{"loc":{"start":{"line":73,"column":13},"end":{"line":75,"column":7}},"type":"if","locations":[{"start":{"line":73,"column":13},"end":{"line":75,"column":7}},{"start":{},"end":{}}],"line":73},"6":{"loc":{"start":{"line":80,"column":2},"end":{"line":86,"column":3}},"type":"if","locations":[{"start":{"line":80,"column":2},"end":{"line":86,"column":3}},{"start":{},"end":{}}],"line":80},"7":{"loc":{"start":{"line":88,"column":23},"end":{"line":88,"column":53}},"type":"cond-expr","locations":[{"start":{"line":88,"column":47},"end":{"line":88,"column":49}},{"start":{"line":88,"column":52},"end":{"line":88,"column":53}}],"line":88},"8":{"loc":{"start":{"line":89,"column":29},"end":{"line":89,"column":62}},"type":"cond-expr","locations":[{"start":{"line":89,"column":53},"end":{"line":89,"column":56}},{"start":{"line":89,"column":59},"end":{"line":89,"column":62}}],"line":89},"9":{"loc":{"start":{"line":94,"column":18},"end":{"line":94,"column":62}},"type":"cond-expr","locations":[{"start":{"line":94,"column":42},"end":{"line":94,"column":51}},{"start":{"line":94,"column":54},"end":{"line":94,"column":62}}],"line":94}},"s":{"0":1,"1":12,"2":12,"3":12,"4":12,"5":12,"6":4,"7":4,"8":1,"9":3,"10":4,"11":4,"12":12,"13":3,"14":1,"15":1,"16":2,"17":2,"18":1,"19":1,"20":1,"21":1,"22":1,"23":1,"24":1,"25":1,"26":1,"27":0,"28":0,"29":1,"30":12,"31":4,"32":8,"33":8,"34":8,"35":1},"f":{"0":12,"1":4,"2":4,"3":4,"4":3},"b":{"0":[1,3],"1":[1,2],"2":[3,2],"3":[1,0],"4":[1,0],"5":[0,0],"6":[4,8],"7":[8,0],"8":[8,0],"9":[8,0]},"_coverageSchema":"1a1c01bbd47fc00a2c39e90264f33305004495a9","hash":"84151db64e01fe6cae950a629e4b67524ba95051"}
,"C:\\Users\\senge\\Ernest\\VSCODE\\Orbital25\\app\\(auth)\\signup.jsx": {"path":"C:\\Users\\senge\\Ernest\\VSCODE\\Orbital25\\app\\(auth)\\signup.jsx","statementMap":{"0":{"start":{"line":30,"column":15},"end":{"line":187,"column":1}},"1":{"start":{"line":31,"column":17},"end":{"line":31,"column":28}},"2":{"start":{"line":33,"column":26},"end":{"line":33,"column":38}},"3":{"start":{"line":34,"column":28},"end":{"line":34,"column":40}},"4":{"start":{"line":35,"column":34},"end":{"line":35,"column":46}},"5":{"start":{"line":36,"column":48},"end":{"line":36,"column":60}},"6":{"start":{"line":37,"column":32},"end":{"line":37,"column":47}},"7":{"start":{"line":39,"column":23},"end":{"line":39,"column":53}},"8":{"start":{"line":40,"column":29},"end":{"line":40,"column":62}},"9":{"start":{"line":42,"column":24},"end":{"line":45,"column":3}},"10":{"start":{"line":43,"column":15},"end":{"line":43,"column":29}},"11":{"start":{"line":44,"column":4},"end":{"line":44,"column":26}},"12":{"start":{"line":47,"column":25},"end":{"line":112,"column":3}},"13":{"start":{"line":48,"column":4},"end":{"line":51,"column":5}},"14":{"start":{"line":49,"column":6},"end":{"line":49,"column":58}},"15":{"start":{"line":50,"column":6},"end":{"line":50,"column":13}},"16":{"start":{"line":52,"column":4},"end":{"line":55,"column":5}},"17":{"start":{"line":53,"column":6},"end":{"line":53,"column":68}},"18":{"start":{"line":54,"column":6},"end":{"line":54,"column":13}},"19":{"start":{"line":56,"column":4},"end":{"line":59,"column":5}},"20":{"start":{"line":57,"column":6},"end":{"line":57,"column":66}},"21":{"start":{"line":58,"column":6},"end":{"line":58,"column":13}},"22":{"start":{"line":60,"column":4},"end":{"line":63,"column":5}},"23":{"start":{"line":61,"column":6},"end":{"line":61,"column":72}},"24":{"start":{"line":62,"column":6},"end":{"line":62,"column":13}},"25":{"start":{"line":64,"column":4},"end":{"line":67,"column":5}},"26":{"start":{"line":65,"column":6},"end":{"line":65,"column":54}},"27":{"start":{"line":66,"column":6},"end":{"line":66,"column":13}},"28":{"start":{"line":69,"column":4},"end":{"line":69,"column":21}},"29":{"start":{"line":71,"column":4},"end":{"line":111,"column":5}},"30":{"start":{"line":72,"column":29},"end":{"line":76,"column":7}},"31":{"start":{"line":77,"column":19},"end":{"line":77,"column":38}},"32":{"start":{"line":79,"column":6},"end":{"line":81,"column":9}},"33":{"start":{"line":83,"column":6},"end":{"line":87,"column":9}},"34":{"start":{"line":89,"column":6},"end":{"line":89,"column":49}},"35":{"start":{"line":90,"column":6},"end":{"line":90,"column":18}},"36":{"start":{"line":91,"column":6},"end":{"line":91,"column":19}},"37":{"start":{"line":92,"column":6},"end":{"line":92,"column":22}},"38":{"start":{"line":93,"column":6},"end":{"line":93,"column":29}},"39":{"start":{"line":95,"column":6},"end":{"line":95,"column":37}},"40":{"start":{"line":97,"column":24},"end":{"line":97,"column":54}},"41":{"start":{"line":98,"column":6},"end":{"line":98,"column":49}},"42":{"start":{"line":100,"column":30},"end":{"line":100,"column":65}},"43":{"start":{"line":101,"column":6},"end":{"line":107,"column":7}},"44":{"start":{"line":102,"column":8},"end":{"line":102,"column":68}},"45":{"start":{"line":103,"column":13},"end":{"line":107,"column":7}},"46":{"start":{"line":104,"column":8},"end":{"line":104,"column":66}},"47":{"start":{"line":105,"column":13},"end":{"line":107,"column":7}},"48":{"start":{"line":106,"column":8},"end":{"line":106,"column":72}},"49":{"start":{"line":108,"column":6},"end":{"line":108,"column":55}},"50":{"start":{"line":110,"column":6},"end":{"line":110,"column":24}},"51":{"start":{"line":114,"column":2},"end":{"line":186,"column":4}},"52":{"start":{"line":191,"column":15},"end":{"line":211,"column":2}}},"fnMap":{"0":{"name":"(anonymous_0)","decl":{"start":{"line":30,"column":15},"end":{"line":30,"column":16}},"loc":{"start":{"line":30,"column":21},"end":{"line":187,"column":1}},"line":30},"1":{"name":"(anonymous_1)","decl":{"start":{"line":42,"column":24},"end":{"line":42,"column":25}},"loc":{"start":{"line":42,"column":35},"end":{"line":45,"column":3}},"line":42},"2":{"name":"(anonymous_2)","decl":{"start":{"line":47,"column":25},"end":{"line":47,"column":26}},"loc":{"start":{"line":47,"column":37},"end":{"line":112,"column":3}},"line":47}},"branchMap":{"0":{"loc":{"start":{"line":39,"column":23},"end":{"line":39,"column":53}},"type":"cond-expr","locations":[{"start":{"line":39,"column":47},"end":{"line":39,"column":49}},{"start":{"line":39,"column":52},"end":{"line":39,"column":53}}],"line":39},"1":{"loc":{"start":{"line":40,"column":29},"end":{"line":40,"column":62}},"type":"cond-expr","locations":[{"start":{"line":40,"column":53},"end":{"line":40,"column":56}},{"start":{"line":40,"column":59},"end":{"line":40,"column":62}}],"line":40},"2":{"loc":{"start":{"line":48,"column":4},"end":{"line":51,"column":5}},"type":"if","locations":[{"start":{"line":48,"column":4},"end":{"line":51,"column":5}},{"start":{},"end":{}}],"line":48},"3":{"loc":{"start":{"line":52,"column":4},"end":{"line":55,"column":5}},"type":"if","locations":[{"start":{"line":52,"column":4},"end":{"line":55,"column":5}},{"start":{},"end":{}}],"line":52},"4":{"loc":{"start":{"line":52,"column":8},"end":{"line":52,"column":27}},"type":"binary-expr","locations":[{"start":{"line":52,"column":8},"end":{"line":52,"column":14}},{"start":{"line":52,"column":18},"end":{"line":52,"column":27}}],"line":52},"5":{"loc":{"start":{"line":56,"column":4},"end":{"line":59,"column":5}},"type":"if","locations":[{"start":{"line":56,"column":4},"end":{"line":59,"column":5}},{"start":{},"end":{}}],"line":56},"6":{"loc":{"start":{"line":60,"column":4},"end":{"line":63,"column":5}},"type":"if","locations":[{"start":{"line":60,"column":4},"end":{"line":63,"column":5}},{"start":{},"end":{}}],"line":60},"7":{"loc":{"start":{"line":64,"column":4},"end":{"line":67,"column":5}},"type":"if","locations":[{"start":{"line":64,"column":4},"end":{"line":67,"column":5}},{"start":{},"end":{}}],"line":64},"8":{"loc":{"start":{"line":97,"column":24},"end":{"line":97,"column":54}},"type":"binary-expr","locations":[{"start":{"line":97,"column":24},"end":{"line":97,"column":35}},{"start":{"line":97,"column":39},"end":{"line":97,"column":54}}],"line":97},"9":{"loc":{"start":{"line":101,"column":6},"end":{"line":107,"column":7}},"type":"if","locations":[{"start":{"line":101,"column":6},"end":{"line":107,"column":7}},{"start":{"line":103,"column":13},"end":{"line":107,"column":7}}],"line":101},"10":{"loc":{"start":{"line":103,"column":13},"end":{"line":107,"column":7}},"type":"if","locations":[{"start":{"line":103,"column":13},"end":{"line":107,"column":7}},{"start":{"line":105,"column":13},"end":{"line":107,"column":7}}],"line":103},"11":{"loc":{"start":{"line":105,"column":13},"end":{"line":107,"column":7}},"type":"if","locations":[{"start":{"line":105,"column":13},"end":{"line":107,"column":7}},{"start":{},"end":{}}],"line":105},"12":{"loc":{"start":{"line":117,"column":18},"end":{"line":117,"column":62}},"type":"cond-expr","locations":[{"start":{"line":117,"column":42},"end":{"line":117,"column":51}},{"start":{"line":117,"column":54},"end":{"line":117,"column":62}}],"line":117},"13":{"loc":{"start":{"line":171,"column":17},"end":{"line":171,"column":51}},"type":"cond-expr","locations":[{"start":{"line":171,"column":27},"end":{"line":171,"column":40}},{"start":{"line":171,"column":43},"end":{"line":171,"column":51}}],"line":171}},"s":{"0":1,"1":28,"2":28,"3":28,"4":28,"5":28,"6":28,"7":28,"8":28,"9":28,"10":4,"11":4,"12":28,"13":6,"14":1,"15":1,"16":5,"17":1,"18":1,"19":4,"20":0,"21":0,"22":4,"23":0,"24":0,"25":4,"26":1,"27":1,"28":3,"29":3,"30":3,"31":1,"32":1,"33":1,"34":1,"35":1,"36":1,"37":1,"38":1,"39":1,"40":2,"41":2,"42":2,"43":2,"44":1,"45":1,"46":0,"47":1,"48":0,"49":2,"50":3,"51":28,"52":1},"f":{"0":28,"1":4,"2":6},"b":{"0":[28,0],"1":[28,0],"2":[1,5],"3":[1,4],"4":[5,4],"5":[0,4],"6":[0,4],"7":[1,3],"8":[2,0],"9":[1,1],"10":[0,1],"11":[0,1],"12":[28,0],"13":[1,27]},"_coverageSchema":"1a1c01bbd47fc00a2c39e90264f33305004495a9","hash":"c933f913e9fc845d7836b4f42ed7e0d8f88cb417"}
,"C:\\Users\\senge\\Ernest\\VSCODE\\Orbital25\\app\\(dashboard)\\profile.jsx": {"path":"C:\\Users\\senge\\Ernest\\VSCODE\\Orbital25\\app\\(dashboard)\\profile.jsx","statementMap":{"0":{"start":{"line":24,"column":16},"end":{"line":179,"column":1}},"1":{"start":{"line":25,"column":17},"end":{"line":25,"column":28}},"2":{"start":{"line":27,"column":34},"end":{"line":27,"column":56}},"3":{"start":{"line":28,"column":34},"end":{"line":28,"column":49}},"4":{"start":{"line":29,"column":36},"end":{"line":29,"column":48}},"5":{"start":{"line":31,"column":30},"end":{"line":31,"column":45}},"6":{"start":{"line":33,"column":2},"end":{"line":55,"column":9}},"7":{"start":{"line":34,"column":26},"end":{"line":52,"column":5}},"8":{"start":{"line":35,"column":6},"end":{"line":51,"column":7}},"9":{"start":{"line":36,"column":21},"end":{"line":36,"column":37}},"10":{"start":{"line":37,"column":8},"end":{"line":47,"column":9}},"11":{"start":{"line":38,"column":25},"end":{"line":38,"column":51}},"12":{"start":{"line":39,"column":26},"end":{"line":39,"column":46}},"13":{"start":{"line":40,"column":10},"end":{"line":46,"column":11}},"14":{"start":{"line":41,"column":25},"end":{"line":41,"column":57}},"15":{"start":{"line":42,"column":12},"end":{"line":42,"column":30}},"16":{"start":{"line":43,"column":12},"end":{"line":43,"column":31}},"17":{"start":{"line":45,"column":12},"end":{"line":45,"column":40}},"18":{"start":{"line":49,"column":8},"end":{"line":49,"column":58}},"19":{"start":{"line":50,"column":8},"end":{"line":50,"column":29}},"20":{"start":{"line":54,"column":4},"end":{"line":54,"column":20}},"21":{"start":{"line":57,"column":21},"end":{"line":86,"column":3}},"22":{"start":{"line":58,"column":4},"end":{"line":61,"column":5}},"23":{"start":{"line":59,"column":6},"end":{"line":59,"column":55}},"24":{"start":{"line":60,"column":6},"end":{"line":60,"column":13}},"25":{"start":{"line":63,"column":4},"end":{"line":85,"column":7}},"26":{"start":{"line":68,"column":10},"end":{"line":68,"column":26}},"27":{"start":{"line":69,"column":10},"end":{"line":82,"column":11}},"28":{"start":{"line":70,"column":25},"end":{"line":70,"column":41}},"29":{"start":{"line":71,"column":12},"end":{"line":76,"column":13}},"30":{"start":{"line":72,"column":29},"end":{"line":72,"column":55}},"31":{"start":{"line":73,"column":14},"end":{"line":73,"column":59}},"32":{"start":{"line":74,"column":14},"end":{"line":74,"column":37}},"33":{"start":{"line":75,"column":14},"end":{"line":75,"column":33}},"34":{"start":{"line":78,"column":12},"end":{"line":78,"column":60}},"35":{"start":{"line":79,"column":12},"end":{"line":79,"column":80}},"36":{"start":{"line":81,"column":12},"end":{"line":81,"column":29}},"37":{"start":{"line":88,"column":23},"end":{"line":91,"column":3}},"38":{"start":{"line":89,"column":4},"end":{"line":89,"column":27}},"39":{"start":{"line":90,"column":4},"end":{"line":90,"column":23}},"40":{"start":{"line":93,"column":23},"end":{"line":112,"column":3}},"41":{"start":{"line":94,"column":4},"end":{"line":111,"column":7}},"42":{"start":{"line":100,"column":10},"end":{"line":108,"column":11}},"43":{"start":{"line":101,"column":25},"end":{"line":101,"column":41}},"44":{"start":{"line":102,"column":12},"end":{"line":102,"column":32}},"45":{"start":{"line":103,"column":12},"end":{"line":103,"column":55}},"46":{"start":{"line":104,"column":12},"end":{"line":104,"column":32}},"47":{"start":{"line":106,"column":12},"end":{"line":106,"column":50}},"48":{"start":{"line":107,"column":12},"end":{"line":107,"column":72}},"49":{"start":{"line":114,"column":2},"end":{"line":178,"column":4}},"50":{"start":{"line":126,"column":27},"end":{"line":126,"column":44}},"51":{"start":{"line":183,"column":15},"end":{"line":240,"column":2}}},"fnMap":{"0":{"name":"(anonymous_0)","decl":{"start":{"line":24,"column":16},"end":{"line":24,"column":17}},"loc":{"start":{"line":24,"column":22},"end":{"line":179,"column":1}},"line":24},"1":{"name":"(anonymous_1)","decl":{"start":{"line":33,"column":12},"end":{"line":33,"column":13}},"loc":{"start":{"line":33,"column":18},"end":{"line":55,"column":3}},"line":33},"2":{"name":"(anonymous_2)","decl":{"start":{"line":34,"column":26},"end":{"line":34,"column":27}},"loc":{"start":{"line":34,"column":38},"end":{"line":52,"column":5}},"line":34},"3":{"name":"(anonymous_3)","decl":{"start":{"line":57,"column":21},"end":{"line":57,"column":22}},"loc":{"start":{"line":57,"column":27},"end":{"line":86,"column":3}},"line":57},"4":{"name":"(anonymous_4)","decl":{"start":{"line":67,"column":17},"end":{"line":67,"column":18}},"loc":{"start":{"line":67,"column":29},"end":{"line":83,"column":9}},"line":67},"5":{"name":"(anonymous_5)","decl":{"start":{"line":88,"column":23},"end":{"line":88,"column":24}},"loc":{"start":{"line":88,"column":29},"end":{"line":91,"column":3}},"line":88},"6":{"name":"(anonymous_6)","decl":{"start":{"line":93,"column":23},"end":{"line":93,"column":24}},"loc":{"start":{"line":93,"column":35},"end":{"line":112,"column":3}},"line":93},"7":{"name":"(anonymous_7)","decl":{"start":{"line":99,"column":17},"end":{"line":99,"column":18}},"loc":{"start":{"line":99,"column":29},"end":{"line":109,"column":9}},"line":99},"8":{"name":"(anonymous_8)","decl":{"start":{"line":126,"column":21},"end":{"line":126,"column":22}},"loc":{"start":{"line":126,"column":27},"end":{"line":126,"column":44}},"line":126}},"branchMap":{"0":{"loc":{"start":{"line":37,"column":8},"end":{"line":47,"column":9}},"type":"if","locations":[{"start":{"line":37,"column":8},"end":{"line":47,"column":9}},{"start":{},"end":{}}],"line":37},"1":{"loc":{"start":{"line":40,"column":10},"end":{"line":46,"column":11}},"type":"if","locations":[{"start":{"line":40,"column":10},"end":{"line":46,"column":11}},{"start":{"line":44,"column":17},"end":{"line":46,"column":11}}],"line":40},"2":{"loc":{"start":{"line":41,"column":25},"end":{"line":41,"column":57}},"type":"binary-expr","locations":[{"start":{"line":41,"column":25},"end":{"line":41,"column":44}},{"start":{"line":41,"column":48},"end":{"line":41,"column":57}}],"line":41},"3":{"loc":{"start":{"line":58,"column":4},"end":{"line":61,"column":5}},"type":"if","locations":[{"start":{"line":58,"column":4},"end":{"line":61,"column":5}},{"start":{},"end":{}}],"line":58},"4":{"loc":{"start":{"line":71,"column":12},"end":{"line":76,"column":13}},"type":"if","locations":[{"start":{"line":71,"column":12},"end":{"line":76,"column":13}},{"start":{},"end":{}}],"line":71},"5":{"loc":{"start":{"line":124,"column":9},"end":{"line":132,"column":9}},"type":"binary-expr","locations":[{"start":{"line":124,"column":9},"end":{"line":124,"column":18}},{"start":{"line":125,"column":10},"end":{"line":131,"column":29}}],"line":124},"6":{"loc":{"start":{"line":138,"column":9},"end":{"line":169,"column":9}},"type":"cond-expr","locations":[{"start":{"line":139,"column":10},"end":{"line":166,"column":17}},{"start":{"line":168,"column":10},"end":{"line":168,"column":45}}],"line":138},"7":{"loc":{"start":{"line":155,"column":25},"end":{"line":155,"column":52}},"type":"cond-expr","locations":[{"start":{"line":155,"column":34},"end":{"line":155,"column":40}},{"start":{"line":155,"column":43},"end":{"line":155,"column":52}}],"line":155}},"s":{"0":1,"1":34,"2":34,"3":34,"4":34,"5":34,"6":34,"7":10,"8":10,"9":10,"10":10,"11":10,"12":10,"13":9,"14":8,"15":8,"16":8,"17":1,"18":1,"19":1,"20":10,"21":34,"22":3,"23":1,"24":1,"25":2,"26":2,"27":2,"28":2,"29":2,"30":2,"31":2,"32":1,"33":1,"34":1,"35":1,"36":2,"37":34,"38":1,"39":1,"40":34,"41":2,"42":2,"43":2,"44":2,"45":1,"46":1,"47":1,"48":1,"49":34,"50":5,"51":1},"f":{"0":34,"1":10,"2":10,"3":3,"4":2,"5":1,"6":2,"7":2,"8":5},"b":{"0":[10,0],"1":[8,1],"2":[8,0],"3":[1,2],"4":[2,0],"5":[34,22],"6":[12,22],"7":[2,10]},"_coverageSchema":"1a1c01bbd47fc00a2c39e90264f33305004495a9","hash":"b78a2b24e1beea69d904599478f8c549e8862830"}
,"C:\\Users\\senge\\Ernest\\VSCODE\\Orbital25\\app\\(progress)\\addWorkout.jsx": {"path":"C:\\Users\\senge\\Ernest\\VSCODE\\Orbital25\\app\\(progress)\\addWorkout.jsx","statementMap":{"0":{"start":{"line":28,"column":19},"end":{"line":593,"column":1}},"1":{"start":{"line":29,"column":17},"end":{"line":29,"column":28}},"2":{"start":{"line":31,"column":26},"end":{"line":31,"column":46}},"3":{"start":{"line":32,"column":46},"end":{"line":32,"column":61}},"4":{"start":{"line":34,"column":52},"end":{"line":34,"column":66}},"5":{"start":{"line":35,"column":50},"end":{"line":35,"column":65}},"6":{"start":{"line":37,"column":23},"end":{"line":46,"column":3}},"7":{"start":{"line":38,"column":4},"end":{"line":38,"column":29}},"8":{"start":{"line":39,"column":4},"end":{"line":45,"column":5}},"9":{"start":{"line":40,"column":22},"end":{"line":40,"column":36}},"10":{"start":{"line":41,"column":6},"end":{"line":41,"column":54}},"11":{"start":{"line":42,"column":6},"end":{"line":42,"column":48}},"12":{"start":{"line":43,"column":6},"end":{"line":43,"column":46}},"13":{"start":{"line":44,"column":6},"end":{"line":44,"column":23}},"14":{"start":{"line":48,"column":40},"end":{"line":48,"column":52}},"15":{"start":{"line":49,"column":42},"end":{"line":49,"column":54}},"16":{"start":{"line":50,"column":36},"end":{"line":50,"column":48}},"17":{"start":{"line":51,"column":52},"end":{"line":51,"column":66}},"18":{"start":{"line":53,"column":28},"end":{"line":53,"column":50}},"19":{"start":{"line":55,"column":25},"end":{"line":55,"column":34}},"20":{"start":{"line":56,"column":20},"end":{"line":56,"column":29}},"21":{"start":{"line":58,"column":48},"end":{"line":58,"column":62}},"22":{"start":{"line":61,"column":26},"end":{"line":86,"column":3}},"23":{"start":{"line":88,"column":2},"end":{"line":154,"column":22}},"24":{"start":{"line":89,"column":4},"end":{"line":153,"column":5}},"25":{"start":{"line":90,"column":27},"end":{"line":151,"column":7}},"26":{"start":{"line":91,"column":8},"end":{"line":150,"column":9}},"27":{"start":{"line":92,"column":25},"end":{"line":92,"column":59}},"28":{"start":{"line":93,"column":26},"end":{"line":93,"column":46}},"29":{"start":{"line":94,"column":10},"end":{"line":146,"column":11}},"30":{"start":{"line":95,"column":25},"end":{"line":95,"column":39}},"31":{"start":{"line":97,"column":12},"end":{"line":105,"column":15}},"32":{"start":{"line":107,"column":12},"end":{"line":107,"column":44}},"33":{"start":{"line":108,"column":12},"end":{"line":108,"column":53}},"34":{"start":{"line":110,"column":12},"end":{"line":137,"column":13}},"35":{"start":{"line":111,"column":39},"end":{"line":120,"column":16}},"36":{"start":{"line":112,"column":29},"end":{"line":112,"column":62}},"37":{"start":{"line":113,"column":36},"end":{"line":118,"column":22}},"38":{"start":{"line":114,"column":42},"end":{"line":117,"column":21}},"39":{"start":{"line":119,"column":16},"end":{"line":119,"column":62}},"40":{"start":{"line":122,"column":36},"end":{"line":125,"column":15}},"41":{"start":{"line":123,"column":47},"end":{"line":123,"column":56}},"42":{"start":{"line":126,"column":14},"end":{"line":126,"column":57}},"43":{"start":{"line":128,"column":32},"end":{"line":130,"column":15}},"44":{"start":{"line":129,"column":16},"end":{"line":129,"column":44}},"45":{"start":{"line":129,"column":34},"end":{"line":129,"column":43}},"46":{"start":{"line":131,"column":31},"end":{"line":131,"column":56}},"47":{"start":{"line":132,"column":14},"end":{"line":132,"column":47}},"48":{"start":{"line":134,"column":14},"end":{"line":134,"column":45}},"49":{"start":{"line":136,"column":14},"end":{"line":136,"column":31}},"50":{"start":{"line":139,"column":12},"end":{"line":139,"column":58}},"51":{"start":{"line":140,"column":12},"end":{"line":142,"column":14}},"52":{"start":{"line":144,"column":12},"end":{"line":144,"column":46}},"53":{"start":{"line":145,"column":12},"end":{"line":145,"column":26}},"54":{"start":{"line":148,"column":10},"end":{"line":148,"column":58}},"55":{"start":{"line":149,"column":10},"end":{"line":149,"column":55}},"56":{"start":{"line":152,"column":6},"end":{"line":152,"column":21}},"57":{"start":{"line":157,"column":28},"end":{"line":162,"column":3}},"58":{"start":{"line":158,"column":4},"end":{"line":161,"column":7}},"59":{"start":{"line":158,"column":27},"end":{"line":161,"column":5}},"60":{"start":{"line":164,"column":35},"end":{"line":168,"column":3}},"61":{"start":{"line":165,"column":20},"end":{"line":165,"column":34}},"62":{"start":{"line":166,"column":4},"end":{"line":166,"column":32}},"63":{"start":{"line":167,"column":4},"end":{"line":167,"column":26}},"64":{"start":{"line":171,"column":33},"end":{"line":183,"column":3}},"65":{"start":{"line":172,"column":4},"end":{"line":182,"column":7}},"66":{"start":{"line":173,"column":22},"end":{"line":173,"column":40}},"67":{"start":{"line":174,"column":6},"end":{"line":180,"column":9}},"68":{"start":{"line":181,"column":6},"end":{"line":181,"column":21}},"69":{"start":{"line":185,"column":26},"end":{"line":189,"column":3}},"70":{"start":{"line":186,"column":20},"end":{"line":186,"column":34}},"71":{"start":{"line":187,"column":4},"end":{"line":187,"column":55}},"72":{"start":{"line":188,"column":4},"end":{"line":188,"column":26}},"73":{"start":{"line":191,"column":31},"end":{"line":195,"column":3}},"74":{"start":{"line":192,"column":20},"end":{"line":192,"column":34}},"75":{"start":{"line":193,"column":4},"end":{"line":193,"column":29}},"76":{"start":{"line":194,"column":4},"end":{"line":194,"column":26}},"77":{"start":{"line":197,"column":26},"end":{"line":201,"column":3}},"78":{"start":{"line":198,"column":20},"end":{"line":198,"column":34}},"79":{"start":{"line":199,"column":4},"end":{"line":199,"column":52}},"80":{"start":{"line":200,"column":4},"end":{"line":200,"column":26}},"81":{"start":{"line":203,"column":27},"end":{"line":203,"column":77}},"82":{"start":{"line":205,"column":28},"end":{"line":287,"column":3}},"83":{"start":{"line":206,"column":4},"end":{"line":209,"column":5}},"84":{"start":{"line":207,"column":6},"end":{"line":207,"column":50}},"85":{"start":{"line":208,"column":6},"end":{"line":208,"column":13}},"86":{"start":{"line":211,"column":4},"end":{"line":214,"column":5}},"87":{"start":{"line":212,"column":6},"end":{"line":212,"column":58}},"88":{"start":{"line":213,"column":6},"end":{"line":213,"column":13}},"89":{"start":{"line":215,"column":27},"end":{"line":217,"column":5}},"90":{"start":{"line":216,"column":14},"end":{"line":216,"column":46}},"91":{"start":{"line":218,"column":4},"end":{"line":221,"column":5}},"92":{"start":{"line":219,"column":6},"end":{"line":219,"column":55}},"93":{"start":{"line":220,"column":6},"end":{"line":220,"column":13}},"94":{"start":{"line":223,"column":4},"end":{"line":228,"column":5}},"95":{"start":{"line":224,"column":6},"end":{"line":227,"column":7}},"96":{"start":{"line":225,"column":8},"end":{"line":225,"column":69}},"97":{"start":{"line":226,"column":8},"end":{"line":226,"column":15}},"98":{"start":{"line":229,"column":4},"end":{"line":236,"column":5}},"99":{"start":{"line":230,"column":6},"end":{"line":235,"column":7}},"100":{"start":{"line":231,"column":8},"end":{"line":234,"column":9}},"101":{"start":{"line":232,"column":10},"end":{"line":232,"column":70}},"102":{"start":{"line":233,"column":10},"end":{"line":233,"column":17}},"103":{"start":{"line":238,"column":24},"end":{"line":238,"column":40}},"104":{"start":{"line":239,"column":4},"end":{"line":242,"column":5}},"105":{"start":{"line":240,"column":6},"end":{"line":240,"column":62}},"106":{"start":{"line":241,"column":6},"end":{"line":241,"column":13}},"107":{"start":{"line":243,"column":19},"end":{"line":243,"column":34}},"108":{"start":{"line":245,"column":17},"end":{"line":275,"column":5}},"109":{"start":{"line":246,"column":6},"end":{"line":274,"column":7}},"110":{"start":{"line":247,"column":8},"end":{"line":265,"column":9}},"111":{"start":{"line":248,"column":10},"end":{"line":255,"column":13}},"112":{"start":{"line":257,"column":10},"end":{"line":264,"column":13}},"113":{"start":{"line":266,"column":8},"end":{"line":270,"column":10}},"114":{"start":{"line":269,"column":40},"end":{"line":269,"column":53}},"115":{"start":{"line":272,"column":8},"end":{"line":272,"column":54}},"116":{"start":{"line":273,"column":8},"end":{"line":273,"column":47}},"117":{"start":{"line":277,"column":4},"end":{"line":286,"column":6}},"118":{"start":{"line":289,"column":22},"end":{"line":291,"column":3}},"119":{"start":{"line":290,"column":4},"end":{"line":290,"column":51}},"120":{"start":{"line":293,"column":22},"end":{"line":326,"column":3}},"121":{"start":{"line":294,"column":4},"end":{"line":313,"column":5}},"122":{"start":{"line":296,"column":6},"end":{"line":312,"column":8}},"123":{"start":{"line":303,"column":14},"end":{"line":310,"column":18}},"124":{"start":{"line":308,"column":20},"end":{"line":309,"column":53}},"125":{"start":{"line":317,"column":4},"end":{"line":317,"column":58}},"126":{"start":{"line":317,"column":46},"end":{"line":317,"column":58}},"127":{"start":{"line":318,"column":4},"end":{"line":318,"column":67}},"128":{"start":{"line":318,"column":55},"end":{"line":318,"column":67}},"129":{"start":{"line":319,"column":4},"end":{"line":319,"column":70}},"130":{"start":{"line":319,"column":58},"end":{"line":319,"column":70}},"131":{"start":{"line":322,"column":4},"end":{"line":322,"column":72}},"132":{"start":{"line":322,"column":60},"end":{"line":322,"column":72}},"133":{"start":{"line":325,"column":4},"end":{"line":325,"column":17}},"134":{"start":{"line":328,"column":28},"end":{"line":343,"column":3}},"135":{"start":{"line":329,"column":4},"end":{"line":342,"column":5}},"136":{"start":{"line":330,"column":6},"end":{"line":339,"column":8}},"137":{"start":{"line":337,"column":62},"end":{"line":337,"column":75}},"138":{"start":{"line":341,"column":6},"end":{"line":341,"column":20}},"139":{"start":{"line":346,"column":2},"end":{"line":592,"column":4}},"140":{"start":{"line":370,"column":29},"end":{"line":370,"column":52}},"141":{"start":{"line":419,"column":12},"end":{"line":571,"column":19}},"142":{"start":{"line":437,"column":24},"end":{"line":437,"column":75}},"143":{"start":{"line":440,"column":38},"end":{"line":440,"column":61}},"144":{"start":{"line":441,"column":24},"end":{"line":441,"column":71}},"145":{"start":{"line":457,"column":35},"end":{"line":457,"column":70}},"146":{"start":{"line":467,"column":20},"end":{"line":470,"column":27}},"147":{"start":{"line":471,"column":18},"end":{"line":559,"column":20}},"148":{"start":{"line":482,"column":63},"end":{"line":485,"column":27}},"149":{"start":{"line":487,"column":44},"end":{"line":487,"column":58}},"150":{"start":{"line":488,"column":28},"end":{"line":489,"column":35}},"151":{"start":{"line":490,"column":28},"end":{"line":490,"column":50}},"152":{"start":{"line":493,"column":42},"end":{"line":493,"column":60}},"153":{"start":{"line":494,"column":28},"end":{"line":499,"column":30}},"154":{"start":{"line":518,"column":40},"end":{"line":518,"column":60}},"155":{"start":{"line":519,"column":28},"end":{"line":519,"column":70}},"156":{"start":{"line":522,"column":44},"end":{"line":522,"column":58}},"157":{"start":{"line":523,"column":28},"end":{"line":524,"column":35}},"158":{"start":{"line":525,"column":28},"end":{"line":525,"column":50}},"159":{"start":{"line":528,"column":42},"end":{"line":528,"column":62}},"160":{"start":{"line":529,"column":28},"end":{"line":534,"column":30}},"161":{"start":{"line":549,"column":39},"end":{"line":549,"column":79}},"162":{"start":{"line":563,"column":33},"end":{"line":563,"column":70}},"163":{"start":{"line":597,"column":15},"end":{"line":691,"column":2}}},"fnMap":{"0":{"name":"(anonymous_0)","decl":{"start":{"line":28,"column":19},"end":{"line":28,"column":20}},"loc":{"start":{"line":28,"column":25},"end":{"line":593,"column":1}},"line":28},"1":{"name":"(anonymous_1)","decl":{"start":{"line":37,"column":23},"end":{"line":37,"column":24}},"loc":{"start":{"line":37,"column":48},"end":{"line":46,"column":3}},"line":37},"2":{"name":"(anonymous_2)","decl":{"start":{"line":88,"column":12},"end":{"line":88,"column":13}},"loc":{"start":{"line":88,"column":18},"end":{"line":154,"column":3}},"line":88},"3":{"name":"(anonymous_3)","decl":{"start":{"line":90,"column":27},"end":{"line":90,"column":28}},"loc":{"start":{"line":90,"column":39},"end":{"line":151,"column":7}},"line":90},"4":{"name":"(anonymous_4)","decl":{"start":{"line":111,"column":58},"end":{"line":111,"column":59}},"loc":{"start":{"line":111,"column":66},"end":{"line":120,"column":15}},"line":111},"5":{"name":"(anonymous_5)","decl":{"start":{"line":114,"column":32},"end":{"line":114,"column":33}},"loc":{"start":{"line":114,"column":42},"end":{"line":117,"column":21}},"line":114},"6":{"name":"(anonymous_6)","decl":{"start":{"line":123,"column":40},"end":{"line":123,"column":41}},"loc":{"start":{"line":123,"column":47},"end":{"line":123,"column":56}},"line":123},"7":{"name":"(anonymous_7)","decl":{"start":{"line":128,"column":57},"end":{"line":128,"column":58}},"loc":{"start":{"line":129,"column":16},"end":{"line":129,"column":44}},"line":129},"8":{"name":"(anonymous_8)","decl":{"start":{"line":129,"column":27},"end":{"line":129,"column":28}},"loc":{"start":{"line":129,"column":34},"end":{"line":129,"column":43}},"line":129},"9":{"name":"(anonymous_9)","decl":{"start":{"line":157,"column":28},"end":{"line":157,"column":29}},"loc":{"start":{"line":157,"column":34},"end":{"line":162,"column":3}},"line":157},"10":{"name":"(anonymous_10)","decl":{"start":{"line":158,"column":17},"end":{"line":158,"column":18}},"loc":{"start":{"line":158,"column":27},"end":{"line":161,"column":5}},"line":158},"11":{"name":"(anonymous_11)","decl":{"start":{"line":164,"column":35},"end":{"line":164,"column":36}},"loc":{"start":{"line":164,"column":53},"end":{"line":168,"column":3}},"line":164},"12":{"name":"(anonymous_12)","decl":{"start":{"line":171,"column":33},"end":{"line":171,"column":34}},"loc":{"start":{"line":171,"column":52},"end":{"line":183,"column":3}},"line":171},"13":{"name":"(anonymous_13)","decl":{"start":{"line":172,"column":17},"end":{"line":172,"column":18}},"loc":{"start":{"line":172,"column":36},"end":{"line":182,"column":5}},"line":172},"14":{"name":"(anonymous_14)","decl":{"start":{"line":185,"column":26},"end":{"line":185,"column":27}},"loc":{"start":{"line":185,"column":67},"end":{"line":189,"column":3}},"line":185},"15":{"name":"(anonymous_15)","decl":{"start":{"line":191,"column":31},"end":{"line":191,"column":32}},"loc":{"start":{"line":191,"column":42},"end":{"line":195,"column":3}},"line":191},"16":{"name":"(anonymous_16)","decl":{"start":{"line":197,"column":26},"end":{"line":197,"column":27}},"loc":{"start":{"line":197,"column":55},"end":{"line":201,"column":3}},"line":197},"17":{"name":"(anonymous_17)","decl":{"start":{"line":205,"column":28},"end":{"line":205,"column":29}},"loc":{"start":{"line":205,"column":40},"end":{"line":287,"column":3}},"line":205},"18":{"name":"(anonymous_18)","decl":{"start":{"line":216,"column":6},"end":{"line":216,"column":7}},"loc":{"start":{"line":216,"column":14},"end":{"line":216,"column":46}},"line":216},"19":{"name":"(anonymous_19)","decl":{"start":{"line":245,"column":17},"end":{"line":245,"column":18}},"loc":{"start":{"line":245,"column":29},"end":{"line":275,"column":5}},"line":245},"20":{"name":"(anonymous_20)","decl":{"start":{"line":269,"column":34},"end":{"line":269,"column":35}},"loc":{"start":{"line":269,"column":40},"end":{"line":269,"column":53}},"line":269},"21":{"name":"(anonymous_21)","decl":{"start":{"line":289,"column":22},"end":{"line":289,"column":23}},"loc":{"start":{"line":289,"column":32},"end":{"line":291,"column":3}},"line":289},"22":{"name":"(anonymous_22)","decl":{"start":{"line":293,"column":22},"end":{"line":293,"column":23}},"loc":{"start":{"line":293,"column":28},"end":{"line":326,"column":3}},"line":293},"23":{"name":"(anonymous_23)","decl":{"start":{"line":302,"column":12},"end":{"line":302,"column":13}},"loc":{"start":{"line":303,"column":14},"end":{"line":310,"column":18}},"line":303},"24":{"name":"(anonymous_24)","decl":{"start":{"line":307,"column":18},"end":{"line":307,"column":19}},"loc":{"start":{"line":308,"column":20},"end":{"line":309,"column":53}},"line":308},"25":{"name":"(anonymous_25)","decl":{"start":{"line":328,"column":28},"end":{"line":328,"column":29}},"loc":{"start":{"line":328,"column":34},"end":{"line":343,"column":3}},"line":328},"26":{"name":"(anonymous_26)","decl":{"start":{"line":337,"column":56},"end":{"line":337,"column":57}},"loc":{"start":{"line":337,"column":62},"end":{"line":337,"column":75}},"line":337},"27":{"name":"(anonymous_27)","decl":{"start":{"line":370,"column":23},"end":{"line":370,"column":24}},"loc":{"start":{"line":370,"column":29},"end":{"line":370,"column":52}},"line":370},"28":{"name":"(anonymous_28)","decl":{"start":{"line":418,"column":25},"end":{"line":418,"column":26}},"loc":{"start":{"line":419,"column":12},"end":{"line":571,"column":19}},"line":419},"29":{"name":"(anonymous_29)","decl":{"start":{"line":436,"column":31},"end":{"line":436,"column":32}},"loc":{"start":{"line":437,"column":24},"end":{"line":437,"column":75}},"line":437},"30":{"name":"(anonymous_30)","decl":{"start":{"line":439,"column":32},"end":{"line":439,"column":33}},"loc":{"start":{"line":439,"column":46},"end":{"line":442,"column":23}},"line":439},"31":{"name":"(anonymous_31)","decl":{"start":{"line":457,"column":29},"end":{"line":457,"column":30}},"loc":{"start":{"line":457,"column":35},"end":{"line":457,"column":70}},"line":457},"32":{"name":"(anonymous_32)","decl":{"start":{"line":465,"column":35},"end":{"line":465,"column":36}},"loc":{"start":{"line":465,"column":54},"end":{"line":560,"column":17}},"line":465},"33":{"name":"(anonymous_33)","decl":{"start":{"line":482,"column":52},"end":{"line":482,"column":53}},"loc":{"start":{"line":482,"column":63},"end":{"line":485,"column":27}},"line":482},"34":{"name":"(anonymous_34)","decl":{"start":{"line":486,"column":35},"end":{"line":486,"column":36}},"loc":{"start":{"line":486,"column":45},"end":{"line":491,"column":27}},"line":486},"35":{"name":"(anonymous_35)","decl":{"start":{"line":492,"column":36},"end":{"line":492,"column":37}},"loc":{"start":{"line":492,"column":50},"end":{"line":500,"column":27}},"line":492},"36":{"name":"(anonymous_36)","decl":{"start":{"line":517,"column":53},"end":{"line":517,"column":54}},"loc":{"start":{"line":517,"column":63},"end":{"line":520,"column":27}},"line":517},"37":{"name":"(anonymous_37)","decl":{"start":{"line":521,"column":35},"end":{"line":521,"column":36}},"loc":{"start":{"line":521,"column":45},"end":{"line":526,"column":27}},"line":521},"38":{"name":"(anonymous_38)","decl":{"start":{"line":527,"column":36},"end":{"line":527,"column":37}},"loc":{"start":{"line":527,"column":50},"end":{"line":535,"column":27}},"line":527},"39":{"name":"(anonymous_39)","decl":{"start":{"line":549,"column":33},"end":{"line":549,"column":34}},"loc":{"start":{"line":549,"column":39},"end":{"line":549,"column":79}},"line":549},"40":{"name":"(anonymous_40)","decl":{"start":{"line":563,"column":27},"end":{"line":563,"column":28}},"loc":{"start":{"line":563,"column":33},"end":{"line":563,"column":70}},"line":563}},"branchMap":{"0":{"loc":{"start":{"line":39,"column":4},"end":{"line":45,"column":5}},"type":"if","locations":[{"start":{"line":39,"column":4},"end":{"line":45,"column":5}},{"start":{},"end":{}}],"line":39},"1":{"loc":{"start":{"line":89,"column":4},"end":{"line":153,"column":5}},"type":"if","locations":[{"start":{"line":89,"column":4},"end":{"line":153,"column":5}},{"start":{},"end":{}}],"line":89},"2":{"loc":{"start":{"line":94,"column":10},"end":{"line":146,"column":11}},"type":"if","locations":[{"start":{"line":94,"column":10},"end":{"line":146,"column":11}},{"start":{"line":143,"column":17},"end":{"line":146,"column":11}}],"line":94},"3":{"loc":{"start":{"line":98,"column":20},"end":{"line":98,"column":35}},"type":"binary-expr","locations":[{"start":{"line":98,"column":20},"end":{"line":98,"column":29}},{"start":{"line":98,"column":33},"end":{"line":98,"column":35}}],"line":98},"4":{"loc":{"start":{"line":99,"column":28},"end":{"line":99,"column":51}},"type":"binary-expr","locations":[{"start":{"line":99,"column":28},"end":{"line":99,"column":45}},{"start":{"line":99,"column":49},"end":{"line":99,"column":51}}],"line":99},"5":{"loc":{"start":{"line":100,"column":25},"end":{"line":100,"column":45}},"type":"binary-expr","locations":[{"start":{"line":100,"column":25},"end":{"line":100,"column":39}},{"start":{"line":100,"column":43},"end":{"line":100,"column":45}}],"line":100},"6":{"loc":{"start":{"line":101,"column":26},"end":{"line":101,"column":49}},"type":"binary-expr","locations":[{"start":{"line":101,"column":26},"end":{"line":101,"column":41}},{"start":{"line":101,"column":45},"end":{"line":101,"column":49}}],"line":101},"7":{"loc":{"start":{"line":102,"column":25},"end":{"line":104,"column":28}},"type":"cond-expr","locations":[{"start":{"line":103,"column":18},"end":{"line":103,"column":41}},{"start":{"line":104,"column":18},"end":{"line":104,"column":28}}],"line":102},"8":{"loc":{"start":{"line":107,"column":27},"end":{"line":107,"column":42}},"type":"binary-expr","locations":[{"start":{"line":107,"column":27},"end":{"line":107,"column":36}},{"start":{"line":107,"column":40},"end":{"line":107,"column":42}}],"line":107},"9":{"loc":{"start":{"line":108,"column":28},"end":{"line":108,"column":51}},"type":"binary-expr","locations":[{"start":{"line":108,"column":28},"end":{"line":108,"column":45}},{"start":{"line":108,"column":49},"end":{"line":108,"column":51}}],"line":108},"10":{"loc":{"start":{"line":110,"column":12},"end":{"line":137,"column":13}},"type":"if","locations":[{"start":{"line":110,"column":12},"end":{"line":137,"column":13}},{"start":{"line":135,"column":19},"end":{"line":137,"column":13}}],"line":110},"11":{"loc":{"start":{"line":110,"column":16},"end":{"line":110,"column":59}},"type":"binary-expr","locations":[{"start":{"line":110,"column":16},"end":{"line":110,"column":30}},{"start":{"line":110,"column":34},"end":{"line":110,"column":59}}],"line":110},"12":{"loc":{"start":{"line":112,"column":29},"end":{"line":112,"column":62}},"type":"binary-expr","locations":[{"start":{"line":112,"column":29},"end":{"line":112,"column":34}},{"start":{"line":112,"column":38},"end":{"line":112,"column":62}}],"line":112},"13":{"loc":{"start":{"line":113,"column":36},"end":{"line":118,"column":22}},"type":"cond-expr","locations":[{"start":{"line":114,"column":20},"end":{"line":117,"column":23}},{"start":{"line":118,"column":20},"end":{"line":118,"column":22}}],"line":113},"14":{"loc":{"start":{"line":116,"column":26},"end":{"line":116,"column":55}},"type":"binary-expr","locations":[{"start":{"line":116,"column":26},"end":{"line":116,"column":32}},{"start":{"line":116,"column":36},"end":{"line":116,"column":55}}],"line":116},"15":{"loc":{"start":{"line":123,"column":47},"end":{"line":123,"column":56}},"type":"binary-expr","locations":[{"start":{"line":123,"column":47},"end":{"line":123,"column":51}},{"start":{"line":123,"column":55},"end":{"line":123,"column":56}}],"line":123},"16":{"loc":{"start":{"line":129,"column":34},"end":{"line":129,"column":43}},"type":"binary-expr","locations":[{"start":{"line":129,"column":34},"end":{"line":129,"column":38}},{"start":{"line":129,"column":42},"end":{"line":129,"column":43}}],"line":129},"17":{"loc":{"start":{"line":139,"column":33},"end":{"line":139,"column":56}},"type":"binary-expr","locations":[{"start":{"line":139,"column":33},"end":{"line":139,"column":48}},{"start":{"line":139,"column":52},"end":{"line":139,"column":56}}],"line":139},"18":{"loc":{"start":{"line":141,"column":14},"end":{"line":141,"column":75}},"type":"cond-expr","locations":[{"start":{"line":141,"column":39},"end":{"line":141,"column":62}},{"start":{"line":141,"column":65},"end":{"line":141,"column":75}}],"line":141},"19":{"loc":{"start":{"line":203,"column":27},"end":{"line":203,"column":77}},"type":"cond-expr","locations":[{"start":{"line":203,"column":55},"end":{"line":203,"column":62}},{"start":{"line":203,"column":65},"end":{"line":203,"column":77}}],"line":203},"20":{"loc":{"start":{"line":206,"column":4},"end":{"line":209,"column":5}},"type":"if","locations":[{"start":{"line":206,"column":4},"end":{"line":209,"column":5}},{"start":{},"end":{}}],"line":206},"21":{"loc":{"start":{"line":211,"column":4},"end":{"line":214,"column":5}},"type":"if","locations":[{"start":{"line":211,"column":4},"end":{"line":214,"column":5}},{"start":{},"end":{}}],"line":211},"22":{"loc":{"start":{"line":216,"column":14},"end":{"line":216,"column":46}},"type":"binary-expr","locations":[{"start":{"line":216,"column":14},"end":{"line":216,"column":21}},{"start":{"line":216,"column":25},"end":{"line":216,"column":46}}],"line":216},"23":{"loc":{"start":{"line":218,"column":4},"end":{"line":221,"column":5}},"type":"if","locations":[{"start":{"line":218,"column":4},"end":{"line":221,"column":5}},{"start":{},"end":{}}],"line":218},"24":{"loc":{"start":{"line":224,"column":6},"end":{"line":227,"column":7}},"type":"if","locations":[{"start":{"line":224,"column":6},"end":{"line":227,"column":7}},{"start":{},"end":{}}],"line":224},"25":{"loc":{"start":{"line":224,"column":10},"end":{"line":224,"column":42}},"type":"binary-expr","locations":[{"start":{"line":224,"column":10},"end":{"line":224,"column":18}},{"start":{"line":224,"column":22},"end":{"line":224,"column":42}}],"line":224},"26":{"loc":{"start":{"line":231,"column":8},"end":{"line":234,"column":9}},"type":"if","locations":[{"start":{"line":231,"column":8},"end":{"line":234,"column":9}},{"start":{},"end":{}}],"line":231},"27":{"loc":{"start":{"line":231,"column":12},"end":{"line":231,"column":36}},"type":"binary-expr","locations":[{"start":{"line":231,"column":12},"end":{"line":231,"column":21}},{"start":{"line":231,"column":25},"end":{"line":231,"column":36}}],"line":231},"28":{"loc":{"start":{"line":239,"column":4},"end":{"line":242,"column":5}},"type":"if","locations":[{"start":{"line":239,"column":4},"end":{"line":242,"column":5}},{"start":{},"end":{}}],"line":239},"29":{"loc":{"start":{"line":247,"column":8},"end":{"line":265,"column":9}},"type":"if","locations":[{"start":{"line":247,"column":8},"end":{"line":265,"column":9}},{"start":{"line":256,"column":15},"end":{"line":265,"column":9}}],"line":247},"30":{"loc":{"start":{"line":268,"column":10},"end":{"line":268,"column":63}},"type":"cond-expr","locations":[{"start":{"line":268,"column":26},"end":{"line":268,"column":44}},{"start":{"line":268,"column":47},"end":{"line":268,"column":63}}],"line":268},"31":{"loc":{"start":{"line":278,"column":6},"end":{"line":278,"column":55}},"type":"cond-expr","locations":[{"start":{"line":278,"column":22},"end":{"line":278,"column":38}},{"start":{"line":278,"column":41},"end":{"line":278,"column":55}}],"line":278},"32":{"loc":{"start":{"line":279,"column":6},"end":{"line":281,"column":55}},"type":"cond-expr","locations":[{"start":{"line":280,"column":10},"end":{"line":280,"column":57}},{"start":{"line":281,"column":10},"end":{"line":281,"column":55}}],"line":279},"33":{"loc":{"start":{"line":284,"column":16},"end":{"line":284,"column":49}},"type":"cond-expr","locations":[{"start":{"line":284,"column":32},"end":{"line":284,"column":40}},{"start":{"line":284,"column":43},"end":{"line":284,"column":49}}],"line":284},"34":{"loc":{"start":{"line":294,"column":4},"end":{"line":313,"column":5}},"type":"if","locations":[{"start":{"line":294,"column":4},"end":{"line":313,"column":5}},{"start":{},"end":{}}],"line":294},"35":{"loc":{"start":{"line":297,"column":8},"end":{"line":311,"column":12}},"type":"binary-expr","locations":[{"start":{"line":297,"column":8},"end":{"line":297,"column":33}},{"start":{"line":298,"column":8},"end":{"line":298,"column":34}},{"start":{"line":299,"column":8},"end":{"line":299,"column":34}},{"start":{"line":300,"column":9},"end":{"line":300,"column":29}},{"start":{"line":301,"column":10},"end":{"line":311,"column":11}}],"line":297},"36":{"loc":{"start":{"line":303,"column":14},"end":{"line":310,"column":18}},"type":"binary-expr","locations":[{"start":{"line":303,"column":15},"end":{"line":303,"column":22}},{"start":{"line":303,"column":26},"end":{"line":303,"column":47}},{"start":{"line":304,"column":15},"end":{"line":304,"column":22}},{"start":{"line":305,"column":16},"end":{"line":305,"column":34}},{"start":{"line":306,"column":16},"end":{"line":310,"column":17}}],"line":303},"37":{"loc":{"start":{"line":308,"column":20},"end":{"line":309,"column":53}},"type":"binary-expr","locations":[{"start":{"line":308,"column":21},"end":{"line":308,"column":29}},{"start":{"line":308,"column":33},"end":{"line":308,"column":48}},{"start":{"line":309,"column":21},"end":{"line":309,"column":31}},{"start":{"line":309,"column":35},"end":{"line":309,"column":52}}],"line":308},"38":{"loc":{"start":{"line":317,"column":4},"end":{"line":317,"column":58}},"type":"if","locations":[{"start":{"line":317,"column":4},"end":{"line":317,"column":58}},{"start":{},"end":{}}],"line":317},"39":{"loc":{"start":{"line":318,"column":4},"end":{"line":318,"column":67}},"type":"if","locations":[{"start":{"line":318,"column":4},"end":{"line":318,"column":67}},{"start":{},"end":{}}],"line":318},"40":{"loc":{"start":{"line":319,"column":4},"end":{"line":319,"column":70}},"type":"if","locations":[{"start":{"line":319,"column":4},"end":{"line":319,"column":70}},{"start":{},"end":{}}],"line":319},"41":{"loc":{"start":{"line":322,"column":4},"end":{"line":322,"column":72}},"type":"if","locations":[{"start":{"line":322,"column":4},"end":{"line":322,"column":72}},{"start":{},"end":{}}],"line":322},"42":{"loc":{"start":{"line":329,"column":4},"end":{"line":342,"column":5}},"type":"if","locations":[{"start":{"line":329,"column":4},"end":{"line":342,"column":5}},{"start":{"line":340,"column":11},"end":{"line":342,"column":5}}],"line":329},"43":{"loc":{"start":{"line":331,"column":8},"end":{"line":331,"column":66}},"type":"cond-expr","locations":[{"start":{"line":331,"column":24},"end":{"line":331,"column":42}},{"start":{"line":331,"column":45},"end":{"line":331,"column":66}}],"line":331},"44":{"loc":{"start":{"line":332,"column":8},"end":{"line":334,"column":87}},"type":"cond-expr","locations":[{"start":{"line":333,"column":12},"end":{"line":333,"column":78}},{"start":{"line":334,"column":12},"end":{"line":334,"column":87}}],"line":332},"45":{"loc":{"start":{"line":349,"column":18},"end":{"line":349,"column":62}},"type":"cond-expr","locations":[{"start":{"line":349,"column":42},"end":{"line":349,"column":51}},{"start":{"line":349,"column":54},"end":{"line":349,"column":62}}],"line":349},"46":{"loc":{"start":{"line":359,"column":13},"end":{"line":359,"column":65}},"type":"cond-expr","locations":[{"start":{"line":359,"column":29},"end":{"line":359,"column":43}},{"start":{"line":359,"column":46},"end":{"line":359,"column":65}}],"line":359},"47":{"loc":{"start":{"line":375,"column":13},"end":{"line":381,"column":13}},"type":"binary-expr","locations":[{"start":{"line":375,"column":13},"end":{"line":375,"column":27}},{"start":{"line":376,"column":14},"end":{"line":380,"column":16}}],"line":375},"48":{"loc":{"start":{"line":427,"column":28},"end":{"line":427,"column":77}},"type":"cond-expr","locations":[{"start":{"line":427,"column":66},"end":{"line":427,"column":70}},{"start":{"line":427,"column":73},"end":{"line":427,"column":77}}],"line":427},"49":{"loc":{"start":{"line":437,"column":45},"end":{"line":437,"column":74}},"type":"cond-expr","locations":[{"start":{"line":437,"column":54},"end":{"line":437,"column":67}},{"start":{"line":437,"column":70},"end":{"line":437,"column":74}}],"line":437},"50":{"loc":{"start":{"line":467,"column":20},"end":{"line":470,"column":27}},"type":"cond-expr","locations":[{"start":{"line":469,"column":24},"end":{"line":469,"column":28}},{"start":{"line":470,"column":24},"end":{"line":470,"column":27}}],"line":467},"51":{"loc":{"start":{"line":467,"column":20},"end":{"line":468,"column":70}},"type":"binary-expr","locations":[{"start":{"line":467,"column":20},"end":{"line":467,"column":68}},{"start":{"line":468,"column":20},"end":{"line":468,"column":70}}],"line":467},"52":{"loc":{"start":{"line":505,"column":38},"end":{"line":505,"column":63}},"type":"cond-expr","locations":[{"start":{"line":505,"column":53},"end":{"line":505,"column":57}},{"start":{"line":505,"column":60},"end":{"line":505,"column":63}}],"line":505},"53":{"loc":{"start":{"line":540,"column":38},"end":{"line":540,"column":65}},"type":"cond-expr","locations":[{"start":{"line":540,"column":55},"end":{"line":540,"column":59}},{"start":{"line":540,"column":62},"end":{"line":540,"column":65}}],"line":540},"54":{"loc":{"start":{"line":583,"column":27},"end":{"line":583,"column":60}},"type":"cond-expr","locations":[{"start":{"line":583,"column":43},"end":{"line":583,"column":49}},{"start":{"line":583,"column":52},"end":{"line":583,"column":60}}],"line":583}},"s":{"0":1,"1":79,"2":79,"3":79,"4":79,"5":79,"6":79,"7":0,"8":0,"9":0,"10":0,"11":0,"12":0,"13":0,"14":79,"15":79,"16":79,"17":79,"18":79,"19":79,"20":79,"21":79,"22":79,"23":79,"24":14,"25":0,"26":0,"27":0,"28":0,"29":0,"30":0,"31":0,"32":0,"33":0,"34":0,"35":0,"36":0,"37":0,"38":0,"39":0,"40":0,"41":0,"42":0,"43":0,"44":0,"45":0,"46":0,"47":0,"48":0,"49":0,"50":0,"51":0,"52":0,"53":0,"54":0,"55":0,"56":0,"57":79,"58":9,"59":9,"60":79,"61":5,"62":5,"63":5,"64":79,"65":6,"66":6,"67":6,"68":6,"69":79,"70":8,"71":8,"72":8,"73":79,"74":1,"75":1,"76":1,"77":79,"78":0,"79":0,"80":0,"81":79,"82":79,"83":8,"84":1,"85":1,"86":7,"87":1,"88":1,"89":6,"90":5,"91":6,"92":1,"93":1,"94":5,"95":5,"96":1,"97":1,"98":4,"99":4,"100":4,"101":1,"102":1,"103":3,"104":3,"105":0,"106":0,"107":3,"108":3,"109":1,"110":1,"111":0,"112":1,"113":1,"114":0,"115":0,"116":0,"117":3,"118":79,"119":0,"120":79,"121":0,"122":0,"123":0,"124":0,"125":0,"126":0,"127":0,"128":0,"129":0,"130":0,"131":0,"132":0,"133":0,"134":79,"135":0,"136":0,"137":0,"138":0,"139":79,"140":0,"141":43,"142":10,"143":5,"144":5,"145":1,"146":24,"147":24,"148":960,"149":8,"150":8,"151":8,"152":4,"153":4,"154":4824,"155":4824,"156":8,"157":8,"158":8,"159":4,"160":4,"161":0,"162":6,"163":1},"f":{"0":79,"1":0,"2":14,"3":0,"4":0,"5":0,"6":0,"7":0,"8":0,"9":9,"10":9,"11":5,"12":6,"13":6,"14":8,"15":1,"16":0,"17":8,"18":5,"19":1,"20":0,"21":0,"22":0,"23":0,"24":0,"25":0,"26":0,"27":0,"28":43,"29":10,"30":5,"31":1,"32":24,"33":960,"34":8,"35":4,"36":4824,"37":8,"38":4,"39":0,"40":6},"b":{"0":[0,0],"1":[0,14],"2":[0,0],"3":[0,0],"4":[0,0],"5":[0,0],"6":[0,0],"7":[0,0],"8":[0,0],"9":[0,0],"10":[0,0],"11":[0,0],"12":[0,0],"13":[0,0],"14":[0,0],"15":[0,0],"16":[0,0],"17":[0,0],"18":[0,0],"19":[0,79],"20":[1,7],"21":[1,6],"22":[5,5],"23":[1,5],"24":[1,4],"25":[5,5],"26":[1,3],"27":[4,3],"28":[0,3],"29":[0,1],"30":[0,1],"31":[0,3],"32":[0,3],"33":[0,3],"34":[0,0],"35":[0,0,0,0,0],"36":[0,0,0,0,0],"37":[0,0,0,0],"38":[0,0],"39":[0,0],"40":[0,0],"41":[0,0],"42":[0,0],"43":[0,0],"44":[0,0],"45":[79,0],"46":[0,79],"47":[79,0],"48":[5,38],"49":[5,5],"50":[8,16],"51":[24,20],"52":[4,20],"53":[4,20],"54":[0,79]},"_coverageSchema":"1a1c01bbd47fc00a2c39e90264f33305004495a9","hash":"92f8da435d3fbccff1680f4cd9080235c0608134"}
,"C:\\Users\\senge\\Ernest\\VSCODE\\Orbital25\\app\\(reports)\\mpshReports.jsx": {"path":"C:\\Users\\senge\\Ernest\\VSCODE\\Orbital25\\app\\(reports)\\mpshReports.jsx","statementMap":{"0":{"start":{"line":49,"column":20},"end":{"line":604,"column":1}},"1":{"start":{"line":50,"column":15},"end":{"line":50,"column":24}},"2":{"start":{"line":51,"column":22},"end":{"line":51,"column":38}},"3":{"start":{"line":52,"column":24},"end":{"line":52,"column":60}},"4":{"start":{"line":54,"column":32},"end":{"line":54,"column":44}},"5":{"start":{"line":55,"column":42},"end":{"line":55,"column":57}},"6":{"start":{"line":57,"column":32},"end":{"line":57,"column":44}},"7":{"start":{"line":59,"column":28},"end":{"line":59,"column":42}},"8":{"start":{"line":60,"column":26},"end":{"line":60,"column":41}},"9":{"start":{"line":62,"column":50},"end":{"line":62,"column":64}},"10":{"start":{"line":64,"column":56},"end":{"line":64,"column":71}},"11":{"start":{"line":65,"column":34},"end":{"line":65,"column":48}},"12":{"start":{"line":67,"column":36},"end":{"line":67,"column":51}},"13":{"start":{"line":68,"column":38},"end":{"line":68,"column":52}},"14":{"start":{"line":70,"column":48},"end":{"line":70,"column":62}},"15":{"start":{"line":72,"column":21},"end":{"line":72,"column":50}},"16":{"start":{"line":74,"column":46},"end":{"line":74,"column":60}},"17":{"start":{"line":77,"column":46},"end":{"line":92,"column":4}},"18":{"start":{"line":95,"column":38},"end":{"line":100,"column":4}},"19":{"start":{"line":102,"column":23},"end":{"line":113,"column":3}},"20":{"start":{"line":103,"column":4},"end":{"line":112,"column":5}},"21":{"start":{"line":104,"column":23},"end":{"line":104,"column":48}},"22":{"start":{"line":105,"column":19},"end":{"line":108,"column":9}},"23":{"start":{"line":105,"column":47},"end":{"line":108,"column":7}},"24":{"start":{"line":109,"column":6},"end":{"line":109,"column":23}},"25":{"start":{"line":111,"column":6},"end":{"line":111,"column":54}},"26":{"start":{"line":115,"column":2},"end":{"line":120,"column":9}},"27":{"start":{"line":116,"column":24},"end":{"line":118,"column":5}},"28":{"start":{"line":117,"column":6},"end":{"line":117,"column":27}},"29":{"start":{"line":119,"column":4},"end":{"line":119,"column":18}},"30":{"start":{"line":122,"column":23},"end":{"line":130,"column":3}},"31":{"start":{"line":123,"column":4},"end":{"line":123,"column":29}},"32":{"start":{"line":124,"column":4},"end":{"line":124,"column":28}},"33":{"start":{"line":125,"column":4},"end":{"line":125,"column":19}},"34":{"start":{"line":126,"column":4},"end":{"line":126,"column":24}},"35":{"start":{"line":127,"column":4},"end":{"line":127,"column":19}},"36":{"start":{"line":128,"column":4},"end":{"line":128,"column":22}},"37":{"start":{"line":129,"column":4},"end":{"line":129,"column":26}},"38":{"start":{"line":133,"column":24},"end":{"line":146,"column":3}},"39":{"start":{"line":134,"column":4},"end":{"line":134,"column":34}},"40":{"start":{"line":135,"column":4},"end":{"line":140,"column":7}},"41":{"start":{"line":141,"column":4},"end":{"line":141,"column":31}},"42":{"start":{"line":142,"column":4},"end":{"line":142,"column":36}},"43":{"start":{"line":143,"column":4},"end":{"line":143,"column":37}},"44":{"start":{"line":144,"column":4},"end":{"line":144,"column":41}},"45":{"start":{"line":145,"column":4},"end":{"line":145,"column":26}},"46":{"start":{"line":149,"column":23},"end":{"line":270,"column":3}},"47":{"start":{"line":150,"column":4},"end":{"line":157,"column":5}},"48":{"start":{"line":151,"column":6},"end":{"line":154,"column":8}},"49":{"start":{"line":156,"column":6},"end":{"line":156,"column":13}},"50":{"start":{"line":159,"column":4},"end":{"line":269,"column":6}},"51":{"start":{"line":171,"column":12},"end":{"line":265,"column":13}},"52":{"start":{"line":172,"column":29},"end":{"line":172,"column":33}},"53":{"start":{"line":173,"column":32},"end":{"line":173,"column":36}},"54":{"start":{"line":175,"column":14},"end":{"line":182,"column":15}},"55":{"start":{"line":176,"column":31},"end":{"line":176,"column":70}},"56":{"start":{"line":177,"column":39},"end":{"line":177,"column":64}},"57":{"start":{"line":178,"column":31},"end":{"line":180,"column":26}},"58":{"start":{"line":179,"column":33},"end":{"line":179,"column":59}},"59":{"start":{"line":181,"column":16},"end":{"line":181,"column":55}},"60":{"start":{"line":184,"column":14},"end":{"line":214,"column":15}},"61":{"start":{"line":185,"column":33},"end":{"line":185,"column":54}},"62":{"start":{"line":186,"column":29},"end":{"line":186,"column":50}},"63":{"start":{"line":188,"column":33},"end":{"line":188,"column":73}},"64":{"start":{"line":189,"column":16},"end":{"line":189,"column":50}},"65":{"start":{"line":190,"column":16},"end":{"line":190,"column":58}},"66":{"start":{"line":192,"column":16},"end":{"line":200,"column":17}},"67":{"start":{"line":193,"column":18},"end":{"line":199,"column":19}},"68":{"start":{"line":194,"column":36},"end":{"line":194,"column":70}},"69":{"start":{"line":195,"column":20},"end":{"line":195,"column":62}},"70":{"start":{"line":196,"column":20},"end":{"line":196,"column":63}},"71":{"start":{"line":198,"column":20},"end":{"line":198,"column":67}},"72":{"start":{"line":201,"column":21},"end":{"line":214,"column":15}},"73":{"start":{"line":202,"column":16},"end":{"line":210,"column":17}},"74":{"start":{"line":203,"column":18},"end":{"line":209,"column":19}},"75":{"start":{"line":204,"column":36},"end":{"line":204,"column":70}},"76":{"start":{"line":205,"column":20},"end":{"line":205,"column":62}},"77":{"start":{"line":206,"column":20},"end":{"line":206,"column":68}},"78":{"start":{"line":208,"column":20},"end":{"line":208,"column":67}},"79":{"start":{"line":211,"column":16},"end":{"line":211,"column":32}},"80":{"start":{"line":212,"column":21},"end":{"line":214,"column":15}},"81":{"start":{"line":213,"column":16},"end":{"line":213,"column":36}},"82":{"start":{"line":216,"column":14},"end":{"line":253,"column":15}},"83":{"start":{"line":217,"column":31},"end":{"line":217,"column":70}},"84":{"start":{"line":218,"column":16},"end":{"line":225,"column":19}},"85":{"start":{"line":227,"column":16},"end":{"line":241,"column":18}},"86":{"start":{"line":228,"column":18},"end":{"line":240,"column":19}},"87":{"start":{"line":229,"column":20},"end":{"line":239,"column":25}},"88":{"start":{"line":243,"column":34},"end":{"line":249,"column":17}},"89":{"start":{"line":251,"column":31},"end":{"line":251,"column":66}},"90":{"start":{"line":252,"column":16},"end":{"line":252,"column":74}},"91":{"start":{"line":255,"column":14},"end":{"line":255,"column":37}},"92":{"start":{"line":256,"column":14},"end":{"line":256,"column":39}},"93":{"start":{"line":257,"column":14},"end":{"line":257,"column":29}},"94":{"start":{"line":258,"column":14},"end":{"line":258,"column":34}},"95":{"start":{"line":259,"column":14},"end":{"line":259,"column":29}},"96":{"start":{"line":260,"column":14},"end":{"line":260,"column":32}},"97":{"start":{"line":261,"column":14},"end":{"line":261,"column":44}},"98":{"start":{"line":263,"column":14},"end":{"line":263,"column":63}},"99":{"start":{"line":264,"column":14},"end":{"line":264,"column":54}},"100":{"start":{"line":273,"column":32},"end":{"line":281,"column":3}},"101":{"start":{"line":274,"column":4},"end":{"line":280,"column":5}},"102":{"start":{"line":275,"column":25},"end":{"line":275,"column":78}},"103":{"start":{"line":276,"column":6},"end":{"line":276,"column":24}},"104":{"start":{"line":278,"column":6},"end":{"line":278,"column":56}},"105":{"start":{"line":279,"column":6},"end":{"line":279,"column":18}},"106":{"start":{"line":283,"column":29},"end":{"line":316,"column":3}},"107":{"start":{"line":284,"column":4},"end":{"line":315,"column":6}},"108":{"start":{"line":293,"column":12},"end":{"line":311,"column":13}},"109":{"start":{"line":294,"column":37},"end":{"line":294,"column":69}},"110":{"start":{"line":294,"column":57},"end":{"line":294,"column":68}},"111":{"start":{"line":296,"column":14},"end":{"line":302,"column":15}},"112":{"start":{"line":297,"column":34},"end":{"line":299,"column":17}},"113":{"start":{"line":300,"column":33},"end":{"line":300,"column":56}},"114":{"start":{"line":301,"column":16},"end":{"line":301,"column":45}},"115":{"start":{"line":304,"column":14},"end":{"line":304,"column":58}},"116":{"start":{"line":306,"column":14},"end":{"line":306,"column":68}},"117":{"start":{"line":306,"column":35},"end":{"line":306,"column":66}},"118":{"start":{"line":306,"column":54},"end":{"line":306,"column":65}},"119":{"start":{"line":307,"column":14},"end":{"line":307,"column":67}},"120":{"start":{"line":307,"column":42},"end":{"line":307,"column":67}},"121":{"start":{"line":309,"column":14},"end":{"line":309,"column":61}},"122":{"start":{"line":310,"column":14},"end":{"line":310,"column":67}},"123":{"start":{"line":319,"column":20},"end":{"line":336,"column":3}},"124":{"start":{"line":321,"column":6},"end":{"line":321,"column":61}},"125":{"start":{"line":323,"column":4},"end":{"line":326,"column":5}},"126":{"start":{"line":324,"column":6},"end":{"line":324,"column":69}},"127":{"start":{"line":325,"column":6},"end":{"line":325,"column":13}},"128":{"start":{"line":328,"column":19},"end":{"line":331,"column":6}},"129":{"start":{"line":333,"column":4},"end":{"line":335,"column":5}},"130":{"start":{"line":334,"column":6},"end":{"line":334,"column":40}},"131":{"start":{"line":338,"column":20},"end":{"line":352,"column":3}},"132":{"start":{"line":339,"column":27},"end":{"line":339,"column":76}},"133":{"start":{"line":340,"column":4},"end":{"line":343,"column":5}},"134":{"start":{"line":341,"column":6},"end":{"line":341,"column":62}},"135":{"start":{"line":342,"column":6},"end":{"line":342,"column":13}},"136":{"start":{"line":345,"column":17},"end":{"line":347,"column":6}},"137":{"start":{"line":349,"column":4},"end":{"line":351,"column":5}},"138":{"start":{"line":350,"column":6},"end":{"line":350,"column":40}},"139":{"start":{"line":354,"column":28},"end":{"line":357,"column":3}},"140":{"start":{"line":355,"column":4},"end":{"line":355,"column":22}},"141":{"start":{"line":356,"column":4},"end":{"line":356,"column":33}},"142":{"start":{"line":360,"column":22},"end":{"line":378,"column":3}},"143":{"start":{"line":361,"column":4},"end":{"line":377,"column":5}},"144":{"start":{"line":363,"column":6},"end":{"line":368,"column":8}},"145":{"start":{"line":371,"column":6},"end":{"line":376,"column":8}},"146":{"start":{"line":380,"column":28},"end":{"line":415,"column":3}},"147":{"start":{"line":381,"column":4},"end":{"line":414,"column":5}},"148":{"start":{"line":382,"column":6},"end":{"line":404,"column":8}},"149":{"start":{"line":393,"column":14},"end":{"line":393,"column":37}},"150":{"start":{"line":394,"column":14},"end":{"line":394,"column":39}},"151":{"start":{"line":395,"column":14},"end":{"line":395,"column":38}},"152":{"start":{"line":396,"column":14},"end":{"line":396,"column":29}},"153":{"start":{"line":397,"column":14},"end":{"line":397,"column":34}},"154":{"start":{"line":398,"column":14},"end":{"line":398,"column":29}},"155":{"start":{"line":399,"column":14},"end":{"line":399,"column":32}},"156":{"start":{"line":400,"column":14},"end":{"line":400,"column":44}},"157":{"start":{"line":406,"column":6},"end":{"line":406,"column":29}},"158":{"start":{"line":407,"column":6},"end":{"line":407,"column":31}},"159":{"start":{"line":408,"column":6},"end":{"line":408,"column":30}},"160":{"start":{"line":409,"column":6},"end":{"line":409,"column":21}},"161":{"start":{"line":410,"column":6},"end":{"line":410,"column":26}},"162":{"start":{"line":411,"column":6},"end":{"line":411,"column":21}},"163":{"start":{"line":412,"column":6},"end":{"line":412,"column":24}},"164":{"start":{"line":413,"column":6},"end":{"line":413,"column":36}},"165":{"start":{"line":417,"column":2},"end":{"line":603,"column":4}},"166":{"start":{"line":427,"column":32},"end":{"line":427,"column":39}},"167":{"start":{"line":434,"column":32},"end":{"line":434,"column":61}},"168":{"start":{"line":435,"column":29},"end":{"line":435,"column":57}},"169":{"start":{"line":437,"column":10},"end":{"line":491,"column":12}},"170":{"start":{"line":440,"column":29},"end":{"line":440,"column":77}},"171":{"start":{"line":449,"column":37},"end":{"line":449,"column":56}},"172":{"start":{"line":479,"column":37},"end":{"line":479,"column":64}},"173":{"start":{"line":500,"column":10},"end":{"line":500,"column":33}},"174":{"start":{"line":501,"column":10},"end":{"line":501,"column":35}},"175":{"start":{"line":608,"column":15},"end":{"line":699,"column":2}}},"fnMap":{"0":{"name":"(anonymous_0)","decl":{"start":{"line":49,"column":20},"end":{"line":49,"column":21}},"loc":{"start":{"line":49,"column":26},"end":{"line":604,"column":1}},"line":49},"1":{"name":"(anonymous_1)","decl":{"start":{"line":102,"column":23},"end":{"line":102,"column":24}},"loc":{"start":{"line":102,"column":35},"end":{"line":113,"column":3}},"line":102},"2":{"name":"(anonymous_2)","decl":{"start":{"line":105,"column":37},"end":{"line":105,"column":38}},"loc":{"start":{"line":105,"column":47},"end":{"line":108,"column":7}},"line":105},"3":{"name":"(anonymous_3)","decl":{"start":{"line":115,"column":12},"end":{"line":115,"column":13}},"loc":{"start":{"line":115,"column":18},"end":{"line":120,"column":3}},"line":115},"4":{"name":"(anonymous_4)","decl":{"start":{"line":116,"column":24},"end":{"line":116,"column":25}},"loc":{"start":{"line":116,"column":36},"end":{"line":118,"column":5}},"line":116},"5":{"name":"(anonymous_5)","decl":{"start":{"line":122,"column":23},"end":{"line":122,"column":24}},"loc":{"start":{"line":122,"column":29},"end":{"line":130,"column":3}},"line":122},"6":{"name":"(anonymous_6)","decl":{"start":{"line":133,"column":24},"end":{"line":133,"column":25}},"loc":{"start":{"line":133,"column":36},"end":{"line":146,"column":3}},"line":133},"7":{"name":"(anonymous_7)","decl":{"start":{"line":149,"column":23},"end":{"line":149,"column":24}},"loc":{"start":{"line":149,"column":35},"end":{"line":270,"column":3}},"line":149},"8":{"name":"(anonymous_8)","decl":{"start":{"line":170,"column":19},"end":{"line":170,"column":20}},"loc":{"start":{"line":170,"column":31},"end":{"line":266,"column":11}},"line":170},"9":{"name":"(anonymous_9)","decl":{"start":{"line":179,"column":24},"end":{"line":179,"column":25}},"loc":{"start":{"line":179,"column":33},"end":{"line":179,"column":59}},"line":179},"10":{"name":"(anonymous_10)","decl":{"start":{"line":227,"column":27},"end":{"line":227,"column":28}},"loc":{"start":{"line":228,"column":18},"end":{"line":240,"column":19}},"line":228},"11":{"name":"(anonymous_11)","decl":{"start":{"line":228,"column":27},"end":{"line":228,"column":28}},"loc":{"start":{"line":229,"column":20},"end":{"line":239,"column":25}},"line":229},"12":{"name":"(anonymous_12)","decl":{"start":{"line":273,"column":32},"end":{"line":273,"column":33}},"loc":{"start":{"line":273,"column":41},"end":{"line":281,"column":3}},"line":273},"13":{"name":"(anonymous_13)","decl":{"start":{"line":283,"column":29},"end":{"line":283,"column":30}},"loc":{"start":{"line":283,"column":37},"end":{"line":316,"column":3}},"line":283},"14":{"name":"(anonymous_14)","decl":{"start":{"line":292,"column":19},"end":{"line":292,"column":20}},"loc":{"start":{"line":292,"column":31},"end":{"line":312,"column":11}},"line":292},"15":{"name":"(anonymous_15)","decl":{"start":{"line":294,"column":50},"end":{"line":294,"column":51}},"loc":{"start":{"line":294,"column":57},"end":{"line":294,"column":68}},"line":294},"16":{"name":"(anonymous_16)","decl":{"start":{"line":306,"column":25},"end":{"line":306,"column":26}},"loc":{"start":{"line":306,"column":35},"end":{"line":306,"column":66}},"line":306},"17":{"name":"(anonymous_17)","decl":{"start":{"line":306,"column":47},"end":{"line":306,"column":48}},"loc":{"start":{"line":306,"column":54},"end":{"line":306,"column":65}},"line":306},"18":{"name":"(anonymous_18)","decl":{"start":{"line":319,"column":20},"end":{"line":319,"column":21}},"loc":{"start":{"line":319,"column":32},"end":{"line":336,"column":3}},"line":319},"19":{"name":"(anonymous_19)","decl":{"start":{"line":338,"column":20},"end":{"line":338,"column":21}},"loc":{"start":{"line":338,"column":32},"end":{"line":352,"column":3}},"line":338},"20":{"name":"(anonymous_20)","decl":{"start":{"line":354,"column":28},"end":{"line":354,"column":29}},"loc":{"start":{"line":354,"column":34},"end":{"line":357,"column":3}},"line":354},"21":{"name":"(anonymous_21)","decl":{"start":{"line":360,"column":22},"end":{"line":360,"column":23}},"loc":{"start":{"line":360,"column":28},"end":{"line":378,"column":3}},"line":360},"22":{"name":"(anonymous_22)","decl":{"start":{"line":380,"column":28},"end":{"line":380,"column":29}},"loc":{"start":{"line":380,"column":34},"end":{"line":415,"column":3}},"line":380},"23":{"name":"(anonymous_23)","decl":{"start":{"line":392,"column":21},"end":{"line":392,"column":22}},"loc":{"start":{"line":392,"column":27},"end":{"line":401,"column":13}},"line":392},"24":{"name":"(anonymous_24)","decl":{"start":{"line":427,"column":22},"end":{"line":427,"column":23}},"loc":{"start":{"line":427,"column":32},"end":{"line":427,"column":39}},"line":427},"25":{"name":"(anonymous_25)","decl":{"start":{"line":433,"column":20},"end":{"line":433,"column":21}},"loc":{"start":{"line":433,"column":34},"end":{"line":492,"column":9}},"line":433},"26":{"name":"(anonymous_26)","decl":{"start":{"line":440,"column":23},"end":{"line":440,"column":24}},"loc":{"start":{"line":440,"column":29},"end":{"line":440,"column":77}},"line":440},"27":{"name":"(anonymous_27)","decl":{"start":{"line":449,"column":31},"end":{"line":449,"column":32}},"loc":{"start":{"line":449,"column":37},"end":{"line":449,"column":56}},"line":449},"28":{"name":"(anonymous_28)","decl":{"start":{"line":479,"column":31},"end":{"line":479,"column":32}},"loc":{"start":{"line":479,"column":37},"end":{"line":479,"column":64}},"line":479},"29":{"name":"(anonymous_29)","decl":{"start":{"line":499,"column":24},"end":{"line":499,"column":25}},"loc":{"start":{"line":499,"column":30},"end":{"line":502,"column":9}},"line":499}},"branchMap":{"0":{"loc":{"start":{"line":52,"column":24},"end":{"line":52,"column":60}},"type":"cond-expr","locations":[{"start":{"line":52,"column":38},"end":{"line":52,"column":53}},{"start":{"line":52,"column":56},"end":{"line":52,"column":60}}],"line":52},"1":{"loc":{"start":{"line":138,"column":15},"end":{"line":138,"column":35}},"type":"binary-expr","locations":[{"start":{"line":138,"column":15},"end":{"line":138,"column":29}},{"start":{"line":138,"column":33},"end":{"line":138,"column":35}}],"line":138},"2":{"loc":{"start":{"line":139,"column":16},"end":{"line":139,"column":39}},"type":"binary-expr","locations":[{"start":{"line":139,"column":16},"end":{"line":139,"column":31}},{"start":{"line":139,"column":35},"end":{"line":139,"column":39}}],"line":139},"3":{"loc":{"start":{"line":143,"column":15},"end":{"line":143,"column":35}},"type":"binary-expr","locations":[{"start":{"line":143,"column":15},"end":{"line":143,"column":29}},{"start":{"line":143,"column":33},"end":{"line":143,"column":35}}],"line":143},"4":{"loc":{"start":{"line":144,"column":16},"end":{"line":144,"column":39}},"type":"binary-expr","locations":[{"start":{"line":144,"column":16},"end":{"line":144,"column":31}},{"start":{"line":144,"column":35},"end":{"line":144,"column":39}}],"line":144},"5":{"loc":{"start":{"line":150,"column":4},"end":{"line":157,"column":5}},"type":"if","locations":[{"start":{"line":150,"column":4},"end":{"line":157,"column":5}},{"start":{},"end":{}}],"line":150},"6":{"loc":{"start":{"line":150,"column":8},"end":{"line":150,"column":29}},"type":"binary-expr","locations":[{"start":{"line":150,"column":8},"end":{"line":150,"column":14}},{"start":{"line":150,"column":18},"end":{"line":150,"column":29}}],"line":150},"7":{"loc":{"start":{"line":160,"column":6},"end":{"line":160,"column":57}},"type":"cond-expr","locations":[{"start":{"line":160,"column":24},"end":{"line":160,"column":39}},{"start":{"line":160,"column":42},"end":{"line":160,"column":57}}],"line":160},"8":{"loc":{"start":{"line":162,"column":6},"end":{"line":164,"column":56}},"type":"cond-expr","locations":[{"start":{"line":163,"column":10},"end":{"line":163,"column":56}},{"start":{"line":164,"column":10},"end":{"line":164,"column":56}}],"line":162},"9":{"loc":{"start":{"line":168,"column":16},"end":{"line":168,"column":53}},"type":"cond-expr","locations":[{"start":{"line":168,"column":34},"end":{"line":168,"column":42}},{"start":{"line":168,"column":45},"end":{"line":168,"column":53}}],"line":168},"10":{"loc":{"start":{"line":175,"column":14},"end":{"line":182,"column":15}},"type":"if","locations":[{"start":{"line":175,"column":14},"end":{"line":182,"column":15}},{"start":{},"end":{}}],"line":175},"11":{"loc":{"start":{"line":181,"column":30},"end":{"line":181,"column":54}},"type":"binary-expr","locations":[{"start":{"line":181,"column":30},"end":{"line":181,"column":46}},{"start":{"line":181,"column":50},"end":{"line":181,"column":54}}],"line":181},"12":{"loc":{"start":{"line":184,"column":14},"end":{"line":214,"column":15}},"type":"if","locations":[{"start":{"line":184,"column":14},"end":{"line":214,"column":15}},{"start":{"line":201,"column":21},"end":{"line":214,"column":15}}],"line":184},"13":{"loc":{"start":{"line":184,"column":18},"end":{"line":184,"column":62}},"type":"binary-expr","locations":[{"start":{"line":184,"column":18},"end":{"line":184,"column":26}},{"start":{"line":184,"column":30},"end":{"line":184,"column":62}}],"line":184},"14":{"loc":{"start":{"line":192,"column":16},"end":{"line":200,"column":17}},"type":"if","locations":[{"start":{"line":192,"column":16},"end":{"line":200,"column":17}},{"start":{},"end":{}}],"line":192},"15":{"loc":{"start":{"line":201,"column":21},"end":{"line":214,"column":15}},"type":"if","locations":[{"start":{"line":201,"column":21},"end":{"line":214,"column":15}},{"start":{"line":212,"column":21},"end":{"line":214,"column":15}}],"line":201},"16":{"loc":{"start":{"line":201,"column":25},"end":{"line":201,"colum
[...]
35}}],"line":135},"2":{"loc":{"start":{"line":136,"column":16},"end":{"line":136,"column":39}},"type":"binary-expr","locations":[{"start":{"line":136,"column":16},"end":{"line":136,"column":31}},{"start":{"line":136,"column":35},"end":{"line":136,"column":39}}],"line":136},"3":{"loc":{"start":{"line":140,"column":15},"end":{"line":140,"column":35}},"type":"binary-expr","locations":[{"start":{"line":140,"column":15},"end":{"line":140,"column":29}},{"start":{"line":140,"column":33},"end":{"line":140,"column":35}}],"line":140},"4":{"loc":{"start":{"line":141,"column":16},"end":{"line":141,"column":39}},"type":"binary-expr","locations":[{"start":{"line":141,"column":16},"end":{"line":141,"column":31}},{"start":{"line":141,"column":35},"end":{"line":141,"column":39}}],"line":141},"5":{"loc":{"start":{"line":146,"column":4},"end":{"line":153,"column":5}},"type":"if","locations":[{"start":{"line":146,"column":4},"end":{"line":153,"column":5}},{"start":{},"end":{}}],"line":146},"6":{"loc":{"start":{"line":146,"column":8},"end":{"line":146,"column":29}},"type":"binary-expr","locations":[{"start":{"line":146,"column":8},"end":{"line":146,"column":14}},{"start":{"line":146,"column":18},"end":{"line":146,"column":29}}],"line":146},"7":{"loc":{"start":{"line":156,"column":6},"end":{"line":156,"column":57}},"type":"cond-expr","locations":[{"start":{"line":156,"column":24},"end":{"line":156,"column":39}},{"start":{"line":156,"column":42},"end":{"line":156,"column":57}}],"line":156},"8":{"loc":{"start":{"line":158,"column":6},"end":{"line":160,"column":56}},"type":"cond-expr","locations":[{"start":{"line":159,"column":10},"end":{"line":159,"column":56}},{"start":{"line":160,"column":10},"end":{"line":160,"column":56}}],"line":158},"9":{"loc":{"start":{"line":164,"column":16},"end":{"line":164,"column":53}},"type":"cond-expr","locations":[{"start":{"line":164,"column":34},"end":{"line":164,"column":42}},{"start":{"line":164,"column":45},"end":{"line":164,"column":53}}],"line":164},"10":{"loc":{"start":{"line":171,"column":14},"end":{"line":178,"column":15}},"type":"if","locations":[{"start":{"line":171,"column":14},"end":{"line":178,"column":15}},{"start":{},"end":{}}],"line":171},"11":{"loc":{"start":{"line":177,"column":30},"end":{"line":177,"column":54}},"type":"binary-expr","locations":[{"start":{"line":177,"column":30},"end":{"line":177,"column":46}},{"start":{"line":177,"column":50},"end":{"line":177,"column":54}}],"line":177},"12":{"loc":{"start":{"line":180,"column":14},"end":{"line":210,"column":15}},"type":"if","locations":[{"start":{"line":180,"column":14},"end":{"line":210,"column":15}},{"start":{"line":197,"column":21},"end":{"line":210,"column":15}}],"line":180},"13":{"loc":{"start":{"line":180,"column":18},"end":{"line":180,"column":62}},"type":"binary-expr","locations":[{"start":{"line":180,"column":18},"end":{"line":180,"column":26}},{"start":{"line":180,"column":30},"end":{"line":180,"column":62}}],"line":180},"14":{"loc":{"start":{"line":188,"column":16},"end":{"line":196,"column":17}},"type":"if","locations":[{"start":{"line":188,"column":16},"end":{"line":196,"column":17}},{"start":{},"end":{}}],"line":188},"15":{"loc":{"start":{"line":197,"column":21},"end":{"line":210,"column":15}},"type":"if","locations":[{"start":{"line":197,"column":21},"end":{"line":210,"column":15}},{"start":{"line":208,"column":21},"end":{"line":210,"column":15}}],"line":197},"16":{"loc":{"start":{"line":197,"column":25},"end":{"line":197,"column":57}},"type":"binary-expr","locations":[{"start":{"line":197,"column":25},"end":{"line":197,"column":44}},{"start":{"line":197,"column":48},"end":{"line":197,"column":57}}],"line":197},"17":{"loc":{"start":{"line":198,"column":16},"end":{"line":206,"column":17}},"type":"if","locations":[{"start":{"line":198,"column":16},"end":{"line":206,"column":17}},{"start":{},"end":{}}],"line":198},"18":{"loc":{"start":{"line":208,"column":21},"end":{"line":210,"column":15}},"type":"if","locations":[{"start":{"line":208,"column":21},"end":{"line":210,"column":15}},{"start":{},"end":{}}],"line":208},"19":{"loc":{"start":{"line":212,"column":14},"end":{"line":249,"column":15}},"type":"if","locations":[{"start":{"line":212,"column":14},"end":{"line":249,"column":15}},{"start":{"line":238,"column":21},"end":{"line":249,"column":15}}],"line":212},"20":{"loc":{"start":{"line":218,"column":22},"end":{"line":220,"column":49}},"type":"cond-expr","locations":[{"start":{"line":219,"column":22},"end":{"line":219,"column":34}},{"start":{"line":220,"column":22},"end":{"line":220,"column":49}}],"line":218},"21":{"loc":{"start":{"line":225,"column":20},"end":{"line":235,"column":25}},"type":"cond-expr","locations":[{"start":{"line":226,"column":24},"end":{"line":234,"column":25}},{"start":{"line":235,"column":24},"end":{"line":235,"column":25}}],"line":225},"22":{"loc":{"start":{"line":231,"column":30},"end":{"line":233,"column":48}},"type":"cond-expr","locations":[{"start":{"line":232,"column":30},"end":{"line":232,"column":42}},{"start":{"line":233,"column":30},"end":{"line":233,"column":48}}],"line":231},"23":{"loc":{"start":{"line":244,"column":22},"end":{"line":244,"column":46}},"type":"binary-expr","locations":[{"start":{"line":244,"column":22},"end":{"line":244,"column":30}},{"start":{"line":244,"column":34},"end":{"line":244,"column":46}}],"line":244},"24":{"loc":{"start":{"line":291,"column":14},"end":{"line":297,"column":15}},"type":"if","locations":[{"start":{"line":291,"column":14},"end":{"line":297,"column":15}},{"start":{},"end":{}}],"line":291},"25":{"loc":{"start":{"line":302,"column":14},"end":{"line":302,"column":67}},"type":"if","locations":[{"start":{"line":302,"column":14},"end":{"line":302,"column":67}},{"start":{},"end":{}}],"line":302},"26":{"loc":{"start":{"line":317,"column":4},"end":{"line":320,"column":5}},"type":"if","locations":[{"start":{"line":317,"column":4},"end":{"line":320,"column":5}},{"start":{},"end":{}}],"line":317},"27":{"loc":{"start":{"line":327,"column":4},"end":{"line":329,"column":5}},"type":"if","locations":[{"start":{"line":327,"column":4},"end":{"line":329,"column":5}},{"start":{},"end":{}}],"line":327},"28":{"loc":{"start":{"line":334,"column":4},"end":{"line":337,"column":5}},"type":"if","locations":[{"start":{"line":334,"column":4},"end":{"line":337,"column":5}},{"start":{},"end":{}}],"line":334},"29":{"loc":{"start":{"line":343,"column":4},"end":{"line":345,"column":5}},"type":"if","locations":[{"start":{"line":343,"column":4},"end":{"line":345,"column":5}},{"start":{},"end":{}}],"line":343},"30":{"loc":{"start":{"line":354,"column":4},"end":{"line":370,"column":5}},"type":"if","locations":[{"start":{"line":354,"column":4},"end":{"line":370,"column":5}},{"start":{"line":362,"column":11},"end":{"line":370,"column":5}}],"line":354},"31":{"loc":{"start":{"line":357,"column":8},"end":{"line":360,"column":25}},"type":"binary-expr","locations":[{"start":{"line":357,"column":8},"end":{"line":357,"column":22}},{"start":{"line":358,"column":8},"end":{"line":358,"column":27}},{"start":{"line":359,"column":8},"end":{"line":359,"column":29}},{"start":{"line":360,"column":8},"end":{"line":360,"column":25}}],"line":357},"32":{"loc":{"start":{"line":365,"column":8},"end":{"line":368,"column":44}},"type":"binary-expr","locations":[{"start":{"line":365,"column":8},"end":{"line":365,"column":42}},{"start":{"line":366,"column":8},"end":{"line":366,"column":47}},{"start":{"line":367,"column":8},"end":{"line":367,"column":56}},{"start":{"line":368,"column":8},"end":{"line":368,"column":44}}],"line":365},"33":{"loc":{"start":{"line":374,"column":4},"end":{"line":407,"column":5}},"type":"if","locations":[{"start":{"line":374,"column":4},"end":{"line":407,"column":5}},{"start":{"line":398,"column":11},"end":{"line":407,"column":5}}],"line":374},"34":{"loc":{"start":{"line":376,"column":8},"end":{"line":376,"column":67}},"type":"cond-expr","locations":[{"start":{"line":376,"column":26},"end":{"line":376,"column":44}},{"start":{"line":376,"column":47},"end":{"line":376,"column":67}}],"line":376},"35":{"loc":{"start":{"line":377,"column":8},"end":{"line":379,"column":86}},"type":"cond-expr","locations":[{"start":{"line":378,"column":12},"end":{"line":378,"column":78}},{"start":{"line":379,"column":12},"end":{"line":379,"column":86}}],"line":377},"36":{"loc":{"start":{"line":433,"column":49},"end":{"line":433,"column":76}},"type":"cond-expr","locations":[{"start":{"line":433,"column":62},"end":{"line":433,"column":66}},{"start":{"line":433,"column":69},"end":{"line":433,"column":76}}],"line":433},"37":{"loc":{"start":{"line":440,"column":19},"end":{"line":451,"column":19}},"type":"binary-expr","locations":[{"start":{"line":440,"column":19},"end":{"line":440,"column":29}},{"start":{"line":440,"column":33},"end":{"line":440,"column":46}},{"start":{"line":441,"column":20},"end":{"line":450,"column":39}}],"line":440},"38":{"loc":{"start":{"line":454,"column":17},"end":{"line":481,"column":17}},"type":"binary-expr","locations":[{"start":{"line":454,"column":17},"end":{"line":454,"column":27}},{"start":{"line":455,"column":18},"end":{"line":480,"column":21}}],"line":454},"39":{"loc":{"start":{"line":456,"column":21},"end":{"line":460,"column":28}},"type":"cond-expr","locations":[{"start":{"line":457,"column":22},"end":{"line":459,"column":29}},{"start":{"line":460,"column":24},"end":{"line":460,"column":28}}],"line":456},"40":{"loc":{"start":{"line":462,"column":21},"end":{"line":469,"column":21}},"type":"binary-expr","locations":[{"start":{"line":462,"column":21},"end":{"line":462,"column":34}},{"start":{"line":463,"column":22},"end":{"line":468,"column":24}}],"line":462},"41":{"loc":{"start":{"line":501,"column":17},"end":{"line":501,"column":71}},"type":"cond-expr","locations":[{"start":{"line":501,"column":35},"end":{"line":501,"column":52}},{"start":{"line":501,"column":55},"end":{"line":501,"column":71}}],"line":501},"42":{"loc":{"start":{"line":504,"column":43},"end":{"line":504,"column":58}},"type":"cond-expr","locations":[{"start":{"line":504,"column":50},"end":{"line":504,"column":53}},{"start":{"line":504,"column":56},"end":{"line":504,"column":58}}],"line":504},"43":{"loc":{"start":{"line":520,"column":43},"end":{"line":520,"column":63}},"type":"cond-expr","locations":[{"start":{"line":520,"column":55},"end":{"line":520,"column":58}},{"start":{"line":520,"column":61},"end":{"line":520,"column":63}}],"line":520},"44":{"loc":{"start":{"line":559,"column":17},"end":{"line":579,"column":17}},"type":"binary-expr","locations":[{"start":{"line":559,"column":17},"end":{"line":559,"column":25}},{"start":{"line":560,"column":18},"end":{"line":578,"column":21}}],"line":559},"45":{"loc":{"start":{"line":584,"column":31},"end":{"line":584,"column":66}},"type":"cond-expr","locations":[{"start":{"line":584,"column":49},"end":{"line":584,"column":55}},{"start":{"line":584,"column":58},"end":{"line":584,"column":66}}],"line":584}},"s":{"0":1,"1":51,"2":51,"3":51,"4":51,"5":51,"6":51,"7":51,"8":51,"9":51,"10":51,"11":51,"12":51,"13":51,"14":51,"15":51,"16":51,"17":51,"18":51,"19":51,"20":15,"21":15,"22":14,"23":13,"24":14,"25":1,"26":51,"27":15,"28":15,"29":15,"30":51,"31":7,"32":7,"33":7,"34":7,"35":7,"36":7,"37":7,"38":51,"39":3,"40":3,"41":3,"42":3,"43":3,"44":3,"45":3,"46":51,"47":5,"48":1,"49":1,"50":4,"51":1,"52":1,"53":1,"54":1,"55":0,"56":0,"57":0,"58":0,"59":0,"60":1,"61":0,"62":0,"63":0,"64":0,"65":0,"66":0,"67":0,"68":0,"69":0,"70":0,"71":0,"72":1,"73":0,"74":0,"75":0,"76":0,"77":0,"78":0,"79":0,"80":1,"81":0,"82":1,"83":0,"84":0,"85":0,"86":0,"87":0,"88":1,"89":1,"90":0,"91":0,"92":0,"93":0,"94":0,"95":0,"96":0,"97":0,"98":1,"99":1,"100":51,"101":1,"102":1,"103":0,"104":1,"105":1,"106":51,"107":1,"108":1,"109":1,"110":1,"111":1,"112":1,"113":1,"114":1,"115":1,"116":1,"117":1,"118":1,"119":1,"120":0,"121":0,"122":0,"123":51,"124":2,"125":2,"126":0,"127":0,"128":2,"129":2,"130":1,"131":51,"132":1,"133":1,"134":1,"135":1,"136":0,"137":0,"138":0,"139":51,"140":0,"141":0,"142":51,"143":2,"144":1,"145":1,"146":51,"147":2,"148":0,"149":0,"150":0,"151":0,"152":0,"153":0,"154":0,"155":0,"156":0,"157":2,"158":2,"159":2,"160":2,"161":2,"162":2,"163":2,"164":2,"165":51,"166":35,"167":22,"168":22,"169":22,"170":5,"171":3,"172":1,"173":0,"174":0,"175":1},"f":{"0":51,"1":15,"2":13,"3":15,"4":15,"5":7,"6":3,"7":5,"8":1,"9":0,"10":0,"11":0,"12":1,"13":1,"14":1,"15":1,"16":1,"17":1,"18":2,"19":1,"20":0,"21":2,"22":2,"23":0,"24":35,"25":22,"26":5,"27":3,"28":1,"29":0},"b":{"0":[51,0],"1":[3,0],"2":[3,0],"3":[3,0],"4":[3,0],"5":[1,4],"6":[5,4],"7":[2,2],"8":[2,2],"9":[2,2],"10":[0,1],"11":[0,0],"12":[0,1],"13":[1,0],"14":[0,0],"15":[0,1],"16":[1,0],"17":[0,0],"18":[0,1],"19":[0,1],"20":[0,0],"21":[0,0],"22":[0,0],"23":[1,0],"24":[1,0],"25":[0,1],"26":[0,2],"27":[1,1],"28":[1,0],"29":[0,0],"30":[1,1],"31":[1,1,1,1],"32":[1,1,1,1],"33":[0,2],"34":[0,0],"35":[0,0],"36":[0,5],"37":[22,9,9],"38":[22,9],"39":[9,0],"40":[9,9],"41":[4,47],"42":[0,51],"43":[0,51],"44":[51,5],"45":[4,47]},"_coverageSchema":"1a1c01bbd47fc00a2c39e90264f33305004495a9","hash":"310e762f48b9b48f495c49a242e98cc67268e334"}
,"C:\\Users\\senge\\Ernest\\VSCODE\\Orbital25\\assets\\img\\NUS_Lifters.png": {"path":"C:\\Users\\senge\\Ernest\\VSCODE\\Orbital25\\assets\\img\\NUS_Lifters.png","statementMap":{"0":{"start":{"line":1,"column":0},"end":{"line":4,"column":6}}},"fnMap":{},"branchMap":{},"s":{"0":2},"f":{},"b":{},"_coverageSchema":"1a1c01bbd47fc00a2c39e90264f33305004495a9","hash":"52dd0939bf85e9d0bbc12b4fcf53e2a7ef532323"}
,"C:\\Users\\senge\\Ernest\\VSCODE\\Orbital25\\components\\spacer.jsx": {"path":"C:\\Users\\senge\\Ernest\\VSCODE\\Orbital25\\components\\spacer.jsx","statementMap":{"0":{"start":{"line":3,"column":15},"end":{"line":5,"column":1}},"1":{"start":{"line":4,"column":2},"end":{"line":4,"column":44}}},"fnMap":{"0":{"name":"(anonymous_0)","decl":{"start":{"line":3,"column":15},"end":{"line":3,"column":16}},"loc":{"start":{"line":3,"column":52},"end":{"line":5,"column":1}},"line":3}},"branchMap":{"0":{"loc":{"start":{"line":3,"column":18},"end":{"line":3,"column":32}},"type":"default-arg","locations":[{"start":{"line":3,"column":26},"end":{"line":3,"column":32}}],"line":3},"1":{"loc":{"start":{"line":3,"column":34},"end":{"line":3,"column":45}},"type":"default-arg","locations":[{"start":{"line":3,"column":43},"end":{"line":3,"column":45}}],"line":3}},"s":{"0":6,"1":204},"f":{"0":204},"b":{"0":[144],"1":[162]},"_coverageSchema":"1a1c01bbd47fc00a2c39e90264f33305004495a9","hash":"d35254e86f6268f6c1fcdfe73fcc9f8ccc5cba56"}
,"C:\\Users\\senge\\Ernest\\VSCODE\\Orbital25\\components\\themedButton.jsx": {"path":"C:\\Users\\senge\\Ernest\\VSCODE\\Orbital25\\components\\themedButton.jsx","statementMap":{"0":{"start":{"line":4,"column":21},"end":{"line":11,"column":1}},"1":{"start":{"line":5,"column":2},"end":{"line":10,"column":4}},"2":{"start":{"line":7,"column":30},"end":{"line":7,"column":76}},"3":{"start":{"line":15,"column":15},"end":{"line":29,"column":2}}},"fnMap":{"0":{"name":"(anonymous_0)","decl":{"start":{"line":4,"column":21},"end":{"line":4,"column":22}},"loc":{"start":{"line":4,"column":46},"end":{"line":11,"column":1}},"line":4},"1":{"name":"(anonymous_1)","decl":{"start":{"line":7,"column":13},"end":{"line":7,"column":14}},"loc":{"start":{"line":7,"column":30},"end":{"line":7,"column":76}},"line":7}},"branchMap":{"0":{"loc":{"start":{"line":7,"column":43},"end":{"line":7,"column":68}},"type":"binary-expr","locations":[{"start":{"line":7,"column":43},"end":{"line":7,"column":50}},{"start":{"line":7,"column":54},"end":{"line":7,"column":68}}],"line":7}},"s":{"0":7,"1":466,"2":466,"3":7},"f":{"0":466,"1":466},"b":{"0":[466,0]},"_coverageSchema":"1a1c01bbd47fc00a2c39e90264f33305004495a9","hash":"1a498de223a8715ddd350e3cc309525224818ef5"}
,"C:\\Users\\senge\\Ernest\\VSCODE\\Orbital25\\components\\themedText.jsx": {"path":"C:\\Users\\senge\\Ernest\\VSCODE\\Orbital25\\components\\themedText.jsx","statementMap":{"0":{"start":{"line":4,"column":19},"end":{"line":11,"column":1}},"1":{"start":{"line":5,"column":22},"end":{"line":5,"column":38}},"2":{"start":{"line":6,"column":16},"end":{"line":6,"column":51}},"3":{"start":{"line":8,"column":20},"end":{"line":8,"column":52}},"4":{"start":{"line":10,"column":2},"end":{"line":10,"column":87}}},"fnMap":{"0":{"name":"(anonymous_0)","decl":{"start":{"line":4,"column":19},"end":{"line":4,"column":20}},"loc":{"start":{"line":4,"column":59},"end":{"line":11,"column":1}},"line":4}},"branchMap":{"0":{"loc":{"start":{"line":4,"column":29},"end":{"line":4,"column":42}},"type":"default-arg","locations":[{"start":{"line":4,"column":37},"end":{"line":4,"column":42}}],"line":4},"1":{"loc":{"start":{"line":6,"column":16},"end":{"line":6,"column":51}},"type":"binary-expr","locations":[{"start":{"line":6,"column":16},"end":{"line":6,"column":35}},{"start":{"line":6,"column":39},"end":{"line":6,"column":51}}],"line":6},"2":{"loc":{"start":{"line":8,"column":20},"end":{"line":8,"column":52}},"type":"cond-expr","locations":[{"start":{"line":8,"column":28},"end":{"line":8,"column":39}},{"start":{"line":8,"column":42},"end":{"line":8,"column":52}}],"line":8}},"s":{"0":7,"1":1297,"2":1297,"3":1297,"4":1297},"f":{"0":1297},"b":{"0":[1237],"1":[1297,0],"2":[60,1237]},"_coverageSchema":"1a1c01bbd47fc00a2c39e90264f33305004495a9","hash":"03a28567cc7c7b37f2b0db41fad25340224eb0a3"}
,"C:\\Users\\senge\\Ernest\\VSCODE\\Orbital25\\components\\themedTextInput.jsx": {"path":"C:\\Users\\senge\\Ernest\\VSCODE\\Orbital25\\components\\themedTextInput.jsx","statementMap":{"0":{"start":{"line":4,"column":24},"end":{"line":22,"column":1}},"1":{"start":{"line":5,"column":22},"end":{"line":5,"column":38}},"2":{"start":{"line":6,"column":16},"end":{"line":6,"column":51}},"3":{"start":{"line":8,"column":2},"end":{"line":21,"column":4}},"4":{"start":{"line":26,"column":15},"end":{"line":33,"column":2}}},"fnMap":{"0":{"name":"(anonymous_0)","decl":{"start":{"line":4,"column":24},"end":{"line":4,"column":25}},"loc":{"start":{"line":4,"column":49},"end":{"line":22,"column":1}},"line":4}},"branchMap":{"0":{"loc":{"start":{"line":6,"column":16},"end":{"line":6,"column":51}},"type":"binary-expr","locations":[{"start":{"line":6,"column":16},"end":{"line":6,"column":35}},{"start":{"line":6,"column":39},"end":{"line":6,"column":51}}],"line":6}},"s":{"0":7,"1":350,"2":350,"3":350,"4":7},"f":{"0":350},"b":{"0":[350,0]},"_coverageSchema":"1a1c01bbd47fc00a2c39e90264f33305004495a9","hash":"beb8b0b0c27240933d32ee4daec9cdf7e3d0516a"}
,"C:\\Users\\senge\\Ernest\\VSCODE\\Orbital25\\components\\themedView.jsx": {"path":"C:\\Users\\senge\\Ernest\\VSCODE\\Orbital25\\components\\themedView.jsx","statementMap":{"0":{"start":{"line":4,"column":19},"end":{"line":11,"column":1}},"1":{"start":{"line":5,"column":22},"end":{"line":5,"column":38}},"2":{"start":{"line":6,"column":16},"end":{"line":6,"column":51}},"3":{"start":{"line":8,"column":2},"end":{"line":10,"column":4}}},"fnMap":{"0":{"name":"(anonymous_0)","decl":{"start":{"line":4,"column":19},"end":{"line":4,"column":20}},"loc":{"start":{"line":4,"column":44},"end":{"line":11,"column":1}},"line":4}},"branchMap":{"0":{"loc":{"start":{"line":6,"column":16},"end":{"line":6,"column":51}},"type":"binary-expr","locations":[{"start":{"line":6,"column":16},"end":{"line":6,"column":35}},{"start":{"line":6,"column":39},"end":{"line":6,"column":51}}],"line":6}},"s":{"0":7,"1":301,"2":301,"3":301},"f":{"0":301},"b":{"0":[301,0]},"_coverageSchema":"1a1c01bbd47fc00a2c39e90264f33305004495a9","hash":"c4936a04166aee1ef1b28e9ad1933e3b7a321e4b"}
,"C:\\Users\\senge\\Ernest\\VSCODE\\Orbital25\\constants\\colors.js": {"path":"C:\\Users\\senge\\Ernest\\VSCODE\\Orbital25\\constants\\colors.js","statementMap":{"0":{"start":{"line":1,"column":22},"end":{"line":24,"column":1}}},"fnMap":{},"branchMap":{},"s":{"0":7},"f":{},"b":{},"_coverageSchema":"1a1c01bbd47fc00a2c39e90264f33305004495a9","hash":"05e1cb77e467ac4883d2104de90e5b171abe7945"}
}
