TN:
SF:app\index.jsx
FN:28,(anonymous_0)
FN:35,(anonymous_1)
FN:36,(anonymous_2)
FN:44,(anonymous_3)
FN:47,(anonymous_4)
FNF:5
FNH:5
FNDA:16,(anonymous_0)
FNDA:5,(anonymous_1)
FNDA:5,(anonymous_2)
FNDA:5,(anonymous_3)
FNDA:4,(anonymous_4)
DA:28,1
DA:29,16
DA:31,16
DA:32,16
DA:33,16
DA:35,16
DA:36,5
DA:37,5
DA:38,1
DA:40,4
DA:44,5
DA:47,16
DA:48,4
DA:49,1
DA:50,1
DA:53,3
DA:54,3
DA:59,1
DA:60,1
DA:61,1
DA:62,1
DA:64,1
DA:66,2
DA:67,2
DA:68,2
DA:72,1
DA:73,1
DA:74,1
DA:76,2
DA:80,16
DA:81,5
DA:88,11
DA:89,11
DA:91,11
DA:154,1
LF:35
LH:35
BRDA:37,0,0,1
BRDA:37,0,1,4
BRDA:48,1,0,1
BRDA:48,1,1,3
BRDA:48,2,0,4
BRDA:48,2,1,3
BRDA:68,3,0,1
BRDA:68,3,1,1
BRDA:69,4,0,2
BRDA:69,4,1,1
BRDA:73,5,0,1
BRDA:73,5,1,0
BRDA:80,6,0,5
BRDA:80,6,1,11
BRDA:88,7,0,11
BRDA:88,7,1,0
BRDA:89,8,0,11
BRDA:89,8,1,0
BRDA:94,9,0,11
BRDA:94,9,1,0
BRF:20
BRH:16
end_of_record
TN:
SF:app\(auth)\signup.jsx
FN:30,(anonymous_0)
FN:42,(anonymous_1)
FN:47,(anonymous_2)
FNF:3
FNH:3
FNDA:46,(anonymous_0)
FNDA:7,(anonymous_1)
FNDA:9,(anonymous_2)
DA:30,1
DA:31,46
DA:33,46
DA:34,46
DA:35,46
DA:36,46
DA:37,46
DA:39,46
DA:40,46
DA:42,46
DA:43,7
DA:44,7
DA:47,46
DA:48,9
DA:49,1
DA:50,1
DA:52,8
DA:53,1
DA:54,1
DA:56,7
DA:57,0
DA:58,0
DA:60,7
DA:61,0
DA:62,0
DA:64,7
DA:65,1
DA:66,1
DA:69,6
DA:71,6
DA:72,6
DA:77,1
DA:79,1
DA:83,1
DA:89,1
DA:90,1
DA:91,1
DA:92,1
DA:93,1
DA:95,1
DA:97,5
DA:98,5
DA:100,5
DA:101,5
DA:102,2
DA:103,3
DA:104,1
DA:105,2
DA:106,1
DA:108,5
DA:110,6
DA:114,46
DA:191,1
LF:53
LH:49
BRDA:39,0,0,46
BRDA:39,0,1,0
BRDA:40,1,0,46
BRDA:40,1,1,0
BRDA:48,2,0,1
BRDA:48,2,1,8
BRDA:52,3,0,1
BRDA:52,3,1,7
BRDA:52,4,0,8
BRDA:52,4,1,7
BRDA:56,5,0,0
BRDA:56,5,1,7
BRDA:60,6,0,0
BRDA:60,6,1,7
BRDA:64,7,0,1
BRDA:64,7,1,6
BRDA:97,8,0,5
BRDA:97,8,1,0
BRDA:101,9,0,2
BRDA:101,9,1,3
BRDA:103,10,0,1
BRDA:103,10,1,2
BRDA:105,11,0,1
BRDA:105,11,1,1
BRDA:117,12,0,46
BRDA:117,12,1,0
BRDA:171,13,0,1
BRDA:171,13,1,45
BRF:28
BRH:22
end_of_record
TN:
SF:app\(dashboard)\forum.jsx
FN:43,(anonymous_0)
FN:68,(anonymous_1)
FN:88,(anonymous_2)
FN:90,(anonymous_3)
FN:94,(anonymous_4)
FN:99,(anonymous_5)
FN:106,(anonymous_6)
FN:109,(anonymous_7)
FN:116,(anonymous_8)
FN:130,(anonymous_9)
FN:137,(anonymous_10)
FN:139,(anonymous_11)
FN:144,(anonymous_12)
FN:148,(anonymous_13)
FN:153,(anonymous_14)
FN:159,(anonymous_15)
FN:176,(anonymous_16)
FN:180,(anonymous_17)
FN:221,(anonymous_18)
FN:230,(anonymous_19)
FN:248,(anonymous_20)
FN:256,(anonymous_21)
FN:273,(anonymous_22)
FN:277,(anonymous_23)
FN:300,(anonymous_24)
FN:315,(anonymous_25)
FN:329,(anonymous_26)
FN:353,(anonymous_27)
FN:366,(anonymous_28)
FN:379,(anonymous_29)
FN:384,(anonymous_30)
FN:425,(anonymous_31)
FN:465,(anonymous_32)
FN:490,(anonymous_33)
FN:499,(anonymous_34)
FN:535,(anonymous_35)
FN:555,(anonymous_36)
FN:575,(anonymous_37)
FN:582,(anonymous_38)
FN:590,(anonymous_39)
FN:601,(anonymous_40)
FN:602,(anonymous_41)
FN:605,(anonymous_42)
FN:633,(anonymous_43)
FN:643,(anonymous_44)
FN:667,(anonymous_45)
FN:670,(anonymous_46)
FN:692,(anonymous_47)
FN:699,(anonymous_48)
FN:751,(anonymous_49)
FN:754,(anonymous_50)
FN:774,(anonymous_51)
FN:781,(anonymous_52)
FN:828,(anonymous_53)
FN:837,(anonymous_54)
FN:870,(anonymous_55)
FN:871,(anonymous_56)
FN:892,(anonymous_57)
FN:939,(anonymous_58)
FN:952,(anonymous_59)
FN:987,(anonymous_60)
FN:994,(anonymous_61)
FNF:62
FNH:33
FNDA:56,(anonymous_0)
FNDA:15,(anonymous_1)
FNDA:15,(anonymous_2)
FNDA:15,(anonymous_3)
FNDA:0,(anonymous_4)
FNDA:0,(anonymous_5)
FNDA:15,(anonymous_6)
FNDA:16,(anonymous_7)
FNDA:0,(anonymous_8)
FNDA:0,(anonymous_9)
FNDA:2,(anonymous_10)
FNDA:2,(anonymous_11)
FNDA:0,(anonymous_12)
FNDA:0,(anonymous_13)
FNDA:2,(anonymous_14)
FNDA:3,(anonymous_15)
FNDA:0,(anonymous_16)
FNDA:1,(anonymous_17)
FNDA:1,(anonymous_18)
FNDA:1,(anonymous_19)
FNDA:5,(anonymous_20)
FNDA:4,(anonymous_21)
FNDA:0,(anonymous_22)
FNDA:2,(anonymous_23)
FNDA:0,(anonymous_24)
FNDA:0,(anonymous_25)
FNDA:1,(anonymous_26)
FNDA:1,(anonymous_27)
FNDA:2,(anonymous_28)
FNDA:0,(anonymous_29)
FNDA:1,(anonymous_30)
FNDA:0,(anonymous_31)
FNDA:0,(anonymous_32)
FNDA:0,(anonymous_33)
FNDA:0,(anonymous_34)
FNDA:0,(anonymous_35)
FNDA:0,(anonymous_36)
FNDA:224,(anonymous_37)
FNDA:1,(anonymous_38)
FNDA:4,(anonymous_39)
FNDA:56,(anonymous_40)
FNDA:42,(anonymous_41)
FNDA:2,(anonymous_42)
FNDA:5,(anonymous_43)
FNDA:1,(anonymous_44)
FNDA:0,(anonymous_45)
FNDA:0,(anonymous_46)
FNDA:168,(anonymous_47)
FNDA:0,(anonymous_48)
FNDA:0,(anonymous_49)
FNDA:0,(anonymous_50)
FNDA:168,(anonymous_51)
FNDA:0,(anonymous_52)
FNDA:0,(anonymous_53)
FNDA:0,(anonymous_54)
FNDA:6,(anonymous_55)
FNDA:4,(anonymous_56)
FNDA:0,(anonymous_57)
FNDA:0,(anonymous_58)
FNDA:0,(anonymous_59)
FNDA:0,(anonymous_60)
FNDA:2,(anonymous_61)
DA:41,1
DA:43,1
DA:44,56
DA:45,56
DA:46,56
DA:48,56
DA:49,56
DA:50,56
DA:51,56
DA:53,56
DA:55,56
DA:56,56
DA:58,56
DA:59,56
DA:60,56
DA:61,56
DA:62,56
DA:64,56
DA:65,56
DA:66,56
DA:68,56
DA:69,15
DA:70,15
DA:71,15
DA:72,15
DA:76,15
DA:77,14
DA:79,1
DA:85,15
DA:86,15
DA:89,15
DA:90,15
DA:91,15
DA:93,15
DA:94,0
DA:96,15
DA:97,15
DA:100,0
DA:101,0
DA:106,15
DA:109,56
DA:110,16
DA:111,14
DA:114,2
DA:117,0
DA:118,0
DA:123,0
DA:124,0
DA:125,0
DA:126,0
DA:127,0
DA:131,0
DA:135,2
DA:138,2
DA:139,2
DA:140,2
DA:143,2
DA:144,0
DA:146,2
DA:149,0
DA:153,2
DA:154,2
DA:155,2
DA:159,56
DA:160,3
DA:161,1
DA:162,1
DA:164,2
DA:165,1
DA:166,1
DA:169,1
DA:181,1
DA:182,1
DA:183,1
DA:184,1
DA:185,0
DA:186,0
DA:189,1
DA:190,1
DA:191,1
DA:195,1
DA:204,1
DA:205,1
DA:206,1
DA:207,1
DA:208,1
DA:210,0
DA:211,0
DA:221,56
DA:222,1
DA:231,1
DA:232,1
DA:233,1
DA:235,1
DA:236,0
DA:239,0
DA:240,0
DA:248,56
DA:249,5
DA:250,5
DA:251,5
DA:252,5
DA:253,5
DA:256,56
DA:257,4
DA:258,1
DA:259,1
DA:261,3
DA:262,1
DA:263,1
DA:266,2
DA:278,2
DA:279,2
DA:280,2
DA:286,2
DA:287,2
DA:288,2
DA:290,0
DA:291,0
DA:300,56
DA:302,0
DA:306,0
DA:307,0
DA:316,0
DA:317,0
DA:318,0
DA:319,0
DA:325,0
DA:329,56
DA:330,1
DA:331,0
DA:332,0
DA:336,1
DA:338,1
DA:339,1
DA:342,1
DA:344,1
DA:345,1
DA:354,1
DA:355,1
DA:361,0
DA:362,0
DA:366,56
DA:367,2
DA:368,1
DA:369,1
DA:372,1
DA:385,1
DA:386,1
DA:387,1
DA:388,1
DA:389,0
DA:390,0
DA:392,1
DA:393,1
DA:394,1
DA:397,1
DA:398,1
DA:399,1
DA:400,0
DA:401,0
DA:403,1
DA:404,1
DA:411,1
DA:412,1
DA:413,1
DA:415,0
DA:416,0
DA:425,56
DA:426,0
DA:428,0
DA:429,0
DA:430,0
DA:433,0
DA:434,0
DA:435,0
DA:436,0
DA:437,0
DA:438,0
DA:441,0
DA:442,0
DA:444,0
DA:445,0
DA:446,0
DA:449,0
DA:451,0
DA:452,0
DA:455,0
DA:466,0
DA:467,0
DA:471,0
DA:472,0
DA:473,0
DA:474,0
DA:476,0
DA:477,0
DA:485,0
DA:486,0
DA:490,56
DA:491,0
DA:500,0
DA:501,0
DA:502,0
DA:503,0
DA:504,0
DA:505,0
DA:507,0
DA:514,0
DA:515,0
DA:516,0
DA:517,0
DA:519,0
DA:520,0
DA:524,0
DA:526,0
DA:527,0
DA:535,56
DA:536,0
DA:537,0
DA:538,0
DA:539,0
DA:542,0
DA:543,0
DA:544,0
DA:546,0
DA:547,0
DA:556,0
DA:557,0
DA:563,0
DA:564,0
DA:568,56
DA:576,224
DA:582,1
DA:590,4
DA:601,56
DA:603,42
DA:606,2
DA:633,5
DA:643,1
DA:667,0
DA:671,0
DA:693,168
DA:699,0
DA:751,0
DA:755,0
DA:775,168
DA:781,0
DA:829,0
DA:830,0
DA:831,0
DA:832,0
DA:833,0
DA:838,0
DA:839,0
DA:840,0
DA:841,0
DA:842,0
DA:870,6
DA:872,4
DA:893,0
DA:940,0
DA:941,0
DA:953,0
DA:988,0
DA:989,0
DA:995,2
DA:1015,1
LF:267
LH:146
BRDA:71,0,0,15
BRDA:71,0,1,0
BRDA:76,1,0,14
BRDA:76,1,1,1
BRDA:110,2,0,14
BRDA:110,2,1,2
BRDA:117,3,0,0
BRDA:117,3,1,0
BRDA:160,4,0,1
BRDA:160,4,1,2
BRDA:164,5,0,1
BRDA:164,5,1,1
BRDA:184,6,0,0
BRDA:184,6,1,1
BRDA:191,7,0,1
BRDA:191,7,1,0
BRDA:235,8,0,0
BRDA:235,8,1,1
BRDA:257,9,0,1
BRDA:257,9,1,3
BRDA:261,10,0,1
BRDA:261,10,1,2
BRDA:302,11,0,0
BRDA:302,11,1,0
BRDA:302,11,2,0
BRDA:306,12,0,0
BRDA:306,12,1,0
BRDA:330,13,0,0
BRDA:330,13,1,1
BRDA:336,14,0,1
BRDA:336,14,1,0
BRDA:338,15,0,1
BRDA:338,15,1,0
BRDA:342,16,0,1
BRDA:342,16,1,1
BRDA:342,16,2,0
BRDA:344,17,0,1
BRDA:344,17,1,0
BRDA:367,18,0,1
BRDA:367,18,1,1
BRDA:388,19,0,0
BRDA:388,19,1,1
BRDA:394,20,0,1
BRDA:394,20,1,0
BRDA:399,21,0,0
BRDA:399,21,1,1
BRDA:428,22,0,0
BRDA:428,22,1,0
BRDA:436,23,0,0
BRDA:436,23,1,0
BRDA:444,24,0,0
BRDA:444,24,1,0
BRDA:451,25,0,0
BRDA:451,25,1,0
BRDA:503,26,0,0
BRDA:503,26,1,0
BRDA:516,27,0,0
BRDA:516,27,1,0
BRDA:519,28,0,0
BRDA:519,28,1,0
BRDA:536,29,0,0
BRDA:536,29,1,0
BRDA:542,30,0,0
BRDA:542,30,1,0
BRDA:546,31,0,0
BRDA:546,31,1,0
BRDA:580,32,0,224
BRDA:580,32,1,56
BRDA:596,33,0,14
BRDA:596,33,1,42
BRDA:630,34,0,42
BRDA:630,34,1,42
BRDA:675,35,0,56
BRDA:675,35,1,0
BRDA:697,36,0,168
BRDA:697,36,1,56
BRDA:759,37,0,56
BRDA:759,37,1,0
BRDA:779,38,0,168
BRDA:779,38,1,56
BRDA:846,39,0,56
BRDA:846,39,1,0
BRDA:851,40,0,56
BRDA:851,40,1,6
BRDA:863,41,0,6
BRDA:863,41,1,6
BRDA:872,42,0,0
BRDA:872,42,1,4
BRDA:872,43,0,4
BRDA:872,43,1,0
BRDA:921,44,0,4
BRDA:921,44,1,0
BRDA:931,45,0,4
BRDA:931,45,1,0
BRDA:988,46,0,0
BRDA:988,46,1,0
BRF:96
BRH:48
end_of_record
TN:
SF:app\(dashboard)\gymCapacity.jsx
FN:21,(anonymous_0)
FN:28,(anonymous_1)
FN:36,(anonymous_2)
FN:52,(anonymous_3)
FN:56,(anonymous_4)
FN:58,(anonymous_5)
FN:59,(anonymous_6)
FN:108,(anonymous_7)
FN:127,(anonymous_8)
FNF:9
FNH:6
FNDA:8,(anonymous_0)
FNDA:16,(anonymous_1)
FNDA:4,(anonymous_2)
FNDA:4,(anonymous_3)
FNDA:0,(anonymous_4)
FNDA:0,(anonymous_5)
FNDA:0,(anonymous_6)
FNDA:1,(anonymous_7)
FNDA:1,(anonymous_8)
DA:21,1
DA:22,8
DA:23,8
DA:24,8
DA:25,8
DA:26,8
DA:28,8
DA:29,16
DA:30,8
DA:31,8
DA:32,4
DA:33,0
DA:36,8
DA:37,4
DA:38,4
DA:39,4
DA:42,4
DA:43,4
DA:44,4
DA:45,4
DA:46,4
DA:48,0
DA:52,8
DA:53,4
DA:56,8
DA:57,0
DA:58,0
DA:59,0
DA:63,8
DA:108,1
DA:127,1
DA:146,1
LF:32
LH:27
BRDA:29,0,0,8
BRDA:29,0,1,8
BRDA:29,1,0,16
BRDA:29,1,1,8
BRDA:31,2,0,4
BRDA:31,2,1,4
BRDA:32,3,0,4
BRDA:32,3,1,0
BRDA:85,4,0,4
BRDA:85,4,1,4
BRDA:105,5,0,8
BRDA:105,5,1,4
BRDA:112,6,0,4
BRDA:112,6,1,4
BRDA:112,7,0,8
BRDA:112,7,1,4
BRDA:114,8,0,4
BRDA:114,8,1,0
BRDA:124,9,0,8
BRDA:124,9,1,4
BRDA:131,10,0,4
BRDA:131,10,1,4
BRDA:131,11,0,8
BRDA:131,11,1,4
BRDA:133,12,0,4
BRDA:133,12,1,0
BRF:26
BRH:23
end_of_record
TN:
SF:app\(dashboard)\macro.jsx
FN:31,(anonymous_0)
FN:47,(anonymous_1)
FN:57,(anonymous_2)
FN:64,(anonymous_3)
FN:65,(anonymous_4)
FN:67,(anonymous_5)
FN:71,(anonymous_6)
FN:76,(anonymous_7)
FN:77,(anonymous_8)
FN:80,(anonymous_9)
FN:82,(anonymous_10)
FN:84,(anonymous_11)
FN:86,(anonymous_12)
FN:90,(anonymous_13)
FN:91,(anonymous_14)
FN:101,(anonymous_15)
FN:102,(anonymous_16)
FN:103,(anonymous_17)
FN:116,(anonymous_18)
FN:118,(anonymous_19)
FN:127,(anonymous_20)
FN:128,(anonymous_21)
FN:141,(anonymous_22)
FN:187,(anonymous_23)
FN:189,(anonymous_24)
FN:198,(anonymous_25)
FN:236,(anonymous_26)
FN:255,(anonymous_27)
FN:258,(anonymous_28)
FN:277,(anonymous_29)
FN:286,(anonymous_30)
FN:290,(anonymous_31)
FN:299,(anonymous_32)
FN:305,(anonymous_33)
FN:318,(anonymous_34)
FNF:35
FNH:29
FNDA:1,(anonymous_0)
FNDA:1,(anonymous_1)
FNDA:16,(anonymous_2)
FNDA:6,(anonymous_3)
FNDA:6,(anonymous_4)
FNDA:6,(anonymous_5)
FNDA:0,(anonymous_6)
FNDA:7,(anonymous_7)
FNDA:1,(anonymous_8)
FNDA:7,(anonymous_9)
FNDA:7,(anonymous_10)
FNDA:1,(anonymous_11)
FNDA:0,(anonymous_12)
FNDA:11,(anonymous_13)
FNDA:11,(anonymous_14)
FNDA:4,(anonymous_15)
FNDA:1,(anonymous_16)
FNDA:1,(anonymous_17)
FNDA:64,(anonymous_18)
FNDA:16,(anonymous_19)
FNDA:1,(anonymous_20)
FNDA:1,(anonymous_21)
FNDA:2,(anonymous_22)
FNDA:7,(anonymous_23)
FNDA:0,(anonymous_24)
FNDA:4,(anonymous_25)
FNDA:1,(anonymous_26)
FNDA:0,(anonymous_27)
FNDA:0,(anonymous_28)
FNDA:0,(anonymous_29)
FNDA:1,(anonymous_30)
FNDA:1,(anonymous_31)
FNDA:4,(anonymous_32)
FNDA:4,(anonymous_33)
FNDA:1,(anonymous_34)
DA:31,1
DA:32,1
DA:47,1
DA:48,1
DA:49,1
DA:50,1
DA:51,1
DA:53,0
DA:54,0
DA:57,1
DA:58,16
DA:59,16
DA:60,16
DA:61,16
DA:62,16
DA:64,16
DA:65,6
DA:66,6
DA:68,6
DA:69,2
DA:71,0
DA:73,6
DA:76,16
DA:77,7
DA:78,1
DA:80,7
DA:82,16
DA:83,7
DA:84,1
DA:85,1
DA:86,0
DA:90,16
DA:91,11
DA:92,11
DA:93,11
DA:95,0
DA:98,11
DA:101,16
DA:102,4
DA:103,1
DA:104,1
DA:105,1
DA:110,0
DA:112,1
DA:116,16
DA:117,64
DA:119,16
DA:120,16
DA:121,16
DA:127,16
DA:128,1
DA:129,1
DA:132,16
DA:141,2
DA:187,7
DA:190,0
DA:199,4
DA:236,1
DA:259,0
DA:278,0
DA:287,1
DA:291,1
DA:292,1
DA:298,1
DA:300,4
DA:306,4
DA:308,4
DA:315,1
DA:318,1
DA:322,1
DA:350,1
LF:71
LH:62
BRDA:51,0,0,1
BRDA:51,0,1,0
BRDA:68,1,0,2
BRDA:68,1,1,4
BRDA:83,2,0,1
BRDA:83,2,1,6
BRDA:83,3,0,7
BRDA:83,3,1,1
BRDA:104,4,0,1
BRDA:104,4,1,0
BRDA:107,5,0,1
BRDA:107,5,1,0
BRDA:119,6,0,16
BRDA:119,6,1,4
BRDA:120,7,0,16
BRDA:120,7,1,0
BRDA:172,8,0,12
BRDA:172,8,1,4
BRDA:263,9,0,16
BRDA:263,9,1,0
BRDA:273,10,0,16
BRDA:273,10,1,2
BRF:22
BRH:17
end_of_record
TN:
SF:app\(dashboard)\profile.jsx
FN:24,(anonymous_0)
FN:33,(anonymous_1)
FN:34,(anonymous_2)
FN:57,(anonymous_3)
FN:67,(anonymous_4)
FN:88,(anonymous_5)
FN:93,(anonymous_6)
FN:99,(anonymous_7)
FN:126,(anonymous_8)
FNF:9
FNH:9
FNDA:34,(anonymous_0)
FNDA:10,(anonymous_1)
FNDA:10,(anonymous_2)
FNDA:3,(anonymous_3)
FNDA:2,(anonymous_4)
FNDA:1,(anonymous_5)
FNDA:2,(anonymous_6)
FNDA:2,(anonymous_7)
FNDA:5,(anonymous_8)
DA:24,1
DA:25,34
DA:27,34
DA:28,34
DA:29,34
DA:31,34
DA:33,34
DA:34,10
DA:35,10
DA:36,10
DA:37,10
DA:38,10
DA:39,10
DA:40,9
DA:41,8
DA:42,8
DA:43,8
DA:45,1
DA:49,1
DA:50,1
DA:54,10
DA:57,34
DA:58,3
DA:59,1
DA:60,1
DA:63,2
DA:68,2
DA:69,2
DA:70,2
DA:71,2
DA:72,2
DA:73,2
DA:74,1
DA:75,1
DA:78,1
DA:79,1
DA:81,2
DA:88,34
DA:89,1
DA:90,1
DA:93,34
DA:94,2
DA:100,2
DA:101,2
DA:102,2
DA:103,1
DA:104,1
DA:106,1
DA:107,1
DA:114,34
DA:126,5
DA:183,1
LF:52
LH:52
BRDA:37,0,0,10
BRDA:37,0,1,0
BRDA:40,1,0,8
BRDA:40,1,1,1
BRDA:41,2,0,8
BRDA:41,2,1,0
BRDA:58,3,0,1
BRDA:58,3,1,2
BRDA:71,4,0,2
BRDA:71,4,1,0
BRDA:124,5,0,34
BRDA:124,5,1,22
BRDA:138,6,0,12
BRDA:138,6,1,22
BRDA:155,7,0,2
BRDA:155,7,1,10
BRF:16
BRH:13
end_of_record
TN:
SF:app\(dashboard)\progressTracker.jsx
FN:48,(anonymous_0)
FN:105,(anonymous_1)
FN:116,(anonymous_2)
FN:117,(anonymous_3)
FN:124,(anonymous_4)
FN:129,(anonymous_5)
FN:138,(anonymous_6)
FN:143,(anonymous_7)
FN:147,(anonymous_8)
FN:167,(anonymous_9)
FN:190,(anonymous_10)
FN:191,(anonymous_11)
FN:198,(anonymous_12)
FN:202,(anonymous_13)
FN:203,(anonymous_14)
FN:210,(anonymous_15)
FN:219,(anonymous_16)
FN:220,(anonymous_17)
FN:227,(anonymous_18)
FN:230,(anonymous_19)
FN:239,(anonymous_20)
FN:247,(anonymous_21)
FN:248,(anonymous_22)
FN:259,(anonymous_23)
FN:271,(anonymous_24)
FN:272,(anonymous_25)
FN:279,(anonymous_26)
FN:282,(anonymous_27)
FN:291,(anonymous_28)
FN:296,(anonymous_29)
FN:300,(anonymous_30)
FN:319,(anonymous_31)
FN:347,(anonymous_32)
FN:348,(anonymous_33)
FN:355,(anonymous_34)
FN:359,(anonymous_35)
FN:377,(anonymous_36)
FN:378,(anonymous_37)
FN:385,(anonymous_38)
FN:388,(anonymous_39)
FN:397,(anonymous_40)
FN:401,(anonymous_41)
FN:419,(anonymous_42)
FN:420,(anonymous_43)
FN:431,(anonymous_44)
FN:438,(anonymous_45)
FN:451,(anonymous_46)
FN:499,(anonymous_47)
FN:506,(anonymous_48)
FN:509,(anonymous_49)
FN:516,(anonymous_50)
FN:519,(anonymous_51)
FN:527,(anonymous_52)
FN:528,(anonymous_53)
FN:538,(anonymous_54)
FN:539,(anonymous_55)
FN:566,(anonymous_56)
FN:575,(anonymous_57)
FN:588,(anonymous_58)
FN:599,(anonymous_59)
FN:620,(anonymous_60)
FN:641,(anonymous_61)
FN:657,(anonymous_62)
FN:712,(anonymous_63)
FN:729,(anonymous_64)
FN:738,(anonymous_65)
FN:751,(anonymous_66)
FN:768,(anonymous_67)
FN:796,(anonymous_68)
FN:809,(anonymous_69)
FN:826,(anonymous_70)
FN:844,(anonymous_71)
FN:852,(anonymous_72)
FN:860,(anonymous_73)
FN:918,(anonymous_74)
FN:919,(anonymous_75)
FN:923,(anonymous_76)
FN:930,(anonymous_77)
FN:936,calendarDaysDiff
FN:990,(anonymous_79)
FN:995,(anonymous_80)
FN:1006,(anonymous_81)
FN:1022,(anonymous_82)
FN:1047,(anonymous_83)
FN:1054,(anonymous_84)
FN:1061,(anonymous_85)
FN:1106,(anonymous_86)
FN:1107,(anonymous_87)
FN:1127,(anonymous_88)
FN:1159,(anonymous_89)
FN:1195,(anonymous_90)
FN:1205,(anonymous_91)
FN:1240,(anonymous_92)
FN:1242,(anonymous_93)
FN:1295,(anonymous_94)
FN:1309,(anonymous_95)
FN:1371,(anonymous_96)
FN:1385,(anonymous_97)
FN:1437,(anonymous_98)
FN:1460,(anonymous_99)
FN:1464,(anonymous_100)
FN:1481,(anonymous_101)
FN:1496,(anonymous_102)
FN:1509,(anonymous_103)
FN:1538,(anonymous_104)
FN:1551,(anonymous_105)
FNF:106
FNH:50
FNDA:67,(anonymous_0)
FNDA:15,(anonymous_1)
FNDA:15,(anonymous_2)
FNDA:0,(anonymous_3)
FNDA:15,(anonymous_4)
FNDA:30,(anonymous_5)
FNDA:0,(anonymous_6)
FNDA:0,(anonymous_7)
FNDA:0,(anonymous_8)
FNDA:15,(anonymous_9)
FNDA:15,(anonymous_10)
FNDA:0,(anonymous_11)
FNDA:15,(anonymous_12)
FNDA:0,(anonymous_13)
FNDA:0,(anonymous_14)
FNDA:15,(anonymous_15)
FNDA:15,(anonymous_16)
FNDA:0,(anonymous_17)
FNDA:15,(anonymous_18)
FNDA:30,(anonymous_19)
FNDA:0,(anonymous_20)
FNDA:0,(anonymous_21)
FNDA:0,(anonymous_22)
FNDA:15,(anonymous_23)
FNDA:15,(anonymous_24)
FNDA:28,(anonymous_25)
FNDA:15,(anonymous_26)
FNDA:30,(anonymous_27)
FNDA:28,(anonymous_28)
FNDA:0,(anonymous_29)
FNDA:14,(anonymous_30)
FNDA:15,(anonymous_31)
FNDA:15,(anonymous_32)
FNDA:28,(anonymous_33)
FNDA:15,(anonymous_34)
FNDA:15,(anonymous_35)
FNDA:0,(anonymous_36)
FNDA:0,(anonymous_37)
FNDA:0,(anonymous_38)
FNDA:1,(anonymous_39)
FNDA:1,(anonymous_40)
FNDA:1,(anonymous_41)
FNDA:3,(anonymous_42)
FNDA:3,(anonymous_43)
FNDA:1,(anonymous_44)
FNDA:1,(anonymous_45)
FNDA:1,(anonymous_46)
FNDA:0,(anonymous_47)
FNDA:0,(anonymous_48)
FNDA:0,(anonymous_49)
FNDA:0,(anonymous_50)
FNDA:0,(anonymous_51)
FNDA:0,(anonymous_52)
FNDA:0,(anonymous_53)
FNDA:0,(anonymous_54)
FNDA:0,(anonymous_55)
FNDA:0,(anonymous_56)
FNDA:0,(anonymous_57)
FNDA:0,(anonymous_58)
FNDA:0,(anonymous_59)
FNDA:0,(anonymous_60)
FNDA:1,(anonymous_61)
FNDA:1,(anonymous_62)
FNDA:0,(anonymous_63)
FNDA:0,(anonymous_64)
FNDA:0,(anonymous_65)
FNDA:0,(anonymous_66)
FNDA:0,(anonymous_67)
FNDA:0,(anonymous_68)
FNDA:3,(anonymous_69)
FNDA:3,(anonymous_70)
FNDA:1,(anonymous_71)
FNDA:1,(anonymous_72)
FNDA:1,(anonymous_73)
FNDA:78,(anonymous_74)
FNDA:64,(anonymous_75)
FNDA:3,(anonymous_76)
FNDA:64,(anonymous_77)
FNDA:64,calendarDaysDiff
FNDA:6,(anonymous_79)
FNDA:12,(anonymous_80)
FNDA:1,(anonymous_81)
FNDA:1,(anonymous_82)
FNDA:2,(anonymous_83)
FNDA:0,(anonymous_84)
FNDA:0,(anonymous_85)
FNDA:0,(anonymous_86)
FNDA:0,(anonymous_87)
FNDA:0,(anonymous_88)
FNDA:0,(anonymous_89)
FNDA:0,(anonymous_90)
FNDA:0,(anonymous_91)
FNDA:0,(anonymous_92)
FNDA:0,(anonymous_93)
FNDA:0,(anonymous_94)
FNDA:0,(anonymous_95)
FNDA:2,(anonymous_96)
FNDA:0,(anonymous_97)
FNDA:0,(anonymous_98)
FNDA:0,(anonymous_99)
FNDA:0,(anonymous_100)
FNDA:0,(anonymous_101)
FNDA:0,(anonymous_102)
FNDA:0,(anonymous_103)
FNDA:0,(anonymous_104)
FNDA:0,(anonymous_105)
DA:48,1
DA:49,67
DA:50,67
DA:52,67
DA:53,67
DA:54,67
DA:56,67
DA:57,67
DA:58,67
DA:59,67
DA:60,67
DA:62,67
DA:63,67
DA:64,67
DA:65,67
DA:67,67
DA:68,67
DA:69,67
DA:71,67
DA:72,67
DA:73,67
DA:75,67
DA:77,67
DA:78,67
DA:81,67
DA:82,67
DA:83,67
DA:84,67
DA:85,67
DA:86,67
DA:88,67
DA:89,67
DA:90,67
DA:91,67
DA:92,67
DA:93,67
DA:96,67
DA:97,67
DA:98,67
DA:99,67
DA:100,67
DA:101,67
DA:102,67
DA:103,67
DA:105,67
DA:106,15
DA:107,0
DA:108,0
DA:111,15
DA:116,15
DA:117,15
DA:121,15
DA:124,15
DA:129,67
DA:130,30
DA:131,30
DA:132,30
DA:133,30
DA:136,0
DA:139,0
DA:140,0
DA:143,0
DA:145,0
DA:147,0
DA:153,0
DA:155,0
DA:160,0
DA:161,0
DA:162,0
DA:167,67
DA:168,15
DA:169,0
DA:170,0
DA:173,15
DA:176,15
DA:177,15
DA:179,0
DA:180,0
DA:182,0
DA:190,15
DA:191,15
DA:195,15
DA:198,15
DA:202,67
DA:203,0
DA:204,0
DA:205,0
DA:206,0
DA:210,67
DA:211,15
DA:212,0
DA:213,0
DA:216,15
DA:217,15
DA:219,15
DA:220,15
DA:224,15
DA:227,15
DA:230,67
DA:231,30
DA:232,30
DA:233,30
DA:234,30
DA:237,0
DA:241,0
DA:244,0
DA:247,0
DA:248,0
DA:252,0
DA:254,0
DA:255,0
DA:259,67
DA:260,15
DA:261,0
DA:262,0
DA:265,15
DA:271,15
DA:272,28
DA:276,15
DA:279,15
DA:282,67
DA:283,30
DA:284,16
DA:285,16
DA:286,16
DA:289,14
DA:292,28
DA:293,28
DA:296,0
DA:298,14
DA:300,14
DA:306,14
DA:308,14
DA:313,0
DA:314,14
DA:315,0
DA:319,67
DA:320,15
DA:321,0
DA:322,0
DA:326,15
DA:328,15
DA:329,15
DA:335,0
DA:336,0
DA:338,0
DA:347,15
DA:348,28
DA:352,15
DA:355,15
DA:359,67
DA:360,15
DA:361,15
DA:362,15
DA:365,0
DA:367,0
DA:368,0
DA:370,0
DA:377,0
DA:378,0
DA:382,0
DA:385,0
DA:388,67
DA:389,1
DA:398,1
DA:399,1
DA:400,1
DA:401,1
DA:402,1
DA:403,1
DA:404,1
DA:407,0
DA:410,0
DA:411,0
DA:419,67
DA:420,3
DA:421,3
DA:422,3
DA:423,0
DA:425,3
DA:427,3
DA:431,67
DA:432,1
DA:435,1
DA:438,67
DA:439,1
DA:440,0
DA:441,0
DA:444,1
DA:446,1
DA:447,0
DA:448,0
DA:451,1
DA:452,1
DA:453,1
DA:455,1
DA:456,0
DA:457,0
DA:462,1
DA:463,1
DA:469,1
DA:470,1
DA:471,1
DA:472,1
DA:473,1
DA:474,1
DA:476,0
DA:477,0
DA:481,1
DA:497,67
DA:498,67
DA:499,0
DA:506,0
DA:508,67
DA:509,0
DA:516,0
DA:518,67
DA:520,0
DA:527,0
DA:528,0
DA:534,67
DA:538,0
DA:539,0
DA:566,67
DA:567,0
DA:576,0
DA:577,0
DA:579,0
DA:580,0
DA:588,67
DA:589,0
DA:591,0
DA:592,0
DA:593,0
DA:594,0
DA:595,0
DA:596,0
DA:599,67
DA:600,0
DA:601,0
DA:602,0
DA:603,0
DA:604,0
DA:606,0
DA:609,0
DA:610,0
DA:621,0
DA:622,0
DA:623,0
DA:624,0
DA:625,0
DA:626,0
DA:632,0
DA:633,0
DA:634,0
DA:635,0
DA:636,0
DA:637,0
DA:641,67
DA:642,1
DA:643,0
DA:644,0
DA:647,1
DA:648,1
DA:649,1
DA:650,1
DA:652,1
DA:653,0
DA:654,0
DA:657,1
DA:658,1
DA:659,1
DA:661,1
DA:662,0
DA:663,0
DA:672,1
DA:682,1
DA:683,1
DA:684,1
DA:685,1
DA:686,1
DA:687,1
DA:688,1
DA:690,0
DA:691,0
DA:695,1
DA:712,67
DA:713,0
DA:714,0
DA:715,0
DA:716,0
DA:717,0
DA:718,0
DA:720,0
DA:721,0
DA:722,0
DA:723,0
DA:724,0
DA:726,0
DA:729,67
DA:730,0
DA:739,0
DA:740,0
DA:742,0
DA:743,0
DA:751,67
DA:753,0
DA:759,0
DA:760,0
DA:769,0
DA:770,0
DA:771,0
DA:772,0
DA:773,0
DA:774,0
DA:775,0
DA:781,0
DA:782,0
DA:783,0
DA:784,0
DA:785,0
DA:786,0
DA:787,0
DA:791,67
DA:796,0
DA:809,3
DA:826,3
DA:844,1
DA:852,1
DA:860,1
DA:918,78
DA:920,64
DA:921,64
DA:923,3
DA:931,64
DA:933,64
DA:934,64
DA:937,64
DA:942,64
DA:947,64
DA:948,64
DA:951,64
DA:953,64
DA:962,64
DA:967,64
DA:973,64
DA:991,6
DA:996,12
DA:1007,1
DA:1022,1
DA:1047,2
DA:1054,0
DA:1061,0
DA:1106,0
DA:1108,0
DA:1111,0
DA:1112,0
DA:1113,0
DA:1114,0
DA:1115,0
DA:1116,0
DA:1118,0
DA:1122,0
DA:1123,0
DA:1124,0
DA:1125,0
DA:1126,0
DA:1127,0
DA:1128,0
DA:1133,0
DA:1138,0
DA:1142,0
DA:1148,0
DA:1156,0
DA:1159,0
DA:1195,0
DA:1205,0
DA:1241,0
DA:1242,0
DA:1295,0
DA:1310,0
DA:1311,0
DA:1372,2
DA:1373,2
DA:1374,2
DA:1375,2
DA:1376,2
DA:1377,2
DA:1385,0
DA:1437,0
DA:1460,0
DA:1464,0
DA:1482,0
DA:1488,0
DA:1497,0
DA:1498,0
DA:1499,0
DA:1509,0
DA:1538,0
DA:1552,0
DA:1553,0
DA:1590,1
LF:402
LH:212
BRDA:106,0,0,0
BRDA:106,0,1,15
BRDA:130,1,0,30
BRDA:130,1,1,0
BRDA:130,2,0,30
BRDA:130,2,1,30
BRDA:139,3,0,0
BRDA:139,3,1,0
BRDA:155,4,0,0
BRDA:155,4,1,0
BRDA:156,5,0,0
BRDA:156,5,1,0
BRDA:156,5,2,0
BRDA:161,6,0,0
BRDA:161,6,1,0
BRDA:168,7,0,0
BRDA:168,7,1,15
BRDA:176,8,0,15
BRDA:176,8,1,0
BRDA:205,9,0,0
BRDA:205,9,1,0
BRDA:211,10,0,0
BRDA:211,10,1,15
BRDA:231,11,0,30
BRDA:231,11,1,0
BRDA:241,12,0,0
BRDA:241,12,1,0
BRDA:243,13,0,0
BRDA:243,13,1,0
BRDA:254,14,0,0
BRDA:254,14,1,0
BRDA:254,15,0,0
BRDA:254,15,1,0
BRDA:260,16,0,0
BRDA:260,16,1,15
BRDA:283,17,0,16
BRDA:283,17,1,14
BRDA:283,18,0,30
BRDA:283,18,1,30
BRDA:292,19,0,28
BRDA:292,19,1,0
BRDA:308,20,0,0
BRDA:308,20,1,14
BRDA:309,21,0,14
BRDA:309,21,1,0
BRDA:309,21,2,0
BRDA:314,22,0,0
BRDA:314,22,1,14
BRDA:320,23,0,0
BRDA:320,23,1,15
BRDA:328,24,0,15
BRDA:328,24,1,0
BRDA:360,25,0,15
BRDA:360,25,1,0
BRDA:360,26,0,15
BRDA:360,26,1,15
BRDA:399,27,0,1
BRDA:399,27,1,0
BRDA:422,28,0,0
BRDA:422,28,1,3
BRDA:439,29,0,0
BRDA:439,29,1,1
BRDA:446,30,0,0
BRDA:446,30,1,1
BRDA:455,31,0,0
BRDA:455,31,1,1
BRDA:482,32,0,0
BRDA:482,32,1,1
BRDA:483,33,0,0
BRDA:483,33,1,1
BRDA:489,34,0,0
BRDA:489,34,1,1
BRDA:502,35,0,0
BRDA:502,35,1,0
BRDA:504,36,0,0
BRDA:504,36,1,0
BRDA:512,37,0,0
BRDA:512,37,1,0
BRDA:514,38,0,0
BRDA:514,38,1,0
BRDA:528,39,0,0
BRDA:538,40,0,0
BRDA:539,41,0,0
BRDA:591,42,0,0
BRDA:591,42,1,0
BRDA:601,43,0,0
BRDA:601,43,1,0
BRDA:604,44,0,0
BRDA:604,44,1,0
BRDA:609,45,0,0
BRDA:609,45,1,0
BRDA:611,46,0,0
BRDA:611,46,1,0
BRDA:612,47,0,0
BRDA:612,47,1,0
BRDA:642,48,0,0
BRDA:642,48,1,1
BRDA:642,49,0,1
BRDA:642,49,1,1
BRDA:642,49,2,1
BRDA:642,49,3,1
BRDA:642,49,4,1
BRDA:652,50,0,0
BRDA:652,50,1,1
BRDA:661,51,0,0
BRDA:661,51,1,1
BRDA:696,52,0,0
BRDA:696,52,1,1
BRDA:697,53,0,0
BRDA:697,53,1,1
BRDA:703,54,0,0
BRDA:703,54,1,1
BRDA:753,55,0,0
BRDA:753,55,1,0
BRDA:753,55,2,0
BRDA:753,55,3,0
BRDA:753,55,4,0
BRDA:759,56,0,0
BRDA:759,56,1,0
BRDA:799,57,0,67
BRDA:799,57,1,49
BRDA:812,58,0,67
BRDA:812,58,1,11
BRDA:829,59,0,67
BRDA:829,59,1,7
BRDA:838,60,0,67
BRDA:838,60,1,49
BRDA:909,61,0,17
BRDA:909,61,1,32
BRDA:911,62,0,17
BRDA:911,62,1,0
BRDA:928,63,0,64
BRDA:928,63,1,0
BRDA:928,63,2,64
BRDA:931,64,0,0
BRDA:931,64,1,64
BRDA:962,65,0,64
BRDA:962,65,1,0
BRDA:967,66,0,0
BRDA:967,66,1,64
BRDA:969,67,0,0
BRDA:969,67,1,64
BRDA:978,68,0,64
BRDA:978,68,1,3
BRDA:980,69,0,3
BRDA:980,69,1,3
BRDA:980,69,2,3
BRDA:1041,70,0,67
BRDA:1041,70,1,11
BRDA:1097,71,0,11
BRDA:1097,71,1,0
BRDA:1099,72,0,11
BRDA:1099,72,1,0
BRDA:1112,73,0,0
BRDA:1112,73,1,0
BRDA:1113,74,0,0
BRDA:1113,74,1,0
BRDA:1115,75,0,0
BRDA:1115,75,1,0
BRDA:1125,76,0,0
BRDA:1125,76,1,0
BRDA:1149,77,0,0
BRDA:1149,77,1,0
BRDA:1151,78,0,0
BRDA:1151,78,1,0
BRDA:1163,79,0,0
BRDA:1163,79,1,0
BRDA:1169,80,0,0
BRDA:1169,80,1,0
BRDA:1221,81,0,0
BRDA:1221,81,1,0
BRDA:1226,82,0,0
BRDA:1226,82,1,0
BRDA:1231,83,0,0
BRDA:1231,83,1,0
BRDA:1240,84,0,0
BRDA:1269,85,0,67
BRDA:1269,85,1,0
BRDA:1271,86,0,67
BRDA:1271,86,1,0
BRDA:1282,87,0,0
BRDA:1282,87,1,67
BRDA:1304,88,0,67
BRDA:1304,88,1,0
BRDA:1311,89,0,0
BRDA:1311,89,1,0
BRDA:1352,90,0,0
BRDA:1352,90,1,67
BRDA:1366,91,0,67
BRDA:1366,91,1,7
BRDA:1430,92,0,7
BRDA:1430,92,1,0
BRDA:1434,93,0,0
BRDA:1434,93,1,0
BRDA:1472,94,0,67
BRDA:1472,94,1,0
BRDA:1474,95,0,67
BRDA:1474,95,1,67
BRDA:1529,96,0,67
BRDA:1529,96,1,0
BRDA:1534,97,0,0
BRDA:1534,97,1,67
BRDA:1546,98,0,67
BRDA:1546,98,1,0
BRDA:1553,99,0,0
BRDA:1553,99,1,0
BRDA:1572,100,0,0
BRDA:1572,100,1,67
BRF:208
BRH:82
end_of_record
TN:
SF:app\(progress)\addWorkout.jsx
FN:28,(anonymous_0)
FN:37,(anonymous_1)
FN:88,(anonymous_2)
FN:90,(anonymous_3)
FN:111,(anonymous_4)
FN:114,(anonymous_5)
FN:123,(anonymous_6)
FN:128,(anonymous_7)
FN:129,(anonymous_8)
FN:156,(anonymous_9)
FN:157,(anonymous_10)
FN:163,(anonymous_11)
FN:169,(anonymous_12)
FN:170,(anonymous_13)
FN:183,(anonymous_14)
FN:189,(anonymous_15)
FN:195,(anonymous_16)
FN:203,(anonymous_17)
FN:214,(anonymous_18)
FN:243,(anonymous_19)
FN:267,(anonymous_20)
FN:287,(anonymous_21)
FN:291,(anonymous_22)
FN:299,(anonymous_23)
FN:304,(anonymous_24)
FN:321,(anonymous_25)
FN:330,(anonymous_26)
FN:363,(anonymous_27)
FN:413,(anonymous_28)
FN:431,(anonymous_29)
FN:434,(anonymous_30)
FN:452,(anonymous_31)
FN:460,(anonymous_32)
FN:477,(anonymous_33)
FN:481,(anonymous_34)
FN:487,(anonymous_35)
FN:512,(anonymous_36)
FN:516,(anonymous_37)
FN:522,(anonymous_38)
FN:544,(anonymous_39)
FN:558,(anonymous_40)
FNF:41
FNH:34
FNDA:93,(anonymous_0)
FNDA:1,(anonymous_1)
FNDA:20,(anonymous_2)
FNDA:4,(anonymous_3)
FNDA:2,(anonymous_4)
FNDA:2,(anonymous_5)
FNDA:2,(anonymous_6)
FNDA:2,(anonymous_7)
FNDA:2,(anonymous_8)
FNDA:10,(anonymous_9)
FNDA:10,(anonymous_10)
FNDA:5,(anonymous_11)
FNDA:6,(anonymous_12)
FNDA:6,(anonymous_13)
FNDA:8,(anonymous_14)
FNDA:1,(anonymous_15)
FNDA:0,(anonymous_16)
FNDA:9,(anonymous_17)
FNDA:6,(anonymous_18)
FNDA:2,(anonymous_19)
FNDA:0,(anonymous_20)
FNDA:0,(anonymous_21)
FNDA:2,(anonymous_22)
FNDA:0,(anonymous_23)
FNDA:0,(anonymous_24)
FNDA:2,(anonymous_25)
FNDA:0,(anonymous_26)
FNDA:1,(anonymous_27)
FNDA:48,(anonymous_28)
FNDA:10,(anonymous_29)
FNDA:5,(anonymous_30)
FNDA:1,(anonymous_31)
FNDA:28,(anonymous_32)
FNDA:1120,(anonymous_33)
FNDA:8,(anonymous_34)
FNDA:4,(anonymous_35)
FNDA:5628,(anonymous_36)
FNDA:8,(anonymous_37)
FNDA:4,(anonymous_38)
FNDA:0,(anonymous_39)
FNDA:6,(anonymous_40)
DA:28,1
DA:29,93
DA:31,93
DA:32,93
DA:34,93
DA:35,93
DA:37,93
DA:38,1
DA:39,1
DA:40,1
DA:41,1
DA:42,1
DA:43,1
DA:44,1
DA:48,93
DA:49,93
DA:50,93
DA:51,93
DA:53,93
DA:55,93
DA:56,93
DA:58,93
DA:61,93
DA:88,93
DA:89,20
DA:90,4
DA:91,4
DA:92,4
DA:93,4
DA:94,3
DA:95,2
DA:97,2
DA:107,2
DA:108,2
DA:110,2
DA:111,2
DA:112,2
DA:113,2
DA:114,2
DA:119,2
DA:122,2
DA:123,2
DA:126,2
DA:128,2
DA:129,2
DA:131,2
DA:132,2
DA:134,2
DA:136,0
DA:139,2
DA:140,2
DA:144,1
DA:145,1
DA:148,1
DA:149,1
DA:152,4
DA:156,93
DA:157,10
DA:163,93
DA:164,5
DA:165,5
DA:166,5
DA:169,93
DA:170,6
DA:171,6
DA:172,6
DA:179,6
DA:183,93
DA:184,8
DA:185,8
DA:186,8
DA:189,93
DA:190,1
DA:191,1
DA:192,1
DA:195,93
DA:196,0
DA:197,0
DA:198,0
DA:201,93
DA:203,93
DA:204,9
DA:205,1
DA:206,1
DA:209,8
DA:210,1
DA:211,1
DA:213,7
DA:214,6
DA:216,7
DA:217,1
DA:218,1
DA:221,6
DA:222,6
DA:223,1
DA:224,1
DA:227,5
DA:228,5
DA:229,5
DA:230,1
DA:231,1
DA:236,4
DA:237,4
DA:238,0
DA:239,0
DA:241,4
DA:243,4
DA:244,2
DA:245,2
DA:246,1
DA:255,1
DA:264,2
DA:267,0
DA:270,0
DA:271,0
DA:275,4
DA:287,93
DA:288,0
DA:291,93
DA:292,2
DA:293,1
DA:300,0
DA:305,0
DA:312,1
DA:313,0
DA:314,0
DA:316,0
DA:318,0
DA:321,93
DA:322,2
DA:323,2
DA:330,0
DA:334,0
DA:339,93
DA:363,1
DA:414,48
DA:432,10
DA:435,5
DA:436,5
DA:452,1
DA:462,28
DA:466,28
DA:477,1120
DA:482,8
DA:483,8
DA:485,8
DA:488,4
DA:489,4
DA:513,5628
DA:514,5628
DA:517,8
DA:518,8
DA:520,8
DA:523,4
DA:524,4
DA:544,0
DA:558,6
DA:592,1
LF:158
LH:139
BRDA:39,0,0,1
BRDA:39,0,1,0
BRDA:89,1,0,4
BRDA:89,1,1,16
BRDA:94,2,0,2
BRDA:94,2,1,1
BRDA:98,3,0,2
BRDA:98,3,1,0
BRDA:99,4,0,2
BRDA:99,4,1,0
BRDA:100,5,0,2
BRDA:100,5,1,0
BRDA:101,6,0,2
BRDA:101,6,1,0
BRDA:102,7,0,2
BRDA:102,7,1,0
BRDA:107,8,0,2
BRDA:107,8,1,0
BRDA:108,9,0,2
BRDA:108,9,1,0
BRDA:110,10,0,2
BRDA:110,10,1,0
BRDA:110,11,0,2
BRDA:110,11,1,2
BRDA:112,12,0,2
BRDA:112,12,1,0
BRDA:113,13,0,2
BRDA:113,13,1,0
BRDA:116,14,0,2
BRDA:116,14,1,0
BRDA:123,15,0,2
BRDA:123,15,1,0
BRDA:129,16,0,2
BRDA:129,16,1,0
BRDA:139,17,0,2
BRDA:139,17,1,0
BRDA:141,18,0,2
BRDA:141,18,1,0
BRDA:201,19,0,0
BRDA:201,19,1,93
BRDA:204,20,0,1
BRDA:204,20,1,8
BRDA:209,21,0,1
BRDA:209,21,1,7
BRDA:214,22,0,6
BRDA:214,22,1,6
BRDA:216,23,0,1
BRDA:216,23,1,6
BRDA:222,24,0,1
BRDA:222,24,1,5
BRDA:222,25,0,6
BRDA:222,25,1,6
BRDA:229,26,0,1
BRDA:229,26,1,4
BRDA:229,27,0,5
BRDA:229,27,1,4
BRDA:237,28,0,0
BRDA:237,28,1,4
BRDA:245,29,0,1
BRDA:245,29,1,1
BRDA:266,30,0,1
BRDA:266,30,1,1
BRDA:276,31,0,1
BRDA:276,31,1,3
BRDA:277,32,0,1
BRDA:277,32,1,3
BRDA:282,33,0,1
BRDA:282,33,1,3
BRDA:292,34,0,1
BRDA:292,34,1,1
BRDA:294,35,0,1
BRDA:294,35,1,0
BRDA:294,35,2,0
BRDA:294,35,3,0
BRDA:294,35,4,0
BRDA:300,36,0,0
BRDA:300,36,1,0
BRDA:300,36,2,0
BRDA:300,36,3,0
BRDA:300,36,4,0
BRDA:305,37,0,0
BRDA:305,37,1,0
BRDA:305,37,2,0
BRDA:305,37,3,0
BRDA:312,38,0,1
BRDA:312,38,1,0
BRDA:313,39,0,0
BRDA:313,39,1,0
BRDA:314,40,0,0
BRDA:314,40,1,0
BRDA:316,41,0,0
BRDA:316,41,1,0
BRDA:322,42,0,2
BRDA:322,42,1,0
BRDA:324,43,0,1
BRDA:324,43,1,1
BRDA:325,44,0,1
BRDA:325,44,1,1
BRDA:342,45,0,93
BRDA:342,45,1,0
BRDA:352,46,0,8
BRDA:352,46,1,85
BRDA:369,47,0,93
BRDA:369,47,1,1
BRDA:422,48,0,5
BRDA:422,48,1,43
BRDA:432,49,0,5
BRDA:432,49,1,5
BRDA:462,50,0,8
BRDA:462,50,1,20
BRDA:462,51,0,28
BRDA:462,51,1,24
BRDA:500,52,0,4
BRDA:500,52,1,24
BRDA:535,53,0,4
BRDA:535,53,1,24
BRDA:578,54,0,8
BRDA:578,54,1,85
BRF:118
BRH:78
end_of_record
TN:
SF:app\(progress)\exerciseProgress.jsx
FN:16,(anonymous_0)
FN:23,(anonymous_1)
FN:24,(anonymous_2)
FN:51,(anonymous_3)
FN:54,(anonymous_4)
FN:58,(anonymous_5)
FN:59,(anonymous_6)
FN:77,(anonymous_7)
FN:89,(anonymous_8)
FN:92,(anonymous_9)
FN:103,(anonymous_10)
FN:104,(anonymous_11)
FN:113,(anonymous_12)
FN:130,(anonymous_13)
FN:133,(anonymous_14)
FN:136,(anonymous_15)
FN:145,(anonymous_16)
FN:146,(anonymous_17)
FN:245,(anonymous_18)
FN:246,(anonymous_19)
FNF:20
FNH:19
FNDA:10,(anonymous_0)
FNDA:69,(anonymous_1)
FNDA:68,(anonymous_2)
FNDA:3,(anonymous_3)
FNDA:9,(anonymous_4)
FNDA:3,(anonymous_5)
FNDA:3,(anonymous_6)
FNDA:6,(anonymous_7)
FNDA:9,(anonymous_8)
FNDA:15,(anonymous_9)
FNDA:0,(anonymous_10)
FNDA:3,(anonymous_11)
FNDA:6,(anonymous_12)
FNDA:7,(anonymous_13)
FNDA:11,(anonymous_14)
FNDA:4,(anonymous_15)
FNDA:11,(anonymous_16)
FNDA:11,(anonymous_17)
FNDA:8,(anonymous_18)
FNDA:7,(anonymous_19)
DA:16,1
DA:17,10
DA:19,10
DA:23,69
DA:24,68
DA:43,10
DA:44,10
DA:45,10
DA:46,10
DA:47,10
DA:48,10
DA:49,10
DA:51,10
DA:52,3
DA:53,3
DA:54,9
DA:55,3
DA:58,10
DA:59,3
DA:60,3
DA:61,3
DA:62,3
DA:64,3
DA:65,3
DA:71,3
DA:73,3
DA:74,3
DA:75,3
DA:77,3
DA:78,6
DA:79,6
DA:80,6
DA:86,6
DA:87,6
DA:89,6
DA:90,9
DA:91,9
DA:92,15
DA:94,9
DA:95,9
DA:103,3
DA:104,3
DA:106,3
DA:107,0
DA:110,3
DA:112,3
DA:113,6
DA:119,3
DA:121,3
DA:123,0
DA:127,3
DA:130,10
DA:131,7
DA:133,11
DA:134,7
DA:136,7
DA:137,4
DA:138,4
DA:139,4
DA:145,11
DA:146,11
DA:148,7
DA:164,10
DA:245,8
DA:246,7
DA:254,1
LF:66
LH:64
BRDA:23,0,0,0
BRDA:24,1,0,0
BRDA:62,2,0,0
BRDA:62,2,1,3
BRDA:80,3,0,6
BRDA:80,3,1,0
BRDA:87,4,0,6
BRDA:87,4,1,0
BRDA:94,5,0,6
BRDA:94,5,1,3
BRDA:106,6,0,0
BRDA:106,6,1,3
BRDA:106,7,0,3
BRDA:106,7,1,0
BRDA:131,8,0,0
BRDA:131,8,1,7
BRDA:131,9,0,7
BRDA:131,9,1,7
BRDA:134,10,0,0
BRDA:134,10,1,7
BRF:20
BRH:11
end_of_record
TN:
SF:app\(progress)\macroProgress.jsx
FN:21,(anonymous_0)
FN:28,(anonymous_1)
FN:29,(anonymous_2)
FN:54,(anonymous_3)
FN:61,(anonymous_4)
FN:64,(anonymous_5)
FN:68,(anonymous_6)
FN:78,(anonymous_7)
FN:87,(anonymous_8)
FN:127,(anonymous_9)
FN:128,(anonymous_10)
FN:137,(anonymous_11)
FN:140,(anonymous_12)
FN:143,(anonymous_13)
FN:146,(anonymous_14)
FN:155,(anonymous_15)
FN:156,(anonymous_16)
FN:254,(anonymous_17)
FNF:18
FNH:17
FNDA:8,(anonymous_0)
FNDA:228,(anonymous_1)
FNDA:266,(anonymous_2)
FNDA:32,(anonymous_3)
FNDA:3,(anonymous_4)
FNDA:9,(anonymous_5)
FNDA:3,(anonymous_6)
FNDA:3,(anonymous_7)
FNDA:6,(anonymous_8)
FNDA:0,(anonymous_9)
FNDA:3,(anonymous_10)
FNDA:3,(anonymous_11)
FNDA:31,(anonymous_12)
FNDA:38,(anonymous_13)
FNDA:19,(anonymous_14)
FNDA:38,(anonymous_15)
FNDA:38,(anonymous_16)
FNDA:31,(anonymous_17)
DA:21,1
DA:22,8
DA:24,8
DA:28,228
DA:29,266
DA:48,8
DA:50,8
DA:51,8
DA:52,8
DA:53,8
DA:54,32
DA:57,8
DA:58,8
DA:59,8
DA:61,8
DA:62,3
DA:63,3
DA:64,9
DA:65,3
DA:68,8
DA:69,3
DA:70,3
DA:71,3
DA:73,3
DA:78,3
DA:79,3
DA:85,3
DA:87,3
DA:88,6
DA:89,6
DA:95,6
DA:96,6
DA:98,6
DA:105,6
DA:110,6
DA:115,6
DA:120,6
DA:127,3
DA:128,3
DA:130,3
DA:131,0
DA:134,3
DA:137,3
DA:140,8
DA:141,31
DA:143,38
DA:144,19
DA:146,19
DA:147,19
DA:148,19
DA:149,19
DA:155,38
DA:156,38
DA:158,19
DA:174,8
DA:254,31
DA:262,1
LF:57
LH:56
BRDA:28,0,0,0
BRDA:29,1,0,0
BRDA:71,2,0,0
BRDA:71,2,1,3
BRDA:89,3,0,6
BRDA:89,3,1,0
BRDA:91,4,0,0
BRDA:91,4,1,0
BRDA:96,5,0,6
BRDA:96,5,1,0
BRDA:98,6,0,6
BRDA:98,6,1,0
BRDA:130,7,0,0
BRDA:130,7,1,3
BRDA:130,8,0,3
BRDA:130,8,1,0
BRDA:141,9,0,12
BRDA:141,9,1,19
BRDA:141,10,0,31
BRDA:141,10,1,19
BRDA:144,11,0,0
BRDA:144,11,1,19
BRF:22
BRH:11
end_of_record
TN:
SF:app\(reports)\uscReports.jsx
FN:53,(anonymous_0)
FN:106,(anonymous_1)
FN:111,(anonymous_2)
FN:112,(anonymous_3)
FN:116,(anonymous_4)
FN:123,(anonymous_5)
FN:128,(anonymous_6)
FN:131,(anonymous_7)
FN:142,(anonymous_8)
FN:158,(anonymous_9)
FN:177,(anonymous_10)
FN:272,(anonymous_11)
FN:282,(anonymous_12)
FN:291,(anonymous_13)
FN:321,(anonymous_14)
FN:341,(anonymous_15)
FN:358,(anonymous_16)
FN:363,(anonymous_17)
FN:382,(anonymous_18)
FN:394,(anonymous_19)
FN:422,(anonymous_20)
FN:423,(anonymous_21)
FN:432,(anonymous_22)
FN:448,(anonymous_23)
FN:455,(anonymous_24)
FN:464,(anonymous_25)
FN:494,(anonymous_26)
FNF:27
FNH:24
FNDA:135,(anonymous_0)
FNDA:31,(anonymous_1)
FNDA:30,(anonymous_2)
FNDA:29,(anonymous_3)
FNDA:0,(anonymous_4)
FNDA:1,(anonymous_5)
FNDA:31,(anonymous_6)
FNDA:17,(anonymous_7)
FNDA:10,(anonymous_8)
FNDA:13,(anonymous_9)
FNDA:12,(anonymous_10)
FNDA:6,(anonymous_11)
FNDA:1,(anonymous_12)
FNDA:1,(anonymous_13)
FNDA:9,(anonymous_14)
FNDA:4,(anonymous_15)
FNDA:3,(anonymous_16)
FNDA:4,(anonymous_17)
FNDA:4,(anonymous_18)
FNDA:2,(anonymous_19)
FNDA:0,(anonymous_20)
FNDA:0,(anonymous_21)
FNDA:132,(anonymous_22)
FNDA:103,(anonymous_23)
FNDA:11,(anonymous_24)
FNDA:10,(anonymous_25)
FNDA:1,(anonymous_26)
DA:53,1
DA:54,135
DA:55,135
DA:56,135
DA:58,135
DA:59,135
DA:61,135
DA:63,135
DA:64,135
DA:66,135
DA:68,135
DA:69,135
DA:71,135
DA:72,135
DA:74,135
DA:76,135
DA:78,135
DA:81,135
DA:99,135
DA:106,135
DA:107,31
DA:109,31
DA:112,30
DA:116,30
DA:117,0
DA:118,0
DA:119,0
DA:121,30
DA:124,1
DA:128,31
DA:131,135
DA:132,17
DA:133,17
DA:134,17
DA:135,17
DA:136,17
DA:137,17
DA:138,17
DA:139,17
DA:142,135
DA:143,10
DA:144,10
DA:150,10
DA:151,10
DA:152,10
DA:153,10
DA:154,10
DA:155,10
DA:158,135
DA:159,13
DA:160,1
DA:164,1
DA:167,12
DA:178,12
DA:179,12
DA:180,12
DA:182,12
DA:183,8
DA:184,8
DA:185,8
DA:186,8
DA:190,12
DA:191,3
DA:192,3
DA:193,3
DA:194,3
DA:195,3
DA:197,3
DA:198,2
DA:199,2
DA:200,2
DA:201,1
DA:203,1
DA:206,9
DA:207,3
DA:208,3
DA:209,3
DA:210,2
DA:212,1
DA:214,3
DA:215,6
DA:216,3
DA:218,3
DA:221,12
DA:228,12
DA:229,3
DA:230,9
DA:231,6
DA:233,3
DA:234,0
DA:235,3
DA:236,0
DA:243,12
DA:244,8
DA:245,8
DA:247,4
DA:248,4
DA:250,11
DA:251,11
DA:252,11
DA:253,11
DA:254,11
DA:255,11
DA:256,11
DA:257,11
DA:258,11
DA:263,1
DA:264,1
DA:272,135
DA:273,6
DA:274,6
DA:275,0
DA:277,6
DA:278,6
DA:282,135
DA:283,1
DA:292,1
DA:293,1
DA:294,1
DA:295,1
DA:297,1
DA:298,1
DA:301,1
DA:302,1
DA:303,1
DA:306,1
DA:307,1
DA:308,1
DA:309,1
DA:312,0
DA:313,0
DA:321,135
DA:323,9
DA:325,9
DA:326,1
DA:327,1
DA:330,8
DA:335,8
DA:336,6
DA:337,6
DA:341,135
DA:342,4
DA:343,4
DA:344,2
DA:345,2
DA:348,2
DA:352,2
DA:353,1
DA:354,1
DA:358,135
DA:359,3
DA:360,3
DA:363,135
DA:364,4
DA:365,2
DA:372,2
DA:382,135
DA:383,4
DA:384,2
DA:395,2
DA:396,2
DA:397,2
DA:398,2
DA:399,2
DA:400,2
DA:401,2
DA:402,2
DA:408,2
DA:409,2
DA:410,2
DA:411,2
DA:412,2
DA:413,2
DA:414,2
DA:415,2
DA:420,135
DA:422,135
DA:423,0
DA:424,0
DA:428,135
DA:432,132
DA:449,103
DA:450,103
DA:452,103
DA:455,11
DA:464,10
DA:494,1
DA:672,1
LF:188
LH:178
BRDA:56,0,0,135
BRDA:56,0,1,0
BRDA:117,1,0,0
BRDA:117,1,1,0
BRDA:118,2,0,0
BRDA:118,2,1,0
BRDA:147,3,0,10
BRDA:147,3,1,0
BRDA:148,4,0,10
BRDA:148,4,1,0
BRDA:152,5,0,10
BRDA:152,5,1,0
BRDA:153,6,0,10
BRDA:153,6,1,0
BRDA:159,7,0,1
BRDA:159,7,1,12
BRDA:159,8,0,13
BRDA:159,8,1,12
BRDA:168,9,0,8
BRDA:168,9,1,4
BRDA:169,10,0,8
BRDA:169,10,1,4
BRDA:175,11,0,8
BRDA:175,11,1,4
BRDA:182,12,0,8
BRDA:182,12,1,4
BRDA:185,13,0,8
BRDA:185,13,1,0
BRDA:186,14,0,8
BRDA:186,14,1,0
BRDA:190,15,0,3
BRDA:190,15,1,9
BRDA:190,16,0,12
BRDA:190,16,1,6
BRDA:197,17,0,2
BRDA:197,17,1,1
BRDA:206,18,0,3
BRDA:206,18,1,6
BRDA:206,19,0,9
BRDA:206,19,1,3
BRDA:215,20,0,3
BRDA:215,20,1,3
BRDA:228,21,0,3
BRDA:228,21,1,9
BRDA:230,22,0,6
BRDA:230,22,1,3
BRDA:233,23,0,0
BRDA:233,23,1,3
BRDA:233,24,0,3
BRDA:233,24,1,0
BRDA:233,24,2,0
BRDA:235,25,0,3
BRDA:235,25,1,0
BRDA:235,26,0,3
BRDA:235,26,1,3
BRDA:236,27,0,0
BRDA:236,27,1,0
BRDA:237,28,0,0
BRDA:237,28,1,0
BRDA:237,28,2,0
BRDA:243,29,0,8
BRDA:243,29,1,4
BRDA:260,30,0,8
BRDA:260,30,1,3
BRDA:297,31,0,1
BRDA:297,31,1,0
BRDA:308,32,0,1
BRDA:308,32,1,0
BRDA:325,33,0,1
BRDA:325,33,1,8
BRDA:335,34,0,6
BRDA:335,34,1,2
BRDA:343,35,0,2
BRDA:343,35,1,2
BRDA:352,36,0,1
BRDA:352,36,1,1
BRDA:364,37,0,2
BRDA:364,37,1,2
BRDA:366,38,0,2
BRDA:366,38,1,1
BRDA:366,38,2,1
BRDA:366,38,3,1
BRDA:373,39,0,2
BRDA:373,39,1,2
BRDA:373,39,2,1
BRDA:373,39,3,1
BRDA:373,39,4,1
BRDA:373,39,5,0
BRDA:383,40,0,2
BRDA:383,40,1,2
BRDA:385,41,0,1
BRDA:385,41,1,1
BRDA:386,42,0,1
BRDA:386,42,1,1
BRDA:455,43,0,0
BRDA:455,43,1,11
BRDA:462,44,0,103
BRDA:462,44,1,37
BRDA:462,44,2,37
BRDA:476,45,0,103
BRDA:476,45,1,37
BRDA:478,46,0,37
BRDA:478,46,1,37
BRDA:484,47,0,37
BRDA:484,47,1,37
BRDA:555,48,0,135
BRDA:555,48,1,0
BRDA:560,49,0,16
BRDA:560,49,1,119
BRDA:563,50,0,0
BRDA:563,50,1,135
BRDA:581,51,0,0
BRDA:581,51,1,135
BRDA:626,52,0,135
BRDA:626,52,1,18
BRDA:654,53,0,16
BRDA:654,53,1,119
BRF:117
BRH:90
end_of_record
TN:
SF:app\(reports)\utownReports.jsx
FN:53,(anonymous_0)
FN:106,(anonymous_1)
FN:111,(anonymous_2)
FN:112,(anonymous_3)
FN:116,(anonymous_4)
FN:123,(anonymous_5)
FN:128,(anonymous_6)
FN:131,(anonymous_7)
FN:142,(anonymous_8)
FN:158,(anonymous_9)
FN:177,(anonymous_10)
FN:273,(anonymous_11)
FN:283,(anonymous_12)
FN:292,(anonymous_13)
FN:322,(anonymous_14)
FN:342,(anonymous_15)
FN:359,(anonymous_16)
FN:364,(anonymous_17)
FN:383,(anonymous_18)
FN:395,(anonymous_19)
FN:423,(anonymous_20)
FN:424,(anonymous_21)
FN:433,(anonymous_22)
FN:449,(anonymous_23)
FN:456,(anonymous_24)
FN:465,(anonymous_25)
FN:495,(anonymous_26)
FNF:27
FNH:24
FNDA:135,(anonymous_0)
FNDA:31,(anonymous_1)
FNDA:30,(anonymous_2)
FNDA:29,(anonymous_3)
FNDA:0,(anonymous_4)
FNDA:1,(anonymous_5)
FNDA:31,(anonymous_6)
FNDA:17,(anonymous_7)
FNDA:10,(anonymous_8)
FNDA:13,(anonymous_9)
FNDA:12,(anonymous_10)
FNDA:6,(anonymous_11)
FNDA:1,(anonymous_12)
FNDA:1,(anonymous_13)
FNDA:9,(anonymous_14)
FNDA:4,(anonymous_15)
FNDA:3,(anonymous_16)
FNDA:4,(anonymous_17)
FNDA:4,(anonymous_18)
FNDA:2,(anonymous_19)
FNDA:0,(anonymous_20)
FNDA:0,(anonymous_21)
FNDA:132,(anonymous_22)
FNDA:103,(anonymous_23)
FNDA:11,(anonymous_24)
FNDA:10,(anonymous_25)
FNDA:1,(anonymous_26)
DA:53,1
DA:54,135
DA:55,135
DA:56,135
DA:58,135
DA:59,135
DA:61,135
DA:63,135
DA:64,135
DA:66,135
DA:68,135
DA:69,135
DA:71,135
DA:72,135
DA:74,135
DA:76,135
DA:78,135
DA:81,135
DA:99,135
DA:106,135
DA:107,31
DA:109,31
DA:112,30
DA:116,30
DA:117,0
DA:118,0
DA:119,0
DA:121,30
DA:124,1
DA:128,31
DA:131,135
DA:132,17
DA:133,17
DA:134,17
DA:135,17
DA:136,17
DA:137,17
DA:138,17
DA:139,17
DA:142,135
DA:143,10
DA:144,10
DA:150,10
DA:151,10
DA:152,10
DA:153,10
DA:154,10
DA:155,10
DA:158,135
DA:159,13
DA:160,1
DA:164,1
DA:167,12
DA:178,12
DA:179,12
DA:180,12
DA:182,12
DA:183,8
DA:184,8
DA:185,8
DA:186,8
DA:190,12
DA:191,3
DA:192,3
DA:193,3
DA:194,3
DA:195,3
DA:197,3
DA:198,2
DA:199,2
DA:200,2
DA:201,1
DA:203,1
DA:206,9
DA:207,3
DA:208,3
DA:209,3
DA:210,2
DA:212,1
DA:214,3
DA:215,6
DA:216,3
DA:218,3
DA:221,12
DA:228,12
DA:229,3
DA:230,9
DA:231,6
DA:233,3
DA:234,0
DA:235,3
DA:236,0
DA:244,12
DA:245,8
DA:246,8
DA:248,4
DA:249,4
DA:251,11
DA:252,11
DA:253,11
DA:254,11
DA:255,11
DA:256,11
DA:257,11
DA:258,11
DA:259,11
DA:264,1
DA:265,1
DA:273,135
DA:274,6
DA:275,6
DA:276,0
DA:278,6
DA:279,6
DA:283,135
DA:284,1
DA:293,1
DA:294,1
DA:295,1
DA:296,1
DA:298,1
DA:299,1
DA:302,1
DA:303,1
DA:304,1
DA:307,1
DA:308,1
DA:309,1
DA:310,1
DA:313,0
DA:314,0
DA:322,135
DA:324,9
DA:326,9
DA:327,1
DA:328,1
DA:331,8
DA:336,8
DA:337,6
DA:338,6
DA:342,135
DA:343,4
DA:344,4
DA:345,2
DA:346,2
DA:349,2
DA:353,2
DA:354,1
DA:355,1
DA:359,135
DA:360,3
DA:361,3
DA:364,135
DA:365,4
DA:366,2
DA:373,2
DA:383,135
DA:384,4
DA:385,2
DA:396,2
DA:397,2
DA:398,2
DA:399,2
DA:400,2
DA:401,2
DA:402,2
DA:403,2
DA:409,2
DA:410,2
DA:411,2
DA:412,2
DA:413,2
DA:414,2
DA:415,2
DA:416,2
DA:421,135
DA:423,135
DA:424,0
DA:425,0
DA:429,135
DA:433,132
DA:450,103
DA:451,103
DA:453,103
DA:456,11
DA:465,10
DA:495,1
DA:675,1
LF:188
LH:178
BRDA:56,0,0,135
BRDA:56,0,1,0
BRDA:117,1,0,0
BRDA:117,1,1,0
BRDA:118,2,0,0
BRDA:118,2,1,0
BRDA:147,3,0,10
BRDA:147,3,1,0
BRDA:148,4,0,10
BRDA:148,4,1,0
BRDA:152,5,0,10
BRDA:152,5,1,0
BRDA:153,6,0,10
BRDA:153,6,1,0
BRDA:159,7,0,1
BRDA:159,7,1,12
BRDA:159,8,0,13
BRDA:159,8,1,12
BRDA:168,9,0,8
BRDA:168,9,1,4
BRDA:169,10,0,8
BRDA:169,10,1,4
BRDA:175,11,0,8
BRDA:175,11,1,4
BRDA:182,12,0,8
BRDA:182,12,1,4
BRDA:185,13,0,8
BRDA:185,13,1,0
BRDA:186,14,0,8
BRDA:186,14,1,0
BRDA:190,15,0,3
BRDA:190,15,1,9
BRDA:190,16,0,12
BRDA:190,16,1,6
BRDA:197,17,0,2
BRDA:197,17,1,1
BRDA:206,18,0,3
BRDA:206,18,1,6
BRDA:206,19,0,9
BRDA:206,19,1,3
BRDA:215,20,0,3
BRDA:215,20,1,3
BRDA:228,21,0,3
BRDA:228,21,1,9
BRDA:230,22,0,6
BRDA:230,22,1,3
BRDA:233,23,0,0
BRDA:233,23,1,3
BRDA:233,24,0,3
BRDA:233,24,1,0
BRDA:233,24,2,0
BRDA:235,25,0,3
BRDA:235,25,1,0
BRDA:235,26,0,3
BRDA:235,26,1,3
BRDA:236,27,0,0
BRDA:236,27,1,0
BRDA:237,28,0,0
BRDA:237,28,1,0
BRDA:237,28,2,0
BRDA:244,29,0,8
BRDA:244,29,1,4
BRDA:261,30,0,8
BRDA:261,30,1,3
BRDA:298,31,0,1
BRDA:298,31,1,0
BRDA:309,32,0,1
BRDA:309,32,1,0
BRDA:326,33,0,1
BRDA:326,33,1,8
BRDA:336,34,0,6
BRDA:336,34,1,2
BRDA:344,35,0,2
BRDA:344,35,1,2
BRDA:353,36,0,1
BRDA:353,36,1,1
BRDA:365,37,0,2
BRDA:365,37,1,2
BRDA:367,38,0,2
BRDA:367,38,1,1
BRDA:367,38,2,1
BRDA:367,38,3,1
BRDA:374,39,0,2
BRDA:374,39,1,2
BRDA:374,39,2,1
BRDA:374,39,3,1
BRDA:374,39,4,1
BRDA:374,39,5,0
BRDA:384,40,0,2
BRDA:384,40,1,2
BRDA:386,41,0,1
BRDA:386,41,1,1
BRDA:387,42,0,1
BRDA:387,42,1,1
BRDA:456,43,0,0
BRDA:456,43,1,11
BRDA:463,44,0,103
BRDA:463,44,1,37
BRDA:463,44,2,37
BRDA:477,45,0,103
BRDA:477,45,1,37
BRDA:479,46,0,37
BRDA:479,46,1,37
BRDA:485,47,0,37
BRDA:485,47,1,37
BRDA:556,48,0,135
BRDA:556,48,1,0
BRDA:561,49,0,16
BRDA:561,49,1,119
BRDA:564,50,0,0
BRDA:564,50,1,135
BRDA:582,51,0,0
BRDA:582,51,1,135
BRDA:627,52,0,135
BRDA:627,52,1,18
BRDA:657,53,0,16
BRDA:657,53,1,119
BRF:117
BRH:90
end_of_record
TN:
SF:assets\img\NUS_Lifters.png
FNF:0
FNH:0
DA:1,2
LF:1
LH:1
BRF:0
BRH:0
end_of_record
TN:
SF:components\spacer.jsx
FN:3,(anonymous_0)
FNF:1
FNH:1
FNDA:831,(anonymous_0)
DA:3,7
DA:4,831
LF:2
LH:2
BRDA:3,0,0,737
BRDA:3,1,0,212
BRF:2
BRH:2
end_of_record
TN:
SF:components\themedButton.jsx
FN:4,(anonymous_0)
FN:7,(anonymous_1)
FNF:2
FNH:2
FNDA:1066,(anonymous_0)
FNDA:1066,(anonymous_1)
DA:4,10
DA:5,1066
DA:7,1066
DA:15,10
LF:4
LH:4
BRDA:7,0,0,1066
BRDA:7,0,1,0
BRF:2
BRH:1
end_of_record
TN:
SF:components\themedText.jsx
FN:4,(anonymous_0)
FNF:1
FNH:1
FNDA:4095,(anonymous_0)
DA:4,12
DA:5,4095
DA:6,4095
DA:8,4095
DA:10,4095
LF:5
LH:5
BRDA:4,0,0,3940
BRDA:6,1,0,4095
BRDA:6,1,1,0
BRDA:8,2,0,155
BRDA:8,2,1,3940
BRF:5
BRH:4
end_of_record
TN:
SF:components\themedTextInput.jsx
FN:4,(anonymous_0)
FNF:1
FNH:1
FNDA:478,(anonymous_0)
DA:4,6
DA:5,478
DA:6,478
DA:8,478
DA:26,6
LF:5
LH:5
BRDA:6,0,0,478
BRDA:6,0,1,0
BRF:2
BRH:1
end_of_record
TN:
SF:components\themedView.jsx
FN:4,(anonymous_0)
FNF:1
FNH:1
FNDA:661,(anonymous_0)
DA:4,12
DA:5,661
DA:6,661
DA:8,661
LF:4
LH:4
BRDA:6,0,0,661
BRDA:6,0,1,0
BRF:2
BRH:1
end_of_record
TN:
SF:constants\colors.js
FNF:0
FNH:0
DA:1,12
LF:1
LH:1
BRF:0
BRH:0
end_of_record
