TN:
SF:app\index.jsx
FN:28,capWords
FN:35,(anonymous_1)
FN:42,(anonymous_2)
FN:43,(anonymous_3)
FN:51,(anonymous_4)
FN:54,(anonymous_5)
FNF:6
FNH:5
FNDA:0,capWords
FNDA:16,(anonymous_1)
FNDA:5,(anonymous_2)
FNDA:5,(anonymous_3)
FNDA:5,(anonymous_4)
FNDA:4,(anonymous_5)
DA:29,0
DA:30,0
DA:32,0
DA:35,1
DA:36,16
DA:38,16
DA:39,16
DA:40,16
DA:42,16
DA:43,5
DA:44,5
DA:45,1
DA:47,4
DA:51,5
DA:54,16
DA:55,4
DA:56,1
DA:57,1
DA:60,3
DA:61,3
DA:66,1
DA:67,1
DA:68,1
DA:69,1
DA:71,1
DA:73,2
DA:74,2
DA:75,2
DA:79,1
DA:80,1
DA:81,1
DA:83,2
DA:87,16
DA:88,5
DA:95,11
DA:96,11
DA:98,11
DA:151,1
LF:38
LH:35
BRDA:44,0,0,1
BRDA:44,0,1,4
BRDA:55,1,0,1
BRDA:55,1,1,3
BRDA:55,2,0,4
BRDA:55,2,1,3
BRDA:75,3,0,1
BRDA:75,3,1,1
BRDA:76,4,0,2
BRDA:76,4,1,1
BRDA:80,5,0,1
BRDA:80,5,1,0
BRDA:87,6,0,5
BRDA:87,6,1,11
BRDA:95,7,0,11
BRDA:95,7,1,0
BRDA:96,8,0,11
BRDA:96,8,1,0
BRDA:101,9,0,11
BRDA:101,9,1,0
BRF:20
BRH:16
end_of_record
TN:
SF:app\(auth)\signup.jsx
FN:29,(anonymous_0)
FN:38,(anonymous_1)
FN:43,(anonymous_2)
FNF:3
FNH:3
FNDA:46,(anonymous_0)
FNDA:7,(anonymous_1)
FNDA:9,(anonymous_2)
DA:29,1
DA:30,46
DA:32,46
DA:33,46
DA:34,46
DA:35,46
DA:36,46
DA:38,46
DA:39,7
DA:40,7
DA:43,46
DA:44,9
DA:45,1
DA:46,1
DA:48,8
DA:49,1
DA:50,1
DA:52,7
DA:53,0
DA:54,0
DA:56,7
DA:57,0
DA:58,0
DA:60,7
DA:61,1
DA:62,1
DA:65,6
DA:67,6
DA:68,6
DA:73,1
DA:75,1
DA:79,1
DA:85,1
DA:86,1
DA:87,1
DA:88,1
DA:89,1
DA:91,1
DA:93,5
DA:94,5
DA:96,5
DA:97,5
DA:98,2
DA:99,3
DA:100,1
DA:101,2
DA:102,1
DA:104,5
DA:106,6
DA:110,46
DA:186,1
LF:51
LH:47
BRDA:44,0,0,1
BRDA:44,0,1,8
BRDA:48,1,0,1
BRDA:48,1,1,7
BRDA:48,2,0,8
BRDA:48,2,1,7
BRDA:52,3,0,0
BRDA:52,3,1,7
BRDA:56,4,0,0
BRDA:56,4,1,7
BRDA:60,5,0,1
BRDA:60,5,1,6
BRDA:93,6,0,5
BRDA:93,6,1,0
BRDA:97,7,0,2
BRDA:97,7,1,3
BRDA:99,8,0,1
BRDA:99,8,1,2
BRDA:101,9,0,1
BRDA:101,9,1,1
BRDA:113,10,0,46
BRDA:113,10,1,0
BRDA:122,11,0,46
BRDA:122,11,1,0
BRDA:123,12,0,46
BRDA:123,12,1,0
BRDA:169,13,0,1
BRDA:169,13,1,45
BRDA:173,14,0,46
BRDA:173,14,1,0
BRF:30
BRH:23
end_of_record
TN:
SF:app\(dashboard)\forum.jsx
FN:34,(anonymous_0)
FN:40,(anonymous_1)
FN:75,(anonymous_2)
FN:85,(anonymous_3)
FN:90,(anonymous_4)
FN:92,(anonymous_5)
FN:107,(anonymous_6)
FN:108,(anonymous_7)
FN:112,(anonymous_8)
FN:121,(anonymous_9)
FN:135,(anonymous_10)
FN:142,(anonymous_11)
FN:150,(anonymous_12)
FN:175,(anonymous_13)
FN:176,(anonymous_14)
FN:179,(anonymous_15)
FN:227,(anonymous_16)
FN:241,(anonymous_17)
FNF:18
FNH:15
FNDA:7,(anonymous_0)
FNDA:7,(anonymous_1)
FNDA:24,(anonymous_2)
FNDA:11,(anonymous_3)
FNDA:11,(anonymous_4)
FNDA:11,(anonymous_5)
FNDA:11,(anonymous_6)
FNDA:11,(anonymous_7)
FNDA:0,(anonymous_8)
FNDA:11,(anonymous_9)
FNDA:96,(anonymous_10)
FNDA:4,(anonymous_11)
FNDA:1,(anonymous_12)
FNDA:22,(anonymous_13)
FNDA:15,(anonymous_14)
FNDA:0,(anonymous_15)
FNDA:0,(anonymous_16)
FNDA:2,(anonymous_17)
DA:32,1
DA:34,1
DA:35,7
DA:41,7
DA:42,7
DA:43,7
DA:44,7
DA:45,2
DA:46,2
DA:48,5
DA:50,5
DA:51,2
DA:52,2
DA:53,2
DA:54,2
DA:55,2
DA:57,2
DA:58,2
DA:60,1
DA:64,5
DA:65,4
DA:67,1
DA:68,1
DA:75,1
DA:76,24
DA:77,24
DA:78,24
DA:79,24
DA:80,24
DA:81,24
DA:82,24
DA:83,24
DA:85,24
DA:86,11
DA:87,11
DA:88,11
DA:90,11
DA:91,11
DA:92,11
DA:93,11
DA:95,11
DA:99,11
DA:106,11
DA:107,11
DA:108,11
DA:112,11
DA:113,0
DA:114,0
DA:117,11
DA:118,11
DA:121,11
DA:122,11
DA:123,11
DA:127,24
DA:136,96
DA:142,4
DA:150,1
DA:175,22
DA:177,15
DA:179,0
DA:228,0
DA:241,2
DA:266,1
LF:63
LH:59
BRDA:44,0,0,2
BRDA:44,0,1,5
BRDA:50,1,0,2
BRDA:50,1,1,3
BRDA:88,2,0,11
BRDA:88,2,1,0
BRDA:93,3,0,11
BRDA:93,3,1,11
BRDA:99,4,0,8
BRDA:99,4,1,3
BRDA:113,5,0,0
BRDA:113,5,1,0
BRDA:113,6,0,0
BRDA:113,6,1,0
BRDA:113,7,0,0
BRDA:113,7,1,0
BRDA:140,8,0,96
BRDA:140,8,1,24
BRDA:170,9,0,7
BRDA:170,9,1,17
BRDA:201,10,0,15
BRDA:201,10,1,0
BRDA:203,11,0,0
BRDA:203,11,1,0
BRDA:212,12,0,15
BRDA:212,12,1,0
BRDA:224,13,0,15
BRDA:224,13,1,15
BRF:28
BRH:17
end_of_record
TN:
SF:app\(dashboard)\gymCapacity.jsx
FN:13,(anonymous_0)
FN:20,(anonymous_1)
FN:28,(anonymous_2)
FN:45,(anonymous_3)
FN:49,(anonymous_4)
FN:52,(anonymous_5)
FN:53,(anonymous_6)
FN:110,(anonymous_7)
FN:126,(anonymous_8)
FNF:9
FNH:6
FNDA:8,(anonymous_0)
FNDA:16,(anonymous_1)
FNDA:4,(anonymous_2)
FNDA:4,(anonymous_3)
FNDA:0,(anonymous_4)
FNDA:0,(anonymous_5)
FNDA:0,(anonymous_6)
FNDA:1,(anonymous_7)
FNDA:1,(anonymous_8)
DA:13,1
DA:14,8
DA:15,8
DA:16,8
DA:17,8
DA:18,8
DA:20,8
DA:21,16
DA:22,8
DA:23,8
DA:24,4
DA:25,0
DA:28,8
DA:29,4
DA:30,4
DA:31,4
DA:34,4
DA:35,4
DA:36,4
DA:37,4
DA:39,0
DA:41,4
DA:45,8
DA:46,4
DA:49,8
DA:50,0
DA:52,0
DA:53,0
DA:58,8
DA:59,8
DA:61,8
DA:62,8
DA:64,8
DA:110,1
DA:126,1
DA:144,1
LF:36
LH:31
BRDA:21,0,0,8
BRDA:21,0,1,8
BRDA:21,1,0,16
BRDA:21,1,1,8
BRDA:23,2,0,4
BRDA:23,2,1,4
BRDA:24,3,0,4
BRDA:24,3,1,0
BRDA:58,4,0,8
BRDA:58,4,1,4
BRDA:59,5,0,8
BRDA:59,5,1,4
BRDA:61,6,0,8
BRDA:61,6,1,4
BRDA:62,7,0,8
BRDA:62,7,1,4
BRDA:85,8,0,4
BRDA:85,8,1,4
BRDA:114,9,0,4
BRDA:114,9,1,4
BRDA:114,10,0,8
BRDA:114,10,1,4
BRDA:116,11,0,4
BRDA:116,11,1,0
BRDA:130,12,0,4
BRDA:130,12,1,4
BRDA:130,13,0,8
BRDA:130,13,1,4
BRDA:132,14,0,4
BRDA:132,14,1,0
BRF:30
BRH:27
end_of_record
TN:
SF:app\(dashboard)\macro.jsx
FN:33,(anonymous_0)
FN:45,(anonymous_1)
FN:59,(anonymous_2)
FN:68,(anonymous_3)
FN:69,(anonymous_4)
FN:80,(anonymous_5)
FN:81,(anonymous_6)
FN:84,(anonymous_7)
FN:87,(anonymous_8)
FN:91,(anonymous_9)
FN:95,(anonymous_10)
FN:103,(anonymous_11)
FN:105,(anonymous_12)
FN:111,(anonymous_13)
FN:111,(anonymous_14)
FN:119,(anonymous_15)
FN:126,(anonymous_16)
FN:134,(anonymous_17)
FN:136,(anonymous_18)
FN:144,(anonymous_19)
FN:153,(anonymous_20)
FN:154,(anonymous_21)
FN:162,(anonymous_22)
FN:185,(anonymous_23)
FN:198,(anonymous_24)
FN:245,(anonymous_25)
FN:247,(anonymous_26)
FN:248,(anonymous_27)
FN:276,(anonymous_28)
FN:294,(anonymous_29)
FN:297,(anonymous_30)
FN:320,(anonymous_31)
FN:323,(anonymous_32)
FN:325,(anonymous_33)
FN:334,(anonymous_34)
FN:338,(anonymous_35)
FN:349,(anonymous_36)
FNF:37
FNH:30
FNDA:1,(anonymous_0)
FNDA:1,(anonymous_1)
FNDA:26,(anonymous_2)
FNDA:6,(anonymous_3)
FNDA:6,(anonymous_4)
FNDA:7,(anonymous_5)
FNDA:1,(anonymous_6)
FNDA:7,(anonymous_7)
FNDA:7,(anonymous_8)
FNDA:0,(anonymous_9)
FNDA:11,(anonymous_10)
FNDA:10,(anonymous_11)
FNDA:3,(anonymous_12)
FNDA:7,(anonymous_13)
FNDA:1,(anonymous_14)
FNDA:1,(anonymous_15)
FNDA:1,(anonymous_16)
FNDA:104,(anonymous_17)
FNDA:28,(anonymous_18)
FNDA:1,(anonymous_19)
FNDA:1,(anonymous_20)
FNDA:1,(anonymous_21)
FNDA:0,(anonymous_22)
FNDA:2,(anonymous_23)
FNDA:0,(anonymous_24)
FNDA:10,(anonymous_25)
FNDA:0,(anonymous_26)
FNDA:7,(anonymous_27)
FNDA:1,(anonymous_28)
FNDA:0,(anonymous_29)
FNDA:0,(anonymous_30)
FNDA:0,(anonymous_31)
FNDA:1,(anonymous_32)
FNDA:1,(anonymous_33)
FNDA:4,(anonymous_34)
FNDA:4,(anonymous_35)
FNDA:1,(anonymous_36)
DA:33,1
DA:45,1
DA:46,1
DA:47,1
DA:51,1
DA:52,1
DA:54,0
DA:55,0
DA:59,1
DA:60,26
DA:61,26
DA:62,26
DA:63,26
DA:64,26
DA:65,26
DA:66,26
DA:68,26
DA:69,6
DA:70,6
DA:71,6
DA:72,6
DA:74,0
DA:77,6
DA:80,26
DA:81,7
DA:82,1
DA:84,7
DA:87,26
DA:88,7
DA:89,1
DA:91,0
DA:95,26
DA:96,11
DA:97,11
DA:99,0
DA:103,26
DA:104,10
DA:105,10
DA:106,3
DA:108,10
DA:111,26
DA:112,1
DA:113,0
DA:116,1
DA:118,1
DA:119,1
DA:124,1
DA:125,1
DA:126,1
DA:127,1
DA:129,1
DA:134,26
DA:135,104
DA:137,28
DA:138,28
DA:139,28
DA:144,26
DA:145,1
DA:154,1
DA:155,1
DA:162,26
DA:163,0
DA:176,26
DA:185,2
DA:198,0
DA:245,10
DA:247,0
DA:249,7
DA:276,1
DA:294,0
DA:298,0
DA:299,0
DA:321,0
DA:324,1
DA:326,1
DA:327,1
DA:333,1
DA:335,4
DA:339,4
DA:341,4
DA:348,1
DA:349,1
DA:354,1
DA:380,1
LF:84
LH:71
BRDA:52,0,0,1
BRDA:52,0,1,0
BRDA:72,1,0,2
BRDA:72,1,1,4
BRDA:88,2,0,1
BRDA:88,2,1,6
BRDA:88,3,0,7
BRDA:88,3,1,1
BRDA:112,4,0,0
BRDA:112,4,1,1
BRDA:118,5,0,1
BRDA:118,5,1,0
BRDA:118,6,0,1
BRDA:118,6,1,1
BRDA:125,7,0,1
BRDA:125,7,1,0
BRDA:127,8,0,1
BRDA:127,8,1,0
BRDA:137,9,0,28
BRDA:137,9,1,7
BRDA:138,10,0,28
BRDA:138,10,1,0
BRDA:236,11,0,19
BRDA:236,11,1,7
BRDA:269,12,0,7
BRDA:269,12,1,3
BRDA:304,13,0,26
BRDA:304,13,1,0
BRDA:305,14,0,0
BRDA:305,14,1,26
BRDA:315,15,0,26
BRDA:315,15,1,3
BRF:32
BRH:24
end_of_record
TN:
SF:app\(dashboard)\profile.jsx
FN:24,(anonymous_0)
FN:41,(anonymous_1)
FN:48,(anonymous_2)
FN:60,(anonymous_3)
FN:63,(anonymous_4)
FN:65,(anonymous_5)
FN:69,(anonymous_6)
FN:72,(anonymous_7)
FN:78,(anonymous_8)
FN:110,(anonymous_9)
FN:148,(anonymous_10)
FN:164,(anonymous_11)
FN:168,(anonymous_12)
FNF:13
FNH:11
FNDA:14,(anonymous_0)
FNDA:6,(anonymous_1)
FNDA:5,(anonymous_2)
FNDA:1,(anonymous_3)
FNDA:1,(anonymous_4)
FNDA:1,(anonymous_5)
FNDA:6,(anonymous_6)
FNDA:2,(anonymous_7)
FNDA:2,(anonymous_8)
FNDA:1,(anonymous_9)
FNDA:0,(anonymous_10)
FNDA:0,(anonymous_11)
FNDA:1,(anonymous_12)
DA:24,1
DA:25,14
DA:27,14
DA:37,14
DA:39,14
DA:41,14
DA:42,6
DA:43,6
DA:45,6
DA:46,6
DA:49,5
DA:50,4
DA:51,4
DA:60,1
DA:64,1
DA:65,1
DA:69,6
DA:72,14
DA:73,2
DA:79,2
DA:80,2
DA:81,1
DA:83,1
DA:84,1
DA:91,14
DA:110,1
DA:148,0
DA:164,0
DA:168,1
DA:192,1
LF:30
LH:28
BRDA:43,0,0,0
BRDA:43,0,1,6
BRDA:49,1,0,4
BRDA:49,1,1,1
BRDA:52,2,0,4
BRDA:52,2,1,0
BRDA:53,3,0,4
BRDA:53,3,1,3
BRDA:54,4,0,4
BRDA:54,4,1,3
BRDA:55,5,0,4
BRDA:55,5,1,3
BRDA:56,6,0,4
BRDA:56,6,1,3
BRDA:57,7,0,4
BRDA:57,7,1,3
BRDA:101,8,0,14
BRDA:101,8,1,0
BRDA:115,9,0,3
BRDA:115,9,1,11
BRDA:137,10,0,1
BRDA:137,10,1,13
BRDA:140,11,0,1
BRDA:140,11,1,13
BRDA:143,12,0,1
BRDA:143,12,1,13
BRDA:172,13,0,3
BRDA:172,13,1,11
BRF:28
BRH:25
end_of_record
TN:
SF:app\(dashboard)\progressTracker.jsx
FN:49,(anonymous_0)
FN:104,(anonymous_1)
FN:115,(anonymous_2)
FN:116,(anonymous_3)
FN:123,(anonymous_4)
FN:126,(anonymous_5)
FN:135,(anonymous_6)
FN:140,(anonymous_7)
FN:144,(anonymous_8)
FN:163,(anonymous_9)
FN:186,(anonymous_10)
FN:187,(anonymous_11)
FN:194,(anonymous_12)
FN:197,(anonymous_13)
FN:198,(anonymous_14)
FN:205,(anonymous_15)
FN:214,(anonymous_16)
FN:215,(anonymous_17)
FN:222,(anonymous_18)
FN:225,(anonymous_19)
FN:234,(anonymous_20)
FN:242,(anonymous_21)
FN:243,(anonymous_22)
FN:254,(anonymous_23)
FN:266,(anonymous_24)
FN:267,(anonymous_25)
FN:274,(anonymous_26)
FN:277,(anonymous_27)
FN:286,(anonymous_28)
FN:291,(anonymous_29)
FN:295,(anonymous_30)
FN:314,(anonymous_31)
FN:342,(anonymous_32)
FN:343,(anonymous_33)
FN:350,(anonymous_34)
FN:353,(anonymous_35)
FN:371,(anonymous_36)
FN:372,(anonymous_37)
FN:379,(anonymous_38)
FN:382,(anonymous_39)
FN:391,(anonymous_40)
FN:395,(anonymous_41)
FN:413,(anonymous_42)
FN:414,(anonymous_43)
FN:425,(anonymous_44)
FN:432,(anonymous_45)
FN:445,(anonymous_46)
FN:468,(anonymous_47)
FN:487,(anonymous_48)
FN:495,(anonymous_49)
FN:536,(anonymous_50)
FN:543,(anonymous_51)
FN:546,(anonymous_52)
FN:553,(anonymous_53)
FN:556,(anonymous_54)
FN:564,(anonymous_55)
FN:565,(anonymous_56)
FN:575,(anonymous_57)
FN:576,(anonymous_58)
FN:603,(anonymous_59)
FN:612,(anonymous_60)
FN:625,(anonymous_61)
FN:636,(anonymous_62)
FN:657,(anonymous_63)
FN:678,(anonymous_64)
FN:694,(anonymous_65)
FN:748,(anonymous_66)
FN:765,(anonymous_67)
FN:774,(anonymous_68)
FN:794,(anonymous_69)
FN:811,(anonymous_70)
FN:846,(anonymous_71)
FN:881,(anonymous_72)
FN:894,(anonymous_73)
FN:911,(anonymous_74)
FN:929,(anonymous_75)
FN:937,(anonymous_76)
FN:945,(anonymous_77)
FN:1003,(anonymous_78)
FN:1004,(anonymous_79)
FN:1008,(anonymous_80)
FN:1015,(anonymous_81)
FN:1021,calendarDaysDiff
FN:1075,(anonymous_83)
FN:1080,(anonymous_84)
FN:1091,(anonymous_85)
FN:1107,(anonymous_86)
FN:1132,(anonymous_87)
FN:1139,(anonymous_88)
FN:1146,(anonymous_89)
FN:1191,(anonymous_90)
FN:1192,(anonymous_91)
FN:1212,(anonymous_92)
FN:1243,(anonymous_93)
FN:1279,(anonymous_94)
FN:1289,(anonymous_95)
FN:1324,(anonymous_96)
FN:1326,(anonymous_97)
FN:1384,(anonymous_98)
FN:1398,(anonymous_99)
FN:1487,(anonymous_100)
FN:1501,(anonymous_101)
FN:1553,(anonymous_102)
FN:1576,(anonymous_103)
FN:1580,(anonymous_104)
FN:1597,(anonymous_105)
FN:1612,(anonymous_106)
FN:1625,(anonymous_107)
FN:1654,(anonymous_108)
FN:1668,(anonymous_109)
FNF:110
FNH:48
FNDA:60,(anonymous_0)
FNDA:14,(anonymous_1)
FNDA:14,(anonymous_2)
FNDA:0,(anonymous_3)
FNDA:14,(anonymous_4)
FNDA:28,(anonymous_5)
FNDA:0,(anonymous_6)
FNDA:0,(anonymous_7)
FNDA:0,(anonymous_8)
FNDA:14,(anonymous_9)
FNDA:14,(anonymous_10)
FNDA:0,(anonymous_11)
FNDA:14,(anonymous_12)
FNDA:0,(anonymous_13)
FNDA:0,(anonymous_14)
FNDA:14,(anonymous_15)
FNDA:14,(anonymous_16)
FNDA:0,(anonymous_17)
FNDA:14,(anonymous_18)
FNDA:28,(anonymous_19)
FNDA:0,(anonymous_20)
FNDA:0,(anonymous_21)
FNDA:0,(anonymous_22)
FNDA:14,(anonymous_23)
FNDA:14,(anonymous_24)
FNDA:26,(anonymous_25)
FNDA:14,(anonymous_26)
FNDA:28,(anonymous_27)
FNDA:26,(anonymous_28)
FNDA:0,(anonymous_29)
FNDA:13,(anonymous_30)
FNDA:14,(anonymous_31)
FNDA:14,(anonymous_32)
FNDA:26,(anonymous_33)
FNDA:14,(anonymous_34)
FNDA:14,(anonymous_35)
FNDA:0,(anonymous_36)
FNDA:0,(anonymous_37)
FNDA:0,(anonymous_38)
FNDA:1,(anonymous_39)
FNDA:1,(anonymous_40)
FNDA:1,(anonymous_41)
FNDA:3,(anonymous_42)
FNDA:3,(anonymous_43)
FNDA:0,(anonymous_44)
FNDA:0,(anonymous_45)
FNDA:0,(anonymous_46)
FNDA:0,(anonymous_47)
FNDA:0,(anonymous_48)
FNDA:0,(anonymous_49)
FNDA:0,(anonymous_50)
FNDA:0,(anonymous_51)
FNDA:0,(anonymous_52)
FNDA:0,(anonymous_53)
FNDA:0,(anonymous_54)
FNDA:0,(anonymous_55)
FNDA:0,(anonymous_56)
FNDA:0,(anonymous_57)
FNDA:0,(anonymous_58)
FNDA:0,(anonymous_59)
FNDA:0,(anonymous_60)
FNDA:0,(anonymous_61)
FNDA:0,(anonymous_62)
FNDA:0,(anonymous_63)
FNDA:1,(anonymous_64)
FNDA:1,(anonymous_65)
FNDA:0,(anonymous_66)
FNDA:0,(anonymous_67)
FNDA:0,(anonymous_68)
FNDA:0,(anonymous_69)
FNDA:0,(anonymous_70)
FNDA:14,(anonymous_71)
FNDA:0,(anonymous_72)
FNDA:3,(anonymous_73)
FNDA:2,(anonymous_74)
FNDA:1,(anonymous_75)
FNDA:1,(anonymous_76)
FNDA:1,(anonymous_77)
FNDA:73,(anonymous_78)
FNDA:60,(anonymous_79)
FNDA:3,(anonymous_80)
FNDA:60,(anonymous_81)
FNDA:60,calendarDaysDiff
FNDA:6,(anonymous_83)
FNDA:12,(anonymous_84)
FNDA:1,(anonymous_85)
FNDA:1,(anonymous_86)
FNDA:2,(anonymous_87)
FNDA:0,(anonymous_88)
FNDA:0,(anonymous_89)
FNDA:0,(anonymous_90)
FNDA:0,(anonymous_91)
FNDA:0,(anonymous_92)
FNDA:0,(anonymous_93)
FNDA:0,(anonymous_94)
FNDA:0,(anonymous_95)
FNDA:0,(anonymous_96)
FNDA:0,(anonymous_97)
FNDA:0,(anonymous_98)
FNDA:0,(anonymous_99)
FNDA:1,(anonymous_100)
FNDA:0,(anonymous_101)
FNDA:0,(anonymous_102)
FNDA:0,(anonymous_103)
FNDA:0,(anonymous_104)
FNDA:0,(anonymous_105)
FNDA:0,(anonymous_106)
FNDA:0,(anonymous_107)
FNDA:0,(anonymous_108)
FNDA:0,(anonymous_109)
DA:49,1
DA:50,60
DA:51,60
DA:53,60
DA:54,60
DA:55,60
DA:57,60
DA:58,60
DA:59,60
DA:60,60
DA:61,60
DA:63,60
DA:64,60
DA:65,60
DA:66,60
DA:68,60
DA:69,60
DA:70,60
DA:72,60
DA:73,60
DA:74,60
DA:76,60
DA:78,60
DA:79,60
DA:81,60
DA:82,60
DA:83,60
DA:84,60
DA:85,60
DA:86,60
DA:88,60
DA:89,60
DA:90,60
DA:91,60
DA:92,60
DA:93,60
DA:95,60
DA:96,60
DA:97,60
DA:98,60
DA:99,60
DA:100,60
DA:101,60
DA:102,60
DA:104,60
DA:105,14
DA:106,0
DA:107,0
DA:110,14
DA:115,14
DA:116,14
DA:120,14
DA:123,14
DA:126,60
DA:127,28
DA:128,28
DA:129,28
DA:130,28
DA:133,0
DA:136,0
DA:137,0
DA:140,0
DA:142,0
DA:144,0
DA:150,0
DA:152,0
DA:157,0
DA:158,0
DA:159,0
DA:163,60
DA:164,14
DA:165,0
DA:166,0
DA:169,14
DA:172,14
DA:173,14
DA:175,0
DA:176,0
DA:178,0
DA:186,14
DA:187,14
DA:191,14
DA:194,14
DA:197,60
DA:198,0
DA:199,0
DA:200,0
DA:201,0
DA:205,60
DA:206,14
DA:207,0
DA:208,0
DA:211,14
DA:212,14
DA:214,14
DA:215,14
DA:219,14
DA:222,14
DA:225,60
DA:226,28
DA:227,28
DA:228,28
DA:229,28
DA:232,0
DA:236,0
DA:239,0
DA:242,0
DA:243,0
DA:247,0
DA:249,0
DA:250,0
DA:254,60
DA:255,14
DA:256,0
DA:257,0
DA:260,14
DA:266,14
DA:267,26
DA:271,14
DA:274,14
DA:277,60
DA:278,28
DA:279,15
DA:280,15
DA:281,15
DA:284,13
DA:287,26
DA:288,26
DA:291,0
DA:293,13
DA:295,13
DA:301,13
DA:303,13
DA:308,0
DA:309,13
DA:310,0
DA:314,60
DA:315,14
DA:316,0
DA:317,0
DA:321,14
DA:323,14
DA:324,14
DA:330,0
DA:331,0
DA:333,0
DA:342,14
DA:343,26
DA:347,14
DA:350,14
DA:353,60
DA:354,14
DA:355,14
DA:356,14
DA:359,0
DA:361,0
DA:362,0
DA:364,0
DA:371,0
DA:372,0
DA:376,0
DA:379,0
DA:382,60
DA:383,1
DA:392,1
DA:393,1
DA:394,1
DA:395,1
DA:396,1
DA:397,1
DA:398,1
DA:401,0
DA:404,0
DA:405,0
DA:413,60
DA:414,3
DA:415,3
DA:416,3
DA:417,0
DA:419,3
DA:421,3
DA:425,60
DA:426,0
DA:429,0
DA:432,60
DA:433,0
DA:434,0
DA:435,0
DA:438,0
DA:440,0
DA:441,0
DA:442,0
DA:445,0
DA:446,0
DA:447,0
DA:448,0
DA:450,0
DA:456,0
DA:467,0
DA:468,0
DA:473,0
DA:474,0
DA:475,0
DA:480,0
DA:486,0
DA:487,0
DA:493,0
DA:494,0
DA:495,0
DA:497,0
DA:499,0
DA:500,0
DA:506,0
DA:507,0
DA:508,0
DA:509,0
DA:510,0
DA:511,0
DA:513,0
DA:514,0
DA:518,0
DA:534,60
DA:535,60
DA:536,0
DA:543,0
DA:545,60
DA:546,0
DA:553,0
DA:555,60
DA:557,0
DA:564,0
DA:565,0
DA:571,60
DA:575,0
DA:576,0
DA:603,60
DA:604,0
DA:613,0
DA:614,0
DA:616,0
DA:617,0
DA:625,60
DA:626,0
DA:628,0
DA:629,0
DA:630,0
DA:631,0
DA:632,0
DA:633,0
DA:636,60
DA:637,0
DA:638,0
DA:639,0
DA:640,0
DA:641,0
DA:643,0
DA:646,0
DA:647,0
DA:658,0
DA:659,0
DA:660,0
DA:661,0
DA:662,0
DA:663,0
DA:669,0
DA:670,0
DA:671,0
DA:672,0
DA:673,0
DA:674,0
DA:678,60
DA:679,1
DA:680,0
DA:681,0
DA:684,1
DA:685,1
DA:686,1
DA:687,1
DA:689,1
DA:690,0
DA:691,0
DA:694,1
DA:695,1
DA:696,1
DA:698,1
DA:699,0
DA:700,0
DA:709,1
DA:719,1
DA:720,1
DA:721,1
DA:722,1
DA:723,1
DA:724,1
DA:725,1
DA:727,0
DA:728,0
DA:732,1
DA:748,60
DA:749,0
DA:750,0
DA:751,0
DA:752,0
DA:753,0
DA:754,0
DA:756,0
DA:757,0
DA:758,0
DA:759,0
DA:760,0
DA:762,0
DA:765,60
DA:766,0
DA:775,0
DA:776,0
DA:778,0
DA:780,0
DA:781,0
DA:783,0
DA:785,0
DA:786,0
DA:794,60
DA:796,0
DA:802,0
DA:803,0
DA:812,0
DA:813,0
DA:814,0
DA:815,0
DA:816,0
DA:817,0
DA:818,0
DA:819,0
DA:825,0
DA:826,0
DA:827,0
DA:828,0
DA:829,0
DA:830,0
DA:831,0
DA:832,0
DA:843,60
DA:844,60
DA:846,60
DA:847,14
DA:848,0
DA:851,14
DA:852,0
DA:853,0
DA:856,0
DA:857,0
DA:858,0
DA:859,0
DA:860,0
DA:861,0
DA:862,0
DA:864,0
DA:876,60
DA:881,0
DA:894,3
DA:911,2
DA:929,1
DA:937,1
DA:945,1
DA:1003,73
DA:1005,60
DA:1006,60
DA:1008,3
DA:1016,60
DA:1018,60
DA:1019,60
DA:1022,60
DA:1027,60
DA:1032,60
DA:1033,60
DA:1036,60
DA:1038,60
DA:1047,60
DA:1052,60
DA:1058,60
DA:1076,6
DA:1081,12
DA:1092,1
DA:1107,1
DA:1132,2
DA:1139,0
DA:1146,0
DA:1191,0
DA:1193,0
DA:1196,0
DA:1197,0
DA:1198,0
DA:1199,0
DA:1200,0
DA:1201,0
DA:1203,0
DA:1207,0
DA:1208,0
DA:1209,0
DA:1210,0
DA:1211,0
DA:1212,0
DA:1213,0
DA:1218,0
DA:1223,0
DA:1226,0
DA:1232,0
DA:1240,0
DA:1243,0
DA:1279,0
DA:1289,0
DA:1325,0
DA:1326,0
DA:1384,0
DA:1399,0
DA:1400,0
DA:1488,1
DA:1489,1
DA:1490,1
DA:1491,1
DA:1492,1
DA:1493,1
DA:1501,0
DA:1553,0
DA:1576,0
DA:1580,0
DA:1598,0
DA:1604,0
DA:1613,0
DA:1614,0
DA:1615,0
DA:1625,0
DA:1654,0
DA:1669,0
DA:1670,0
DA:1709,1
LF:436
LH:199
BRDA:105,0,0,0
BRDA:105,0,1,14
BRDA:127,1,0,28
BRDA:127,1,1,0
BRDA:127,2,0,28
BRDA:127,2,1,28
BRDA:136,3,0,0
BRDA:136,3,1,0
BRDA:152,4,0,0
BRDA:152,4,1,0
BRDA:153,5,0,0
BRDA:153,5,1,0
BRDA:153,5,2,0
BRDA:158,6,0,0
BRDA:158,6,1,0
BRDA:164,7,0,0
BRDA:164,7,1,14
BRDA:172,8,0,14
BRDA:172,8,1,0
BRDA:200,9,0,0
BRDA:200,9,1,0
BRDA:206,10,0,0
BRDA:206,10,1,14
BRDA:226,11,0,28
BRDA:226,11,1,0
BRDA:236,12,0,0
BRDA:236,12,1,0
BRDA:238,13,0,0
BRDA:238,13,1,0
BRDA:249,14,0,0
BRDA:249,14,1,0
BRDA:249,15,0,0
BRDA:249,15,1,0
BRDA:255,16,0,0
BRDA:255,16,1,14
BRDA:278,17,0,15
BRDA:278,17,1,13
BRDA:278,18,0,28
BRDA:278,18,1,28
BRDA:287,19,0,26
BRDA:287,19,1,0
BRDA:303,20,0,0
BRDA:303,20,1,13
BRDA:304,21,0,13
BRDA:304,21,1,0
BRDA:304,21,2,0
BRDA:309,22,0,0
BRDA:309,22,1,13
BRDA:315,23,0,0
BRDA:315,23,1,14
BRDA:323,24,0,14
BRDA:323,24,1,0
BRDA:354,25,0,14
BRDA:354,25,1,0
BRDA:354,26,0,14
BRDA:354,26,1,14
BRDA:393,27,0,1
BRDA:393,27,1,0
BRDA:416,28,0,0
BRDA:416,28,1,3
BRDA:433,29,0,0
BRDA:433,29,1,0
BRDA:440,30,0,0
BRDA:440,30,1,0
BRDA:473,31,0,0
BRDA:473,31,1,0
BRDA:493,32,0,0
BRDA:493,32,1,0
BRDA:519,33,0,0
BRDA:519,33,1,0
BRDA:520,34,0,0
BRDA:520,34,1,0
BRDA:526,35,0,0
BRDA:526,35,1,0
BRDA:539,36,0,0
BRDA:539,36,1,0
BRDA:541,37,0,0
BRDA:541,37,1,0
BRDA:549,38,0,0
BRDA:549,38,1,0
BRDA:551,39,0,0
BRDA:551,39,1,0
BRDA:565,40,0,0
BRDA:575,41,0,0
BRDA:576,42,0,0
BRDA:628,43,0,0
BRDA:628,43,1,0
BRDA:638,44,0,0
BRDA:638,44,1,0
BRDA:641,45,0,0
BRDA:641,45,1,0
BRDA:646,46,0,0
BRDA:646,46,1,0
BRDA:648,47,0,0
BRDA:648,47,1,0
BRDA:649,48,0,0
BRDA:649,48,1,0
BRDA:679,49,0,0
BRDA:679,49,1,1
BRDA:679,50,0,1
BRDA:679,50,1,1
BRDA:679,50,2,1
BRDA:679,50,3,1
BRDA:679,50,4,1
BRDA:689,51,0,0
BRDA:689,51,1,1
BRDA:698,52,0,0
BRDA:698,52,1,1
BRDA:733,53,0,0
BRDA:733,53,1,1
BRDA:734,54,0,0
BRDA:734,54,1,1
BRDA:740,55,0,0
BRDA:740,55,1,1
BRDA:796,56,0,0
BRDA:796,56,1,0
BRDA:796,56,2,0
BRDA:796,56,3,0
BRDA:796,56,4,0
BRDA:802,57,0,0
BRDA:802,57,1,0
BRDA:847,58,0,0
BRDA:847,58,1,14
BRDA:847,59,0,14
BRDA:847,59,1,0
BRDA:851,60,0,0
BRDA:851,60,1,14
BRDA:851,61,0,14
BRDA:851,61,1,14
BRDA:852,62,0,0
BRDA:852,62,1,0
BRDA:856,63,0,0
BRDA:856,63,1,0
BRDA:857,64,0,0
BRDA:857,64,1,0
BRDA:858,65,0,0
BRDA:858,65,1,0
BRDA:859,66,0,0
BRDA:859,66,1,0
BRDA:884,67,0,60
BRDA:884,67,1,46
BRDA:897,68,0,60
BRDA:897,68,1,11
BRDA:914,69,0,60
BRDA:914,69,1,3
BRDA:923,70,0,60
BRDA:923,70,1,46
BRDA:994,71,0,16
BRDA:994,71,1,30
BRDA:996,72,0,16
BRDA:996,72,1,0
BRDA:1013,73,0,60
BRDA:1013,73,1,0
BRDA:1013,73,2,60
BRDA:1016,74,0,0
BRDA:1016,74,1,60
BRDA:1047,75,0,60
BRDA:1047,75,1,0
BRDA:1052,76,0,0
BRDA:1052,76,1,60
BRDA:1054,77,0,0
BRDA:1054,77,1,60
BRDA:1063,78,0,60
BRDA:1063,78,1,3
BRDA:1065,79,0,3
BRDA:1065,79,1,3
BRDA:1065,79,2,3
BRDA:1126,80,0,60
BRDA:1126,80,1,11
BRDA:1182,81,0,11
BRDA:1182,81,1,0
BRDA:1184,82,0,11
BRDA:1184,82,1,0
BRDA:1197,83,0,0
BRDA:1197,83,1,0
BRDA:1198,84,0,0
BRDA:1198,84,1,0
BRDA:1200,85,0,0
BRDA:1200,85,1,0
BRDA:1210,86,0,0
BRDA:1210,86,1,0
BRDA:1233,87,0,0
BRDA:1233,87,1,0
BRDA:1235,88,0,0
BRDA:1235,88,1,0
BRDA:1247,89,0,0
BRDA:1247,89,1,0
BRDA:1253,90,0,0
BRDA:1253,90,1,0
BRDA:1305,91,0,0
BRDA:1305,91,1,0
BRDA:1310,92,0,0
BRDA:1310,92,1,0
BRDA:1315,93,0,0
BRDA:1315,93,1,0
BRDA:1324,94,0,0
BRDA:1353,95,0,60
BRDA:1353,95,1,0
BRDA:1355,96,0,60
BRDA:1355,96,1,0
BRDA:1366,97,0,0
BRDA:1366,97,1,60
BRDA:1392,98,0,60
BRDA:1392,98,1,0
BRDA:1400,99,0,0
BRDA:1400,99,1,0
BRDA:1468,100,0,0
BRDA:1468,100,1,60
BRDA:1482,101,0,60
BRDA:1482,101,1,3
BRDA:1546,102,0,3
BRDA:1546,102,1,0
BRDA:1550,103,0,0
BRDA:1550,103,1,0
BRDA:1588,104,0,60
BRDA:1588,104,1,0
BRDA:1590,105,0,60
BRDA:1590,105,1,60
BRDA:1645,106,0,60
BRDA:1645,106,1,0
BRDA:1650,107,0,0
BRDA:1650,107,1,60
BRDA:1662,108,0,60
BRDA:1662,108,1,0
BRDA:1670,109,0,0
BRDA:1670,109,1,0
BRDA:1690,110,0,0
BRDA:1690,110,1,60
BRF:228
BRH:81
end_of_record
TN:
SF:app\(forum)\[threadId].jsx
FN:41,(anonymous_0)
FN:61,(anonymous_1)
FN:66,(anonymous_2)
FN:68,(anonymous_3)
FN:75,(anonymous_4)
FN:86,(anonymous_5)
FN:87,(anonymous_6)
FN:91,(anonymous_7)
FN:92,(anonymous_8)
FN:100,(anonymous_9)
FN:107,(anonymous_10)
FN:112,(anonymous_11)
FN:119,(anonymous_12)
FN:128,(anonymous_13)
FN:140,(anonymous_14)
FN:175,(anonymous_15)
FN:181,(anonymous_16)
FN:194,(anonymous_17)
FN:205,(anonymous_18)
FN:227,(anonymous_19)
FN:238,(anonymous_20)
FN:262,(anonymous_21)
FN:274,(anonymous_22)
FN:299,(anonymous_23)
FN:329,(anonymous_24)
FN:331,(anonymous_25)
FN:341,(anonymous_26)
FN:358,(anonymous_27)
FN:381,(anonymous_28)
FN:393,(anonymous_29)
FN:432,(anonymous_30)
FN:472,(anonymous_31)
FN:476,(anonymous_32)
FNF:33
FNH:23
FNDA:35,(anonymous_0)
FNDA:13,(anonymous_1)
FNDA:13,(anonymous_2)
FNDA:13,(anonymous_3)
FNDA:13,(anonymous_4)
FNDA:13,(anonymous_5)
FNDA:6,(anonymous_6)
FNDA:0,(anonymous_7)
FNDA:0,(anonymous_8)
FNDA:13,(anonymous_9)
FNDA:31,(anonymous_10)
FNDA:2,(anonymous_11)
FNDA:2,(anonymous_12)
FNDA:2,(anonymous_13)
FNDA:1,(anonymous_14)
FNDA:1,(anonymous_15)
FNDA:1,(anonymous_16)
FNDA:1,(anonymous_17)
FNDA:0,(anonymous_18)
FNDA:2,(anonymous_19)
FNDA:1,(anonymous_20)
FNDA:0,(anonymous_21)
FNDA:0,(anonymous_22)
FNDA:4,(anonymous_23)
FNDA:16,(anonymous_24)
FNDA:10,(anonymous_25)
FNDA:0,(anonymous_26)
FNDA:1,(anonymous_27)
FNDA:0,(anonymous_28)
FNDA:1,(anonymous_29)
FNDA:0,(anonymous_30)
FNDA:0,(anonymous_31)
FNDA:0,(anonymous_32)
DA:41,1
DA:42,35
DA:43,35
DA:44,35
DA:46,35
DA:47,35
DA:48,35
DA:49,35
DA:51,35
DA:52,35
DA:54,35
DA:55,35
DA:56,35
DA:57,35
DA:59,35
DA:61,35
DA:62,13
DA:63,13
DA:64,13
DA:66,13
DA:67,13
DA:68,13
DA:69,13
DA:71,13
DA:74,13
DA:75,13
DA:76,13
DA:77,12
DA:79,1
DA:80,1
DA:84,13
DA:87,13
DA:91,13
DA:92,13
DA:93,0
DA:94,0
DA:96,13
DA:100,13
DA:101,13
DA:102,13
DA:103,13
DA:107,35
DA:108,31
DA:109,31
DA:112,35
DA:113,2
DA:114,2
DA:115,2
DA:116,2
DA:119,35
DA:120,2
DA:121,1
DA:125,1
DA:128,35
DA:129,2
DA:130,2
DA:132,1
DA:136,1
DA:141,1
DA:142,1
DA:143,1
DA:145,1
DA:146,0
DA:151,1
DA:160,1
DA:161,1
DA:163,0
DA:175,35
DA:176,1
DA:182,1
DA:183,1
DA:187,0
DA:194,35
DA:195,1
DA:196,1
DA:197,1
DA:198,1
DA:199,1
DA:202,1
DA:205,0
DA:210,35
DA:212,21
DA:228,2
DA:229,2
DA:230,2
DA:231,2
DA:232,2
DA:235,2
DA:238,1
DA:262,0
DA:274,0
DA:299,4
DA:329,16
DA:332,10
DA:342,0
DA:343,0
DA:344,0
DA:345,0
DA:358,1
DA:382,0
DA:393,1
DA:432,0
DA:472,0
DA:476,0
DA:492,1
LF:105
LH:89
BRDA:64,0,0,13
BRDA:64,0,1,0
BRDA:69,1,0,13
BRDA:69,1,1,0
BRDA:76,2,0,12
BRDA:76,2,1,1
BRDA:93,3,0,0
BRDA:93,3,1,0
BRDA:93,4,0,0
BRDA:93,4,1,0
BRDA:93,5,0,0
BRDA:93,5,1,0
BRDA:108,6,0,0
BRDA:108,6,1,31
BRDA:120,7,0,1
BRDA:120,7,1,1
BRDA:130,8,0,1
BRDA:130,8,1,1
BRDA:132,9,0,0
BRDA:132,9,1,1
BRDA:139,10,0,0
BRDA:139,10,1,1
BRDA:143,11,0,0
BRDA:143,11,1,1
BRDA:145,12,0,0
BRDA:145,12,1,1
BRDA:165,13,0,0
BRDA:165,13,1,0
BRDA:196,14,0,0
BRDA:196,14,1,1
BRDA:199,15,0,0
BRDA:199,15,1,1
BRDA:200,16,0,0
BRDA:200,16,1,0
BRDA:201,17,0,1
BRDA:201,17,1,0
BRDA:204,18,0,0
BRDA:204,18,1,1
BRDA:206,19,0,1
BRDA:206,19,1,0
BRDA:210,20,0,14
BRDA:210,20,1,21
BRDA:229,21,0,0
BRDA:229,21,1,2
BRDA:232,22,0,1
BRDA:232,22,1,1
BRDA:234,23,0,1
BRDA:234,23,1,0
BRDA:237,24,0,1
BRDA:237,24,1,1
BRDA:239,25,0,1
BRDA:239,25,1,0
BRDA:245,26,0,2
BRDA:245,26,1,19
BRDA:254,27,0,21
BRDA:254,27,1,17
BRDA:264,28,0,19
BRDA:264,28,1,2
BRDA:266,29,0,2
BRDA:266,29,1,2
BRDA:273,30,0,0
BRDA:273,30,1,21
BRDA:273,31,0,21
BRDA:273,31,1,0
BRDA:281,32,0,0
BRDA:281,32,1,21
BRDA:322,33,0,11
BRDA:322,33,1,10
BRDA:337,34,0,10
BRDA:337,34,1,9
BRDA:385,35,0,9
BRDA:385,35,1,1
BRDA:387,36,0,1
BRDA:387,36,1,0
BRDA:389,37,0,10
BRDA:389,37,1,7
BRDA:402,38,0,0
BRDA:402,38,1,10
BRDA:410,39,0,10
BRDA:410,39,1,8
BRDA:428,40,0,21
BRDA:428,40,1,0
BRDA:438,41,0,0
BRDA:438,41,1,21
BRDA:451,42,0,0
BRDA:451,42,1,21
BRF:86
BRH:53
end_of_record
TN:
SF:app\(forum)\addEditThread.jsx
FN:36,(anonymous_0)
FN:56,(anonymous_1)
FN:58,(anonymous_2)
FN:74,(anonymous_3)
FN:81,(anonymous_4)
FN:108,(anonymous_5)
FN:122,(anonymous_6)
FN:136,(anonymous_7)
FN:158,(anonymous_8)
FN:169,(anonymous_9)
FN:182,(anonymous_10)
FN:197,(anonymous_11)
FN:258,(anonymous_12)
FN:268,(anonymous_13)
FN:306,(anonymous_14)
FN:316,(anonymous_15)
FN:377,(anonymous_16)
FNF:17
FNH:13
FNDA:32,(anonymous_0)
FNDA:11,(anonymous_1)
FNDA:8,(anonymous_2)
FNDA:0,(anonymous_3)
FNDA:1,(anonymous_4)
FNDA:2,(anonymous_5)
FNDA:2,(anonymous_6)
FNDA:0,(anonymous_7)
FNDA:4,(anonymous_8)
FNDA:2,(anonymous_9)
FNDA:5,(anonymous_10)
FNDA:4,(anonymous_11)
FNDA:2,(anonymous_12)
FNDA:0,(anonymous_13)
FNDA:96,(anonymous_14)
FNDA:0,(anonymous_15)
FNDA:1,(anonymous_16)
DA:34,1
DA:36,1
DA:37,32
DA:38,32
DA:40,32
DA:41,32
DA:42,32
DA:44,32
DA:45,32
DA:48,32
DA:50,32
DA:51,32
DA:54,32
DA:56,32
DA:57,11
DA:58,8
DA:59,8
DA:60,8
DA:61,8
DA:62,8
DA:63,8
DA:64,8
DA:65,8
DA:66,8
DA:67,8
DA:68,8
DA:71,8
DA:74,32
DA:75,0
DA:76,0
DA:77,0
DA:81,32
DA:82,1
DA:84,1
DA:86,1
DA:87,0
DA:88,0
DA:91,1
DA:97,1
DA:98,1
DA:99,1
DA:100,1
DA:103,0
DA:104,0
DA:108,32
DA:109,2
DA:110,2
DA:111,2
DA:112,0
DA:113,0
DA:116,2
DA:123,2
DA:128,2
DA:129,2
DA:130,2
DA:137,0
DA:142,0
DA:143,0
DA:144,0
DA:152,0
DA:153,0
DA:158,32
DA:159,4
DA:160,1
DA:161,1
DA:162,1
DA:163,1
DA:164,1
DA:165,1
DA:169,32
DA:170,2
DA:171,2
DA:172,2
DA:173,2
DA:174,2
DA:175,2
DA:176,2
DA:178,0
DA:182,32
DA:183,5
DA:184,1
DA:185,1
DA:188,4
DA:198,4
DA:199,4
DA:200,4
DA:201,4
DA:202,4
DA:206,4
DA:207,2
DA:209,2
DA:210,2
DA:211,2
DA:212,2
DA:217,4
DA:219,4
DA:220,3
DA:221,3
DA:229,3
DA:231,1
DA:242,1
DA:245,4
DA:247,0
DA:248,0
DA:250,4
DA:258,32
DA:259,2
DA:260,1
DA:268,0
DA:273,1
DA:277,32
DA:307,96
DA:316,0
DA:377,1
LF:114
LH:94
BRDA:57,0,0,3
BRDA:57,0,1,8
BRDA:61,1,0,8
BRDA:61,1,1,0
BRDA:66,2,0,8
BRDA:66,2,1,4
BRDA:67,3,0,8
BRDA:67,3,1,4
BRDA:68,4,0,8
BRDA:68,4,1,4
BRDA:75,5,0,0
BRDA:75,5,1,0
BRDA:86,6,0,0
BRDA:86,6,1,1
BRDA:97,7,0,1
BRDA:97,7,1,0
BRDA:97,8,0,1
BRDA:97,8,1,1
BRDA:97,8,2,1
BRDA:111,9,0,0
BRDA:111,9,1,2
BRDA:128,10,0,2
BRDA:128,10,1,0
BRDA:128,11,0,2
BRDA:128,11,1,2
BRDA:142,12,0,0
BRDA:142,12,1,0
BRDA:142,13,0,0
BRDA:142,13,1,0
BRDA:159,14,0,3
BRDA:159,14,1,1
BRDA:162,15,0,0
BRDA:162,15,1,1
BRDA:170,16,0,0
BRDA:170,16,1,2
BRDA:183,17,0,1
BRDA:183,17,1,4
BRDA:183,18,0,5
BRDA:183,18,1,4
BRDA:189,19,0,3
BRDA:189,19,1,1
BRDA:190,20,0,3
BRDA:190,20,1,1
BRDA:202,21,0,0
BRDA:202,21,1,4
BRDA:206,22,0,2
BRDA:206,22,1,2
BRDA:206,23,0,4
BRDA:206,23,1,3
BRDA:209,24,0,2
BRDA:209,24,1,1
BRDA:210,25,0,2
BRDA:210,25,1,0
BRDA:210,26,0,2
BRDA:210,26,1,1
BRDA:219,27,0,3
BRDA:219,27,1,1
BRDA:225,28,0,3
BRDA:225,28,1,2
BRDA:225,28,2,2
BRDA:226,29,0,3
BRDA:226,29,1,1
BRDA:236,30,0,1
BRDA:236,30,1,1
BRDA:237,31,0,1
BRDA:237,31,1,1
BRDA:259,32,0,1
BRDA:259,32,1,1
BRDA:259,33,0,2
BRDA:259,33,1,1
BRDA:259,33,2,1
BRDA:280,34,0,26
BRDA:280,34,1,6
BRDA:310,35,0,27
BRDA:310,35,1,69
BRDA:354,36,0,32
BRDA:354,36,1,9
BRDA:356,37,0,8
BRDA:356,37,1,1
BRDA:387,38,0,2
BRDA:387,38,1,30
BRDA:387,39,0,24
BRDA:387,39,1,6
BRF:83
BRH:68
end_of_record
TN:
SF:app\(profiles)\[userId].js
FN:24,(anonymous_0)
FN:30,(anonymous_1)
FN:37,(anonymous_2)
FN:72,(anonymous_3)
FN:119,(anonymous_4)
FN:124,(anonymous_5)
FNF:6
FNH:5
FNDA:6,(anonymous_0)
FNDA:2,(anonymous_1)
FNDA:2,(anonymous_2)
FNDA:1,(anonymous_3)
FNDA:0,(anonymous_4)
FNDA:1,(anonymous_5)
DA:24,1
DA:25,6
DA:26,6
DA:27,6
DA:28,6
DA:30,6
DA:31,2
DA:32,0
DA:33,0
DA:34,0
DA:37,2
DA:38,2
DA:39,2
DA:40,2
DA:41,2
DA:42,1
DA:44,1
DA:47,0
DA:48,0
DA:50,2
DA:54,2
DA:57,6
DA:58,2
DA:59,4
DA:60,1
DA:66,3
DA:72,1
DA:119,0
DA:124,1
DA:147,1
LF:30
LH:24
BRDA:31,0,0,0
BRDA:31,0,1,2
BRDA:41,1,0,1
BRDA:41,1,1,1
BRDA:57,2,0,2
BRDA:57,2,1,4
BRDA:59,3,0,1
BRDA:59,3,1,3
BRDA:75,4,0,3
BRDA:75,4,1,0
BRDA:88,5,0,3
BRDA:88,5,1,0
BRDA:96,6,0,3
BRDA:96,6,1,0
BRDA:103,7,0,3
BRDA:103,7,1,0
BRDA:106,8,0,3
BRDA:106,8,1,0
BRDA:109,9,0,3
BRDA:109,9,1,0
BRDA:127,10,0,3
BRDA:127,10,1,0
BRF:22
BRH:14
end_of_record
TN:
SF:app\(profiles)\editProfile.jsx
FN:32,(anonymous_0)
FN:49,(anonymous_1)
FN:50,(anonymous_2)
FN:90,(anonymous_3)
FN:115,(anonymous_4)
FN:140,(anonymous_5)
FN:164,(anonymous_6)
FN:173,(anonymous_7)
FN:183,(anonymous_8)
FN:208,(anonymous_9)
FN:247,(anonymous_10)
FN:253,(anonymous_11)
FN:284,(anonymous_12)
FN:379,(anonymous_13)
FN:384,(anonymous_14)
FN:405,(anonymous_15)
FNF:16
FNH:11
FNDA:49,(anonymous_0)
FNDA:15,(anonymous_1)
FNDA:15,(anonymous_2)
FNDA:3,(anonymous_3)
FNDA:3,(anonymous_4)
FNDA:2,(anonymous_5)
FNDA:0,(anonymous_6)
FNDA:0,(anonymous_7)
FNDA:6,(anonymous_8)
FNDA:2,(anonymous_9)
FNDA:1,(anonymous_10)
FNDA:1,(anonymous_11)
FNDA:6,(anonymous_12)
FNDA:0,(anonymous_13)
FNDA:0,(anonymous_14)
FNDA:0,(anonymous_15)
DA:32,1
DA:33,49
DA:35,49
DA:36,49
DA:37,49
DA:38,49
DA:39,49
DA:40,49
DA:41,49
DA:43,49
DA:44,49
DA:45,49
DA:47,49
DA:49,49
DA:50,15
DA:51,15
DA:52,15
DA:53,15
DA:55,12
DA:56,12
DA:58,11
DA:59,11
DA:60,11
DA:61,11
DA:62,11
DA:67,11
DA:72,11
DA:77,11
DA:80,1
DA:81,1
DA:83,15
DA:87,15
DA:90,49
DA:91,3
DA:93,3
DA:94,3
DA:95,3
DA:97,2
DA:98,2
DA:100,2
DA:101,2
DA:103,2
DA:104,2
DA:106,1
DA:107,1
DA:108,1
DA:110,3
DA:115,49
DA:116,3
DA:117,3
DA:118,1
DA:119,1
DA:122,2
DA:129,2
DA:130,2
DA:131,2
DA:133,2
DA:134,2
DA:136,2
DA:140,49
DA:141,2
DA:142,2
DA:143,1
DA:144,1
DA:147,1
DA:153,1
DA:154,1
DA:155,1
DA:157,1
DA:158,1
DA:160,1
DA:164,49
DA:165,0
DA:174,0
DA:175,0
DA:176,0
DA:183,49
DA:184,6
DA:185,1
DA:186,1
DA:188,5
DA:189,1
DA:190,1
DA:192,4
DA:193,1
DA:194,1
DA:196,3
DA:197,1
DA:198,1
DA:201,2
DA:209,2
DA:210,2
DA:211,2
DA:212,2
DA:214,2
DA:215,2
DA:224,1
DA:225,1
DA:227,1
DA:228,1
DA:230,2
DA:239,49
DA:240,15
DA:247,34
DA:248,1
DA:253,1
DA:258,34
DA:284,6
DA:379,0
DA:384,0
DA:405,0
DA:420,1
LF:112
LH:105
BRDA:53,0,0,3
BRDA:53,0,1,12
BRDA:58,1,0,11
BRDA:58,1,1,0
BRDA:60,2,0,11
BRDA:60,2,1,1
BRDA:61,3,0,11
BRDA:61,3,1,10
BRDA:63,4,0,2
BRDA:63,4,1,9
BRDA:63,5,0,11
BRDA:63,5,1,3
BRDA:68,6,0,1
BRDA:68,6,1,10
BRDA:68,7,0,11
BRDA:68,7,1,2
BRDA:73,8,0,1
BRDA:73,8,1,10
BRDA:73,9,0,11
BRDA:73,9,1,2
BRDA:77,10,0,11
BRDA:77,10,1,10
BRDA:95,11,0,1
BRDA:95,11,1,2
BRDA:117,12,0,1
BRDA:117,12,1,2
BRDA:129,13,0,2
BRDA:129,13,1,0
BRDA:134,14,0,1
BRDA:134,14,1,1
BRDA:142,15,0,1
BRDA:142,15,1,1
BRDA:153,16,0,1
BRDA:153,16,1,0
BRDA:158,17,0,1
BRDA:158,17,1,0
BRDA:184,18,0,1
BRDA:184,18,1,5
BRDA:188,19,0,1
BRDA:188,19,1,4
BRDA:188,20,0,5
BRDA:188,20,1,1
BRDA:192,21,0,1
BRDA:192,21,1,3
BRDA:192,22,0,4
BRDA:192,22,1,1
BRDA:196,23,0,1
BRDA:196,23,1,2
BRDA:196,24,0,3
BRDA:196,24,1,1
BRDA:212,25,0,0
BRDA:212,25,1,2
BRDA:218,26,0,0
BRDA:218,26,1,2
BRDA:219,27,0,0
BRDA:219,27,1,2
BRDA:220,28,0,0
BRDA:220,28,1,2
BRDA:221,29,0,2
BRDA:221,29,1,2
BRDA:239,30,0,15
BRDA:239,30,1,34
BRDA:261,31,0,34
BRDA:261,31,1,0
BRDA:272,32,0,0
BRDA:272,32,1,34
BRDA:274,33,0,4
BRDA:274,33,1,30
BRDA:274,34,0,34
BRDA:274,34,1,31
BRDA:276,35,0,4
BRDA:276,35,1,1
BRDA:362,36,0,34
BRDA:362,36,1,32
BRDA:365,37,0,2
BRDA:365,37,1,32
BRDA:393,38,0,34
BRDA:393,38,1,31
BRDA:393,38,2,4
BRF:79
BRH:69
end_of_record
TN:
SF:app\(progress)\addWorkout.jsx
FN:28,(anonymous_0)
FN:37,(anonymous_1)
FN:63,(anonymous_2)
FN:81,(anonymous_3)
FN:85,(anonymous_4)
FN:93,(anonymous_5)
FN:105,(anonymous_6)
FN:109,(anonymous_7)
FN:111,(anonymous_8)
FN:120,(anonymous_9)
FN:123,(anonymous_10)
FN:154,(anonymous_11)
FN:155,(anonymous_12)
FN:161,(anonymous_13)
FN:167,(anonymous_14)
FN:168,(anonymous_15)
FN:181,(anonymous_16)
FN:187,(anonymous_17)
FN:193,(anonymous_18)
FN:201,(anonymous_19)
FN:212,(anonymous_20)
FN:241,(anonymous_21)
FN:265,(anonymous_22)
FN:285,(anonymous_23)
FN:289,(anonymous_24)
FN:297,(anonymous_25)
FN:302,(anonymous_26)
FN:319,(anonymous_27)
FN:328,(anonymous_28)
FN:361,(anonymous_29)
FN:413,(anonymous_30)
FN:431,(anonymous_31)
FN:434,(anonymous_32)
FN:440,(anonymous_33)
FN:458,(anonymous_34)
FN:466,(anonymous_35)
FN:483,(anonymous_36)
FN:487,(anonymous_37)
FN:493,(anonymous_38)
FN:518,(anonymous_39)
FN:522,(anonymous_40)
FN:528,(anonymous_41)
FN:550,(anonymous_42)
FN:564,(anonymous_43)
FNF:44
FNH:36
FNDA:117,(anonymous_0)
FNDA:1,(anonymous_1)
FNDA:23,(anonymous_2)
FNDA:2,(anonymous_3)
FNDA:69,(anonymous_4)
FNDA:2,(anonymous_5)
FNDA:21,(anonymous_6)
FNDA:21,(anonymous_7)
FNDA:4,(anonymous_8)
FNDA:2,(anonymous_9)
FNDA:2,(anonymous_10)
FNDA:11,(anonymous_11)
FNDA:11,(anonymous_12)
FNDA:6,(anonymous_13)
FNDA:6,(anonymous_14)
FNDA:6,(anonymous_15)
FNDA:8,(anonymous_16)
FNDA:1,(anonymous_17)
FNDA:0,(anonymous_18)
FNDA:9,(anonymous_19)
FNDA:6,(anonymous_20)
FNDA:2,(anonymous_21)
FNDA:0,(anonymous_22)
FNDA:0,(anonymous_23)
FNDA:2,(anonymous_24)
FNDA:0,(anonymous_25)
FNDA:0,(anonymous_26)
FNDA:2,(anonymous_27)
FNDA:0,(anonymous_28)
FNDA:1,(anonymous_29)
FNDA:57,(anonymous_30)
FNDA:13,(anonymous_31)
FNDA:6,(anonymous_32)
FNDA:0,(anonymous_33)
FNDA:1,(anonymous_34)
FNDA:30,(anonymous_35)
FNDA:1200,(anonymous_36)
FNDA:8,(anonymous_37)
FNDA:4,(anonymous_38)
FNDA:6030,(anonymous_39)
FNDA:8,(anonymous_40)
FNDA:4,(anonymous_41)
FNDA:0,(anonymous_42)
FNDA:6,(anonymous_43)
DA:28,1
DA:29,117
DA:31,117
DA:32,117
DA:34,117
DA:35,117
DA:37,117
DA:38,1
DA:39,1
DA:40,1
DA:41,1
DA:42,1
DA:43,1
DA:44,1
DA:48,117
DA:49,117
DA:50,117
DA:51,117
DA:53,117
DA:55,117
DA:56,117
DA:58,117
DA:60,117
DA:61,117
DA:63,117
DA:64,23
DA:65,23
DA:66,23
DA:73,23
DA:77,23
DA:78,23
DA:80,23
DA:81,2
DA:83,23
DA:85,23
DA:86,69
DA:87,69
DA:93,23
DA:94,2
DA:95,0
DA:99,23
DA:101,0
DA:105,117
DA:106,21
DA:109,117
DA:110,21
DA:111,4
DA:112,4
DA:113,4
DA:114,4
DA:115,3
DA:116,2
DA:120,2
DA:121,2
DA:122,2
DA:123,2
DA:128,2
DA:131,2
DA:132,2
DA:133,2
DA:134,2
DA:135,2
DA:140,2
DA:142,1
DA:143,1
DA:146,1
DA:147,1
DA:150,4
DA:154,117
DA:155,11
DA:161,117
DA:162,6
DA:163,6
DA:164,6
DA:167,117
DA:168,6
DA:169,6
DA:170,6
DA:177,6
DA:181,117
DA:182,8
DA:183,8
DA:184,8
DA:187,117
DA:188,1
DA:189,1
DA:190,1
DA:193,117
DA:194,0
DA:195,0
DA:196,0
DA:199,117
DA:201,117
DA:202,9
DA:203,1
DA:204,1
DA:207,8
DA:208,1
DA:209,1
DA:211,7
DA:212,6
DA:214,7
DA:215,1
DA:216,1
DA:219,6
DA:220,6
DA:221,1
DA:222,1
DA:225,5
DA:226,5
DA:227,5
DA:228,1
DA:229,1
DA:234,4
DA:235,4
DA:236,0
DA:237,0
DA:239,4
DA:241,4
DA:242,2
DA:243,2
DA:244,1
DA:253,1
DA:262,2
DA:265,0
DA:268,0
DA:269,0
DA:273,4
DA:285,117
DA:286,0
DA:289,117
DA:290,2
DA:291,2
DA:298,0
DA:303,0
DA:310,0
DA:311,0
DA:312,0
DA:314,0
DA:316,0
DA:319,117
DA:320,2
DA:321,2
DA:328,0
DA:332,0
DA:336,117
DA:361,1
DA:414,57
DA:432,13
DA:435,6
DA:436,6
DA:441,0
DA:442,0
DA:458,1
DA:468,30
DA:472,30
DA:483,1200
DA:488,8
DA:489,8
DA:491,8
DA:494,4
DA:495,4
DA:519,6030
DA:520,6030
DA:523,8
DA:524,8
DA:526,8
DA:529,4
DA:530,4
DA:550,0
DA:564,6
DA:600,1
LF:172
LH:149
BRDA:39,0,0,1
BRDA:39,0,1,0
BRDA:63,1,0,21
BRDA:63,2,0,21
BRDA:73,3,0,0
BRDA:73,3,1,23
BRDA:94,4,0,0
BRDA:94,4,1,2
BRDA:110,5,0,4
BRDA:110,5,1,17
BRDA:115,6,0,2
BRDA:115,6,1,1
BRDA:120,7,0,2
BRDA:120,7,1,0
BRDA:121,8,0,2
BRDA:121,8,1,0
BRDA:122,9,0,2
BRDA:122,9,1,0
BRDA:125,10,0,2
BRDA:125,10,1,0
BRDA:132,11,0,2
BRDA:132,11,1,0
BRDA:133,12,0,2
BRDA:133,12,1,0
BRDA:134,13,0,2
BRDA:134,13,1,0
BRDA:136,14,0,2
BRDA:136,14,1,0
BRDA:199,15,0,0
BRDA:199,15,1,117
BRDA:202,16,0,1
BRDA:202,16,1,8
BRDA:207,17,0,1
BRDA:207,17,1,7
BRDA:212,18,0,6
BRDA:212,18,1,6
BRDA:214,19,0,1
BRDA:214,19,1,6
BRDA:220,20,0,1
BRDA:220,20,1,5
BRDA:220,21,0,6
BRDA:220,21,1,6
BRDA:227,22,0,1
BRDA:227,22,1,4
BRDA:227,23,0,5
BRDA:227,23,1,4
BRDA:235,24,0,0
BRDA:235,24,1,4
BRDA:243,25,0,1
BRDA:243,25,1,1
BRDA:264,26,0,1
BRDA:264,26,1,1
BRDA:274,27,0,1
BRDA:274,27,1,3
BRDA:275,28,0,1
BRDA:275,28,1,3
BRDA:280,29,0,1
BRDA:280,29,1,3
BRDA:290,30,0,2
BRDA:290,30,1,0
BRDA:292,31,0,2
BRDA:292,31,1,0
BRDA:292,31,2,0
BRDA:292,31,3,0
BRDA:292,31,4,0
BRDA:298,32,0,0
BRDA:298,32,1,0
BRDA:298,32,2,0
BRDA:298,32,3,0
BRDA:298,32,4,0
BRDA:303,33,0,0
BRDA:303,33,1,0
BRDA:303,33,2,0
BRDA:303,33,3,0
BRDA:310,34,0,0
BRDA:310,34,1,0
BRDA:311,35,0,0
BRDA:311,35,1,0
BRDA:312,36,0,0
BRDA:312,36,1,0
BRDA:314,37,0,0
BRDA:314,37,1,0
BRDA:320,38,0,2
BRDA:320,38,1,0
BRDA:322,39,0,1
BRDA:322,39,1,1
BRDA:323,40,0,1
BRDA:323,40,1,1
BRDA:339,41,0,117
BRDA:339,41,1,0
BRDA:349,42,0,10
BRDA:349,42,1,107
BRDA:367,43,0,117
BRDA:367,43,1,1
BRDA:422,44,0,7
BRDA:422,44,1,50
BRDA:432,45,0,7
BRDA:432,45,1,6
BRDA:468,46,0,8
BRDA:468,46,1,22
BRDA:468,47,0,30
BRDA:468,47,1,26
BRDA:506,48,0,4
BRDA:506,48,1,26
BRDA:541,49,0,4
BRDA:541,49,1,26
BRDA:585,50,0,10
BRDA:585,50,1,107
BRF:108
BRH:71
end_of_record
TN:
SF:app\(progress)\exerciseProgress.jsx
FN:16,(anonymous_0)
FN:23,(anonymous_1)
FN:24,(anonymous_2)
FN:51,(anonymous_3)
FN:54,(anonymous_4)
FN:58,(anonymous_5)
FN:59,(anonymous_6)
FN:77,(anonymous_7)
FN:89,(anonymous_8)
FN:92,(anonymous_9)
FN:103,(anonymous_10)
FN:104,(anonymous_11)
FN:113,(anonymous_12)
FN:130,(anonymous_13)
FN:133,(anonymous_14)
FN:136,(anonymous_15)
FN:145,(anonymous_16)
FN:146,(anonymous_17)
FN:245,(anonymous_18)
FN:246,(anonymous_19)
FNF:20
FNH:19
FNDA:10,(anonymous_0)
FNDA:69,(anonymous_1)
FNDA:68,(anonymous_2)
FNDA:3,(anonymous_3)
FNDA:9,(anonymous_4)
FNDA:3,(anonymous_5)
FNDA:3,(anonymous_6)
FNDA:6,(anonymous_7)
FNDA:9,(anonymous_8)
FNDA:15,(anonymous_9)
FNDA:0,(anonymous_10)
FNDA:3,(anonymous_11)
FNDA:6,(anonymous_12)
FNDA:7,(anonymous_13)
FNDA:11,(anonymous_14)
FNDA:4,(anonymous_15)
FNDA:11,(anonymous_16)
FNDA:11,(anonymous_17)
FNDA:8,(anonymous_18)
FNDA:7,(anonymous_19)
DA:16,1
DA:17,10
DA:19,10
DA:23,69
DA:24,68
DA:43,10
DA:44,10
DA:45,10
DA:46,10
DA:47,10
DA:48,10
DA:49,10
DA:51,10
DA:52,3
DA:53,3
DA:54,9
DA:55,3
DA:58,10
DA:59,3
DA:60,3
DA:61,3
DA:62,3
DA:64,3
DA:65,3
DA:71,3
DA:73,3
DA:74,3
DA:75,3
DA:77,3
DA:78,6
DA:79,6
DA:80,6
DA:86,6
DA:87,6
DA:89,6
DA:90,9
DA:91,9
DA:92,15
DA:94,9
DA:95,9
DA:103,3
DA:104,3
DA:106,3
DA:107,0
DA:110,3
DA:112,3
DA:113,6
DA:119,3
DA:121,3
DA:123,0
DA:127,3
DA:130,10
DA:131,7
DA:133,11
DA:134,7
DA:136,7
DA:137,4
DA:138,4
DA:139,4
DA:145,11
DA:146,11
DA:148,7
DA:164,10
DA:245,8
DA:246,7
DA:254,1
LF:66
LH:64
BRDA:23,0,0,0
BRDA:24,1,0,0
BRDA:62,2,0,0
BRDA:62,2,1,3
BRDA:80,3,0,6
BRDA:80,3,1,0
BRDA:87,4,0,6
BRDA:87,4,1,0
BRDA:94,5,0,6
BRDA:94,5,1,3
BRDA:106,6,0,0
BRDA:106,6,1,3
BRDA:106,7,0,3
BRDA:106,7,1,0
BRDA:131,8,0,0
BRDA:131,8,1,7
BRDA:131,9,0,7
BRDA:131,9,1,7
BRDA:134,10,0,0
BRDA:134,10,1,7
BRF:20
BRH:11
end_of_record
TN:
SF:app\(progress)\macroProgress.jsx
FN:16,(anonymous_0)
FN:23,(anonymous_1)
FN:24,(anonymous_2)
FN:49,(anonymous_3)
FN:56,(anonymous_4)
FN:59,(anonymous_5)
FN:63,(anonymous_6)
FN:73,(anonymous_7)
FN:82,(anonymous_8)
FN:122,(anonymous_9)
FN:123,(anonymous_10)
FN:132,(anonymous_11)
FN:135,(anonymous_12)
FN:138,(anonymous_13)
FN:141,(anonymous_14)
FN:150,(anonymous_15)
FN:151,(anonymous_16)
FN:249,(anonymous_17)
FNF:18
FNH:17
FNDA:8,(anonymous_0)
FNDA:228,(anonymous_1)
FNDA:266,(anonymous_2)
FNDA:32,(anonymous_3)
FNDA:3,(anonymous_4)
FNDA:9,(anonymous_5)
FNDA:3,(anonymous_6)
FNDA:3,(anonymous_7)
FNDA:6,(anonymous_8)
FNDA:0,(anonymous_9)
FNDA:3,(anonymous_10)
FNDA:3,(anonymous_11)
FNDA:31,(anonymous_12)
FNDA:38,(anonymous_13)
FNDA:19,(anonymous_14)
FNDA:38,(anonymous_15)
FNDA:38,(anonymous_16)
FNDA:31,(anonymous_17)
DA:16,1
DA:17,8
DA:19,8
DA:23,228
DA:24,266
DA:43,8
DA:45,8
DA:46,8
DA:47,8
DA:48,8
DA:49,32
DA:52,8
DA:53,8
DA:54,8
DA:56,8
DA:57,3
DA:58,3
DA:59,9
DA:60,3
DA:63,8
DA:64,3
DA:65,3
DA:66,3
DA:68,3
DA:73,3
DA:74,3
DA:80,3
DA:82,3
DA:83,6
DA:84,6
DA:90,6
DA:91,6
DA:93,6
DA:100,6
DA:105,6
DA:110,6
DA:115,6
DA:122,3
DA:123,3
DA:125,3
DA:126,0
DA:129,3
DA:132,3
DA:135,8
DA:136,31
DA:138,38
DA:139,19
DA:141,19
DA:142,19
DA:143,19
DA:144,19
DA:150,38
DA:151,38
DA:153,19
DA:169,8
DA:249,31
DA:257,1
LF:57
LH:56
BRDA:23,0,0,0
BRDA:24,1,0,0
BRDA:66,2,0,0
BRDA:66,2,1,3
BRDA:84,3,0,6
BRDA:84,3,1,0
BRDA:86,4,0,0
BRDA:86,4,1,0
BRDA:91,5,0,6
BRDA:91,5,1,0
BRDA:93,6,0,6
BRDA:93,6,1,0
BRDA:125,7,0,0
BRDA:125,7,1,3
BRDA:125,8,0,3
BRDA:125,8,1,0
BRDA:136,9,0,12
BRDA:136,9,1,19
BRDA:136,10,0,31
BRDA:136,10,1,19
BRDA:139,11,0,0
BRDA:139,11,1,19
BRF:22
BRH:11
end_of_record
TN:
SF:app\(reports)\uscReports.jsx
FN:53,(anonymous_0)
FN:106,(anonymous_1)
FN:111,(anonymous_2)
FN:112,(anonymous_3)
FN:116,(anonymous_4)
FN:123,(anonymous_5)
FN:128,(anonymous_6)
FN:131,(anonymous_7)
FN:142,(anonymous_8)
FN:158,(anonymous_9)
FN:177,(anonymous_10)
FN:273,(anonymous_11)
FN:283,(anonymous_12)
FN:292,(anonymous_13)
FN:322,(anonymous_14)
FN:342,(anonymous_15)
FN:359,(anonymous_16)
FN:364,(anonymous_17)
FN:383,(anonymous_18)
FN:395,(anonymous_19)
FN:423,(anonymous_20)
FN:424,(anonymous_21)
FN:435,(anonymous_22)
FN:451,(anonymous_23)
FN:458,(anonymous_24)
FN:467,(anonymous_25)
FN:497,(anonymous_26)
FNF:27
FNH:24
FNDA:135,(anonymous_0)
FNDA:31,(anonymous_1)
FNDA:30,(anonymous_2)
FNDA:29,(anonymous_3)
FNDA:0,(anonymous_4)
FNDA:1,(anonymous_5)
FNDA:31,(anonymous_6)
FNDA:17,(anonymous_7)
FNDA:10,(anonymous_8)
FNDA:13,(anonymous_9)
FNDA:12,(anonymous_10)
FNDA:6,(anonymous_11)
FNDA:1,(anonymous_12)
FNDA:1,(anonymous_13)
FNDA:9,(anonymous_14)
FNDA:4,(anonymous_15)
FNDA:3,(anonymous_16)
FNDA:4,(anonymous_17)
FNDA:4,(anonymous_18)
FNDA:2,(anonymous_19)
FNDA:0,(anonymous_20)
FNDA:0,(anonymous_21)
FNDA:132,(anonymous_22)
FNDA:103,(anonymous_23)
FNDA:11,(anonymous_24)
FNDA:10,(anonymous_25)
FNDA:1,(anonymous_26)
DA:53,1
DA:54,135
DA:55,135
DA:56,135
DA:58,135
DA:59,135
DA:61,135
DA:63,135
DA:64,135
DA:66,135
DA:68,135
DA:69,135
DA:71,135
DA:72,135
DA:74,135
DA:76,135
DA:78,135
DA:81,135
DA:99,135
DA:106,135
DA:107,31
DA:109,31
DA:112,30
DA:116,30
DA:117,0
DA:118,0
DA:119,0
DA:121,30
DA:124,1
DA:128,31
DA:131,135
DA:132,17
DA:133,17
DA:134,17
DA:135,17
DA:136,17
DA:137,17
DA:138,17
DA:139,17
DA:142,135
DA:143,10
DA:144,10
DA:150,10
DA:151,10
DA:152,10
DA:153,10
DA:154,10
DA:155,10
DA:158,135
DA:159,13
DA:160,1
DA:164,1
DA:167,12
DA:178,12
DA:179,12
DA:180,12
DA:182,12
DA:183,8
DA:184,8
DA:185,8
DA:186,8
DA:190,12
DA:191,3
DA:192,3
DA:193,3
DA:194,3
DA:195,3
DA:197,3
DA:198,2
DA:199,2
DA:200,2
DA:201,1
DA:203,1
DA:206,9
DA:207,3
DA:208,3
DA:209,3
DA:210,2
DA:212,1
DA:214,3
DA:215,6
DA:216,3
DA:218,3
DA:221,12
DA:228,12
DA:229,3
DA:230,9
DA:231,6
DA:233,3
DA:234,0
DA:235,3
DA:236,0
DA:244,12
DA:245,8
DA:246,8
DA:248,4
DA:249,4
DA:251,11
DA:252,11
DA:253,11
DA:254,11
DA:255,11
DA:256,11
DA:257,11
DA:258,11
DA:259,11
DA:264,1
DA:265,1
DA:273,135
DA:274,6
DA:275,6
DA:276,0
DA:278,6
DA:279,6
DA:283,135
DA:284,1
DA:293,1
DA:294,1
DA:295,1
DA:296,1
DA:298,1
DA:299,1
DA:302,1
DA:303,1
DA:304,1
DA:307,1
DA:308,1
DA:309,1
DA:310,1
DA:313,0
DA:314,0
DA:322,135
DA:324,9
DA:326,9
DA:327,1
DA:328,1
DA:331,8
DA:336,8
DA:337,6
DA:338,6
DA:342,135
DA:343,4
DA:344,4
DA:345,2
DA:346,2
DA:349,2
DA:353,2
DA:354,1
DA:355,1
DA:359,135
DA:360,3
DA:361,3
DA:364,135
DA:365,4
DA:366,2
DA:373,2
DA:383,135
DA:384,4
DA:385,2
DA:396,2
DA:397,2
DA:398,2
DA:399,2
DA:400,2
DA:401,2
DA:402,2
DA:403,2
DA:409,2
DA:410,2
DA:411,2
DA:412,2
DA:413,2
DA:414,2
DA:415,2
DA:416,2
DA:421,135
DA:423,135
DA:424,0
DA:425,0
DA:429,135
DA:431,135
DA:435,132
DA:452,103
DA:453,103
DA:455,103
DA:458,11
DA:467,10
DA:497,1
DA:685,1
LF:189
LH:179
BRDA:56,0,0,135
BRDA:56,0,1,0
BRDA:117,1,0,0
BRDA:117,1,1,0
BRDA:118,2,0,0
BRDA:118,2,1,0
BRDA:147,3,0,10
BRDA:147,3,1,0
BRDA:148,4,0,10
BRDA:148,4,1,0
BRDA:152,5,0,10
BRDA:152,5,1,0
BRDA:153,6,0,10
BRDA:153,6,1,0
BRDA:159,7,0,1
BRDA:159,7,1,12
BRDA:159,8,0,13
BRDA:159,8,1,12
BRDA:168,9,0,8
BRDA:168,9,1,4
BRDA:169,10,0,8
BRDA:169,10,1,4
BRDA:175,11,0,8
BRDA:175,11,1,4
BRDA:182,12,0,8
BRDA:182,12,1,4
BRDA:185,13,0,8
BRDA:185,13,1,0
BRDA:186,14,0,8
BRDA:186,14,1,0
BRDA:190,15,0,3
BRDA:190,15,1,9
BRDA:190,16,0,12
BRDA:190,16,1,6
BRDA:197,17,0,2
BRDA:197,17,1,1
BRDA:206,18,0,3
BRDA:206,18,1,6
BRDA:206,19,0,9
BRDA:206,19,1,3
BRDA:215,20,0,3
BRDA:215,20,1,3
BRDA:228,21,0,3
BRDA:228,21,1,9
BRDA:230,22,0,6
BRDA:230,22,1,3
BRDA:233,23,0,0
BRDA:233,23,1,3
BRDA:233,24,0,3
BRDA:233,24,1,0
BRDA:233,24,2,0
BRDA:235,25,0,3
BRDA:235,25,1,0
BRDA:235,26,0,3
BRDA:235,26,1,3
BRDA:236,27,0,0
BRDA:236,27,1,0
BRDA:237,28,0,0
BRDA:237,28,1,0
BRDA:237,28,2,0
BRDA:244,29,0,8
BRDA:244,29,1,4
BRDA:261,30,0,8
BRDA:261,30,1,3
BRDA:298,31,0,1
BRDA:298,31,1,0
BRDA:309,32,0,1
BRDA:309,32,1,0
BRDA:326,33,0,1
BRDA:326,33,1,8
BRDA:336,34,0,6
BRDA:336,34,1,2
BRDA:344,35,0,2
BRDA:344,35,1,2
BRDA:353,36,0,1
BRDA:353,36,1,1
BRDA:365,37,0,2
BRDA:365,37,1,2
BRDA:367,38,0,2
BRDA:367,38,1,1
BRDA:367,38,2,1
BRDA:367,38,3,1
BRDA:374,39,0,2
BRDA:374,39,1,2
BRDA:374,39,2,1
BRDA:374,39,3,1
BRDA:374,39,4,1
BRDA:374,39,5,0
BRDA:384,40,0,2
BRDA:384,40,1,2
BRDA:386,41,0,1
BRDA:386,41,1,1
BRDA:387,42,0,1
BRDA:387,42,1,1
BRDA:429,43,0,0
BRDA:429,43,1,135
BRDA:458,44,0,0
BRDA:458,44,1,11
BRDA:465,45,0,103
BRDA:465,45,1,37
BRDA:465,45,2,37
BRDA:479,46,0,103
BRDA:479,46,1,37
BRDA:481,47,0,37
BRDA:481,47,1,37
BRDA:487,48,0,37
BRDA:487,48,1,37
BRDA:564,49,0,135
BRDA:564,49,1,0
BRDA:569,50,0,16
BRDA:569,50,1,119
BRDA:572,51,0,0
BRDA:572,51,1,135
BRDA:590,52,0,0
BRDA:590,52,1,135
BRDA:637,53,0,135
BRDA:637,53,1,18
BRDA:667,54,0,16
BRDA:667,54,1,119
BRF:119
BRH:91
end_of_record
TN:
SF:app\(reports)\utownReports.jsx
FN:53,(anonymous_0)
FN:106,(anonymous_1)
FN:111,(anonymous_2)
FN:112,(anonymous_3)
FN:116,(anonymous_4)
FN:123,(anonymous_5)
FN:128,(anonymous_6)
FN:131,(anonymous_7)
FN:142,(anonymous_8)
FN:158,(anonymous_9)
FN:177,(anonymous_10)
FN:273,(anonymous_11)
FN:283,(anonymous_12)
FN:292,(anonymous_13)
FN:322,(anonymous_14)
FN:342,(anonymous_15)
FN:359,(anonymous_16)
FN:364,(anonymous_17)
FN:383,(anonymous_18)
FN:395,(anonymous_19)
FN:423,(anonymous_20)
FN:424,(anonymous_21)
FN:435,(anonymous_22)
FN:451,(anonymous_23)
FN:458,(anonymous_24)
FN:467,(anonymous_25)
FN:497,(anonymous_26)
FNF:27
FNH:24
FNDA:135,(anonymous_0)
FNDA:31,(anonymous_1)
FNDA:30,(anonymous_2)
FNDA:29,(anonymous_3)
FNDA:0,(anonymous_4)
FNDA:1,(anonymous_5)
FNDA:31,(anonymous_6)
FNDA:17,(anonymous_7)
FNDA:10,(anonymous_8)
FNDA:13,(anonymous_9)
FNDA:12,(anonymous_10)
FNDA:6,(anonymous_11)
FNDA:1,(anonymous_12)
FNDA:1,(anonymous_13)
FNDA:9,(anonymous_14)
FNDA:4,(anonymous_15)
FNDA:3,(anonymous_16)
FNDA:4,(anonymous_17)
FNDA:4,(anonymous_18)
FNDA:2,(anonymous_19)
FNDA:0,(anonymous_20)
FNDA:0,(anonymous_21)
FNDA:132,(anonymous_22)
FNDA:103,(anonymous_23)
FNDA:11,(anonymous_24)
FNDA:10,(anonymous_25)
FNDA:1,(anonymous_26)
DA:53,1
DA:54,135
DA:55,135
DA:56,135
DA:58,135
DA:59,135
DA:61,135
DA:63,135
DA:64,135
DA:66,135
DA:68,135
DA:69,135
DA:71,135
DA:72,135
DA:74,135
DA:76,135
DA:78,135
DA:81,135
DA:99,135
DA:106,135
DA:107,31
DA:109,31
DA:112,30
DA:116,30
DA:117,0
DA:118,0
DA:119,0
DA:121,30
DA:124,1
DA:128,31
DA:131,135
DA:132,17
DA:133,17
DA:134,17
DA:135,17
DA:136,17
DA:137,17
DA:138,17
DA:139,17
DA:142,135
DA:143,10
DA:144,10
DA:150,10
DA:151,10
DA:152,10
DA:153,10
DA:154,10
DA:155,10
DA:158,135
DA:159,13
DA:160,1
DA:164,1
DA:167,12
DA:178,12
DA:179,12
DA:180,12
DA:182,12
DA:183,8
DA:184,8
DA:185,8
DA:186,8
DA:190,12
DA:191,3
DA:192,3
DA:193,3
DA:194,3
DA:195,3
DA:197,3
DA:198,2
DA:199,2
DA:200,2
DA:201,1
DA:203,1
DA:206,9
DA:207,3
DA:208,3
DA:209,3
DA:210,2
DA:212,1
DA:214,3
DA:215,6
DA:216,3
DA:218,3
DA:221,12
DA:228,12
DA:229,3
DA:230,9
DA:231,6
DA:233,3
DA:234,0
DA:235,3
DA:236,0
DA:244,12
DA:245,8
DA:246,8
DA:248,4
DA:249,4
DA:251,11
DA:252,11
DA:253,11
DA:254,11
DA:255,11
DA:256,11
DA:257,11
DA:258,11
DA:259,11
DA:264,1
DA:265,1
DA:273,135
DA:274,6
DA:275,6
DA:276,0
DA:278,6
DA:279,6
DA:283,135
DA:284,1
DA:293,1
DA:294,1
DA:295,1
DA:296,1
DA:298,1
DA:299,1
DA:302,1
DA:303,1
DA:304,1
DA:307,1
DA:308,1
DA:309,1
DA:310,1
DA:313,0
DA:314,0
DA:322,135
DA:324,9
DA:326,9
DA:327,1
DA:328,1
DA:331,8
DA:336,8
DA:337,6
DA:338,6
DA:342,135
DA:343,4
DA:344,4
DA:345,2
DA:346,2
DA:349,2
DA:353,2
DA:354,1
DA:355,1
DA:359,135
DA:360,3
DA:361,3
DA:364,135
DA:365,4
DA:366,2
DA:373,2
DA:383,135
DA:384,4
DA:385,2
DA:396,2
DA:397,2
DA:398,2
DA:399,2
DA:400,2
DA:401,2
DA:402,2
DA:403,2
DA:409,2
DA:410,2
DA:411,2
DA:412,2
DA:413,2
DA:414,2
DA:415,2
DA:416,2
DA:421,135
DA:423,135
DA:424,0
DA:425,0
DA:429,135
DA:431,135
DA:435,132
DA:452,103
DA:453,103
DA:455,103
DA:458,11
DA:467,10
DA:497,1
DA:685,1
LF:189
LH:179
BRDA:56,0,0,135
BRDA:56,0,1,0
BRDA:117,1,0,0
BRDA:117,1,1,0
BRDA:118,2,0,0
BRDA:118,2,1,0
BRDA:147,3,0,10
BRDA:147,3,1,0
BRDA:148,4,0,10
BRDA:148,4,1,0
BRDA:152,5,0,10
BRDA:152,5,1,0
BRDA:153,6,0,10
BRDA:153,6,1,0
BRDA:159,7,0,1
BRDA:159,7,1,12
BRDA:159,8,0,13
BRDA:159,8,1,12
BRDA:168,9,0,8
BRDA:168,9,1,4
BRDA:169,10,0,8
BRDA:169,10,1,4
BRDA:175,11,0,8
BRDA:175,11,1,4
BRDA:182,12,0,8
BRDA:182,12,1,4
BRDA:185,13,0,8
BRDA:185,13,1,0
BRDA:186,14,0,8
BRDA:186,14,1,0
BRDA:190,15,0,3
BRDA:190,15,1,9
BRDA:190,16,0,12
BRDA:190,16,1,6
BRDA:197,17,0,2
BRDA:197,17,1,1
BRDA:206,18,0,3
BRDA:206,18,1,6
BRDA:206,19,0,9
BRDA:206,19,1,3
BRDA:215,20,0,3
BRDA:215,20,1,3
BRDA:228,21,0,3
BRDA:228,21,1,9
BRDA:230,22,0,6
BRDA:230,22,1,3
BRDA:233,23,0,0
BRDA:233,23,1,3
BRDA:233,24,0,3
BRDA:233,24,1,0
BRDA:233,24,2,0
BRDA:235,25,0,3
BRDA:235,25,1,0
BRDA:235,26,0,3
BRDA:235,26,1,3
BRDA:236,27,0,0
BRDA:236,27,1,0
BRDA:237,28,0,0
BRDA:237,28,1,0
BRDA:237,28,2,0
BRDA:244,29,0,8
BRDA:244,29,1,4
BRDA:261,30,0,8
BRDA:261,30,1,3
BRDA:298,31,0,1
BRDA:298,31,1,0
BRDA:309,32,0,1
BRDA:309,32,1,0
BRDA:326,33,0,1
BRDA:326,33,1,8
BRDA:336,34,0,6
BRDA:336,34,1,2
BRDA:344,35,0,2
BRDA:344,35,1,2
BRDA:353,36,0,1
BRDA:353,36,1,1
BRDA:365,37,0,2
BRDA:365,37,1,2
BRDA:367,38,0,2
BRDA:367,38,1,1
BRDA:367,38,2,1
BRDA:367,38,3,1
BRDA:374,39,0,2
BRDA:374,39,1,2
BRDA:374,39,2,1
BRDA:374,39,3,1
BRDA:374,39,4,1
BRDA:374,39,5,0
BRDA:384,40,0,2
BRDA:384,40,1,2
BRDA:386,41,0,1
BRDA:386,41,1,1
BRDA:387,42,0,1
BRDA:387,42,1,1
BRDA:429,43,0,0
BRDA:429,43,1,135
BRDA:458,44,0,0
BRDA:458,44,1,11
BRDA:465,45,0,103
BRDA:465,45,1,37
BRDA:465,45,2,37
BRDA:479,46,0,103
BRDA:479,46,1,37
BRDA:481,47,0,37
BRDA:481,47,1,37
BRDA:487,48,0,37
BRDA:487,48,1,37
BRDA:564,49,0,135
BRDA:564,49,1,0
BRDA:569,50,0,16
BRDA:569,50,1,119
BRDA:572,51,0,0
BRDA:572,51,1,135
BRDA:590,52,0,0
BRDA:590,52,1,135
BRDA:637,53,0,135
BRDA:637,53,1,18
BRDA:667,54,0,16
BRDA:667,54,1,119
BRF:119
BRH:91
end_of_record
TN:
SF:assets\img\NUS_Lifters.png
FNF:0
FNH:0
DA:1,2
LF:1
LH:1
BRF:0
BRH:0
end_of_record
TN:
SF:components\spacer.jsx
FN:3,(anonymous_0)
FNF:1
FNH:1
FNDA:934,(anonymous_0)
DA:3,9
DA:4,934
LF:2
LH:2
BRDA:3,0,0,840
BRDA:3,1,0,304
BRF:2
BRH:2
end_of_record
TN:
SF:components\themedButton.jsx
FN:4,(anonymous_0)
FN:7,(anonymous_1)
FNF:2
FNH:2
FNDA:1183,(anonymous_0)
FNDA:1183,(anonymous_1)
DA:4,13
DA:5,1183
DA:7,1183
DA:15,13
LF:4
LH:4
BRDA:7,0,0,1183
BRDA:7,0,1,0
BRF:2
BRH:1
end_of_record
TN:
SF:components\themedText.jsx
FN:5,(anonymous_0)
FNF:1
FNH:1
FNDA:5247,(anonymous_0)
DA:5,16
DA:6,5247
DA:7,5247
DA:9,5247
DA:11,5247
LF:5
LH:5
BRDA:5,0,0,5068
BRDA:7,1,0,5247
BRDA:7,1,1,0
BRDA:9,2,0,179
BRDA:9,2,1,5068
BRF:5
BRH:4
end_of_record
TN:
SF:components\themedTextInput.jsx
FN:4,(anonymous_0)
FNF:1
FNH:1
FNDA:746,(anonymous_0)
DA:4,7
DA:5,746
DA:6,746
DA:8,746
DA:26,7
LF:5
LH:5
BRDA:6,0,0,746
BRDA:6,0,1,0
BRF:2
BRH:1
end_of_record
TN:
SF:components\themedView.jsx
FN:5,(anonymous_0)
FNF:1
FNH:1
FNDA:728,(anonymous_0)
DA:5,16
DA:6,728
DA:7,728
DA:9,728
LF:4
LH:4
BRDA:7,0,0,728
BRDA:7,0,1,0
BRF:2
BRH:1
end_of_record
TN:
SF:constants\colors.js
FNF:0
FNH:0
DA:1,16
LF:1
LH:1
BRF:0
BRH:0
end_of_record
